[0.603s] Invoking command in '/home/tj/ros2_ws/build/polygon_base': CMAKE_PREFIX_PATH=${CMAKE_PREFIX_PATH}:/home/tj/ros2_ws/install/python_parameters:/home/tj/ros2_ws/install/py_srvcli:/home/tj/ros2_ws/install/py_pubsub:/opt/ros/humble /usr/bin/cmake --build /home/tj/ros2_ws/build/polygon_base -- -j8 -l8
[7.561s] [100%] Built target area_node
[8.096s] Invoked command in '/home/tj/ros2_ws/build/polygon_base' returned '0': CMAKE_PREFIX_PATH=${CMAKE_PREFIX_PATH}:/home/tj/ros2_ws/install/python_parameters:/home/tj/ros2_ws/install/py_srvcli:/home/tj/ros2_ws/install/py_pubsub:/opt/ros/humble /usr/bin/cmake --build /home/tj/ros2_ws/build/polygon_base -- -j8 -l8
[9.430s] Invoking command in '/home/tj/ros2_ws/build/polygon_base': CMAKE_PREFIX_PATH=${CMAKE_PREFIX_PATH}:/home/tj/ros2_ws/install/python_parameters:/home/tj/ros2_ws/install/py_srvcli:/home/tj/ros2_ws/install/py_pubsub:/opt/ros/humble /usr/bin/cmake --install /home/tj/ros2_ws/build/polygon_base
[9.501s] -- Install configuration: ""
[9.501s] -- Up-to-date: /home/tj/ros2_ws/install/polygon_base/share/polygon_base/plugins.xml
[9.512s] -- Up-to-date: /home/tj/ros2_ws/install/polygon_base/include
[9.519s] -- Up-to-date: /home/tj/ros2_ws/install/polygon_base/include/polygon_base
[9.520s] -- Up-to-date: /home/tj/ros2_ws/install/polygon_base/include/polygon_base/regular_polygon.hpp
[9.520s] -- Up-to-date: /home/tj/ros2_ws/install/polygon_base/share/ament_index/resource_index/package_run_dependencies/polygon_base
[9.541s] -- Up-to-date: /home/tj/ros2_ws/install/polygon_base/share/ament_index/resource_index/parent_prefix_path/polygon_base
[9.541s] -- Up-to-date: /home/tj/ros2_ws/install/polygon_base/share/polygon_base/environment/ament_prefix_path.sh
[9.541s] -- Up-to-date: /home/tj/ros2_ws/install/polygon_base/share/polygon_base/environment/ament_prefix_path.dsv
[9.541s] -- Up-to-date: /home/tj/ros2_ws/install/polygon_base/share/polygon_base/environment/path.sh
[9.542s] -- Up-to-date: /home/tj/ros2_ws/install/polygon_base/share/polygon_base/environment/path.dsv
[9.542s] -- Up-to-date: /home/tj/ros2_ws/install/polygon_base/share/polygon_base/local_setup.bash
[9.542s] -- Up-to-date: /home/tj/ros2_ws/install/polygon_base/share/polygon_base/local_setup.sh
[9.542s] -- Up-to-date: /home/tj/ros2_ws/install/polygon_base/share/polygon_base/local_setup.zsh
[9.542s] -- Up-to-date: /home/tj/ros2_ws/install/polygon_base/share/polygon_base/local_setup.dsv
[9.542s] -- Installing: /home/tj/ros2_ws/install/polygon_base/share/polygon_base/package.dsv
[9.542s] -- Up-to-date: /home/tj/ros2_ws/install/polygon_base/share/ament_index/resource_index/packages/polygon_base
[9.542s] -- Up-to-date: /home/tj/ros2_ws/install/polygon_base/share/ament_index/resource_index/polygon_base__pluginlib__plugin/polygon_base
[9.545s] -- Up-to-date: /home/tj/ros2_ws/install/polygon_base/share/polygon_base/cmake/ament_cmake_export_include_directories-extras.cmake
[9.545s] -- Up-to-date: /home/tj/ros2_ws/install/polygon_base/share/polygon_base/cmake/polygon_baseConfig.cmake
[9.545s] -- Up-to-date: /home/tj/ros2_ws/install/polygon_base/share/polygon_base/cmake/polygon_baseConfig-version.cmake
[9.545s] -- Up-to-date: /home/tj/ros2_ws/install/polygon_base/share/polygon_base/package.xml
[9.546s] Invoked command in '/home/tj/ros2_ws/build/polygon_base' returned '0': CMAKE_PREFIX_PATH=${CMAKE_PREFIX_PATH}:/home/tj/ros2_ws/install/python_parameters:/home/tj/ros2_ws/install/py_srvcli:/home/tj/ros2_ws/install/py_pubsub:/opt/ros/humble /usr/bin/cmake --install /home/tj/ros2_ws/build/polygon_base
