[0.455s] Invoking command in '/home/tj/ros2_ws/build/tutorial_interfaces': CMAKE_PREFIX_PATH=/opt/ros/humble /usr/bin/cmake --build /home/tj/ros2_ws/build/tutorial_interfaces -- -j8 -l8
[3.427s] [ 10%] Built target tutorial_interfaces__rosidl_generator_c
[3.527s] [ 12%] Built target tutorial_interfaces__cpp
[3.544s] [ 14%] Built target ament_cmake_python_copy_tutorial_interfaces
[3.544s] [ 23%] Built target tutorial_interfaces__rosidl_typesupport_fastrtps_c
[3.544s] [ 36%] Built target tutorial_interfaces__rosidl_typesupport_cpp
[3.544s] [ 44%] Built target tutorial_interfaces__rosidl_typesupport_c
[3.547s] [ 55%] Built target tutorial_interfaces__rosidl_typesupport_introspection_cpp
[3.613s] [ 68%] Built target tutorial_interfaces__rosidl_typesupport_introspection_c
[3.613s] [ 76%] Built target tutorial_interfaces__rosidl_typesupport_fastrtps_cpp
[3.613s] [ 76%] Built target tutorial_interfaces
[3.617s] [ 78%] Built target tutorial_interfaces__py
[3.617s] [ 87%] Built target tutorial_interfaces__rosidl_generator_py
[3.617s] [ 91%] Built target tutorial_interfaces__rosidl_typesupport_fastrtps_c__pyext
[3.618s] [ 95%] Built target tutorial_interfaces__rosidl_typesupport_c__pyext
[3.619s] [100%] Built target tutorial_interfaces__rosidl_typesupport_introspection_c__pyext
[3.619s] running egg_info
[3.619s] writing tutorial_interfaces.egg-info/PKG-INFO
[3.619s] writing dependency_links to tutorial_interfaces.egg-info/dependency_links.txt
[3.619s] writing top-level names to tutorial_interfaces.egg-info/top_level.txt
[3.619s] reading manifest file 'tutorial_interfaces.egg-info/SOURCES.txt'
[3.619s] writing manifest file 'tutorial_interfaces.egg-info/SOURCES.txt'
[3.777s] [100%] Built target ament_cmake_python_build_tutorial_interfaces_egg
[4.803s] Invoked command in '/home/tj/ros2_ws/build/tutorial_interfaces' returned '0': CMAKE_PREFIX_PATH=/opt/ros/humble /usr/bin/cmake --build /home/tj/ros2_ws/build/tutorial_interfaces -- -j8 -l8
