[0.307s] Invoking command in '/home/tj/ros2_ws/build/action_tutorials_cpp': AMENT_PREFIX_PATH=/home/tj/ros2_ws/install/action_tutorials_interfaces:${AMENT_PREFIX_PATH} CMAKE_PREFIX_PATH=/home/tj/ros2_ws/install/action_tutorials_interfaces:/opt/ros/humble LD_LIBRARY_PATH=/home/tj/ros2_ws/install/action_tutorials_interfaces/lib:${LD_LIBRARY_PATH} PYTHONPATH=/home/tj/ros2_ws/install/action_tutorials_interfaces/local/lib/python3.10/dist-packages:${PYTHONPATH} /usr/bin/cmake --build /home/tj/ros2_ws/build/action_tutorials_cpp -- -j8 -l8
[1.115s] [35m[1mConsolidate compiler generated dependencies of target action_client[0m
[1.231s] [ 37%] Built target action_client
[1.231s] [ 50%] Built target fibonacci_action_server
[1.341s] [ 75%] Built target action_server
[1.341s] [100%] Built target fibonacci_action_client
[1.448s] Invoked command in '/home/tj/ros2_ws/build/action_tutorials_cpp' returned '0': AMENT_PREFIX_PATH=/home/tj/ros2_ws/install/action_tutorials_interfaces:${AMENT_PREFIX_PATH} CMAKE_PREFIX_PATH=/home/tj/ros2_ws/install/action_tutorials_interfaces:/opt/ros/humble LD_LIBRARY_PATH=/home/tj/ros2_ws/install/action_tutorials_interfaces/lib:${LD_LIBRARY_PATH} PYTHONPATH=/home/tj/ros2_ws/install/action_tutorials_interfaces/local/lib/python3.10/dist-packages:${PYTHONPATH} /usr/bin/cmake --build /home/tj/ros2_ws/build/action_tutorials_cpp -- -j8 -l8
[2.573s] Invoking command in '/home/tj/ros2_ws/build/action_tutorials_cpp': AMENT_PREFIX_PATH=/home/tj/ros2_ws/install/action_tutorials_interfaces:${AMENT_PREFIX_PATH} CMAKE_PREFIX_PATH=/home/tj/ros2_ws/install/action_tutorials_interfaces:/opt/ros/humble LD_LIBRARY_PATH=/home/tj/ros2_ws/install/action_tutorials_interfaces/lib:${LD_LIBRARY_PATH} PYTHONPATH=/home/tj/ros2_ws/install/action_tutorials_interfaces/local/lib/python3.10/dist-packages:${PYTHONPATH} /usr/bin/cmake --install /home/tj/ros2_ws/build/action_tutorials_cpp
[2.762s] -- Install configuration: ""
[2.762s] -- Up-to-date: /home/tj/ros2_ws/install/action_tutorials_cpp/lib/action_tutorials_cpp/fibonacci_action_server
[2.762s] -- Up-to-date: /home/tj/ros2_ws/install/action_tutorials_cpp/lib/libaction_server.so
[2.762s] -- Up-to-date: /home/tj/ros2_ws/install/action_tutorials_cpp/lib/action_tutorials_cpp/fibonacci_action_client
[2.851s] -- Up-to-date: /home/tj/ros2_ws/install/action_tutorials_cpp/lib/libaction_client.so
[2.851s] -- Up-to-date: /home/tj/ros2_ws/install/action_tutorials_cpp/share/ament_index/resource_index/package_run_dependencies/action_tutorials_cpp
[2.851s] -- Up-to-date: /home/tj/ros2_ws/install/action_tutorials_cpp/share/ament_index/resource_index/parent_prefix_path/action_tutorials_cpp
[2.851s] -- Up-to-date: /home/tj/ros2_ws/install/action_tutorials_cpp/share/action_tutorials_cpp/environment/ament_prefix_path.sh
[2.851s] -- Up-to-date: /home/tj/ros2_ws/install/action_tutorials_cpp/share/action_tutorials_cpp/environment/ament_prefix_path.dsv
[2.851s] -- Up-to-date: /home/tj/ros2_ws/install/action_tutorials_cpp/share/action_tutorials_cpp/environment/path.sh
[2.851s] -- Up-to-date: /home/tj/ros2_ws/install/action_tutorials_cpp/share/action_tutorials_cpp/environment/path.dsv
[2.851s] -- Up-to-date: /home/tj/ros2_ws/install/action_tutorials_cpp/share/action_tutorials_cpp/local_setup.bash
[2.857s] -- Up-to-date: /home/tj/ros2_ws/install/action_tutorials_cpp/share/action_tutorials_cpp/local_setup.sh
[2.868s] -- Up-to-date: /home/tj/ros2_ws/install/action_tutorials_cpp/share/action_tutorials_cpp/local_setup.zsh
[2.868s] -- Up-to-date: /home/tj/ros2_ws/install/action_tutorials_cpp/share/action_tutorials_cpp/local_setup.dsv
[2.868s] -- Installing: /home/tj/ros2_ws/install/action_tutorials_cpp/share/action_tutorials_cpp/package.dsv
[2.868s] -- Up-to-date: /home/tj/ros2_ws/install/action_tutorials_cpp/share/ament_index/resource_index/packages/action_tutorials_cpp
[2.868s] -- Up-to-date: /home/tj/ros2_ws/install/action_tutorials_cpp/share/ament_index/resource_index/rclcpp_components/action_tutorials_cpp
[2.868s] -- Up-to-date: /home/tj/ros2_ws/install/action_tutorials_cpp/share/action_tutorials_cpp/cmake/action_tutorials_cppConfig.cmake
[2.868s] -- Up-to-date: /home/tj/ros2_ws/install/action_tutorials_cpp/share/action_tutorials_cpp/cmake/action_tutorials_cppConfig-version.cmake
[2.868s] -- Up-to-date: /home/tj/ros2_ws/install/action_tutorials_cpp/share/action_tutorials_cpp/package.xml
[3.166s] Invoked command in '/home/tj/ros2_ws/build/action_tutorials_cpp' returned '0': AMENT_PREFIX_PATH=/home/tj/ros2_ws/install/action_tutorials_interfaces:${AMENT_PREFIX_PATH} CMAKE_PREFIX_PATH=/home/tj/ros2_ws/install/action_tutorials_interfaces:/opt/ros/humble LD_LIBRARY_PATH=/home/tj/ros2_ws/install/action_tutorials_interfaces/lib:${LD_LIBRARY_PATH} PYTHONPATH=/home/tj/ros2_ws/install/action_tutorials_interfaces/local/lib/python3.10/dist-packages:${PYTHONPATH} /usr/bin/cmake --install /home/tj/ros2_ws/build/action_tutorials_cpp
