[1.259s] Invoking command in '/home/tj/ros2_ws/build/more_interfaces': CMAKE_PREFIX_PATH=/opt/ros/humble /usr/bin/cmake --build /home/tj/ros2_ws/build/more_interfaces -- -j8 -l8
[5.747s] [  9%] Built target more_interfaces__rosidl_generator_c
[5.747s] [ 12%] Built target more_interfaces__cpp
[5.747s] [ 12%] Built target ament_cmake_python_copy_more_interfaces
[5.747s] [ 21%] Built target more_interfaces__rosidl_typesupport_fastrtps_c
[5.747s] [ 30%] Built target more_interfaces__rosidl_typesupport_introspection_c
[5.747s] [ 39%] Built target more_interfaces__rosidl_typesupport_fastrtps_cpp
[5.748s] [ 48%] Built target more_interfaces__rosidl_typesupport_c
[5.748s] [ 57%] Built target more_interfaces__rosidl_typesupport_cpp
[5.748s] [ 66%] Built target more_interfaces__rosidl_typesupport_introspection_cpp
[5.748s] [ 66%] Built target more_interfaces
[5.748s] [ 72%] Built target more_interfaces__py
[5.748s] [ 75%] Built target publish_address_book
[5.748s] [ 81%] Built target more_interfaces__rosidl_generator_py
[5.748s] [ 87%] Built target more_interfaces__rosidl_typesupport_fastrtps_c__pyext
[5.748s] [ 93%] Built target more_interfaces__rosidl_typesupport_c__pyext
[5.748s] [100%] Built target more_interfaces__rosidl_typesupport_introspection_c__pyext
[5.748s] running egg_info
[5.748s] writing more_interfaces.egg-info/PKG-INFO
[5.748s] writing dependency_links to more_interfaces.egg-info/dependency_links.txt
[5.748s] writing top-level names to more_interfaces.egg-info/top_level.txt
[5.748s] reading manifest file 'more_interfaces.egg-info/SOURCES.txt'
[5.748s] writing manifest file 'more_interfaces.egg-info/SOURCES.txt'
[5.748s] [100%] Built target ament_cmake_python_build_more_interfaces_egg
[6.297s] Invoked command in '/home/tj/ros2_ws/build/more_interfaces' returned '0': CMAKE_PREFIX_PATH=/opt/ros/humble /usr/bin/cmake --build /home/tj/ros2_ws/build/more_interfaces -- -j8 -l8
