[22.265s] Invoking command in '/home/tj/ros2_ws/src/py_pubsub': PYTHONPATH=/home/tj/ros2_ws/build/py_pubsub/prefix_override:/usr/lib/python3/dist-packages/colcon_core/task/python/colcon_distutils_commands:/home/tj/ros2_ws/install/py_pubsub/lib/python3.10/site-packages:${PYTHONPATH} /usr/bin/python3 -W ignore:setup.py install is deprecated setup.py egg_info --egg-base ../../build/py_pubsub build --build-base /home/tj/ros2_ws/build/py_pubsub/build install --record /home/tj/ros2_ws/build/py_pubsub/install.log --single-version-externally-managed install_data
[23.498s] running egg_info
[23.498s] writing ../../build/py_pubsub/py_pubsub.egg-info/PKG-INFO
[23.501s] writing dependency_links to ../../build/py_pubsub/py_pubsub.egg-info/dependency_links.txt
[23.501s] writing entry points to ../../build/py_pubsub/py_pubsub.egg-info/entry_points.txt
[23.509s] writing requirements to ../../build/py_pubsub/py_pubsub.egg-info/requires.txt
[23.509s] writing top-level names to ../../build/py_pubsub/py_pubsub.egg-info/top_level.txt
[23.515s] reading manifest file '../../build/py_pubsub/py_pubsub.egg-info/SOURCES.txt'
[23.565s] adding license file 'LICENSE'
[23.565s] writing manifest file '../../build/py_pubsub/py_pubsub.egg-info/SOURCES.txt'
[23.565s] running build
[23.565s] running build_py
[23.565s] running install
[23.565s] running install_lib
[23.565s] running install_data
[23.565s] running install_egg_info
[23.565s] removing '/home/tj/ros2_ws/install/py_pubsub/lib/python3.10/site-packages/py_pubsub-0.0.0-py3.10.egg-info' (and everything under it)
[23.590s] Copying ../../build/py_pubsub/py_pubsub.egg-info to /home/tj/ros2_ws/install/py_pubsub/lib/python3.10/site-packages/py_pubsub-0.0.0-py3.10.egg-info
[23.609s] running install_scripts
[24.010s] Installing listener script to /home/tj/ros2_ws/install/py_pubsub/lib/py_pubsub
[24.010s] Installing talker script to /home/tj/ros2_ws/install/py_pubsub/lib/py_pubsub
[24.018s] writing list of installed files to '/home/tj/ros2_ws/build/py_pubsub/install.log'
