[0.282s] Invoking command in '/home/tj/ros2_ws/build/action_tutorials_interfaces': CMAKE_PREFIX_PATH=${CMAKE_PREFIX_PATH}:/home/tj/ros2_ws/install/tutorial_interfaces:/home/tj/ros2_ws/install/python_parameters:/home/tj/ros2_ws/install/py_srvcli:/home/tj/ros2_ws/install/py_pubsub:/home/tj/ros2_ws/install/my_package:/opt/ros/humble /usr/bin/cmake --build /home/tj/ros2_ws/build/action_tutorials_interfaces -- -j8 -l8
[0.854s] -- Found ament_cmake: 1.3.10 (/opt/ros/humble/share/ament_cmake/cmake)
[2.370s] -- Found rosidl_default_generators: 1.2.0 (/opt/ros/humble/share/rosidl_default_generators/cmake)
[2.468s] -- Using all available rosidl_typesupport_c: rosidl_typesupport_fastrtps_c;rosidl_typesupport_introspection_c
[2.638s] -- Found rosidl_adapter: 3.1.5 (/opt/ros/humble/share/rosidl_adapter/cmake)
[3.539s] -- Using all available rosidl_typesupport_cpp: rosidl_typesupport_fastrtps_cpp;rosidl_typesupport_introspection_cpp
[6.637s] -- Found ament_cmake_ros: 0.10.0 (/opt/ros/humble/share/ament_cmake_ros/cmake)
[8.274s] -- Using all available rosidl_typesupport_c: rosidl_typesupport_fastrtps_c;rosidl_typesupport_introspection_c
[10.492s] -- Using all available rosidl_typesupport_cpp: rosidl_typesupport_fastrtps_cpp;rosidl_typesupport_introspection_cpp
[10.808s] -- Found python_cmake_module: 0.10.0 (/opt/ros/humble/share/python_cmake_module/cmake)
[10.957s] -- Using PYTHON_EXECUTABLE: /usr/bin/python3
[10.959s] -- Using PYTHON_INCLUDE_DIRS: /usr/include/python3.10
[10.959s] -- Using PYTHON_LIBRARIES: /usr/lib/x86_64-linux-gnu/libpython3.10.so
[11.141s] -- Found ament_lint_auto: 0.12.11 (/opt/ros/humble/share/ament_lint_auto/cmake)
[11.492s] -- Added test 'lint_cmake' to check CMake code style
[11.492s] -- Added test 'xmllint' to check XML markup files
[11.643s] -- Configuring done
[13.366s] -- Generating done
[13.637s] -- Build files have been written to: /home/tj/ros2_ws/build/action_tutorials_interfaces
[13.829s] [35m[1mConsolidate compiler generated dependencies of target action_tutorials_interfaces__rosidl_generator_c[0m
[14.008s] [  3%] Built target action_tutorials_interfaces__cpp
[14.008s] [ 12%] Built target action_tutorials_interfaces__rosidl_generator_c
[14.081s] [35m[1mConsolidate compiler generated dependencies of target action_tutorials_interfaces__rosidl_typesupport_fastrtps_c[0m
[14.116s] [35m[1mConsolidate compiler generated dependencies of target action_tutorials_interfaces__rosidl_typesupport_introspection_cpp[0m
[14.116s] [35m[1mConsolidate compiler generated dependencies of target action_tutorials_interfaces__rosidl_typesupport_introspection_c[0m
[14.116s] [ 12%] Built target ament_cmake_python_copy_action_tutorials_interfaces
[14.126s] [35m[1mConsolidate compiler generated dependencies of target action_tutorials_interfaces__rosidl_typesupport_fastrtps_cpp[0m
[14.128s] [35m[1mConsolidate compiler generated dependencies of target action_tutorials_interfaces__rosidl_typesupport_c[0m
[14.138s] [ 22%] Built target action_tutorials_interfaces__rosidl_typesupport_introspection_c
[14.159s] [ 35%] Built target action_tutorials_interfaces__rosidl_typesupport_introspection_cpp
[14.160s] [ 45%] Built target action_tutorials_interfaces__rosidl_typesupport_fastrtps_cpp
[14.177s] [35m[1mConsolidate compiler generated dependencies of target action_tutorials_interfaces__rosidl_typesupport_cpp[0m
[14.182s] [ 54%] Built target action_tutorials_interfaces__rosidl_typesupport_c
[14.182s] [ 61%] Built target action_tutorials_interfaces__rosidl_typesupport_fastrtps_c
[14.217s] [ 70%] Built target action_tutorials_interfaces__rosidl_typesupport_cpp
[14.239s] [ 70%] Built target action_tutorials_interfaces
[14.265s] [ 74%] Built target action_tutorials_interfaces__py
[14.281s] [35m[1mConsolidate compiler generated dependencies of target action_tutorials_interfaces__rosidl_generator_py[0m
[14.296s] [ 80%] Built target action_tutorials_interfaces__rosidl_generator_py
[14.309s] [35m[1mConsolidate compiler generated dependencies of target action_tutorials_interfaces__rosidl_typesupport_fastrtps_c__pyext[0m
[14.309s] [35m[1mConsolidate compiler generated dependencies of target action_tutorials_interfaces__rosidl_typesupport_introspection_c__pyext[0m
[14.317s] [35m[1mConsolidate compiler generated dependencies of target action_tutorials_interfaces__rosidl_typesupport_c__pyext[0m
[14.358s] [ 87%] Built target action_tutorials_interfaces__rosidl_typesupport_fastrtps_c__pyext
[14.360s] [ 93%] Built target action_tutorials_interfaces__rosidl_typesupport_introspection_c__pyext
[14.366s] [100%] Built target action_tutorials_interfaces__rosidl_typesupport_c__pyext
[14.405s] running egg_info
[14.406s] writing action_tutorials_interfaces.egg-info/PKG-INFO
[14.407s] writing dependency_links to action_tutorials_interfaces.egg-info/dependency_links.txt
[14.407s] writing top-level names to action_tutorials_interfaces.egg-info/top_level.txt
[14.411s] reading manifest file 'action_tutorials_interfaces.egg-info/SOURCES.txt'
[14.414s] writing manifest file 'action_tutorials_interfaces.egg-info/SOURCES.txt'
[14.477s] [100%] Built target ament_cmake_python_build_action_tutorials_interfaces_egg
