[0.312s] Invoking command in '/home/tj/ros2_ws/src/py_srvcli': PYTHONPATH=/home/tj/ros2_ws/build/py_srvcli/prefix_override:/usr/lib/python3/dist-packages/colcon_core/task/python/colcon_distutils_commands:/home/tj/ros2_ws/install/py_srvcli/lib/python3.10/site-packages: /usr/bin/python3 -W ignore:setup.py install is deprecated setup.py egg_info --egg-base ../../build/py_srvcli build --build-base /home/tj/ros2_ws/build/py_srvcli/build install --record /home/tj/ros2_ws/build/py_srvcli/install.log --single-version-externally-managed install_data
[0.424s] running egg_info
[0.426s] writing ../../build/py_srvcli/py_srvcli.egg-info/PKG-INFO
[0.426s] writing dependency_links to ../../build/py_srvcli/py_srvcli.egg-info/dependency_links.txt
[0.427s] writing entry points to ../../build/py_srvcli/py_srvcli.egg-info/entry_points.txt
[0.427s] writing requirements to ../../build/py_srvcli/py_srvcli.egg-info/requires.txt
[0.428s] writing top-level names to ../../build/py_srvcli/py_srvcli.egg-info/top_level.txt
[0.428s] reading manifest file '../../build/py_srvcli/py_srvcli.egg-info/SOURCES.txt'
[0.428s] adding license file 'LICENSE'
[0.428s] writing manifest file '../../build/py_srvcli/py_srvcli.egg-info/SOURCES.txt'
[0.428s] running build
[0.428s] running build_py
[0.428s] copying py_srvcli/client_member_function.py -> /home/tj/ros2_ws/build/py_srvcli/build/lib/py_srvcli
[0.428s] running install
[0.428s] running install_lib
[0.428s] copying /home/tj/ros2_ws/build/py_srvcli/build/lib/py_srvcli/client_member_function.py -> /home/tj/ros2_ws/install/py_srvcli/lib/python3.10/site-packages/py_srvcli
[0.428s] byte-compiling /home/tj/ros2_ws/install/py_srvcli/lib/python3.10/site-packages/py_srvcli/client_member_function.py to client_member_function.cpython-310.pyc
[0.429s] byte-compiling /home/tj/ros2_ws/install/py_srvcli/lib/python3.10/site-packages/py_srvcli/service_member_function.py to service_member_function.cpython-310.pyc
[0.429s] Sorry: TabError: inconsistent use of tabs and spaces in indentation (service_member_function.py, line 14)
[0.429s] running install_data
[0.429s] running install_egg_info
[0.430s] removing '/home/tj/ros2_ws/install/py_srvcli/lib/python3.10/site-packages/py_srvcli-0.0.0-py3.10.egg-info' (and everything under it)
[0.431s] Copying ../../build/py_srvcli/py_srvcli.egg-info to /home/tj/ros2_ws/install/py_srvcli/lib/python3.10/site-packages/py_srvcli-0.0.0-py3.10.egg-info
[0.432s] running install_scripts
[0.444s] Installing client script to /home/tj/ros2_ws/install/py_srvcli/lib/py_srvcli
[0.444s] Installing service script to /home/tj/ros2_ws/install/py_srvcli/lib/py_srvcli
[0.444s] writing list of installed files to '/home/tj/ros2_ws/build/py_srvcli/install.log'
[0.464s] Invoked command in '/home/tj/ros2_ws/src/py_srvcli' returned '0': PYTHONPATH=/home/tj/ros2_ws/build/py_srvcli/prefix_override:/usr/lib/python3/dist-packages/colcon_core/task/python/colcon_distutils_commands:/home/tj/ros2_ws/install/py_srvcli/lib/python3.10/site-packages: /usr/bin/python3 -W ignore:setup.py install is deprecated setup.py egg_info --egg-base ../../build/py_srvcli build --build-base /home/tj/ros2_ws/build/py_srvcli/build install --record /home/tj/ros2_ws/build/py_srvcli/install.log --single-version-externally-managed install_data
