[1.341s] Invoking command in '/home/tj/ros2_ws/build/cpp_srvcli': AMENT_PREFIX_PATH=/home/tj/ros2_ws/install/tutorial_interfaces:${AMENT_PREFIX_PATH} CMAKE_PREFIX_PATH=/home/tj/ros2_ws/install/tutorial_interfaces:/home/tj/ros2_ws/install/cpp_srvcli:/home/tj/ros2_ws/install/cpp_pubsub:/home/tj/ros2_ws/install/turtlesim:/home/tj/ros2_ws/install/polygon_plugins:/home/tj/ros2_ws/install/polygon_base:/home/tj/ros2_ws/install/my_package:/home/tj/ros2_ws/install/more_interfaces:/home/tj/ros2_ws/install/custom_action_interfaces:/home/tj/ros2_ws/install/cpp_parameters:/home/tj/ros2_ws/install/python_parameters:/home/tj/ros2_ws/install/py_srvcli:/home/tj/ros2_ws/install/py_pubsub:/opt/ros/humble PYTHONPATH=/home/tj/ros2_ws/install/tutorial_interfaces/local/lib/python3.10/dist-packages:${PYTHONPATH} /usr/bin/cmake --build /home/tj/ros2_ws/build/cpp_srvcli -- -j8 -l8
[2.551s] [ 50%] Built target server
[2.554s] [100%] Built target client
[2.841s] Invoked command in '/home/tj/ros2_ws/build/cpp_srvcli' returned '0': AMENT_PREFIX_PATH=/home/tj/ros2_ws/install/tutorial_interfaces:${AMENT_PREFIX_PATH} CMAKE_PREFIX_PATH=/home/tj/ros2_ws/install/tutorial_interfaces:/home/tj/ros2_ws/install/cpp_srvcli:/home/tj/ros2_ws/install/cpp_pubsub:/home/tj/ros2_ws/install/turtlesim:/home/tj/ros2_ws/install/polygon_plugins:/home/tj/ros2_ws/install/polygon_base:/home/tj/ros2_ws/install/my_package:/home/tj/ros2_ws/install/more_interfaces:/home/tj/ros2_ws/install/custom_action_interfaces:/home/tj/ros2_ws/install/cpp_parameters:/home/tj/ros2_ws/install/python_parameters:/home/tj/ros2_ws/install/py_srvcli:/home/tj/ros2_ws/install/py_pubsub:/opt/ros/humble PYTHONPATH=/home/tj/ros2_ws/install/tutorial_interfaces/local/lib/python3.10/dist-packages:${PYTHONPATH} /usr/bin/cmake --build /home/tj/ros2_ws/build/cpp_srvcli -- -j8 -l8
[4.820s] Invoking command in '/home/tj/ros2_ws/build/cpp_srvcli': AMENT_PREFIX_PATH=/home/tj/ros2_ws/install/tutorial_interfaces:${AMENT_PREFIX_PATH} CMAKE_PREFIX_PATH=/home/tj/ros2_ws/install/tutorial_interfaces:/home/tj/ros2_ws/install/cpp_srvcli:/home/tj/ros2_ws/install/cpp_pubsub:/home/tj/ros2_ws/install/turtlesim:/home/tj/ros2_ws/install/polygon_plugins:/home/tj/ros2_ws/install/polygon_base:/home/tj/ros2_ws/install/my_package:/home/tj/ros2_ws/install/more_interfaces:/home/tj/ros2_ws/install/custom_action_interfaces:/home/tj/ros2_ws/install/cpp_parameters:/home/tj/ros2_ws/install/python_parameters:/home/tj/ros2_ws/install/py_srvcli:/home/tj/ros2_ws/install/py_pubsub:/opt/ros/humble PYTHONPATH=/home/tj/ros2_ws/install/tutorial_interfaces/local/lib/python3.10/dist-packages:${PYTHONPATH} /usr/bin/cmake --install /home/tj/ros2_ws/build/cpp_srvcli
[4.893s] -- Install configuration: ""
[4.893s] -- Up-to-date: /home/tj/ros2_ws/install/cpp_srvcli/lib/cpp_srvcli/server
[4.893s] -- Up-to-date: /home/tj/ros2_ws/install/cpp_srvcli/lib/cpp_srvcli/client
[4.897s] -- Up-to-date: /home/tj/ros2_ws/install/cpp_srvcli/share/ament_index/resource_index/package_run_dependencies/cpp_srvcli
[4.927s] -- Up-to-date: /home/tj/ros2_ws/install/cpp_srvcli/share/ament_index/resource_index/parent_prefix_path/cpp_srvcli
[4.947s] -- Up-to-date: /home/tj/ros2_ws/install/cpp_srvcli/share/cpp_srvcli/environment/ament_prefix_path.sh
[4.947s] -- Up-to-date: /home/tj/ros2_ws/install/cpp_srvcli/share/cpp_srvcli/environment/ament_prefix_path.dsv
[4.954s] -- Up-to-date: /home/tj/ros2_ws/install/cpp_srvcli/share/cpp_srvcli/environment/path.sh
[4.954s] -- Up-to-date: /home/tj/ros2_ws/install/cpp_srvcli/share/cpp_srvcli/environment/path.dsv
[4.954s] -- Up-to-date: /home/tj/ros2_ws/install/cpp_srvcli/share/cpp_srvcli/local_setup.bash
[4.954s] -- Up-to-date: /home/tj/ros2_ws/install/cpp_srvcli/share/cpp_srvcli/local_setup.sh
[4.954s] -- Up-to-date: /home/tj/ros2_ws/install/cpp_srvcli/share/cpp_srvcli/local_setup.zsh
[4.958s] -- Up-to-date: /home/tj/ros2_ws/install/cpp_srvcli/share/cpp_srvcli/local_setup.dsv
[4.958s] -- Installing: /home/tj/ros2_ws/install/cpp_srvcli/share/cpp_srvcli/package.dsv
[4.958s] -- Up-to-date: /home/tj/ros2_ws/install/cpp_srvcli/share/ament_index/resource_index/packages/cpp_srvcli
[4.958s] -- Up-to-date: /home/tj/ros2_ws/install/cpp_srvcli/share/cpp_srvcli/cmake/cpp_srvcliConfig.cmake
[4.959s] -- Up-to-date: /home/tj/ros2_ws/install/cpp_srvcli/share/cpp_srvcli/cmake/cpp_srvcliConfig-version.cmake
[4.959s] -- Up-to-date: /home/tj/ros2_ws/install/cpp_srvcli/share/cpp_srvcli/package.xml
[5.059s] Invoked command in '/home/tj/ros2_ws/build/cpp_srvcli' returned '0': AMENT_PREFIX_PATH=/home/tj/ros2_ws/install/tutorial_interfaces:${AMENT_PREFIX_PATH} CMAKE_PREFIX_PATH=/home/tj/ros2_ws/install/tutorial_interfaces:/home/tj/ros2_ws/install/cpp_srvcli:/home/tj/ros2_ws/install/cpp_pubsub:/home/tj/ros2_ws/install/turtlesim:/home/tj/ros2_ws/install/polygon_plugins:/home/tj/ros2_ws/install/polygon_base:/home/tj/ros2_ws/install/my_package:/home/tj/ros2_ws/install/more_interfaces:/home/tj/ros2_ws/install/custom_action_interfaces:/home/tj/ros2_ws/install/cpp_parameters:/home/tj/ros2_ws/install/python_parameters:/home/tj/ros2_ws/install/py_srvcli:/home/tj/ros2_ws/install/py_pubsub:/opt/ros/humble PYTHONPATH=/home/tj/ros2_ws/install/tutorial_interfaces/local/lib/python3.10/dist-packages:${PYTHONPATH} /usr/bin/cmake --install /home/tj/ros2_ws/build/cpp_srvcli
