[0.460s] Invoking command in '/home/tj/ros2_ws/build/action_tutorials_interfaces': CMAKE_PREFIX_PATH=/opt/ros/humble /usr/bin/cmake --build /home/tj/ros2_ws/build/action_tutorials_interfaces -- -j8 -l8
[4.353s] [  3%] Built target action_tutorials_interfaces__cpp
[4.356s] [ 12%] Built target action_tutorials_interfaces__rosidl_generator_c
[4.359s] [ 12%] Built target ament_cmake_python_copy_action_tutorials_interfaces
[4.369s] [ 22%] Built target action_tutorials_interfaces__rosidl_typesupport_fastrtps_c
[4.371s] [ 32%] Built target action_tutorials_interfaces__rosidl_typesupport_fastrtps_cpp
[4.371s] [ 41%] Built target action_tutorials_interfaces__rosidl_typesupport_introspection_c
[4.371s] [ 51%] Built target action_tutorials_interfaces__rosidl_typesupport_introspection_cpp
[4.372s] [ 61%] Built target action_tutorials_interfaces__rosidl_typesupport_c
[4.372s] [ 70%] Built target action_tutorials_interfaces__rosidl_typesupport_cpp
[4.372s] [ 70%] Built target action_tutorials_interfaces
[4.372s] [ 74%] Built target action_tutorials_interfaces__py
[4.372s] [ 80%] Built target action_tutorials_interfaces__rosidl_generator_py
[4.372s] [ 87%] Built target action_tutorials_interfaces__rosidl_typesupport_fastrtps_c__pyext
[4.372s] [ 93%] Built target action_tutorials_interfaces__rosidl_typesupport_c__pyext
[4.372s] [100%] Built target action_tutorials_interfaces__rosidl_typesupport_introspection_c__pyext
[4.942s] running egg_info
[4.997s] writing action_tutorials_interfaces.egg-info/PKG-INFO
[5.039s] writing dependency_links to action_tutorials_interfaces.egg-info/dependency_links.txt
[5.041s] writing top-level names to action_tutorials_interfaces.egg-info/top_level.txt
[5.063s] reading manifest file 'action_tutorials_interfaces.egg-info/SOURCES.txt'
[5.087s] writing manifest file 'action_tutorials_interfaces.egg-info/SOURCES.txt'
[5.308s] [100%] Built target ament_cmake_python_build_action_tutorials_interfaces_egg
[6.231s] Invoked command in '/home/tj/ros2_ws/build/action_tutorials_interfaces' returned '0': CMAKE_PREFIX_PATH=/opt/ros/humble /usr/bin/cmake --build /home/tj/ros2_ws/build/action_tutorials_interfaces -- -j8 -l8
