-- Found ament_cmake: 1.3.10 (/opt/ros/humble/share/ament_cmake/cmake)
-- Found action_tutorials_interfaces: 0.0.0 (/home/tj/ros2_ws/install/action_tutorials_interfaces/share/action_tutorials_interfaces/cmake)
-- Found rosidl_generator_c: 3.1.5 (/opt/ros/humble/share/rosidl_generator_c/cmake)
-- Found rosidl_adapter: 3.1.5 (/opt/ros/humble/share/rosidl_adapter/cmake)
-- Found rosidl_generator_cpp: 3.1.5 (/opt/ros/humble/share/rosidl_generator_cpp/cmake)
-- Using all available rosidl_typesupport_c: rosidl_typesupport_fastrtps_c;rosidl_typesupport_introspection_c
-- Using all available rosidl_typesupport_cpp: rosidl_typesupport_fastrtps_cpp;rosidl_typesupport_introspection_cpp
-- Found rclcpp: 16.0.10 (/opt/ros/humble/share/rclcpp/cmake)
-- Found rmw_implementation_cmake: 6.1.2 (/opt/ros/humble/share/rmw_implementation_cmake/cmake)
-- Found rmw_fastrtps_cpp: 6.2.7 (/opt/ros/humble/share/rmw_fastrtps_cpp/cmake)
-- Using RMW implementation 'rmw_fastrtps_cpp' as default
-- Found rclcpp_action: 16.0.10 (/opt/ros/humble/share/rclcpp_action/cmake)
-- Found rclcpp_components: 16.0.10 (/opt/ros/humble/share/rclcpp_components/cmake)
-- Found ament_lint_auto: 0.12.11 (/opt/ros/humble/share/ament_lint_auto/cmake)
-- Added test 'cppcheck' to perform static code analysis on C / C++ code
-- Configured cppcheck include dirs: $<BUILD_INTERFACE:/home/tj/ros2_ws/src/action_tutorials_cpp/include>
-- Configured cppcheck exclude dirs and/or files: 
-- Added test 'lint_cmake' to check CMake code style
-- Added test 'uncrustify' to check C / C++ code style
-- Configured uncrustify additional arguments: 
-- Added test 'xmllint' to check XML markup files
-- Configuring done
-- Generating done
-- Build files have been written to: /home/tj/ros2_ws/build/action_tutorials_cpp
[ 12%] [32mBuilding CXX object CMakeFiles/fibonacci_action_server.dir/rclcpp_components/node_main_fibonacci_action_server.cpp.o[0m
[ 25%] [32mBuilding CXX object CMakeFiles/action_server.dir/src/fibonacci_action_server.cpp.o[0m
[ 50%] [32mBuilding CXX object CMakeFiles/fibonacci_action_client.dir/rclcpp_components/node_main_fibonacci_action_client.cpp.o[0m
[ 50%] [32mBuilding CXX object CMakeFiles/action_client.dir/src/fibonacci_action_client.cpp.o[0m
[ 62%] [32m[1mLinking CXX executable fibonacci_action_client[0m
[ 75%] [32m[1mLinking CXX executable fibonacci_action_server[0m
[ 75%] Built target fibonacci_action_server
[ 75%] Built target fibonacci_action_client
[ 87%] [32m[1mLinking CXX shared library libaction_server.so[0m
[ 87%] Built target action_server
