[0.710s] Invoking command in '/home/tj/ros2_ws/build/polygon_base': CMAKE_PREFIX_PATH=/opt/ros/humble /usr/bin/cmake /home/tj/ros2_ws/src/polygon_base -DCMAKE_INSTALL_PREFIX=/home/tj/ros2_ws/install/polygon_base
[8.045s] -- The C compiler identification is GNU 11.4.0
[13.541s] -- The CXX compiler identification is GNU 11.4.0
[13.737s] -- Detecting C compiler ABI info
[17.026s] -- Detecting C compiler ABI info - done
[17.026s] -- Check for working C compiler: /usr/bin/cc - skipped
[17.026s] -- Detecting C compile features
[17.026s] -- Detecting C compile features - done
[17.171s] -- Detecting CXX compiler ABI info
[19.783s] -- Detecting CXX compiler ABI info - done
[20.205s] -- Check for working CXX compiler: /usr/bin/c++ - skipped
[20.205s] -- Detecting CXX compile features
[20.327s] -- Detecting CXX compile features - done
[20.403s] -- Found ament_cmake: 1.3.10 (/opt/ros/humble/share/ament_cmake/cmake)
[22.707s] -- Found Python3: /usr/bin/python3 (found version "3.10.12") found components: Interpreter 
[24.778s] -- Found pluginlib: 5.1.0 (/opt/ros/humble/share/pluginlib/cmake)
[25.952s] [31mCMake Error at /opt/ros/humble/share/pluginlib/cmake/pluginlib_export_plugin_description_file.cmake:84 (message):
[25.952s]   Given plugin description file
[25.952s]   '/home/tj/ros2_ws/src/polygon_base/plugins.xml' does not exist
[25.952s] Call Stack (most recent call first):
[25.952s]   CMakeLists.txt:12 (pluginlib_export_plugin_description_file)
[25.953s] 
[25.953s] [0m
[26.045s] -- Configuring incomplete, errors occurred!
[26.079s] See also "/home/tj/ros2_ws/build/polygon_base/CMakeFiles/CMakeOutput.log".
[26.300s] Invoked command in '/home/tj/ros2_ws/build/polygon_base' returned '1': CMAKE_PREFIX_PATH=/opt/ros/humble /usr/bin/cmake /home/tj/ros2_ws/src/polygon_base -DCMAKE_INSTALL_PREFIX=/home/tj/ros2_ws/install/polygon_base
