[1.711s] Invoking command in '/home/tj/ros2_ws/build/polygon_plugins': CMAKE_PREFIX_PATH=/home/tj/ros2_ws/install/polygon_base:/home/tj/ros2_ws/install/cpp_srvcli:/home/tj/ros2_ws/install/cpp_pubsub:/home/tj/ros2_ws/install/tutorial_interfaces:/home/tj/ros2_ws/install/turtlesim:/home/tj/ros2_ws/install/polygon_plugins:/home/tj/ros2_ws/install/my_package:/home/tj/ros2_ws/install/more_interfaces:/home/tj/ros2_ws/install/custom_action_interfaces:/home/tj/ros2_ws/install/cpp_parameters:/home/tj/ros2_ws/install/python_parameters:/home/tj/ros2_ws/install/py_srvcli:/home/tj/ros2_ws/install/py_pubsub:/opt/ros/humble /usr/bin/cmake --build /home/tj/ros2_ws/build/polygon_plugins -- -j8 -l8
[3.222s] [35m[1mConsolidate compiler generated dependencies of target polygon_plugins[0m
[3.730s] [100%] Built target polygon_plugins
[4.490s] Invoked command in '/home/tj/ros2_ws/build/polygon_plugins' returned '0': CMAKE_PREFIX_PATH=/home/tj/ros2_ws/install/polygon_base:/home/tj/ros2_ws/install/cpp_srvcli:/home/tj/ros2_ws/install/cpp_pubsub:/home/tj/ros2_ws/install/tutorial_interfaces:/home/tj/ros2_ws/install/turtlesim:/home/tj/ros2_ws/install/polygon_plugins:/home/tj/ros2_ws/install/my_package:/home/tj/ros2_ws/install/more_interfaces:/home/tj/ros2_ws/install/custom_action_interfaces:/home/tj/ros2_ws/install/cpp_parameters:/home/tj/ros2_ws/install/python_parameters:/home/tj/ros2_ws/install/py_srvcli:/home/tj/ros2_ws/install/py_pubsub:/opt/ros/humble /usr/bin/cmake --build /home/tj/ros2_ws/build/polygon_plugins -- -j8 -l8
[5.408s] Invoking command in '/home/tj/ros2_ws/build/polygon_plugins': CMAKE_PREFIX_PATH=/home/tj/ros2_ws/install/polygon_base:/home/tj/ros2_ws/install/cpp_srvcli:/home/tj/ros2_ws/install/cpp_pubsub:/home/tj/ros2_ws/install/tutorial_interfaces:/home/tj/ros2_ws/install/turtlesim:/home/tj/ros2_ws/install/polygon_plugins:/home/tj/ros2_ws/install/my_package:/home/tj/ros2_ws/install/more_interfaces:/home/tj/ros2_ws/install/custom_action_interfaces:/home/tj/ros2_ws/install/cpp_parameters:/home/tj/ros2_ws/install/python_parameters:/home/tj/ros2_ws/install/py_srvcli:/home/tj/ros2_ws/install/py_pubsub:/opt/ros/humble /usr/bin/cmake --install /home/tj/ros2_ws/build/polygon_plugins
[5.413s] -- Install configuration: ""
[5.418s] -- Up-to-date: /home/tj/ros2_ws/install/polygon_plugins/share/polygon_plugins/plugins.xml
[5.419s] -- Up-to-date: /home/tj/ros2_ws/install/polygon_plugins/include
[5.419s] -- Up-to-date: /home/tj/ros2_ws/install/polygon_plugins/include/polygon_plugins
[5.419s] -- Up-to-date: /home/tj/ros2_ws/install/polygon_plugins/include/polygon_plugins/visibility_control.h
[5.420s] -- Up-to-date: /home/tj/ros2_ws/install/polygon_plugins/include/polygon_plugins/polygon_plugins.hpp
[5.420s] -- Up-to-date: /home/tj/ros2_ws/install/polygon_plugins/lib/libpolygon_plugins.so
[5.421s] -- Up-to-date: /home/tj/ros2_ws/install/polygon_plugins/share/polygon_plugins/environment/library_path.sh
[5.421s] -- Up-to-date: /home/tj/ros2_ws/install/polygon_plugins/share/polygon_plugins/environment/library_path.dsv
[5.421s] -- Up-to-date: /home/tj/ros2_ws/install/polygon_plugins/share/ament_index/resource_index/package_run_dependencies/polygon_plugins
[5.422s] -- Up-to-date: /home/tj/ros2_ws/install/polygon_plugins/share/ament_index/resource_index/parent_prefix_path/polygon_plugins
[5.475s] -- Up-to-date: /home/tj/ros2_ws/install/polygon_plugins/share/polygon_plugins/environment/ament_prefix_path.sh
[5.481s] -- Up-to-date: /home/tj/ros2_ws/install/polygon_plugins/share/polygon_plugins/environment/ament_prefix_path.dsv
[5.512s] -- Up-to-date: /home/tj/ros2_ws/install/polygon_plugins/share/polygon_plugins/environment/path.sh
[5.517s] -- Up-to-date: /home/tj/ros2_ws/install/polygon_plugins/share/polygon_plugins/environment/path.dsv
[5.517s] -- Up-to-date: /home/tj/ros2_ws/install/polygon_plugins/share/polygon_plugins/local_setup.bash
[5.517s] -- Up-to-date: /home/tj/ros2_ws/install/polygon_plugins/share/polygon_plugins/local_setup.sh
[5.517s] -- Up-to-date: /home/tj/ros2_ws/install/polygon_plugins/share/polygon_plugins/local_setup.zsh
[5.517s] -- Up-to-date: /home/tj/ros2_ws/install/polygon_plugins/share/polygon_plugins/local_setup.dsv
[5.529s] -- Installing: /home/tj/ros2_ws/install/polygon_plugins/share/polygon_plugins/package.dsv
[5.530s] -- Up-to-date: /home/tj/ros2_ws/install/polygon_plugins/share/ament_index/resource_index/packages/polygon_plugins
[5.530s] -- Up-to-date: /home/tj/ros2_ws/install/polygon_plugins/share/ament_index/resource_index/polygon_base__pluginlib__plugin/polygon_plugins
[5.530s] -- Up-to-date: /home/tj/ros2_ws/install/polygon_plugins/share/polygon_plugins/cmake/export_polygon_pluginsExport.cmake
[5.530s] -- Up-to-date: /home/tj/ros2_ws/install/polygon_plugins/share/polygon_plugins/cmake/export_polygon_pluginsExport-noconfig.cmake
[5.530s] -- Up-to-date: /home/tj/ros2_ws/install/polygon_plugins/share/polygon_plugins/cmake/ament_cmake_export_include_directories-extras.cmake
[5.530s] -- Up-to-date: /home/tj/ros2_ws/install/polygon_plugins/share/polygon_plugins/cmake/ament_cmake_export_libraries-extras.cmake
[5.530s] -- Up-to-date: /home/tj/ros2_ws/install/polygon_plugins/share/polygon_plugins/cmake/ament_cmake_export_targets-extras.cmake
[5.530s] -- Up-to-date: /home/tj/ros2_ws/install/polygon_plugins/share/polygon_plugins/cmake/polygon_pluginsConfig.cmake
[5.530s] -- Up-to-date: /home/tj/ros2_ws/install/polygon_plugins/share/polygon_plugins/cmake/polygon_pluginsConfig-version.cmake
[5.530s] -- Up-to-date: /home/tj/ros2_ws/install/polygon_plugins/share/polygon_plugins/package.xml
[6.358s] Invoked command in '/home/tj/ros2_ws/build/polygon_plugins' returned '0': CMAKE_PREFIX_PATH=/home/tj/ros2_ws/install/polygon_base:/home/tj/ros2_ws/install/cpp_srvcli:/home/tj/ros2_ws/install/cpp_pubsub:/home/tj/ros2_ws/install/tutorial_interfaces:/home/tj/ros2_ws/install/turtlesim:/home/tj/ros2_ws/install/polygon_plugins:/home/tj/ros2_ws/install/my_package:/home/tj/ros2_ws/install/more_interfaces:/home/tj/ros2_ws/install/custom_action_interfaces:/home/tj/ros2_ws/install/cpp_parameters:/home/tj/ros2_ws/install/python_parameters:/home/tj/ros2_ws/install/py_srvcli:/home/tj/ros2_ws/install/py_pubsub:/opt/ros/humble /usr/bin/cmake --install /home/tj/ros2_ws/build/polygon_plugins
