[0.583s] Invoking command in '/home/tj/ros2_ws/build/custom_action_interfaces': CMAKE_PREFIX_PATH=/opt/ros/humble /usr/bin/cmake --build /home/tj/ros2_ws/build/custom_action_interfaces -- -j8 -l8
[5.732s] [  3%] [34m[1mGenerating C code for ROS interfaces[0m
[5.733s] [  6%] [34m[1mGenerating C++ code for ROS interfaces[0m
[5.733s] [  6%] Built target ament_cmake_python_copy_custom_action_interfaces
[5.733s] running egg_info
[5.733s] creating custom_action_interfaces.egg-info
[5.734s] writing custom_action_interfaces.egg-info/PKG-INFO
[5.734s] writing dependency_links to custom_action_interfaces.egg-info/dependency_links.txt
[5.734s] writing top-level names to custom_action_interfaces.egg-info/top_level.txt
[5.735s] writing manifest file 'custom_action_interfaces.egg-info/SOURCES.txt'
[5.735s] reading manifest file 'custom_action_interfaces.egg-info/SOURCES.txt'
[5.735s] writing manifest file 'custom_action_interfaces.egg-info/SOURCES.txt'
[5.735s] [  6%] Built target ament_cmake_python_build_custom_action_interfaces_egg
[5.735s] [  6%] Built target custom_action_interfaces__cpp
[5.736s] [ 12%] [34m[1mGenerating C++ introspection for ROS interfaces[0m
[5.736s] [ 16%] [34m[1mGenerating C++ type support dispatch for ROS interfaces[0m
[5.736s] [ 16%] [32mBuilding C object CMakeFiles/custom_action_interfaces__rosidl_generator_c.dir/rosidl_generator_c/custom_action_interfaces/action/detail/fibonacci__functions.c.o[0m
[5.736s] [ 19%] [34m[1mGenerating C++ type support for eProsima Fast-RTPS[0m
[6.133s] [ 22%] [32m[1mLinking C shared library libcustom_action_interfaces__rosidl_generator_c.so[0m
[7.013s] [ 22%] Built target custom_action_interfaces__rosidl_generator_c
[7.313s] [ 25%] [34m[1mGenerating C type support dispatch for ROS interfaces[0m
[7.313s] [ 29%] [34m[1mGenerating C type support for eProsima Fast-RTPS[0m
[7.313s] [ 32%] [34m[1mGenerating C introspection for ROS interfaces[0m
[8.468s] [ 35%] [32mBuilding CXX object CMakeFiles/custom_action_interfaces__rosidl_typesupport_introspection_cpp.dir/rosidl_typesupport_introspection_cpp/custom_action_interfaces/action/detail/fibonacci__type_support.cpp.o[0m
[8.468s] [ 38%] [32mBuilding CXX object CMakeFiles/custom_action_interfaces__rosidl_typesupport_cpp.dir/rosidl_typesupport_cpp/custom_action_interfaces/action/fibonacci__type_support.cpp.o[0m
[9.413s] [ 41%] [32mBuilding CXX object CMakeFiles/custom_action_interfaces__rosidl_typesupport_fastrtps_cpp.dir/rosidl_typesupport_fastrtps_cpp/custom_action_interfaces/action/detail/dds_fastrtps/fibonacci__type_support.cpp.o[0m
[10.067s] [ 45%] [32mBuilding CXX object CMakeFiles/custom_action_interfaces__rosidl_typesupport_c.dir/rosidl_typesupport_c/custom_action_interfaces/action/fibonacci__type_support.cpp.o[0m
[10.554s] [ 48%] [32m[1mLinking CXX shared library libcustom_action_interfaces__rosidl_typesupport_c.so[0m
[10.819s] [ 51%] [32mBuilding CXX object CMakeFiles/custom_action_interfaces__rosidl_typesupport_fastrtps_c.dir/rosidl_typesupport_fastrtps_c/custom_action_interfaces/action/detail/fibonacci__type_support_c.cpp.o[0m
[10.888s] [ 51%] Built target custom_action_interfaces__rosidl_typesupport_c
[10.888s] [ 54%] [32mBuilding C object CMakeFiles/custom_action_interfaces__rosidl_typesupport_introspection_c.dir/rosidl_typesupport_introspection_c/custom_action_interfaces/action/detail/fibonacci__type_support.c.o[0m
[11.001s] [ 58%] [32m[1mLinking C shared library libcustom_action_interfaces__rosidl_typesupport_introspection_c.so[0m
[11.052s] [ 61%] [32m[1mLinking CXX shared library libcustom_action_interfaces__rosidl_typesupport_cpp.so[0m
[11.085s] [ 61%] Built target custom_action_interfaces__rosidl_typesupport_introspection_c
[11.100s] [ 61%] Built target custom_action_interfaces__rosidl_typesupport_cpp
[11.217s] [ 64%] [32m[1mLinking CXX shared library libcustom_action_interfaces__rosidl_typesupport_introspection_cpp.so[0m
[11.324s] [ 64%] Built target custom_action_interfaces__rosidl_typesupport_introspection_cpp
[11.429s] [ 67%] [32m[1mLinking CXX shared library libcustom_action_interfaces__rosidl_typesupport_fastrtps_c.so[0m
[11.531s] [ 70%] [32m[1mLinking CXX shared library libcustom_action_interfaces__rosidl_typesupport_fastrtps_cpp.so[0m
[11.588s] [ 70%] Built target custom_action_interfaces__rosidl_typesupport_fastrtps_c
[11.658s] [ 70%] Built target custom_action_interfaces__rosidl_typesupport_fastrtps_cpp
[11.706s] [ 70%] Built target custom_action_interfaces
[11.748s] [ 74%] [34m[1mGenerating Python code for ROS interfaces[0m
[12.653s] [ 74%] Built target custom_action_interfaces__py
[12.755s] [ 77%] [32mBuilding C object CMakeFiles/custom_action_interfaces__rosidl_generator_py.dir/rosidl_generator_py/custom_action_interfaces/action/_fibonacci_s.c.o[0m
[13.042s] [ 80%] [32m[1mLinking C shared library rosidl_generator_py/custom_action_interfaces/libcustom_action_interfaces__rosidl_generator_py.so[0m
[13.245s] [ 80%] Built target custom_action_interfaces__rosidl_generator_py
[13.368s] [ 83%] [32mBuilding C object CMakeFiles/custom_action_interfaces__rosidl_typesupport_fastrtps_c__pyext.dir/rosidl_generator_py/custom_action_interfaces/_custom_action_interfaces_s.ep.rosidl_typesupport_fastrtps_c.c.o[0m
[13.378s] [ 87%] [32mBuilding C object CMakeFiles/custom_action_interfaces__rosidl_typesupport_c__pyext.dir/rosidl_generator_py/custom_action_interfaces/_custom_action_interfaces_s.ep.rosidl_typesupport_c.c.o[0m
[13.383s] [ 90%] [32mBuilding C object CMakeFiles/custom_action_interfaces__rosidl_typesupport_introspection_c__pyext.dir/rosidl_generator_py/custom_action_interfaces/_custom_action_interfaces_s.ep.rosidl_typesupport_introspection_c.c.o[0m
[13.711s] [ 93%] [32m[1mLinking C shared library rosidl_generator_py/custom_action_interfaces/custom_action_interfaces_s__rosidl_typesupport_fastrtps_c.cpython-310-x86_64-linux-gnu.so[0m
[13.749s] [ 96%] [32m[1mLinking C shared library rosidl_generator_py/custom_action_interfaces/custom_action_interfaces_s__rosidl_typesupport_introspection_c.cpython-310-x86_64-linux-gnu.so[0m
[13.805s] [100%] [32m[1mLinking C shared library rosidl_generator_py/custom_action_interfaces/custom_action_interfaces_s__rosidl_typesupport_c.cpython-310-x86_64-linux-gnu.so[0m
[14.203s] [100%] Built target custom_action_interfaces__rosidl_typesupport_introspection_c__pyext
[14.223s] [100%] Built target custom_action_interfaces__rosidl_typesupport_fastrtps_c__pyext
[14.239s] [100%] Built target custom_action_interfaces__rosidl_typesupport_c__pyext
