[0.385s] Invoking command in '/home/tj/ros2_ws/build/custom_action_interfaces': CMAKE_PREFIX_PATH=/opt/ros/humble /usr/bin/cmake --build /home/tj/ros2_ws/build/custom_action_interfaces -- -j8 -l8
[1.768s] [  3%] Built target custom_action_interfaces__cpp
[1.941s] [ 12%] Built target custom_action_interfaces__rosidl_generator_c
[2.606s] [ 22%] Built target custom_action_interfaces__rosidl_typesupport_cpp
[2.606s] [ 22%] Built target ament_cmake_python_copy_custom_action_interfaces
[2.606s] [ 32%] Built target custom_action_interfaces__rosidl_typesupport_introspection_cpp
[2.606s] [ 41%] Built target custom_action_interfaces__rosidl_typesupport_fastrtps_c
[2.613s] [ 58%] Built target custom_action_interfaces__rosidl_typesupport_fastrtps_cpp
[2.613s] [ 61%] Built target custom_action_interfaces__rosidl_typesupport_introspection_c
[2.645s] [ 70%] Built target custom_action_interfaces__rosidl_typesupport_c
[3.022s] [ 70%] Built target custom_action_interfaces
[3.506s] [ 74%] Built target custom_action_interfaces__py
[4.005s] running egg_info
[4.024s] writing custom_action_interfaces.egg-info/PKG-INFO
[4.024s] writing dependency_links to custom_action_interfaces.egg-info/dependency_links.txt
[4.024s] writing top-level names to custom_action_interfaces.egg-info/top_level.txt
[4.134s] reading manifest file 'custom_action_interfaces.egg-info/SOURCES.txt'
[4.143s] writing manifest file 'custom_action_interfaces.egg-info/SOURCES.txt'
[4.298s] [ 80%] Built target custom_action_interfaces__rosidl_generator_py
[4.509s] [ 80%] Built target ament_cmake_python_build_custom_action_interfaces_egg
[4.608s] [ 87%] Built target custom_action_interfaces__rosidl_typesupport_introspection_c__pyext
[4.770s] [ 93%] Built target custom_action_interfaces__rosidl_typesupport_c__pyext
[4.797s] [100%] Built target custom_action_interfaces__rosidl_typesupport_fastrtps_c__pyext
[5.180s] Invoked command in '/home/tj/ros2_ws/build/custom_action_interfaces' returned '0': CMAKE_PREFIX_PATH=/opt/ros/humble /usr/bin/cmake --build /home/tj/ros2_ws/build/custom_action_interfaces -- -j8 -l8
[7.478s] Invoking command in '/home/tj/ros2_ws/build/custom_action_interfaces': CMAKE_PREFIX_PATH=/opt/ros/humble /usr/bin/cmake --install /home/tj/ros2_ws/build/custom_action_interfaces
[7.665s] -- Install configuration: ""
[7.665s] -- Up-to-date: /home/tj/ros2_ws/install/custom_action_interfaces/share/ament_index/resource_index/rosidl_interfaces/custom_action_interfaces
[7.665s] -- Up-to-date: /home/tj/ros2_ws/install/custom_action_interfaces/include/custom_action_interfaces/custom_action_interfaces
[7.665s] -- Up-to-date: /home/tj/ros2_ws/install/custom_action_interfaces/include/custom_action_interfaces/custom_action_interfaces/msg
[7.691s] -- Up-to-date: /home/tj/ros2_ws/install/custom_action_interfaces/include/custom_action_interfaces/custom_action_interfaces/msg/rosidl_generator_c__visibility_control.h
[7.691s] -- Up-to-date: /home/tj/ros2_ws/install/custom_action_interfaces/include/custom_action_interfaces/custom_action_interfaces/action
[7.691s] -- Up-to-date: /home/tj/ros2_ws/install/custom_action_interfaces/include/custom_action_interfaces/custom_action_interfaces/action/fibonacci.h
[7.691s] -- Up-to-date: /home/tj/ros2_ws/install/custom_action_interfaces/include/custom_action_interfaces/custom_action_interfaces/action/detail
[7.691s] -- Up-to-date: /home/tj/ros2_ws/install/custom_action_interfaces/include/custom_action_interfaces/custom_action_interfaces/action/detail/fibonacci__functions.h
[7.691s] -- Up-to-date: /home/tj/ros2_ws/install/custom_action_interfaces/include/custom_action_interfaces/custom_action_interfaces/action/detail/fibonacci__type_support.h
[7.691s] -- Up-to-date: /home/tj/ros2_ws/install/custom_action_interfaces/include/custom_action_interfaces/custom_action_interfaces/action/detail/fibonacci__functions.c
[7.691s] -- Up-to-date: /home/tj/ros2_ws/install/custom_action_interfaces/include/custom_action_interfaces/custom_action_interfaces/action/detail/fibonacci__struct.h
[7.692s] -- Up-to-date: /home/tj/ros2_ws/install/custom_action_interfaces/share/custom_action_interfaces/environment/library_path.sh
[7.692s] -- Up-to-date: /home/tj/ros2_ws/install/custom_action_interfaces/share/custom_action_interfaces/environment/library_path.dsv
[7.692s] -- Up-to-date: /home/tj/ros2_ws/install/custom_action_interfaces/lib/libcustom_action_interfaces__rosidl_generator_c.so
[7.699s] -- Up-to-date: /home/tj/ros2_ws/install/custom_action_interfaces/include/custom_action_interfaces/custom_action_interfaces
[7.739s] -- Up-to-date: /home/tj/ros2_ws/install/custom_action_interfaces/include/custom_action_interfaces/custom_action_interfaces/msg
[7.739s] -- Up-to-date: /home/tj/ros2_ws/install/custom_action_interfaces/include/custom_action_interfaces/custom_action_interfaces/msg/rosidl_typesupport_fastrtps_c__visibility_control.h
[7.739s] -- Up-to-date: /home/tj/ros2_ws/install/custom_action_interfaces/include/custom_action_interfaces/custom_action_interfaces/action
[7.739s] -- Up-to-date: /home/tj/ros2_ws/install/custom_action_interfaces/include/custom_action_interfaces/custom_action_interfaces/action/detail
[7.739s] -- Up-to-date: /home/tj/ros2_ws/install/custom_action_interfaces/include/custom_action_interfaces/custom_action_interfaces/action/detail/fibonacci__rosidl_typesupport_fastrtps_c.h
[7.769s] -- Up-to-date: /home/tj/ros2_ws/install/custom_action_interfaces/lib/libcustom_action_interfaces__rosidl_typesupport_fastrtps_c.so
[7.769s] -- Up-to-date: /home/tj/ros2_ws/install/custom_action_interfaces/include/custom_action_interfaces/custom_action_interfaces
[7.769s] -- Up-to-date: /home/tj/ros2_ws/install/custom_action_interfaces/include/custom_action_interfaces/custom_action_interfaces/msg
[7.769s] -- Up-to-date: /home/tj/ros2_ws/install/custom_action_interfaces/include/custom_action_interfaces/custom_action_interfaces/msg/rosidl_typesupport_introspection_c__visibility_control.h
[7.769s] -- Up-to-date: /home/tj/ros2_ws/install/custom_action_interfaces/include/custom_action_interfaces/custom_action_interfaces/action
[7.769s] -- Up-to-date: /home/tj/ros2_ws/install/custom_action_interfaces/include/custom_action_interfaces/custom_action_interfaces/action/detail
[7.770s] -- Up-to-date: /home/tj/ros2_ws/install/custom_action_interfaces/include/custom_action_interfaces/custom_action_interfaces/action/detail/fibonacci__rosidl_typesupport_introspection_c.h
[7.770s] -- Up-to-date: /home/tj/ros2_ws/install/custom_action_interfaces/include/custom_action_interfaces/custom_action_interfaces/action/detail/fibonacci__type_support.c
[7.770s] -- Up-to-date: /home/tj/ros2_ws/install/custom_action_interfaces/lib/libcustom_action_interfaces__rosidl_typesupport_introspection_c.so
[7.829s] -- Up-to-date: /home/tj/ros2_ws/install/custom_action_interfaces/lib/libcustom_action_interfaces__rosidl_typesupport_c.so
[7.829s] -- Up-to-date: /home/tj/ros2_ws/install/custom_action_interfaces/include/custom_action_interfaces/custom_action_interfaces
[7.829s] -- Up-to-date: /home/tj/ros2_ws/install/custom_action_interfaces/include/custom_action_interfaces/custom_action_interfaces/action
[7.829s] -- Up-to-date: /home/tj/ros2_ws/install/custom_action_interfaces/include/custom_action_interfaces/custom_action_interfaces/action/detail
[7.830s] -- Up-to-date: /home/tj/ros2_ws/install/custom_action_interfaces/include/custom_action_interfaces/custom_action_interfaces/action/detail/fibonacci__struct.hpp
[7.830s] -- Up-to-date: /home/tj/ros2_ws/install/custom_action_interfaces/include/custom_action_interfaces/custom_action_interfaces/action/detail/fibonacci__builder.hpp
[7.830s] -- Up-to-date: /home/tj/ros2_ws/install/custom_action_interfaces/include/custom_action_interfaces/custom_action_interfaces/action/detail/fibonacci__traits.hpp
[7.830s] -- Up-to-date: /home/tj/ros2_ws/install/custom_action_interfaces/include/custom_action_interfaces/custom_action_interfaces/action/fibonacci.hpp
[7.830s] -- Up-to-date: /home/tj/ros2_ws/install/custom_action_interfaces/include/custom_action_interfaces/custom_action_interfaces
[7.830s] -- Up-to-date: /home/tj/ros2_ws/install/custom_action_interfaces/include/custom_action_interfaces/custom_action_interfaces/msg
[7.830s] -- Up-to-date: /home/tj/ros2_ws/install/custom_action_interfaces/include/custom_action_interfaces/custom_action_interfaces/msg/rosidl_typesupport_fastrtps_cpp__visibility_control.h
[7.830s] -- Up-to-date: /home/tj/ros2_ws/install/custom_action_interfaces/include/custom_action_interfaces/custom_action_interfaces/action
[7.830s] -- Up-to-date: /home/tj/ros2_ws/install/custom_action_interfaces/include/custom_action_interfaces/custom_action_interfaces/action/detail
[7.830s] -- Up-to-date: /home/tj/ros2_ws/install/custom_action_interfaces/include/custom_action_interfaces/custom_action_interfaces/action/detail/dds_fastrtps
[7.830s] -- Up-to-date: /home/tj/ros2_ws/install/custom_action_interfaces/include/custom_action_interfaces/custom_action_interfaces/action/detail/fibonacci__rosidl_typesupport_fastrtps_cpp.hpp
[7.830s] -- Up-to-date: /home/tj/ros2_ws/install/custom_action_interfaces/lib/libcustom_action_interfaces__rosidl_typesupport_fastrtps_cpp.so
[7.830s] -- Up-to-date: /home/tj/ros2_ws/install/custom_action_interfaces/include/custom_action_interfaces/custom_action_interfaces
[7.830s] -- Up-to-date: /home/tj/ros2_ws/install/custom_action_interfaces/include/custom_action_interfaces/custom_action_interfaces/action
[7.830s] -- Up-to-date: /home/tj/ros2_ws/install/custom_action_interfaces/include/custom_action_interfaces/custom_action_interfaces/action/detail
[7.830s] -- Up-to-date: /home/tj/ros2_ws/install/custom_action_interfaces/include/custom_action_interfaces/custom_action_interfaces/action/detail/fibonacci__type_support.cpp
[7.830s] -- Up-to-date: /home/tj/ros2_ws/install/custom_action_interfaces/include/custom_action_interfaces/custom_action_interfaces/action/detail/fibonacci__rosidl_typesupport_introspection_cpp.hpp
[7.852s] -- Up-to-date: /home/tj/ros2_ws/install/custom_action_interfaces/lib/libcustom_action_interfaces__rosidl_typesupport_introspection_cpp.so
[8.026s] -- Up-to-date: /home/tj/ros2_ws/install/custom_action_interfaces/lib/libcustom_action_interfaces__rosidl_typesupport_cpp.so
[8.026s] -- Up-to-date: /home/tj/ros2_ws/install/custom_action_interfaces/share/custom_action_interfaces/environment/pythonpath.sh
[8.026s] -- Up-to-date: /home/tj/ros2_ws/install/custom_action_interfaces/share/custom_action_interfaces/environment/pythonpath.dsv
[8.026s] -- Up-to-date: /home/tj/ros2_ws/install/custom_action_interfaces/local/lib/python3.10/dist-packages/custom_action_interfaces-0.0.0-py3.10.egg-info
[8.026s] -- Installing: /home/tj/ros2_ws/install/custom_action_interfaces/local/lib/python3.10/dist-packages/custom_action_interfaces-0.0.0-py3.10.egg-info/top_level.txt
[8.026s] -- Installing: /home/tj/ros2_ws/install/custom_action_interfaces/local/lib/python3.10/dist-packages/custom_action_interfaces-0.0.0-py3.10.egg-info/PKG-INFO
[8.026s] -- Installing: /home/tj/ros2_ws/install/custom_action_interfaces/local/lib/python3.10/dist-packages/custom_action_interfaces-0.0.0-py3.10.egg-info/dependency_links.txt
[8.026s] -- Installing: /home/tj/ros2_ws/install/custom_action_interfaces/local/lib/python3.10/dist-packages/custom_action_interfaces-0.0.0-py3.10.egg-info/SOURCES.txt
[8.026s] -- Up-to-date: /home/tj/ros2_ws/install/custom_action_interfaces/local/lib/python3.10/dist-packages/custom_action_interfaces
[8.026s] -- Up-to-date: /home/tj/ros2_ws/install/custom_action_interfaces/local/lib/python3.10/dist-packages/custom_action_interfaces/libcustom_action_interfaces__rosidl_generator_py.so
[8.026s] -- Up-to-date: /home/tj/ros2_ws/install/custom_action_interfaces/local/lib/python3.10/dist-packages/custom_action_interfaces/__init__.py
[8.026s] -- Up-to-date: /home/tj/ros2_ws/install/custom_action_interfaces/local/lib/python3.10/dist-packages/custom_action_interfaces/custom_action_interfaces_s__rosidl_typesupport_c.cpython-310-x86_64-linux-gnu.so
[8.026s] -- Up-to-date: /home/tj/ros2_ws/install/custom_action_interfaces/local/lib/python3.10/dist-packages/custom_action_interfaces/_custom_action_interfaces_s.ep.rosidl_typesupport_c.c
[8.026s] -- Up-to-date: /home/tj/ros2_ws/install/custom_action_interfaces/local/lib/python3.10/dist-packages/custom_action_interfaces/custom_action_interfaces_s__rosidl_typesupport_fastrtps_c.cpython-310-x86_64-linux-gnu.so
[8.026s] -- Up-to-date: /home/tj/ros2_ws/install/custom_action_interfaces/local/lib/python3.10/dist-packages/custom_action_interfaces/_custom_action_interfaces_s.ep.rosidl_typesupport_fastrtps_c.c
[8.026s] -- Up-to-date: /home/tj/ros2_ws/install/custom_action_interfaces/local/lib/python3.10/dist-packages/custom_action_interfaces/_custom_action_interfaces_s.ep.rosidl_typesupport_introspection_c.c
[8.026s] -- Up-to-date: /home/tj/ros2_ws/install/custom_action_interfaces/local/lib/python3.10/dist-packages/custom_action_interfaces/custom_action_interfaces_s__rosidl_typesupport_introspection_c.cpython-310-x86_64-linux-gnu.so
[8.026s] -- Up-to-date: /home/tj/ros2_ws/install/custom_action_interfaces/local/lib/python3.10/dist-packages/custom_action_interfaces/action
[8.026s] -- Up-to-date: /home/tj/ros2_ws/install/custom_action_interfaces/local/lib/python3.10/dist-packages/custom_action_interfaces/action/__init__.py
[8.026s] -- Up-to-date: /home/tj/ros2_ws/install/custom_action_interfaces/local/lib/python3.10/dist-packages/custom_action_interfaces/action/_fibonacci.py
[8.026s] -- Up-to-date: /home/tj/ros2_ws/install/custom_action_interfaces/local/lib/python3.10/dist-packages/custom_action_interfaces/action/_fibonacci_s.c
[8.081s] Listing '/home/tj/ros2_ws/install/custom_action_interfaces/local/lib/python3.10/dist-packages/custom_action_interfaces'...
[8.081s] Listing '/home/tj/ros2_ws/install/custom_action_interfaces/local/lib/python3.10/dist-packages/custom_action_interfaces/action'...
[8.123s] -- Up-to-date: /home/tj/ros2_ws/install/custom_action_interfaces/local/lib/python3.10/dist-packages/custom_action_interfaces/custom_action_interfaces_s__rosidl_typesupport_fastrtps_c.cpython-310-x86_64-linux-gnu.so
[8.171s] -- Up-to-date: /home/tj/ros2_ws/install/custom_action_interfaces/local/lib/python3.10/dist-packages/custom_action_interfaces/custom_action_interfaces_s__rosidl_typesupport_introspection_c.cpython-310-x86_64-linux-gnu.so
[8.258s] -- Up-to-date: /home/tj/ros2_ws/install/custom_action_interfaces/local/lib/python3.10/dist-packages/custom_action_interfaces/custom_action_interfaces_s__rosidl_typesupport_c.cpython-310-x86_64-linux-gnu.so
[8.274s] -- Up-to-date: /home/tj/ros2_ws/install/custom_action_interfaces/lib/libcustom_action_interfaces__rosidl_generator_py.so
[8.274s] -- Up-to-date: /home/tj/ros2_ws/install/custom_action_interfaces/share/custom_action_interfaces/action/Fibonacci.idl
[8.274s] -- Up-to-date: /home/tj/ros2_ws/install/custom_action_interfaces/share/custom_action_interfaces/action/Fibonacci.action
[8.274s] -- Up-to-date: /home/tj/ros2_ws/install/custom_action_interfaces/share/ament_index/resource_index/package_run_dependencies/custom_action_interfaces
[8.274s] -- Up-to-date: /home/tj/ros2_ws/install/custom_action_interfaces/share/ament_index/resource_index/parent_prefix_path/custom_action_interfaces
[8.274s] -- Up-to-date: /home/tj/ros2_ws/install/custom_action_interfaces/share/custom_action_interfaces/environment/ament_prefix_path.sh
[8.274s] -- Up-to-date: /home/tj/ros2_ws/install/custom_action_interfaces/share/custom_action_interfaces/environment/ament_prefix_path.dsv
[8.274s] -- Up-to-date: /home/tj/ros2_ws/install/custom_action_interfaces/share/custom_action_interfaces/environment/path.sh
[8.274s] -- Up-to-date: /home/tj/ros2_ws/install/custom_action_interfaces/share/custom_action_interfaces/environment/path.dsv
[8.275s] -- Up-to-date: /home/tj/ros2_ws/install/custom_action_interfaces/share/custom_action_interfaces/local_setup.bash
[8.275s] -- Up-to-date: /home/tj/ros2_ws/install/custom_action_interfaces/share/custom_action_interfaces/local_setup.sh
[8.275s] -- Up-to-date: /home/tj/ros2_ws/install/custom_action_interfaces/share/custom_action_interfaces/local_setup.zsh
[8.275s] -- Up-to-date: /home/tj/ros2_ws/install/custom_action_interfaces/share/custom_action_interfaces/local_setup.dsv
[8.275s] -- Installing: /home/tj/ros2_ws/install/custom_action_interfaces/share/custom_action_interfaces/package.dsv
[8.276s] -- Up-to-date: /home/tj/ros2_ws/install/custom_action_interfaces/share/ament_index/resource_index/packages/custom_action_interfaces
[8.297s] -- Up-to-date: /home/tj/ros2_ws/install/custom_action_interfaces/share/custom_action_interfaces/cmake/export_custom_action_interfaces__rosidl_generator_cExport.cmake
[8.297s] -- Up-to-date: /home/tj/ros2_ws/install/custom_action_interfaces/share/custom_action_interfaces/cmake/export_custom_action_interfaces__rosidl_generator_cExport-noconfig.cmake
[8.331s] -- Up-to-date: /home/tj/ros2_ws/install/custom_action_interfaces/share/custom_action_interfaces/cmake/export_custom_action_interfaces__rosidl_typesupport_fastrtps_cExport.cmake
[8.331s] -- Up-to-date: /home/tj/ros2_ws/install/custom_action_interfaces/share/custom_action_interfaces/cmake/export_custom_action_interfaces__rosidl_typesupport_fastrtps_cExport-noconfig.cmake
[8.347s] -- Up-to-date: /home/tj/ros2_ws/install/custom_action_interfaces/share/custom_action_interfaces/cmake/custom_action_interfaces__rosidl_typesupport_introspection_cExport.cmake
[8.366s] -- Up-to-date: /home/tj/ros2_ws/install/custom_action_interfaces/share/custom_action_interfaces/cmake/custom_action_interfaces__rosidl_typesupport_introspection_cExport-noconfig.cmake
[8.384s] -- Up-to-date: /home/tj/ros2_ws/install/custom_action_interfaces/share/custom_action_interfaces/cmake/custom_action_interfaces__rosidl_typesupport_cExport.cmake
[8.384s] -- Up-to-date: /home/tj/ros2_ws/install/custom_action_interfaces/share/custom_action_interfaces/cmake/custom_action_interfaces__rosidl_typesupport_cExport-noconfig.cmake
[8.401s] -- Up-to-date: /home/tj/ros2_ws/install/custom_action_interfaces/share/custom_action_interfaces/cmake/export_custom_action_interfaces__rosidl_generator_cppExport.cmake
[8.430s] -- Up-to-date: /home/tj/ros2_ws/install/custom_action_interfaces/share/custom_action_interfaces/cmake/export_custom_action_interfaces__rosidl_typesupport_fastrtps_cppExport.cmake
[8.455s] -- Up-to-date: /home/tj/ros2_ws/install/custom_action_interfaces/share/custom_action_interfaces/cmake/export_custom_action_interfaces__rosidl_typesupport_fastrtps_cppExport-noconfig.cmake
[8.494s] -- Up-to-date: /home/tj/ros2_ws/install/custom_action_interfaces/share/custom_action_interfaces/cmake/custom_action_interfaces__rosidl_typesupport_introspection_cppExport.cmake
[8.494s] -- Up-to-date: /home/tj/ros2_ws/install/custom_action_interfaces/share/custom_action_interfaces/cmake/custom_action_interfaces__rosidl_typesupport_introspection_cppExport-noconfig.cmake
[8.495s] -- Up-to-date: /home/tj/ros2_ws/install/custom_action_interfaces/share/custom_action_interfaces/cmake/custom_action_interfaces__rosidl_typesupport_cppExport.cmake
[8.495s] -- Up-to-date: /home/tj/ros2_ws/install/custom_action_interfaces/share/custom_action_interfaces/cmake/custom_action_interfaces__rosidl_typesupport_cppExport-noconfig.cmake
[8.498s] -- Up-to-date: /home/tj/ros2_ws/install/custom_action_interfaces/share/custom_action_interfaces/cmake/export_custom_action_interfaces__rosidl_generator_pyExport.cmake
[8.498s] -- Up-to-date: /home/tj/ros2_ws/install/custom_action_interfaces/share/custom_action_interfaces/cmake/export_custom_action_interfaces__rosidl_generator_pyExport-noconfig.cmake
[8.568s] -- Up-to-date: /home/tj/ros2_ws/install/custom_action_interfaces/share/custom_action_interfaces/cmake/rosidl_cmake-extras.cmake
[8.589s] -- Up-to-date: /home/tj/ros2_ws/install/custom_action_interfaces/share/custom_action_interfaces/cmake/ament_cmake_export_dependencies-extras.cmake
[8.589s] -- Up-to-date: /home/tj/ros2_ws/install/custom_action_interfaces/share/custom_action_interfaces/cmake/ament_cmake_export_include_directories-extras.cmake
[8.589s] -- Up-to-date: /home/tj/ros2_ws/install/custom_action_interfaces/share/custom_action_interfaces/cmake/ament_cmake_export_libraries-extras.cmake
[8.591s] -- Up-to-date: /home/tj/ros2_ws/install/custom_action_interfaces/share/custom_action_interfaces/cmake/ament_cmake_export_targets-extras.cmake
[8.591s] -- Up-to-date: /home/tj/ros2_ws/install/custom_action_interfaces/share/custom_action_interfaces/cmake/rosidl_cmake_export_typesupport_targets-extras.cmake
[8.591s] -- Up-to-date: /home/tj/ros2_ws/install/custom_action_interfaces/share/custom_action_interfaces/cmake/rosidl_cmake_export_typesupport_libraries-extras.cmake
[8.591s] -- Up-to-date: /home/tj/ros2_ws/install/custom_action_interfaces/share/custom_action_interfaces/cmake/custom_action_interfacesConfig.cmake
[8.591s] -- Up-to-date: /home/tj/ros2_ws/install/custom_action_interfaces/share/custom_action_interfaces/cmake/custom_action_interfacesConfig-version.cmake
[8.591s] -- Up-to-date: /home/tj/ros2_ws/install/custom_action_interfaces/share/custom_action_interfaces/package.xml
[8.688s] Invoked command in '/home/tj/ros2_ws/build/custom_action_interfaces' returned '0': CMAKE_PREFIX_PATH=/opt/ros/humble /usr/bin/cmake --install /home/tj/ros2_ws/build/custom_action_interfaces
