[7.265s] Invoking command in '/home/tj/ros2_ws/src/python_parameters': PYTHONPATH=/home/tj/ros2_ws/build/python_parameters/prefix_override:/usr/lib/python3/dist-packages/colcon_core/task/python/colcon_distutils_commands:/home/tj/ros2_ws/install/python_parameters/lib/python3.10/site-packages:${PYTHONPATH} /usr/bin/python3 -W ignore:setup.py install is deprecated setup.py egg_info --egg-base ../../build/python_parameters build --build-base /home/tj/ros2_ws/build/python_parameters/build install --record /home/tj/ros2_ws/build/python_parameters/install.log --single-version-externally-managed install_data
[9.114s] running egg_info
[9.167s] writing ../../build/python_parameters/python_parameters.egg-info/PKG-INFO
[9.167s] writing dependency_links to ../../build/python_parameters/python_parameters.egg-info/dependency_links.txt
[9.167s] writing entry points to ../../build/python_parameters/python_parameters.egg-info/entry_points.txt
[9.167s] writing requirements to ../../build/python_parameters/python_parameters.egg-info/requires.txt
[9.167s] writing top-level names to ../../build/python_parameters/python_parameters.egg-info/top_level.txt
[9.215s] reading manifest file '../../build/python_parameters/python_parameters.egg-info/SOURCES.txt'
[9.395s] writing manifest file '../../build/python_parameters/python_parameters.egg-info/SOURCES.txt'
[9.395s] running build
[9.395s] running build_py
[9.423s] running install
[9.436s] running install_lib
[9.447s] running install_data
[9.450s] running install_egg_info
[9.450s] removing '/home/tj/ros2_ws/install/python_parameters/lib/python3.10/site-packages/python_parameters-0.0.0-py3.10.egg-info' (and everything under it)
[9.450s] Copying ../../build/python_parameters/python_parameters.egg-info to /home/tj/ros2_ws/install/python_parameters/lib/python3.10/site-packages/python_parameters-0.0.0-py3.10.egg-info
[9.450s] running install_scripts
[9.477s] Installing minimal_param_node script to /home/tj/ros2_ws/install/python_parameters/lib/python_parameters
[9.477s] writing list of installed files to '/home/tj/ros2_ws/build/python_parameters/install.log'
[9.896s] Invoked command in '/home/tj/ros2_ws/src/python_parameters' returned '0': PYTHONPATH=/home/tj/ros2_ws/build/python_parameters/prefix_override:/usr/lib/python3/dist-packages/colcon_core/task/python/colcon_distutils_commands:/home/tj/ros2_ws/install/python_parameters/lib/python3.10/site-packages:${PYTHONPATH} /usr/bin/python3 -W ignore:setup.py install is deprecated setup.py egg_info --egg-base ../../build/python_parameters build --build-base /home/tj/ros2_ws/build/python_parameters/build install --record /home/tj/ros2_ws/build/python_parameters/install.log --single-version-externally-managed install_data
