[0.811s] Invoking command in '/home/tj/ros2_ws/build/more_interfaces': CMAKE_PREFIX_PATH=/opt/ros/humble /usr/bin/cmake --build /home/tj/ros2_ws/build/more_interfaces -- -j8 -l8
[7.129s] [  3%] Built target more_interfaces__cpp
[7.129s] [ 12%] Built target more_interfaces__rosidl_generator_c
[7.129s] [ 12%] Built target ament_cmake_python_copy_more_interfaces
[7.131s] [ 21%] Built target more_interfaces__rosidl_typesupport_c
[7.131s] [ 30%] Built target more_interfaces__rosidl_typesupport_introspection_c
[7.153s] [ 39%] Built target more_interfaces__rosidl_typesupport_cpp
[7.153s] [ 48%] Built target more_interfaces__rosidl_typesupport_introspection_cpp
[7.153s] [ 57%] Built target more_interfaces__rosidl_typesupport_fastrtps_cpp
[7.153s] [ 66%] Built target more_interfaces__rosidl_typesupport_fastrtps_c
[7.156s] [ 66%] Built target more_interfaces
[7.156s] [ 72%] Built target publish_address_book
[7.156s] [ 75%] Built target more_interfaces__py
[7.156s] [ 81%] Built target more_interfaces__rosidl_generator_py
[7.156s] [ 87%] Built target more_interfaces__rosidl_typesupport_introspection_c__pyext
[7.157s] [ 96%] Built target more_interfaces__rosidl_typesupport_fastrtps_c__pyext
[7.157s] [100%] Built target more_interfaces__rosidl_typesupport_c__pyext
[7.157s] running egg_info
[7.157s] writing more_interfaces.egg-info/PKG-INFO
[7.157s] writing dependency_links to more_interfaces.egg-info/dependency_links.txt
[7.157s] writing top-level names to more_interfaces.egg-info/top_level.txt
[7.157s] reading manifest file 'more_interfaces.egg-info/SOURCES.txt'
[7.157s] writing manifest file 'more_interfaces.egg-info/SOURCES.txt'
[7.157s] [100%] Built target ament_cmake_python_build_more_interfaces_egg
[8.097s] Invoked command in '/home/tj/ros2_ws/build/more_interfaces' returned '0': CMAKE_PREFIX_PATH=/opt/ros/humble /usr/bin/cmake --build /home/tj/ros2_ws/build/more_interfaces -- -j8 -l8
