[0.010s] Invoking command in '/home/tj/ros2_ws/build/my_package': CMAKE_PREFIX_PATH=/opt/ros/humble /usr/bin/cmake /home/tj/ros2_ws/src/my_package -DCMAKE_INSTALL_PREFIX=/home/tj/ros2_ws/install/my_package
[0.241s] -- The C compiler identification is GNU 11.4.0
[0.574s] -- The CXX compiler identification is GNU 11.4.0
[0.601s] -- Detecting C compiler ABI info
[1.055s] -- Detecting C compiler ABI info - done
[1.088s] -- Check for working C compiler: /usr/bin/cc - skipped
[1.088s] -- Detecting C compile features
[1.088s] -- Detecting C compile features - done
[1.088s] -- Detecting CXX compiler ABI info
[1.496s] -- Detecting CXX compiler ABI info - done
[1.516s] -- Check for working CXX compiler: /usr/bin/c++ - skipped
[1.516s] -- Detecting CXX compile features
[1.516s] -- Detecting CXX compile features - done
[1.516s] -- Found ament_cmake: 1.3.10 (/opt/ros/humble/share/ament_cmake/cmake)
[1.657s] -- Found Python3: /usr/bin/python3 (found version "3.10.12") found components: Interpreter 
[1.725s] -- Found ament_lint_auto: 0.12.11 (/opt/ros/humble/share/ament_lint_auto/cmake)
[1.780s] -- Added test 'cppcheck' to perform static code analysis on C / C++ code
[1.780s] -- Configured cppcheck include dirs: $<BUILD_INTERFACE:/home/tj/ros2_ws/src/my_package/include>
[1.780s] -- Configured cppcheck exclude dirs and/or files: 
[1.781s] -- Added test 'lint_cmake' to check CMake code style
[1.781s] -- Added test 'uncrustify' to check C / C++ code style
[1.781s] -- Configured uncrustify additional arguments: 
[1.782s] -- Added test 'xmllint' to check XML markup files
[1.782s] -- Configuring done
[1.785s] -- Generating done
[1.786s] -- Build files have been written to: /home/tj/ros2_ws/build/my_package
[1.791s] Invoked command in '/home/tj/ros2_ws/build/my_package' returned '0': CMAKE_PREFIX_PATH=/opt/ros/humble /usr/bin/cmake /home/tj/ros2_ws/src/my_package -DCMAKE_INSTALL_PREFIX=/home/tj/ros2_ws/install/my_package
[1.791s] Invoking command in '/home/tj/ros2_ws/build/my_package': CMAKE_PREFIX_PATH=/opt/ros/humble /usr/bin/cmake --build /home/tj/ros2_ws/build/my_package -- -j8 -l8
[1.846s] [ 50%] [32mBuilding CXX object CMakeFiles/my_node.dir/src/my_node.cpp.o[0m
[1.883s] [100%] [32m[1mLinking CXX executable my_node[0m
[1.970s] [100%] Built target my_node
[1.989s] Invoked command in '/home/tj/ros2_ws/build/my_package' returned '0': CMAKE_PREFIX_PATH=/opt/ros/humble /usr/bin/cmake --build /home/tj/ros2_ws/build/my_package -- -j8 -l8
[2.146s] Invoking command in '/home/tj/ros2_ws/build/my_package': CMAKE_PREFIX_PATH=/opt/ros/humble /usr/bin/cmake --install /home/tj/ros2_ws/build/my_package
[2.161s] -- Install configuration: ""
[2.161s] -- Installing: /home/tj/ros2_ws/install/my_package/lib/my_package/my_node
[2.161s] -- Installing: /home/tj/ros2_ws/install/my_package/share/ament_index/resource_index/package_run_dependencies/my_package
[2.162s] -- Installing: /home/tj/ros2_ws/install/my_package/share/ament_index/resource_index/parent_prefix_path/my_package
[2.162s] -- Installing: /home/tj/ros2_ws/install/my_package/share/my_package/environment/ament_prefix_path.sh
[2.162s] -- Installing: /home/tj/ros2_ws/install/my_package/share/my_package/environment/ament_prefix_path.dsv
[2.162s] -- Installing: /home/tj/ros2_ws/install/my_package/share/my_package/environment/path.sh
[2.162s] -- Installing: /home/tj/ros2_ws/install/my_package/share/my_package/environment/path.dsv
[2.162s] -- Installing: /home/tj/ros2_ws/install/my_package/share/my_package/local_setup.bash
[2.162s] -- Installing: /home/tj/ros2_ws/install/my_package/share/my_package/local_setup.sh
[2.163s] -- Installing: /home/tj/ros2_ws/install/my_package/share/my_package/local_setup.zsh
[2.163s] -- Installing: /home/tj/ros2_ws/install/my_package/share/my_package/local_setup.dsv
[2.163s] -- Installing: /home/tj/ros2_ws/install/my_package/share/my_package/package.dsv
[2.163s] -- Installing: /home/tj/ros2_ws/install/my_package/share/ament_index/resource_index/packages/my_package
[2.163s] -- Installing: /home/tj/ros2_ws/install/my_package/share/my_package/cmake/my_packageConfig.cmake
[2.163s] -- Installing: /home/tj/ros2_ws/install/my_package/share/my_package/cmake/my_packageConfig-version.cmake
[2.163s] -- Installing: /home/tj/ros2_ws/install/my_package/share/my_package/package.xml
[2.166s] Invoked command in '/home/tj/ros2_ws/build/my_package' returned '0': CMAKE_PREFIX_PATH=/opt/ros/humble /usr/bin/cmake --install /home/tj/ros2_ws/build/my_package
