[0.642s] Invoking command in '/home/tj/ros2_ws/build/action_tutorials_interfaces': CMAKE_PREFIX_PATH=${CMAKE_PREFIX_PATH}:/home/tj/ros2_ws/install/python_parameters:/home/tj/ros2_ws/install/py_srvcli:/home/tj/ros2_ws/install/py_pubsub:/opt/ros/humble /usr/bin/cmake --build /home/tj/ros2_ws/build/action_tutorials_interfaces -- -j8 -l8
[3.864s] -- Found ament_cmake: 1.3.10 (/opt/ros/humble/share/ament_cmake/cmake)
[9.002s] -- Found rosidl_default_generators: 1.2.0 (/opt/ros/humble/share/rosidl_default_generators/cmake)
[9.518s] -- Using all available rosidl_typesupport_c: rosidl_typesupport_fastrtps_c;rosidl_typesupport_introspection_c
[9.818s] -- Found rosidl_adapter: 3.1.5 (/opt/ros/humble/share/rosidl_adapter/cmake)
[11.096s] -- Using all available rosidl_typesupport_cpp: rosidl_typesupport_fastrtps_cpp;rosidl_typesupport_introspection_cpp
[16.141s] -- Found ament_cmake_ros: 0.10.0 (/opt/ros/humble/share/ament_cmake_ros/cmake)
[18.391s] -- Using all available rosidl_typesupport_c: rosidl_typesupport_fastrtps_c;rosidl_typesupport_introspection_c
[22.600s] -- Using all available rosidl_typesupport_cpp: rosidl_typesupport_fastrtps_cpp;rosidl_typesupport_introspection_cpp
[22.600s] -- Found python_cmake_module: 0.10.0 (/opt/ros/humble/share/python_cmake_module/cmake)
[22.657s] -- Using PYTHON_EXECUTABLE: /usr/bin/python3
[22.657s] -- Using PYTHON_INCLUDE_DIRS: /usr/include/python3.10
[22.665s] -- Using PYTHON_LIBRARIES: /usr/lib/x86_64-linux-gnu/libpython3.10.so
[22.979s] -- Found ament_lint_auto: 0.12.11 (/opt/ros/humble/share/ament_lint_auto/cmake)
[23.538s] -- Added test 'lint_cmake' to check CMake code style
[23.589s] -- Added test 'xmllint' to check XML markup files
[23.743s] -- Configuring done
[25.215s] -- Generating done
[25.251s] -- Build files have been written to: /home/tj/ros2_ws/build/action_tutorials_interfaces
[25.517s] [35m[1mConsolidate compiler generated dependencies of target action_tutorials_interfaces__rosidl_generator_c[0m
[25.743s] [  3%] Built target action_tutorials_interfaces__cpp
[25.781s] [ 12%] Built target action_tutorials_interfaces__rosidl_generator_c
[25.966s] [35m[1mConsolidate compiler generated dependencies of target action_tutorials_interfaces__rosidl_typesupport_cpp[0m
[25.994s] [35m[1mConsolidate compiler generated dependencies of target action_tutorials_interfaces__rosidl_typesupport_introspection_cpp[0m
[25.994s] [35m[1mConsolidate compiler generated dependencies of target action_tutorials_interfaces__rosidl_typesupport_fastrtps_cpp[0m
[26.141s] [ 22%] Built target action_tutorials_interfaces__rosidl_typesupport_cpp
[26.208s] [ 32%] Built target action_tutorials_interfaces__rosidl_typesupport_introspection_cpp
[26.224s] [ 41%] Built target action_tutorials_interfaces__rosidl_typesupport_fastrtps_cpp
[26.268s] [ 41%] Built target ament_cmake_python_copy_action_tutorials_interfaces
[26.340s] [35m[1mConsolidate compiler generated dependencies of target action_tutorials_interfaces__rosidl_typesupport_c[0m
[26.370s] [35m[1mConsolidate compiler generated dependencies of target action_tutorials_interfaces__rosidl_typesupport_fastrtps_c[0m
[26.437s] [35m[1mConsolidate compiler generated dependencies of target action_tutorials_interfaces__rosidl_typesupport_introspection_c[0m
[26.500s] [ 51%] Built target action_tutorials_interfaces__rosidl_typesupport_c
[26.601s] [ 61%] Built target action_tutorials_interfaces__rosidl_typesupport_fastrtps_c
[26.673s] [ 70%] Built target action_tutorials_interfaces__rosidl_typesupport_introspection_c
[26.872s] [ 70%] Built target action_tutorials_interfaces
[27.169s] [ 74%] Built target action_tutorials_interfaces__py
[27.275s] [35m[1mConsolidate compiler generated dependencies of target action_tutorials_interfaces__rosidl_generator_py[0m
[27.452s] [ 80%] Built target action_tutorials_interfaces__rosidl_generator_py
[27.497s] [35m[1mConsolidate compiler generated dependencies of target action_tutorials_interfaces__rosidl_typesupport_introspection_c__pyext[0m
[27.497s] [35m[1mConsolidate compiler generated dependencies of target action_tutorials_interfaces__rosidl_typesupport_c__pyext[0m
[27.498s] [35m[1mConsolidate compiler generated dependencies of target action_tutorials_interfaces__rosidl_typesupport_fastrtps_c__pyext[0m
[27.575s] [ 87%] Built target action_tutorials_interfaces__rosidl_typesupport_c__pyext
[27.576s] running egg_info
[27.586s] writing action_tutorials_interfaces.egg-info/PKG-INFO
[27.599s] writing dependency_links to action_tutorials_interfaces.egg-info/dependency_links.txt
[27.614s] [ 93%] Built target action_tutorials_interfaces__rosidl_typesupport_fastrtps_c__pyext
[27.624s] writing top-level names to action_tutorials_interfaces.egg-info/top_level.txt
[27.624s] [100%] Built target action_tutorials_interfaces__rosidl_typesupport_introspection_c__pyext
[27.646s] reading manifest file 'action_tutorials_interfaces.egg-info/SOURCES.txt'
[27.659s] writing manifest file 'action_tutorials_interfaces.egg-info/SOURCES.txt'
[27.725s] [100%] Built target ament_cmake_python_build_action_tutorials_interfaces_egg
