[1.497s] Invoking command in '/home/tj/ros2_ws/src/python_parameters': PYTHONPATH=/home/tj/ros2_ws/build/python_parameters/prefix_override:/usr/lib/python3/dist-packages/colcon_core/task/python/colcon_distutils_commands:/home/tj/ros2_ws/install/python_parameters/lib/python3.10/site-packages: /usr/bin/python3 -W ignore:setup.py install is deprecated setup.py egg_info --egg-base ../../build/python_parameters build --build-base /home/tj/ros2_ws/build/python_parameters/build install --record /home/tj/ros2_ws/build/python_parameters/install.log --single-version-externally-managed install_data
[1.749s] running egg_info
[1.750s] writing ../../build/python_parameters/python_parameters.egg-info/PKG-INFO
[1.750s] writing dependency_links to ../../build/python_parameters/python_parameters.egg-info/dependency_links.txt
[1.750s] writing entry points to ../../build/python_parameters/python_parameters.egg-info/entry_points.txt
[1.750s] writing requirements to ../../build/python_parameters/python_parameters.egg-info/requires.txt
[1.750s] writing top-level names to ../../build/python_parameters/python_parameters.egg-info/top_level.txt
[1.752s] reading manifest file '../../build/python_parameters/python_parameters.egg-info/SOURCES.txt'
[1.763s] writing manifest file '../../build/python_parameters/python_parameters.egg-info/SOURCES.txt'
[1.765s] running build
[1.766s] running build_py
[1.766s] running install
[1.766s] running install_lib
[1.767s] running install_data
[1.767s] copying launch/python_parameters_launch.py -> /home/tj/ros2_ws/install/python_parameters/share/python_parameters
[1.767s] running install_egg_info
[1.769s] removing '/home/tj/ros2_ws/install/python_parameters/lib/python3.10/site-packages/python_parameters-0.0.0-py3.10.egg-info' (and everything under it)
[1.772s] Copying ../../build/python_parameters/python_parameters.egg-info to /home/tj/ros2_ws/install/python_parameters/lib/python3.10/site-packages/python_parameters-0.0.0-py3.10.egg-info
[1.778s] running install_scripts
[1.805s] Installing minimal_param_node script to /home/tj/ros2_ws/install/python_parameters/lib/python_parameters
[1.805s] writing list of installed files to '/home/tj/ros2_ws/build/python_parameters/install.log'
[1.857s] Invoked command in '/home/tj/ros2_ws/src/python_parameters' returned '0': PYTHONPATH=/home/tj/ros2_ws/build/python_parameters/prefix_override:/usr/lib/python3/dist-packages/colcon_core/task/python/colcon_distutils_commands:/home/tj/ros2_ws/install/python_parameters/lib/python3.10/site-packages: /usr/bin/python3 -W ignore:setup.py install is deprecated setup.py egg_info --egg-base ../../build/python_parameters build --build-base /home/tj/ros2_ws/build/python_parameters/build install --record /home/tj/ros2_ws/build/python_parameters/install.log --single-version-externally-managed install_data
