[0.329s] Invoking command in '/home/tj/ros2_ws/build/cpp_pubsub': CMAKE_PREFIX_PATH=${CMAKE_PREFIX_PATH}:/home/tj/ros2_ws/install/py_srvcli:/home/tj/ros2_ws/install/py_pubsub:/opt/ros/humble LD_LIBRARY_PATH=/home/tj/ros2_ws/install/tutorial_interfaces/lib:${LD_LIBRARY_PATH} PYTHONPATH=/home/tj/ros2_ws/install/tutorial_interfaces/local/lib/python3.10/dist-packages:${PYTHONPATH} /usr/bin/cmake --build /home/tj/ros2_ws/build/cpp_pubsub -- -j8 -l8
[0.549s] [35m[1mConsolidate compiler generated dependencies of target talker[0m
[0.558s] [35m[1mConsolidate compiler generated dependencies of target listener[0m
[0.569s] [ 25%] [32mBuilding CXX object CMakeFiles/talker.dir/src/publisher_member_function.cpp.o[0m
[0.600s] [ 50%] [32mBuilding CXX object CMakeFiles/listener.dir/src/subscriber_member_function.cpp.o[0m
[6.565s] [ 75%] [32m[1mLinking CXX executable talker[0m
[6.958s] [ 75%] Built target talker
[11.237s] [100%] [32m[1mLinking CXX executable listener[0m
[11.695s] [100%] Built target listener
[11.711s] Invoked command in '/home/tj/ros2_ws/build/cpp_pubsub' returned '0': CMAKE_PREFIX_PATH=${CMAKE_PREFIX_PATH}:/home/tj/ros2_ws/install/py_srvcli:/home/tj/ros2_ws/install/py_pubsub:/opt/ros/humble LD_LIBRARY_PATH=/home/tj/ros2_ws/install/tutorial_interfaces/lib:${LD_LIBRARY_PATH} PYTHONPATH=/home/tj/ros2_ws/install/tutorial_interfaces/local/lib/python3.10/dist-packages:${PYTHONPATH} /usr/bin/cmake --build /home/tj/ros2_ws/build/cpp_pubsub -- -j8 -l8
[11.781s] Invoking command in '/home/tj/ros2_ws/build/cpp_pubsub': CMAKE_PREFIX_PATH=${CMAKE_PREFIX_PATH}:/home/tj/ros2_ws/install/py_srvcli:/home/tj/ros2_ws/install/py_pubsub:/opt/ros/humble LD_LIBRARY_PATH=/home/tj/ros2_ws/install/tutorial_interfaces/lib:${LD_LIBRARY_PATH} PYTHONPATH=/home/tj/ros2_ws/install/tutorial_interfaces/local/lib/python3.10/dist-packages:${PYTHONPATH} /usr/bin/cmake --install /home/tj/ros2_ws/build/cpp_pubsub
[11.821s] -- Install configuration: ""
[11.823s] -- Installing: /home/tj/ros2_ws/install/cpp_pubsub/lib/cpp_pubsub/talker
[11.828s] -- Set runtime path of "/home/tj/ros2_ws/install/cpp_pubsub/lib/cpp_pubsub/talker" to ""
[11.830s] -- Installing: /home/tj/ros2_ws/install/cpp_pubsub/lib/cpp_pubsub/listener
[11.854s] -- Set runtime path of "/home/tj/ros2_ws/install/cpp_pubsub/lib/cpp_pubsub/listener" to ""
[11.855s] -- Installing: /home/tj/ros2_ws/install/cpp_pubsub/share/ament_index/resource_index/package_run_dependencies/cpp_pubsub
[11.855s] -- Installing: /home/tj/ros2_ws/install/cpp_pubsub/share/ament_index/resource_index/parent_prefix_path/cpp_pubsub
[11.855s] -- Up-to-date: /home/tj/ros2_ws/install/cpp_pubsub/share/cpp_pubsub/environment/ament_prefix_path.sh
[11.855s] -- Installing: /home/tj/ros2_ws/install/cpp_pubsub/share/cpp_pubsub/environment/ament_prefix_path.dsv
[11.855s] -- Up-to-date: /home/tj/ros2_ws/install/cpp_pubsub/share/cpp_pubsub/environment/path.sh
[11.855s] -- Installing: /home/tj/ros2_ws/install/cpp_pubsub/share/cpp_pubsub/environment/path.dsv
[11.855s] -- Up-to-date: /home/tj/ros2_ws/install/cpp_pubsub/share/cpp_pubsub/local_setup.bash
[11.855s] -- Up-to-date: /home/tj/ros2_ws/install/cpp_pubsub/share/cpp_pubsub/local_setup.sh
[11.855s] -- Up-to-date: /home/tj/ros2_ws/install/cpp_pubsub/share/cpp_pubsub/local_setup.zsh
[11.855s] -- Installing: /home/tj/ros2_ws/install/cpp_pubsub/share/cpp_pubsub/local_setup.dsv
[11.855s] -- Installing: /home/tj/ros2_ws/install/cpp_pubsub/share/cpp_pubsub/package.dsv
[11.855s] -- Up-to-date: /home/tj/ros2_ws/install/cpp_pubsub/share/ament_index/resource_index/packages/cpp_pubsub
[11.855s] -- Up-to-date: /home/tj/ros2_ws/install/cpp_pubsub/share/cpp_pubsub/cmake/cpp_pubsubConfig.cmake
[11.858s] -- Up-to-date: /home/tj/ros2_ws/install/cpp_pubsub/share/cpp_pubsub/cmake/cpp_pubsubConfig-version.cmake
[11.862s] -- Installing: /home/tj/ros2_ws/install/cpp_pubsub/share/cpp_pubsub/package.xml
[11.890s] Invoked command in '/home/tj/ros2_ws/build/cpp_pubsub' returned '0': CMAKE_PREFIX_PATH=${CMAKE_PREFIX_PATH}:/home/tj/ros2_ws/install/py_srvcli:/home/tj/ros2_ws/install/py_pubsub:/opt/ros/humble LD_LIBRARY_PATH=/home/tj/ros2_ws/install/tutorial_interfaces/lib:${LD_LIBRARY_PATH} PYTHONPATH=/home/tj/ros2_ws/install/tutorial_interfaces/local/lib/python3.10/dist-packages:${PYTHONPATH} /usr/bin/cmake --install /home/tj/ros2_ws/build/cpp_pubsub
