[10.745s] Invoking command in '/home/tj/ros2_ws/src/py_srvcli': PYTHONPATH=/home/tj/ros2_ws/build/py_srvcli/prefix_override:/usr/lib/python3/dist-packages/colcon_core/task/python/colcon_distutils_commands:/home/tj/ros2_ws/install/py_srvcli/lib/python3.10/site-packages:${PYTHONPATH} /usr/bin/python3 -W ignore:setup.py install is deprecated setup.py egg_info --egg-base ../../build/py_srvcli build --build-base /home/tj/ros2_ws/build/py_srvcli/build install --record /home/tj/ros2_ws/build/py_srvcli/install.log --single-version-externally-managed install_data
[12.765s] running egg_info
[12.780s] writing ../../build/py_srvcli/py_srvcli.egg-info/PKG-INFO
[12.780s] writing dependency_links to ../../build/py_srvcli/py_srvcli.egg-info/dependency_links.txt
[12.780s] writing entry points to ../../build/py_srvcli/py_srvcli.egg-info/entry_points.txt
[12.818s] writing requirements to ../../build/py_srvcli/py_srvcli.egg-info/requires.txt
[12.818s] writing top-level names to ../../build/py_srvcli/py_srvcli.egg-info/top_level.txt
[12.841s] reading manifest file '../../build/py_srvcli/py_srvcli.egg-info/SOURCES.txt'
[12.841s] adding license file 'LICENSE'
[12.841s] writing manifest file '../../build/py_srvcli/py_srvcli.egg-info/SOURCES.txt'
[12.851s] running build
[12.851s] running build_py
[12.851s] running install
[12.852s] running install_lib
[12.858s] running install_data
[12.877s] running install_egg_info
[12.877s] removing '/home/tj/ros2_ws/install/py_srvcli/lib/python3.10/site-packages/py_srvcli-0.0.0-py3.10.egg-info' (and everything under it)
[12.919s] Copying ../../build/py_srvcli/py_srvcli.egg-info to /home/tj/ros2_ws/install/py_srvcli/lib/python3.10/site-packages/py_srvcli-0.0.0-py3.10.egg-info
[12.920s] running install_scripts
[13.014s] Installing client script to /home/tj/ros2_ws/install/py_srvcli/lib/py_srvcli
[13.040s] Installing service script to /home/tj/ros2_ws/install/py_srvcli/lib/py_srvcli
[13.054s] writing list of installed files to '/home/tj/ros2_ws/build/py_srvcli/install.log'
