[0.714s] Invoking command in '/home/tj/ros2_ws/build/action_tutorials_interfaces': CMAKE_PREFIX_PATH=/opt/ros/humble /usr/bin/cmake /home/tj/ros2_ws/src/action_tutorials_interfaces -DCMAKE_INSTALL_PREFIX=/home/tj/ros2_ws/install/action_tutorials_interfaces
[8.410s] -- The C compiler identification is GNU 11.4.0
[13.512s] -- The CXX compiler identification is GNU 11.4.0
[13.739s] -- Detecting C compiler ABI info
[16.529s] -- Detecting C compiler ABI info - done
[16.798s] -- Check for working C compiler: /usr/bin/cc - skipped
[17.003s] -- Detecting C compile features
[17.003s] -- Detecting C compile features - done
[17.003s] -- Detecting CXX compiler ABI info
[20.876s] -- Detecting CXX compiler ABI info - done
[21.187s] -- Check for working CXX compiler: /usr/bin/c++ - skipped
[21.187s] -- Detecting CXX compile features
[21.210s] -- Detecting CXX compile features - done
[21.210s] -- Found ament_cmake: 1.3.10 (/opt/ros/humble/share/ament_cmake/cmake)
[23.676s] -- Found Python3: /usr/bin/python3 (found version "3.10.12") found components: Interpreter 
[26.202s] -- Found rosidl_default_generators: 1.2.0 (/opt/ros/humble/share/rosidl_default_generators/cmake)
[26.286s] -- Using all available rosidl_typesupport_c: rosidl_typesupport_fastrtps_c;rosidl_typesupport_introspection_c
[26.404s] -- Found rosidl_adapter: 3.1.5 (/opt/ros/humble/share/rosidl_adapter/cmake)
[27.200s] -- Using all available rosidl_typesupport_cpp: rosidl_typesupport_fastrtps_cpp;rosidl_typesupport_introspection_cpp
[27.930s] [31mCMake Error at /opt/ros/humble/share/rosidl_cmake/cmake/rosidl_generate_interfaces.cmake:93 (message):
[27.945s]   rosidl_generate_interfaces() the passed file 'action/Fibonacci.action'
[27.948s]   doesn't exist relative to the CMAKE_CURRENT_SOURCE_DIR
[27.948s]   '/home/tj/ros2_ws/src/action_tutorials_interfaces'
[27.948s] Call Stack (most recent call first):
[27.948s]   CMakeLists.txt:12 (rosidl_generate_interfaces)
[27.948s] 
[27.948s] [0m
[27.948s] -- Configuring incomplete, errors occurred!
[27.948s] See also "/home/tj/ros2_ws/build/action_tutorials_interfaces/CMakeFiles/CMakeOutput.log".
