[0.803s] Invoking command in '/home/tj/ros2_ws/build/cpp_parameters': CMAKE_PREFIX_PATH=${CMAKE_PREFIX_PATH}:/home/tj/ros2_ws/install/python_parameters:/home/tj/ros2_ws/install/py_srvcli:/home/tj/ros2_ws/install/py_pubsub:/opt/ros/humble /usr/bin/cmake --build /home/tj/ros2_ws/build/cpp_parameters -- -j8 -l8
[3.764s] -- Found ament_cmake: 1.3.10 (/opt/ros/humble/share/ament_cmake/cmake)
[8.900s] -- Found rclcpp: 16.0.10 (/opt/ros/humble/share/rclcpp/cmake)
[10.047s] -- Found rosidl_generator_c: 3.1.5 (/opt/ros/humble/share/rosidl_generator_c/cmake)
[10.112s] -- Found rosidl_adapter: 3.1.5 (/opt/ros/humble/share/rosidl_adapter/cmake)
[10.449s] -- Found rosidl_generator_cpp: 3.1.5 (/opt/ros/humble/share/rosidl_generator_cpp/cmake)
[10.961s] -- Using all available rosidl_typesupport_c: rosidl_typesupport_fastrtps_c;rosidl_typesupport_introspection_c
[10.996s] -- Using all available rosidl_typesupport_cpp: rosidl_typesupport_fastrtps_cpp;rosidl_typesupport_introspection_cpp
[12.707s] -- Found rmw_implementation_cmake: 6.1.2 (/opt/ros/humble/share/rmw_implementation_cmake/cmake)
[12.858s] -- Found rmw_fastrtps_cpp: 6.2.7 (/opt/ros/humble/share/rmw_fastrtps_cpp/cmake)
[14.969s] -- Using RMW implementation 'rmw_fastrtps_cpp' as default
[17.483s] [31mCMake Error at CMakeLists.txt:15 (install):
[17.483s]   install TARGETS given target "DIRECTORY" which does not exist.
[17.484s] 
[17.484s] [0m
[17.486s] -- Found ament_lint_auto: 0.12.11 (/opt/ros/humble/share/ament_lint_auto/cmake)
[18.733s] -- Added test 'cppcheck' to perform static code analysis on C / C++ code
[18.735s] -- Configured cppcheck include dirs: 
[18.735s] -- Configured cppcheck exclude dirs and/or files: 
[18.746s] -- Added test 'flake8' to check Python code syntax and style conventions
[18.746s] -- Added test 'lint_cmake' to check CMake code style
[18.859s] -- Added test 'pep257' to check Python code against some of the docstring style conventions in PEP 257
[18.873s] -- Added test 'uncrustify' to check C / C++ code style
[18.874s] -- Configured uncrustify additional arguments: 
[18.874s] -- Added test 'xmllint' to check XML markup files
[18.962s] -- Configuring incomplete, errors occurred!
[18.962s] See also "/home/tj/ros2_ws/build/cpp_parameters/CMakeFiles/CMakeOutput.log".
[19.055s] gmake: *** [Makefile:267: cmake_check_build_system] Error 1
[20.561s] Invoked command in '/home/tj/ros2_ws/build/cpp_parameters' returned '2': CMAKE_PREFIX_PATH=${CMAKE_PREFIX_PATH}:/home/tj/ros2_ws/install/python_parameters:/home/tj/ros2_ws/install/py_srvcli:/home/tj/ros2_ws/install/py_pubsub:/opt/ros/humble /usr/bin/cmake --build /home/tj/ros2_ws/build/cpp_parameters -- -j8 -l8
