[0.494s] Invoking command in '/home/tj/ros2_ws/build/cpp_parameters': CMAKE_PREFIX_PATH=/opt/ros/humble /usr/bin/cmake --build /home/tj/ros2_ws/build/cpp_parameters -- -j8 -l8
[4.414s] -- Found ament_cmake: 1.3.10 (/opt/ros/humble/share/ament_cmake/cmake)
[4.418s] -- Found rclcpp: 16.0.10 (/opt/ros/humble/share/rclcpp/cmake)
[4.418s] -- Found rosidl_generator_c: 3.1.5 (/opt/ros/humble/share/rosidl_generator_c/cmake)
[4.419s] -- Found rosidl_adapter: 3.1.5 (/opt/ros/humble/share/rosidl_adapter/cmake)
[4.420s] -- Found rosidl_generator_cpp: 3.1.5 (/opt/ros/humble/share/rosidl_generator_cpp/cmake)
[4.420s] -- Using all available rosidl_typesupport_c: rosidl_typesupport_fastrtps_c;rosidl_typesupport_introspection_c
[4.431s] -- Using all available rosidl_typesupport_cpp: rosidl_typesupport_fastrtps_cpp;rosidl_typesupport_introspection_cpp
[4.432s] -- Found rmw_implementation_cmake: 6.1.2 (/opt/ros/humble/share/rmw_implementation_cmake/cmake)
[4.432s] -- Found rmw_fastrtps_cpp: 6.2.7 (/opt/ros/humble/share/rmw_fastrtps_cpp/cmake)
[4.454s] -- Using RMW implementation 'rmw_fastrtps_cpp' as default
[4.499s] [31mCMake Error at CMakeLists.txt:15 (install):
[4.499s]   install TARGETS given target "DIRECTORY" which does not exist.
[4.499s] 
[4.499s] [0m
[4.510s] -- Found ament_lint_auto: 0.12.11 (/opt/ros/humble/share/ament_lint_auto/cmake)
[4.619s] -- Added test 'cppcheck' to perform static code analysis on C / C++ code
[4.619s] -- Configured cppcheck include dirs: 
[4.620s] -- Configured cppcheck exclude dirs and/or files: 
[4.620s] -- Added test 'flake8' to check Python code syntax and style conventions
[4.621s] -- Added test 'lint_cmake' to check CMake code style
[4.621s] -- Added test 'pep257' to check Python code against some of the docstring style conventions in PEP 257
[4.622s] -- Added test 'uncrustify' to check C / C++ code style
[4.622s] -- Configured uncrustify additional arguments: 
[4.623s] -- Added test 'xmllint' to check XML markup files
[4.624s] -- Configuring incomplete, errors occurred!
[4.625s] See also "/home/tj/ros2_ws/build/cpp_parameters/CMakeFiles/CMakeOutput.log".
[4.634s] gmake: *** [Makefile:267: cmake_check_build_system] Error 1
[4.823s] Invoked command in '/home/tj/ros2_ws/build/cpp_parameters' returned '2': CMAKE_PREFIX_PATH=/opt/ros/humble /usr/bin/cmake --build /home/tj/ros2_ws/build/cpp_parameters -- -j8 -l8
