[0.034s] Invoking command in '/home/tj/ros2_ws/build/tutorial_interfaces': CMAKE_PREFIX_PATH=${CMAKE_PREFIX_PATH}:/home/tj/ros2_ws/install/py_srvcli:/home/tj/ros2_ws/install/py_pubsub:/opt/ros/humble /usr/bin/cmake --build /home/tj/ros2_ws/build/tutorial_interfaces -- -j8 -l8
[0.115s] -- Found geometry_msgs: 4.2.4 (/opt/ros/humble/share/geometry_msgs/cmake)
[0.503s] -- Found rosidl_generator_c: 3.1.5 (/opt/ros/humble/share/rosidl_generator_c/cmake)
[0.508s] -- Found rosidl_adapter: 3.1.5 (/opt/ros/humble/share/rosidl_adapter/cmake)
[0.520s] -- Found rosidl_generator_cpp: 3.1.5 (/opt/ros/humble/share/rosidl_generator_cpp/cmake)
[0.537s] -- Using all available rosidl_typesupport_c: rosidl_typesupport_fastrtps_c;rosidl_typesupport_introspection_c
[0.556s] -- Using all available rosidl_typesupport_cpp: rosidl_typesupport_fastrtps_cpp;rosidl_typesupport_introspection_cpp
[0.611s] -- Found rosidl_default_generators: 1.2.0 (/opt/ros/humble/share/rosidl_default_generators/cmake)
[1.114s] -- Found ament_cmake_ros: 0.10.0 (/opt/ros/humble/share/ament_cmake_ros/cmake)
[1.575s] -- Using all available rosidl_typesupport_c: rosidl_typesupport_fastrtps_c;rosidl_typesupport_introspection_c
[1.756s] -- Using all available rosidl_typesupport_cpp: rosidl_typesupport_fastrtps_cpp;rosidl_typesupport_introspection_cpp
[1.795s] -- Found PythonInterp: /usr/bin/python3 (found suitable version "3.10.12", minimum required is "3.6") 
[1.796s] -- Found python_cmake_module: 0.10.0 (/opt/ros/humble/share/python_cmake_module/cmake)
[1.828s] -- Found PythonLibs: /usr/lib/x86_64-linux-gnu/libpython3.10.so (found suitable version "3.10.12", minimum required is "3.5") 
[1.829s] -- Using PYTHON_EXECUTABLE: /usr/bin/python3
[1.829s] -- Using PYTHON_INCLUDE_DIRS: /usr/include/python3.10
[1.829s] -- Using PYTHON_LIBRARIES: /usr/lib/x86_64-linux-gnu/libpython3.10.so
[1.849s] -- Found PythonExtra: .so  
[1.914s] -- Found ament_lint_auto: 0.12.11 (/opt/ros/humble/share/ament_lint_auto/cmake)
[1.960s] -- Added test 'lint_cmake' to check CMake code style
[1.962s] -- Added test 'xmllint' to check XML markup files
[1.968s] -- Configuring done
[2.028s] -- Generating done
[2.035s] -- Build files have been written to: /home/tj/ros2_ws/build/tutorial_interfaces
[2.067s] [  2%] [34m[1mGenerating C code for ROS interfaces[0m
[2.081s] [  4%] [34m[1mGenerating C++ code for ROS interfaces[0m
[2.092s] [  4%] Built target ament_cmake_python_copy_tutorial_interfaces
[2.498s] running egg_info
[2.499s] creating tutorial_interfaces.egg-info
[2.499s] writing tutorial_interfaces.egg-info/PKG-INFO
[2.500s] writing dependency_links to tutorial_interfaces.egg-info/dependency_links.txt
[2.500s] writing top-level names to tutorial_interfaces.egg-info/top_level.txt
[2.501s] writing manifest file 'tutorial_interfaces.egg-info/SOURCES.txt'
[2.520s] reading manifest file 'tutorial_interfaces.egg-info/SOURCES.txt'
[2.521s] writing manifest file 'tutorial_interfaces.egg-info/SOURCES.txt'
[2.558s] [  4%] Built target ament_cmake_python_build_tutorial_interfaces_egg
[2.672s] [  4%] Built target tutorial_interfaces__cpp
[2.691s] [  6%] [34m[1mGenerating C++ introspection for ROS interfaces[0m
[2.693s] [  8%] [34m[1mGenerating C++ type support dispatch for ROS interfaces[0m
[2.693s] [ 10%] [34m[1mGenerating C++ type support for eProsima Fast-RTPS[0m
[2.714s] [ 12%] [32mBuilding C object CMakeFiles/tutorial_interfaces__rosidl_generator_c.dir/rosidl_generator_c/tutorial_interfaces/msg/detail/sphere__functions.c.o[0m
[2.719s] [ 14%] [32mBuilding C object CMakeFiles/tutorial_interfaces__rosidl_generator_c.dir/rosidl_generator_c/tutorial_interfaces/msg/detail/num__functions.c.o[0m
[2.720s] [ 17%] [32mBuilding C object CMakeFiles/tutorial_interfaces__rosidl_generator_c.dir/rosidl_generator_c/tutorial_interfaces/srv/detail/add_three_ints__functions.c.o[0m
[3.124s] [ 19%] [32m[1mLinking C shared library libtutorial_interfaces__rosidl_generator_c.so[0m
[3.213s] [ 21%] [32mBuilding CXX object CMakeFiles/tutorial_interfaces__rosidl_typesupport_cpp.dir/rosidl_typesupport_cpp/tutorial_interfaces/msg/num__type_support.cpp.o[0m
[3.213s] [ 21%] Built target tutorial_interfaces__rosidl_generator_c
[3.213s] [ 23%] [32mBuilding CXX object CMakeFiles/tutorial_interfaces__rosidl_typesupport_cpp.dir/rosidl_typesupport_cpp/tutorial_interfaces/msg/sphere__type_support.cpp.o[0m
[3.215s] [ 25%] [32mBuilding CXX object CMakeFiles/tutorial_interfaces__rosidl_typesupport_cpp.dir/rosidl_typesupport_cpp/tutorial_interfaces/srv/add_three_ints__type_support.cpp.o[0m
[3.298s] [ 27%] [34m[1mGenerating C introspection for ROS interfaces[0m
[3.435s] [ 29%] [34m[1mGenerating C type support for eProsima Fast-RTPS[0m
[3.436s] [ 31%] [34m[1mGenerating C type support dispatch for ROS interfaces[0m
[3.597s] [ 34%] [32mBuilding CXX object CMakeFiles/tutorial_interfaces__rosidl_typesupport_fastrtps_cpp.dir/rosidl_typesupport_fastrtps_cpp/tutorial_interfaces/msg/detail/dds_fastrtps/num__type_support.cpp.o[0m
[3.638s] [ 36%] [32mBuilding CXX object CMakeFiles/tutorial_interfaces__rosidl_typesupport_introspection_cpp.dir/rosidl_typesupport_introspection_cpp/tutorial_interfaces/msg/detail/num__type_support.cpp.o[0m
[3.921s] [ 38%] [32mBuilding CXX object CMakeFiles/tutorial_interfaces__rosidl_typesupport_c.dir/rosidl_typesupport_c/tutorial_interfaces/msg/num__type_support.cpp.o[0m
[4.193s] [ 40%] [32mBuilding C object CMakeFiles/tutorial_interfaces__rosidl_typesupport_introspection_c.dir/rosidl_typesupport_introspection_c/tutorial_interfaces/msg/detail/num__type_support.c.o[0m
[4.295s] [ 42%] [32mBuilding CXX object CMakeFiles/tutorial_interfaces__rosidl_typesupport_fastrtps_c.dir/rosidl_typesupport_fastrtps_c/tutorial_interfaces/msg/detail/num__type_support_c.cpp.o[0m
[4.437s] [ 44%] [32mBuilding CXX object CMakeFiles/tutorial_interfaces__rosidl_typesupport_c.dir/rosidl_typesupport_c/tutorial_interfaces/msg/sphere__type_support.cpp.o[0m
[4.486s] [ 46%] [32mBuilding C object CMakeFiles/tutorial_interfaces__rosidl_typesupport_introspection_c.dir/rosidl_typesupport_introspection_c/tutorial_interfaces/msg/detail/sphere__type_support.c.o[0m
[4.487s] [ 48%] [32mBuilding CXX object CMakeFiles/tutorial_interfaces__rosidl_typesupport_c.dir/rosidl_typesupport_c/tutorial_interfaces/srv/add_three_ints__type_support.cpp.o[0m
[4.549s] [ 51%] [32m[1mLinking CXX shared library libtutorial_interfaces__rosidl_typesupport_c.so[0m
[4.551s] [ 53%] [32mBuilding C object CMakeFiles/tutorial_interfaces__rosidl_typesupport_introspection_c.dir/rosidl_typesupport_introspection_c/tutorial_interfaces/srv/detail/add_three_ints__type_support.c.o[0m
[4.646s] [ 55%] [32m[1mLinking C shared library libtutorial_interfaces__rosidl_typesupport_introspection_c.so[0m
[4.657s] [ 55%] Built target tutorial_interfaces__rosidl_typesupport_c
[4.721s] [ 57%] [32mBuilding CXX object CMakeFiles/tutorial_interfaces__rosidl_typesupport_fastrtps_c.dir/rosidl_typesupport_fastrtps_c/tutorial_interfaces/msg/detail/sphere__type_support_c.cpp.o[0m
[4.756s] [ 59%] [32mBuilding CXX object CMakeFiles/tutorial_interfaces__rosidl_typesupport_fastrtps_cpp.dir/rosidl_typesupport_fastrtps_cpp/tutorial_interfaces/msg/detail/dds_fastrtps/sphere__type_support.cpp.o[0m
[4.765s] [ 61%] [32mBuilding CXX object CMakeFiles/tutorial_interfaces__rosidl_typesupport_fastrtps_c.dir/rosidl_typesupport_fastrtps_c/tutorial_interfaces/srv/detail/add_three_ints__type_support_c.cpp.o[0m
[4.773s] [ 63%] [32m[1mLinking CXX shared library libtutorial_interfaces__rosidl_typesupport_cpp.so[0m
[4.808s] [ 63%] Built target tutorial_interfaces__rosidl_typesupport_introspection_c
[4.839s] [ 65%] [32mBuilding CXX object CMakeFiles/tutorial_interfaces__rosidl_typesupport_fastrtps_cpp.dir/rosidl_typesupport_fastrtps_cpp/tutorial_interfaces/srv/detail/dds_fastrtps/add_three_ints__type_support.cpp.o[0m
[4.962s] [ 65%] Built target tutorial_interfaces__rosidl_typesupport_cpp
[5.006s] [ 68%] [32mBuilding CXX object CMakeFiles/tutorial_interfaces__rosidl_typesupport_introspection_cpp.dir/rosidl_typesupport_introspection_cpp/tutorial_interfaces/msg/detail/sphere__type_support.cpp.o[0m
[5.025s] [ 70%] [32mBuilding CXX object CMakeFiles/tutorial_interfaces__rosidl_typesupport_introspection_cpp.dir/rosidl_typesupport_introspection_cpp/tutorial_interfaces/srv/detail/add_three_ints__type_support.cpp.o[0m
[5.294s] [ 72%] [32m[1mLinking CXX shared library libtutorial_interfaces__rosidl_typesupport_fastrtps_c.so[0m
[5.420s] [ 72%] Built target tutorial_interfaces__rosidl_typesupport_fastrtps_c
[5.495s] [ 74%] [32m[1mLinking CXX shared library libtutorial_interfaces__rosidl_typesupport_fastrtps_cpp.so[0m
[5.747s] [ 76%] [32m[1mLinking CXX shared library libtutorial_interfaces__rosidl_typesupport_introspection_cpp.so[0m
[5.852s] [ 76%] Built target tutorial_interfaces__rosidl_typesupport_fastrtps_cpp
[5.923s] [ 76%] Built target tutorial_interfaces__rosidl_typesupport_introspection_cpp
[5.954s] [ 76%] Built target tutorial_interfaces
[6.001s] [ 78%] [34m[1mGenerating Python code for ROS interfaces[0m
[6.560s] [ 78%] Built target tutorial_interfaces__py
[6.590s] [ 80%] [32mBuilding C object CMakeFiles/tutorial_interfaces__rosidl_generator_py.dir/rosidl_generator_py/tutorial_interfaces/msg/_num_s.c.o[0m
[6.590s] [ 82%] [32mBuilding C object CMakeFiles/tutorial_interfaces__rosidl_generator_py.dir/rosidl_generator_py/tutorial_interfaces/msg/_sphere_s.c.o[0m
[6.593s] [ 85%] [32mBuilding C object CMakeFiles/tutorial_interfaces__rosidl_generator_py.dir/rosidl_generator_py/tutorial_interfaces/srv/_add_three_ints_s.c.o[0m
[6.948s] [ 87%] [32m[1mLinking C shared library rosidl_generator_py/tutorial_interfaces/libtutorial_interfaces__rosidl_generator_py.so[0m
[7.016s] [ 87%] Built target tutorial_interfaces__rosidl_generator_py
[7.074s] [ 89%] [32mBuilding C object CMakeFiles/tutorial_interfaces__rosidl_typesupport_introspection_c__pyext.dir/rosidl_generator_py/tutorial_interfaces/_tutorial_interfaces_s.ep.rosidl_typesupport_introspection_c.c.o[0m
[7.074s] [ 91%] [32mBuilding C object CMakeFiles/tutorial_interfaces__rosidl_typesupport_fastrtps_c__pyext.dir/rosidl_generator_py/tutorial_interfaces/_tutorial_interfaces_s.ep.rosidl_typesupport_fastrtps_c.c.o[0m
[7.079s] [ 93%] [32mBuilding C object CMakeFiles/tutorial_interfaces__rosidl_typesupport_c__pyext.dir/rosidl_generator_py/tutorial_interfaces/_tutorial_interfaces_s.ep.rosidl_typesupport_c.c.o[0m
[7.245s] [ 95%] [32m[1mLinking C shared library rosidl_generator_py/tutorial_interfaces/tutorial_interfaces_s__rosidl_typesupport_introspection_c.cpython-310-x86_64-linux-gnu.so[0m
[7.253s] [ 97%] [32m[1mLinking C shared library rosidl_generator_py/tutorial_interfaces/tutorial_interfaces_s__rosidl_typesupport_fastrtps_c.cpython-310-x86_64-linux-gnu.so[0m
[7.256s] [100%] [32m[1mLinking C shared library rosidl_generator_py/tutorial_interfaces/tutorial_interfaces_s__rosidl_typesupport_c.cpython-310-x86_64-linux-gnu.so[0m
[7.314s] [100%] Built target tutorial_interfaces__rosidl_typesupport_introspection_c__pyext
[7.315s] [100%] Built target tutorial_interfaces__rosidl_typesupport_fastrtps_c__pyext
[7.324s] [100%] Built target tutorial_interfaces__rosidl_typesupport_c__pyext
[7.348s] Invoked command in '/home/tj/ros2_ws/build/tutorial_interfaces' returned '0': CMAKE_PREFIX_PATH=${CMAKE_PREFIX_PATH}:/home/tj/ros2_ws/install/py_srvcli:/home/tj/ros2_ws/install/py_pubsub:/opt/ros/humble /usr/bin/cmake --build /home/tj/ros2_ws/build/tutorial_interfaces -- -j8 -l8
[7.679s] Invoking command in '/home/tj/ros2_ws/build/tutorial_interfaces': CMAKE_PREFIX_PATH=${CMAKE_PREFIX_PATH}:/home/tj/ros2_ws/install/py_srvcli:/home/tj/ros2_ws/install/py_pubsub:/opt/ros/humble /usr/bin/cmake --install /home/tj/ros2_ws/build/tutorial_interfaces
[7.688s] -- Install configuration: ""
[7.688s] -- Installing: /home/tj/ros2_ws/install/tutorial_interfaces/share/ament_index/resource_index/rosidl_interfaces/tutorial_interfaces
[7.688s] -- Installing: /home/tj/ros2_ws/install/tutorial_interfaces/include/tutorial_interfaces/tutorial_interfaces
[7.689s] -- Installing: /home/tj/ros2_ws/install/tutorial_interfaces/include/tutorial_interfaces/tutorial_interfaces/srv
[7.689s] -- Installing: /home/tj/ros2_ws/install/tutorial_interfaces/include/tutorial_interfaces/tutorial_interfaces/srv/add_three_ints.h
[7.689s] -- Installing: /home/tj/ros2_ws/install/tutorial_interfaces/include/tutorial_interfaces/tutorial_interfaces/srv/detail
[7.689s] -- Installing: /home/tj/ros2_ws/install/tutorial_interfaces/include/tutorial_interfaces/tutorial_interfaces/srv/detail/add_three_ints__struct.h
[7.689s] -- Installing: /home/tj/ros2_ws/install/tutorial_interfaces/include/tutorial_interfaces/tutorial_interfaces/srv/detail/add_three_ints__functions.c
[7.689s] -- Installing: /home/tj/ros2_ws/install/tutorial_interfaces/include/tutorial_interfaces/tutorial_interfaces/srv/detail/add_three_ints__type_support.h
[7.689s] -- Installing: /home/tj/ros2_ws/install/tutorial_interfaces/include/tutorial_interfaces/tutorial_interfaces/srv/detail/add_three_ints__functions.h
[7.689s] -- Installing: /home/tj/ros2_ws/install/tutorial_interfaces/include/tutorial_interfaces/tutorial_interfaces/msg
[7.689s] -- Installing: /home/tj/ros2_ws/install/tutorial_interfaces/include/tutorial_interfaces/tutorial_interfaces/msg/num.h
[7.689s] -- Installing: /home/tj/ros2_ws/install/tutorial_interfaces/include/tutorial_interfaces/tutorial_interfaces/msg/rosidl_generator_c__visibility_control.h
[7.690s] -- Installing: /home/tj/ros2_ws/install/tutorial_interfaces/include/tutorial_interfaces/tutorial_interfaces/msg/detail
[7.690s] -- Installing: /home/tj/ros2_ws/install/tutorial_interfaces/include/tutorial_interfaces/tutorial_interfaces/msg/detail/sphere__struct.h
[7.690s] -- Installing: /home/tj/ros2_ws/install/tutorial_interfaces/include/tutorial_interfaces/tutorial_interfaces/msg/detail/num__functions.h
[7.690s] -- Installing: /home/tj/ros2_ws/install/tutorial_interfaces/include/tutorial_interfaces/tutorial_interfaces/msg/detail/sphere__functions.h
[7.690s] -- Installing: /home/tj/ros2_ws/install/tutorial_interfaces/include/tutorial_interfaces/tutorial_interfaces/msg/detail/sphere__type_support.h
[7.690s] -- Installing: /home/tj/ros2_ws/install/tutorial_interfaces/include/tutorial_interfaces/tutorial_interfaces/msg/detail/sphere__functions.c
[7.690s] -- Installing: /home/tj/ros2_ws/install/tutorial_interfaces/include/tutorial_interfaces/tutorial_interfaces/msg/detail/num__struct.h
[7.691s] -- Installing: /home/tj/ros2_ws/install/tutorial_interfaces/include/tutorial_interfaces/tutorial_interfaces/msg/detail/num__type_support.h
[7.692s] -- Installing: /home/tj/ros2_ws/install/tutorial_interfaces/include/tutorial_interfaces/tutorial_interfaces/msg/detail/num__functions.c
[7.692s] -- Installing: /home/tj/ros2_ws/install/tutorial_interfaces/include/tutorial_interfaces/tutorial_interfaces/msg/sphere.h
[7.692s] -- Installing: /home/tj/ros2_ws/install/tutorial_interfaces/share/tutorial_interfaces/environment/library_path.sh
[7.692s] -- Installing: /home/tj/ros2_ws/install/tutorial_interfaces/share/tutorial_interfaces/environment/library_path.dsv
[7.692s] -- Installing: /home/tj/ros2_ws/install/tutorial_interfaces/lib/libtutorial_interfaces__rosidl_generator_c.so
[7.702s] -- Set runtime path of "/home/tj/ros2_ws/install/tutorial_interfaces/lib/libtutorial_interfaces__rosidl_generator_c.so" to ""
[7.706s] -- Up-to-date: /home/tj/ros2_ws/install/tutorial_interfaces/include/tutorial_interfaces/tutorial_interfaces
[7.715s] -- Up-to-date: /home/tj/ros2_ws/install/tutorial_interfaces/include/tutorial_interfaces/tutorial_interfaces/srv
[7.715s] -- Up-to-date: /home/tj/ros2_ws/install/tutorial_interfaces/include/tutorial_interfaces/tutorial_interfaces/srv/detail
[7.715s] -- Installing: /home/tj/ros2_ws/install/tutorial_interfaces/include/tutorial_interfaces/tutorial_interfaces/srv/detail/add_three_ints__rosidl_typesupport_fastrtps_c.h
[7.716s] -- Up-to-date: /home/tj/ros2_ws/install/tutorial_interfaces/include/tutorial_interfaces/tutorial_interfaces/msg
[7.716s] -- Installing: /home/tj/ros2_ws/install/tutorial_interfaces/include/tutorial_interfaces/tutorial_interfaces/msg/rosidl_typesupport_fastrtps_c__visibility_control.h
[7.717s] -- Up-to-date: /home/tj/ros2_ws/install/tutorial_interfaces/include/tutorial_interfaces/tutorial_interfaces/msg/detail
[7.717s] -- Installing: /home/tj/ros2_ws/install/tutorial_interfaces/include/tutorial_interfaces/tutorial_interfaces/msg/detail/sphere__rosidl_typesupport_fastrtps_c.h
[7.717s] -- Installing: /home/tj/ros2_ws/install/tutorial_interfaces/include/tutorial_interfaces/tutorial_interfaces/msg/detail/num__rosidl_typesupport_fastrtps_c.h
[7.717s] -- Installing: /home/tj/ros2_ws/install/tutorial_interfaces/lib/libtutorial_interfaces__rosidl_typesupport_fastrtps_c.so
[7.717s] -- Set runtime path of "/home/tj/ros2_ws/install/tutorial_interfaces/lib/libtutorial_interfaces__rosidl_typesupport_fastrtps_c.so" to ""
[7.717s] -- Up-to-date: /home/tj/ros2_ws/install/tutorial_interfaces/include/tutorial_interfaces/tutorial_interfaces
[7.717s] -- Up-to-date: /home/tj/ros2_ws/install/tutorial_interfaces/include/tutorial_interfaces/tutorial_interfaces/srv
[7.717s] -- Up-to-date: /home/tj/ros2_ws/install/tutorial_interfaces/include/tutorial_interfaces/tutorial_interfaces/srv/detail
[7.718s] -- Installing: /home/tj/ros2_ws/install/tutorial_interfaces/include/tutorial_interfaces/tutorial_interfaces/srv/detail/add_three_ints__struct.hpp
[7.718s] -- Installing: /home/tj/ros2_ws/install/tutorial_interfaces/include/tutorial_interfaces/tutorial_interfaces/srv/detail/add_three_ints__traits.hpp
[7.718s] -- Installing: /home/tj/ros2_ws/install/tutorial_interfaces/include/tutorial_interfaces/tutorial_interfaces/srv/detail/add_three_ints__builder.hpp
[7.718s] -- Installing: /home/tj/ros2_ws/install/tutorial_interfaces/include/tutorial_interfaces/tutorial_interfaces/srv/add_three_ints.hpp
[7.718s] -- Up-to-date: /home/tj/ros2_ws/install/tutorial_interfaces/include/tutorial_interfaces/tutorial_interfaces/msg
[7.718s] -- Installing: /home/tj/ros2_ws/install/tutorial_interfaces/include/tutorial_interfaces/tutorial_interfaces/msg/num.hpp
[7.718s] -- Up-to-date: /home/tj/ros2_ws/install/tutorial_interfaces/include/tutorial_interfaces/tutorial_interfaces/msg/detail
[7.718s] -- Installing: /home/tj/ros2_ws/install/tutorial_interfaces/include/tutorial_interfaces/tutorial_interfaces/msg/detail/sphere__builder.hpp
[7.719s] -- Installing: /home/tj/ros2_ws/install/tutorial_interfaces/include/tutorial_interfaces/tutorial_interfaces/msg/detail/num__struct.hpp
[7.719s] -- Installing: /home/tj/ros2_ws/install/tutorial_interfaces/include/tutorial_interfaces/tutorial_interfaces/msg/detail/num__builder.hpp
[7.719s] -- Installing: /home/tj/ros2_ws/install/tutorial_interfaces/include/tutorial_interfaces/tutorial_interfaces/msg/detail/sphere__struct.hpp
[7.719s] -- Installing: /home/tj/ros2_ws/install/tutorial_interfaces/include/tutorial_interfaces/tutorial_interfaces/msg/detail/sphere__traits.hpp
[7.720s] -- Installing: /home/tj/ros2_ws/install/tutorial_interfaces/include/tutorial_interfaces/tutorial_interfaces/msg/detail/num__traits.hpp
[7.720s] -- Installing: /home/tj/ros2_ws/install/tutorial_interfaces/include/tutorial_interfaces/tutorial_interfaces/msg/sphere.hpp
[7.720s] -- Up-to-date: /home/tj/ros2_ws/install/tutorial_interfaces/include/tutorial_interfaces/tutorial_interfaces
[7.720s] -- Up-to-date: /home/tj/ros2_ws/install/tutorial_interfaces/include/tutorial_interfaces/tutorial_interfaces/srv
[7.720s] -- Up-to-date: /home/tj/ros2_ws/install/tutorial_interfaces/include/tutorial_interfaces/tutorial_interfaces/srv/detail
[7.720s] -- Installing: /home/tj/ros2_ws/install/tutorial_interfaces/include/tutorial_interfaces/tutorial_interfaces/srv/detail/dds_fastrtps
[7.721s] -- Installing: /home/tj/ros2_ws/install/tutorial_interfaces/include/tutorial_interfaces/tutorial_interfaces/srv/detail/add_three_ints__rosidl_typesupport_fastrtps_cpp.hpp
[7.721s] -- Up-to-date: /home/tj/ros2_ws/install/tutorial_interfaces/include/tutorial_interfaces/tutorial_interfaces/msg
[7.721s] -- Installing: /home/tj/ros2_ws/install/tutorial_interfaces/include/tutorial_interfaces/tutorial_interfaces/msg/rosidl_typesupport_fastrtps_cpp__visibility_control.h
[7.721s] -- Up-to-date: /home/tj/ros2_ws/install/tutorial_interfaces/include/tutorial_interfaces/tutorial_interfaces/msg/detail
[7.721s] -- Installing: /home/tj/ros2_ws/install/tutorial_interfaces/include/tutorial_interfaces/tutorial_interfaces/msg/detail/dds_fastrtps
[7.721s] -- Installing: /home/tj/ros2_ws/install/tutorial_interfaces/include/tutorial_interfaces/tutorial_interfaces/msg/detail/sphere__rosidl_typesupport_fastrtps_cpp.hpp
[7.721s] -- Installing: /home/tj/ros2_ws/install/tutorial_interfaces/include/tutorial_interfaces/tutorial_interfaces/msg/detail/num__rosidl_typesupport_fastrtps_cpp.hpp
[7.721s] -- Installing: /home/tj/ros2_ws/install/tutorial_interfaces/lib/libtutorial_interfaces__rosidl_typesupport_fastrtps_cpp.so
[7.721s] -- Set runtime path of "/home/tj/ros2_ws/install/tutorial_interfaces/lib/libtutorial_interfaces__rosidl_typesupport_fastrtps_cpp.so" to ""
[7.722s] -- Up-to-date: /home/tj/ros2_ws/install/tutorial_interfaces/include/tutorial_interfaces/tutorial_interfaces
[7.722s] -- Up-to-date: /home/tj/ros2_ws/install/tutorial_interfaces/include/tutorial_interfaces/tutorial_interfaces/srv
[7.722s] -- Up-to-date: /home/tj/ros2_ws/install/tutorial_interfaces/include/tutorial_interfaces/tutorial_interfaces/srv/detail
[7.722s] -- Installing: /home/tj/ros2_ws/install/tutorial_interfaces/include/tutorial_interfaces/tutorial_interfaces/srv/detail/add_three_ints__rosidl_typesupport_introspection_c.h
[7.722s] -- Installing: /home/tj/ros2_ws/install/tutorial_interfaces/include/tutorial_interfaces/tutorial_interfaces/srv/detail/add_three_ints__type_support.c
[7.722s] -- Up-to-date: /home/tj/ros2_ws/install/tutorial_interfaces/include/tutorial_interfaces/tutorial_interfaces/msg
[7.722s] -- Up-to-date: /home/tj/ros2_ws/install/tutorial_interfaces/include/tutorial_interfaces/tutorial_interfaces/msg/detail
[7.722s] -- Installing: /home/tj/ros2_ws/install/tutorial_interfaces/include/tutorial_interfaces/tutorial_interfaces/msg/detail/sphere__rosidl_typesupport_introspection_c.h
[7.722s] -- Installing: /home/tj/ros2_ws/install/tutorial_interfaces/include/tutorial_interfaces/tutorial_interfaces/msg/detail/num__rosidl_typesupport_introspection_c.h
[7.722s] -- Installing: /home/tj/ros2_ws/install/tutorial_interfaces/include/tutorial_interfaces/tutorial_interfaces/msg/detail/num__type_support.c
[7.722s] -- Installing: /home/tj/ros2_ws/install/tutorial_interfaces/include/tutorial_interfaces/tutorial_interfaces/msg/detail/sphere__type_support.c
[7.722s] -- Installing: /home/tj/ros2_ws/install/tutorial_interfaces/include/tutorial_interfaces/tutorial_interfaces/msg/rosidl_typesupport_introspection_c__visibility_control.h
[7.722s] -- Installing: /home/tj/ros2_ws/install/tutorial_interfaces/lib/libtutorial_interfaces__rosidl_typesupport_introspection_c.so
[7.722s] -- Set runtime path of "/home/tj/ros2_ws/install/tutorial_interfaces/lib/libtutorial_interfaces__rosidl_typesupport_introspection_c.so" to ""
[7.722s] -- Installing: /home/tj/ros2_ws/install/tutorial_interfaces/lib/libtutorial_interfaces__rosidl_typesupport_c.so
[7.723s] -- Set runtime path of "/home/tj/ros2_ws/install/tutorial_interfaces/lib/libtutorial_interfaces__rosidl_typesupport_c.so" to ""
[7.723s] -- Up-to-date: /home/tj/ros2_ws/install/tutorial_interfaces/include/tutorial_interfaces/tutorial_interfaces
[7.723s] -- Up-to-date: /home/tj/ros2_ws/install/tutorial_interfaces/include/tutorial_interfaces/tutorial_interfaces/srv
[7.723s] -- Up-to-date: /home/tj/ros2_ws/install/tutorial_interfaces/include/tutorial_interfaces/tutorial_interfaces/srv/detail
[7.723s] -- Installing: /home/tj/ros2_ws/install/tutorial_interfaces/include/tutorial_interfaces/tutorial_interfaces/srv/detail/add_three_ints__rosidl_typesupport_introspection_cpp.hpp
[7.723s] -- Installing: /home/tj/ros2_ws/install/tutorial_interfaces/include/tutorial_interfaces/tutorial_interfaces/srv/detail/add_three_ints__type_support.cpp
[7.723s] -- Up-to-date: /home/tj/ros2_ws/install/tutorial_interfaces/include/tutorial_interfaces/tutorial_interfaces/msg
[7.723s] -- Up-to-date: /home/tj/ros2_ws/install/tutorial_interfaces/include/tutorial_interfaces/tutorial_interfaces/msg/detail
[7.723s] -- Installing: /home/tj/ros2_ws/install/tutorial_interfaces/include/tutorial_interfaces/tutorial_interfaces/msg/detail/sphere__rosidl_typesupport_introspection_cpp.hpp
[7.723s] -- Installing: /home/tj/ros2_ws/install/tutorial_interfaces/include/tutorial_interfaces/tutorial_interfaces/msg/detail/num__type_support.cpp
[7.723s] -- Installing: /home/tj/ros2_ws/install/tutorial_interfaces/include/tutorial_interfaces/tutorial_interfaces/msg/detail/sphere__type_support.cpp
[7.723s] -- Installing: /home/tj/ros2_ws/install/tutorial_interfaces/include/tutorial_interfaces/tutorial_interfaces/msg/detail/num__rosidl_typesupport_introspection_cpp.hpp
[7.724s] -- Installing: /home/tj/ros2_ws/install/tutorial_interfaces/lib/libtutorial_interfaces__rosidl_typesupport_introspection_cpp.so
[7.724s] -- Set runtime path of "/home/tj/ros2_ws/install/tutorial_interfaces/lib/libtutorial_interfaces__rosidl_typesupport_introspection_cpp.so" to ""
[7.724s] -- Installing: /home/tj/ros2_ws/install/tutorial_interfaces/lib/libtutorial_interfaces__rosidl_typesupport_cpp.so
[7.724s] -- Set runtime path of "/home/tj/ros2_ws/install/tutorial_interfaces/lib/libtutorial_interfaces__rosidl_typesupport_cpp.so" to ""
[7.724s] -- Installing: /home/tj/ros2_ws/install/tutorial_interfaces/share/tutorial_interfaces/environment/pythonpath.sh
[7.724s] -- Installing: /home/tj/ros2_ws/install/tutorial_interfaces/share/tutorial_interfaces/environment/pythonpath.dsv
[7.724s] -- Installing: /home/tj/ros2_ws/install/tutorial_interfaces/local/lib/python3.10/dist-packages/tutorial_interfaces-0.0.0-py3.10.egg-info
[7.724s] -- Installing: /home/tj/ros2_ws/install/tutorial_interfaces/local/lib/python3.10/dist-packages/tutorial_interfaces-0.0.0-py3.10.egg-info/top_level.txt
[7.724s] -- Installing: /home/tj/ros2_ws/install/tutorial_interfaces/local/lib/python3.10/dist-packages/tutorial_interfaces-0.0.0-py3.10.egg-info/PKG-INFO
[7.724s] -- Installing: /home/tj/ros2_ws/install/tutorial_interfaces/local/lib/python3.10/dist-packages/tutorial_interfaces-0.0.0-py3.10.egg-info/dependency_links.txt
[7.724s] -- Installing: /home/tj/ros2_ws/install/tutorial_interfaces/local/lib/python3.10/dist-packages/tutorial_interfaces-0.0.0-py3.10.egg-info/SOURCES.txt
[7.724s] -- Installing: /home/tj/ros2_ws/install/tutorial_interfaces/local/lib/python3.10/dist-packages/tutorial_interfaces
[7.724s] -- Installing: /home/tj/ros2_ws/install/tutorial_interfaces/local/lib/python3.10/dist-packages/tutorial_interfaces/__init__.py
[7.724s] -- Installing: /home/tj/ros2_ws/install/tutorial_interfaces/local/lib/python3.10/dist-packages/tutorial_interfaces/srv
[7.725s] -- Installing: /home/tj/ros2_ws/install/tutorial_interfaces/local/lib/python3.10/dist-packages/tutorial_interfaces/srv/__init__.py
[7.725s] -- Installing: /home/tj/ros2_ws/install/tutorial_interfaces/local/lib/python3.10/dist-packages/tutorial_interfaces/srv/_add_three_ints_s.c
[7.725s] -- Installing: /home/tj/ros2_ws/install/tutorial_interfaces/local/lib/python3.10/dist-packages/tutorial_interfaces/srv/_add_three_ints.py
[7.725s] -- Installing: /home/tj/ros2_ws/install/tutorial_interfaces/local/lib/python3.10/dist-packages/tutorial_interfaces/tutorial_interfaces_s__rosidl_typesupport_introspection_c.cpython-310-x86_64-linux-gnu.so
[7.725s] -- Installing: /home/tj/ros2_ws/install/tutorial_interfaces/local/lib/python3.10/dist-packages/tutorial_interfaces/msg
[7.725s] -- Installing: /home/tj/ros2_ws/install/tutorial_interfaces/local/lib/python3.10/dist-packages/tutorial_interfaces/msg/__init__.py
[7.725s] -- Installing: /home/tj/ros2_ws/install/tutorial_interfaces/local/lib/python3.10/dist-packages/tutorial_interfaces/msg/_num.py
[7.725s] -- Installing: /home/tj/ros2_ws/install/tutorial_interfaces/local/lib/python3.10/dist-packages/tutorial_interfaces/msg/_num_s.c
[7.725s] -- Installing: /home/tj/ros2_ws/install/tutorial_interfaces/local/lib/python3.10/dist-packages/tutorial_interfaces/msg/_sphere.py
[7.725s] -- Installing: /home/tj/ros2_ws/install/tutorial_interfaces/local/lib/python3.10/dist-packages/tutorial_interfaces/msg/_sphere_s.c
[7.725s] -- Installing: /home/tj/ros2_ws/install/tutorial_interfaces/local/lib/python3.10/dist-packages/tutorial_interfaces/_tutorial_interfaces_s.ep.rosidl_typesupport_fastrtps_c.c
[7.725s] -- Installing: /home/tj/ros2_ws/install/tutorial_interfaces/local/lib/python3.10/dist-packages/tutorial_interfaces/tutorial_interfaces_s__rosidl_typesupport_c.cpython-310-x86_64-linux-gnu.so
[7.725s] -- Installing: /home/tj/ros2_ws/install/tutorial_interfaces/local/lib/python3.10/dist-packages/tutorial_interfaces/libtutorial_interfaces__rosidl_generator_py.so
[7.725s] -- Installing: /home/tj/ros2_ws/install/tutorial_interfaces/local/lib/python3.10/dist-packages/tutorial_interfaces/_tutorial_interfaces_s.ep.rosidl_typesupport_introspection_c.c
[7.726s] -- Installing: /home/tj/ros2_ws/install/tutorial_interfaces/local/lib/python3.10/dist-packages/tutorial_interfaces/tutorial_interfaces_s__rosidl_typesupport_fastrtps_c.cpython-310-x86_64-linux-gnu.so
[7.726s] -- Installing: /home/tj/ros2_ws/install/tutorial_interfaces/local/lib/python3.10/dist-packages/tutorial_interfaces/_tutorial_interfaces_s.ep.rosidl_typesupport_c.c
[7.792s] Listing '/home/tj/ros2_ws/install/tutorial_interfaces/local/lib/python3.10/dist-packages/tutorial_interfaces'...
[7.792s] Compiling '/home/tj/ros2_ws/install/tutorial_interfaces/local/lib/python3.10/dist-packages/tutorial_interfaces/__init__.py'...
[7.792s] Listing '/home/tj/ros2_ws/install/tutorial_interfaces/local/lib/python3.10/dist-packages/tutorial_interfaces/msg'...
[7.792s] Compiling '/home/tj/ros2_ws/install/tutorial_interfaces/local/lib/python3.10/dist-packages/tutorial_interfaces/msg/__init__.py'...
[7.792s] Compiling '/home/tj/ros2_ws/install/tutorial_interfaces/local/lib/python3.10/dist-packages/tutorial_interfaces/msg/_num.py'...
[7.792s] Compiling '/home/tj/ros2_ws/install/tutorial_interfaces/local/lib/python3.10/dist-packages/tutorial_interfaces/msg/_sphere.py'...
[7.792s] Listing '/home/tj/ros2_ws/install/tutorial_interfaces/local/lib/python3.10/dist-packages/tutorial_interfaces/srv'...
[7.792s] Compiling '/home/tj/ros2_ws/install/tutorial_interfaces/local/lib/python3.10/dist-packages/tutorial_interfaces/srv/__init__.py'...
[7.792s] Compiling '/home/tj/ros2_ws/install/tutorial_interfaces/local/lib/python3.10/dist-packages/tutorial_interfaces/srv/_add_three_ints.py'...
[7.798s] -- Installing: /home/tj/ros2_ws/install/tutorial_interfaces/local/lib/python3.10/dist-packages/tutorial_interfaces/tutorial_interfaces_s__rosidl_typesupport_fastrtps_c.cpython-310-x86_64-linux-gnu.so
[7.798s] -- Set runtime path of "/home/tj/ros2_ws/install/tutorial_interfaces/local/lib/python3.10/dist-packages/tutorial_interfaces/tutorial_interfaces_s__rosidl_typesupport_fastrtps_c.cpython-310-x86_64-linux-gnu.so" to ""
[7.799s] -- Installing: /home/tj/ros2_ws/install/tutorial_interfaces/local/lib/python3.10/dist-packages/tutorial_interfaces/tutorial_interfaces_s__rosidl_typesupport_introspection_c.cpython-310-x86_64-linux-gnu.so
[7.800s] -- Set runtime path of "/home/tj/ros2_ws/install/tutorial_interfaces/local/lib/python3.10/dist-packages/tutorial_interfaces/tutorial_interfaces_s__rosidl_typesupport_introspection_c.cpython-310-x86_64-linux-gnu.so" to ""
[7.800s] -- Installing: /home/tj/ros2_ws/install/tutorial_interfaces/local/lib/python3.10/dist-packages/tutorial_interfaces/tutorial_interfaces_s__rosidl_typesupport_c.cpython-310-x86_64-linux-gnu.so
[7.800s] -- Set runtime path of "/home/tj/ros2_ws/install/tutorial_interfaces/local/lib/python3.10/dist-packages/tutorial_interfaces/tutorial_interfaces_s__rosidl_typesupport_c.cpython-310-x86_64-linux-gnu.so" to ""
[7.800s] -- Installing: /home/tj/ros2_ws/install/tutorial_interfaces/lib/libtutorial_interfaces__rosidl_generator_py.so
[7.800s] -- Set runtime path of "/home/tj/ros2_ws/install/tutorial_interfaces/lib/libtutorial_interfaces__rosidl_generator_py.so" to ""
[7.800s] -- Installing: /home/tj/ros2_ws/install/tutorial_interfaces/share/tutorial_interfaces/msg/Num.idl
[7.800s] -- Installing: /home/tj/ros2_ws/install/tutorial_interfaces/share/tutorial_interfaces/msg/Sphere.idl
[7.801s] -- Installing: /home/tj/ros2_ws/install/tutorial_interfaces/share/tutorial_interfaces/srv/AddThreeInts.idl
[7.801s] -- Installing: /home/tj/ros2_ws/install/tutorial_interfaces/share/tutorial_interfaces/msg/Num.msg
[7.801s] -- Installing: /home/tj/ros2_ws/install/tutorial_interfaces/share/tutorial_interfaces/msg/Sphere.msg
[7.801s] -- Installing: /home/tj/ros2_ws/install/tutorial_interfaces/share/tutorial_interfaces/srv/AddThreeInts.srv
[7.801s] -- Installing: /home/tj/ros2_ws/install/tutorial_interfaces/share/tutorial_interfaces/srv/AddThreeInts_Request.msg
[7.801s] -- Installing: /home/tj/ros2_ws/install/tutorial_interfaces/share/tutorial_interfaces/srv/AddThreeInts_Response.msg
[7.802s] -- Installing: /home/tj/ros2_ws/install/tutorial_interfaces/share/ament_index/resource_index/package_run_dependencies/tutorial_interfaces
[7.802s] -- Installing: /home/tj/ros2_ws/install/tutorial_interfaces/share/ament_index/resource_index/parent_prefix_path/tutorial_interfaces
[7.802s] -- Up-to-date: /home/tj/ros2_ws/install/tutorial_interfaces/share/tutorial_interfaces/environment/ament_prefix_path.sh
[7.802s] -- Installing: /home/tj/ros2_ws/install/tutorial_interfaces/share/tutorial_interfaces/environment/ament_prefix_path.dsv
[7.803s] -- Up-to-date: /home/tj/ros2_ws/install/tutorial_interfaces/share/tutorial_interfaces/environment/path.sh
[7.804s] -- Installing: /home/tj/ros2_ws/install/tutorial_interfaces/share/tutorial_interfaces/environment/path.dsv
[7.804s] -- Up-to-date: /home/tj/ros2_ws/install/tutorial_interfaces/share/tutorial_interfaces/local_setup.bash
[7.804s] -- Installing: /home/tj/ros2_ws/install/tutorial_interfaces/share/tutorial_interfaces/local_setup.sh
[7.806s] -- Up-to-date: /home/tj/ros2_ws/install/tutorial_interfaces/share/tutorial_interfaces/local_setup.zsh
[7.806s] -- Installing: /home/tj/ros2_ws/install/tutorial_interfaces/share/tutorial_interfaces/local_setup.dsv
[7.806s] -- Installing: /home/tj/ros2_ws/install/tutorial_interfaces/share/tutorial_interfaces/package.dsv
[7.806s] -- Up-to-date: /home/tj/ros2_ws/install/tutorial_interfaces/share/ament_index/resource_index/packages/tutorial_interfaces
[7.807s] -- Installing: /home/tj/ros2_ws/install/tutorial_interfaces/share/tutorial_interfaces/cmake/export_tutorial_interfaces__rosidl_generator_cExport.cmake
[7.807s] -- Installing: /home/tj/ros2_ws/install/tutorial_interfaces/share/tutorial_interfaces/cmake/export_tutorial_interfaces__rosidl_generator_cExport-noconfig.cmake
[7.807s] -- Installing: /home/tj/ros2_ws/install/tutorial_interfaces/share/tutorial_interfaces/cmake/export_tutorial_interfaces__rosidl_typesupport_fastrtps_cExport.cmake
[7.807s] -- Installing: /home/tj/ros2_ws/install/tutorial_interfaces/share/tutorial_interfaces/cmake/export_tutorial_interfaces__rosidl_typesupport_fastrtps_cExport-noconfig.cmake
[7.808s] -- Installing: /home/tj/ros2_ws/install/tutorial_interfaces/share/tutorial_interfaces/cmake/export_tutorial_interfaces__rosidl_generator_cppExport.cmake
[7.808s] -- Installing: /home/tj/ros2_ws/install/tutorial_interfaces/share/tutorial_interfaces/cmake/export_tutorial_interfaces__rosidl_typesupport_fastrtps_cppExport.cmake
[7.808s] -- Installing: /home/tj/ros2_ws/install/tutorial_interfaces/share/tutorial_interfaces/cmake/export_tutorial_interfaces__rosidl_typesupport_fastrtps_cppExport-noconfig.cmake
[7.808s] -- Installing: /home/tj/ros2_ws/install/tutorial_interfaces/share/tutorial_interfaces/cmake/tutorial_interfaces__rosidl_typesupport_introspection_cExport.cmake
[7.808s] -- Installing: /home/tj/ros2_ws/install/tutorial_interfaces/share/tutorial_interfaces/cmake/tutorial_interfaces__rosidl_typesupport_introspection_cExport-noconfig.cmake
[7.809s] -- Installing: /home/tj/ros2_ws/install/tutorial_interfaces/share/tutorial_interfaces/cmake/tutorial_interfaces__rosidl_typesupport_cExport.cmake
[7.809s] -- Installing: /home/tj/ros2_ws/install/tutorial_interfaces/share/tutorial_interfaces/cmake/tutorial_interfaces__rosidl_typesupport_cExport-noconfig.cmake
[7.809s] -- Installing: /home/tj/ros2_ws/install/tutorial_interfaces/share/tutorial_interfaces/cmake/tutorial_interfaces__rosidl_typesupport_introspection_cppExport.cmake
[7.810s] -- Installing: /home/tj/ros2_ws/install/tutorial_interfaces/share/tutorial_interfaces/cmake/tutorial_interfaces__rosidl_typesupport_introspection_cppExport-noconfig.cmake
[7.810s] -- Installing: /home/tj/ros2_ws/install/tutorial_interfaces/share/tutorial_interfaces/cmake/tutorial_interfaces__rosidl_typesupport_cppExport.cmake
[7.810s] -- Installing: /home/tj/ros2_ws/install/tutorial_interfaces/share/tutorial_interfaces/cmake/tutorial_interfaces__rosidl_typesupport_cppExport-noconfig.cmake
[7.811s] -- Installing: /home/tj/ros2_ws/install/tutorial_interfaces/share/tutorial_interfaces/cmake/export_tutorial_interfaces__rosidl_generator_pyExport.cmake
[7.811s] -- Installing: /home/tj/ros2_ws/install/tutorial_interfaces/share/tutorial_interfaces/cmake/export_tutorial_interfaces__rosidl_generator_pyExport-noconfig.cmake
[7.811s] -- Installing: /home/tj/ros2_ws/install/tutorial_interfaces/share/tutorial_interfaces/cmake/rosidl_cmake-extras.cmake
[7.811s] -- Installing: /home/tj/ros2_ws/install/tutorial_interfaces/share/tutorial_interfaces/cmake/ament_cmake_export_dependencies-extras.cmake
[7.811s] -- Installing: /home/tj/ros2_ws/install/tutorial_interfaces/share/tutorial_interfaces/cmake/ament_cmake_export_include_directories-extras.cmake
[7.812s] -- Installing: /home/tj/ros2_ws/install/tutorial_interfaces/share/tutorial_interfaces/cmake/ament_cmake_export_libraries-extras.cmake
[7.812s] -- Installing: /home/tj/ros2_ws/install/tutorial_interfaces/share/tutorial_interfaces/cmake/ament_cmake_export_targets-extras.cmake
[7.813s] -- Installing: /home/tj/ros2_ws/install/tutorial_interfaces/share/tutorial_interfaces/cmake/rosidl_cmake_export_typesupport_targets-extras.cmake
[7.813s] -- Installing: /home/tj/ros2_ws/install/tutorial_interfaces/share/tutorial_interfaces/cmake/rosidl_cmake_export_typesupport_libraries-extras.cmake
[7.813s] -- Installing: /home/tj/ros2_ws/install/tutorial_interfaces/share/tutorial_interfaces/cmake/tutorial_interfacesConfig.cmake
[7.813s] -- Up-to-date: /home/tj/ros2_ws/install/tutorial_interfaces/share/tutorial_interfaces/cmake/tutorial_interfacesConfig-version.cmake
[7.814s] -- Installing: /home/tj/ros2_ws/install/tutorial_interfaces/share/tutorial_interfaces/package.xml
[7.818s] Invoked command in '/home/tj/ros2_ws/build/tutorial_interfaces' returned '0': CMAKE_PREFIX_PATH=${CMAKE_PREFIX_PATH}:/home/tj/ros2_ws/install/py_srvcli:/home/tj/ros2_ws/install/py_pubsub:/opt/ros/humble /usr/bin/cmake --install /home/tj/ros2_ws/build/tutorial_interfaces
