[2.559s] Invoking command in '/home/tj/ros2_ws/build/turtlesim': CMAKE_PREFIX_PATH=${CMAKE_PREFIX_PATH}:/home/tj/ros2_ws/install/python_parameters:/home/tj/ros2_ws/install/py_srvcli:/home/tj/ros2_ws/install/py_pubsub:/opt/ros/humble /usr/bin/cmake --build /home/tj/ros2_ws/build/turtlesim -- -j8 -l8
[3.763s] [  1%] Built target turtlesim__cpp
[4.268s] [ 11%] Built target turtlesim__rosidl_generator_c
[5.045s] [ 21%] Built target turtlesim__rosidl_typesupport_cpp
[5.239s] [ 31%] Built target turtlesim__rosidl_typesupport_fastrtps_cpp
[5.453s] [ 41%] Built target turtlesim__rosidl_typesupport_introspection_c
[5.454s] [ 51%] Built target turtlesim__rosidl_typesupport_c
[5.695s] [ 61%] Built target turtlesim__rosidl_typesupport_introspection_cpp
[5.797s] [ 71%] Built target turtlesim__rosidl_typesupport_fastrtps_c
[5.814s] [ 71%] Built target ament_cmake_python_copy_turtlesim
[5.975s] [35m[1mConsolidate compiler generated dependencies of target turtlesim_node[0m
[6.092s] [ 73%] Built target turtle_teleop_key
[6.307s] [ 73%] Built target turtlesim
[6.315s] [ 75%] Built target draw_square
[6.604s] [ 77%] Built target mimic
[7.172s] [ 78%] Built target turtlesim__py
[7.760s] [ 84%] Built target turtlesim_node
[8.143s] [ 93%] Built target turtlesim__rosidl_generator_py
[9.116s] [ 95%] Built target turtlesim__rosidl_typesupport_fastrtps_c__pyext
[9.124s] [ 97%] Built target turtlesim__rosidl_typesupport_introspection_c__pyext
[9.276s] [100%] Built target turtlesim__rosidl_typesupport_c__pyext
[9.779s] running egg_info
[9.779s] writing turtlesim.egg-info/PKG-INFO
[9.779s] writing dependency_links to turtlesim.egg-info/dependency_links.txt
[9.779s] writing top-level names to turtlesim.egg-info/top_level.txt
[9.779s] reading manifest file 'turtlesim.egg-info/SOURCES.txt'
[9.782s] writing manifest file 'turtlesim.egg-info/SOURCES.txt'
[10.009s] [100%] Built target ament_cmake_python_build_turtlesim_egg
[11.064s] Invoked command in '/home/tj/ros2_ws/build/turtlesim' returned '0': CMAKE_PREFIX_PATH=${CMAKE_PREFIX_PATH}:/home/tj/ros2_ws/install/python_parameters:/home/tj/ros2_ws/install/py_srvcli:/home/tj/ros2_ws/install/py_pubsub:/opt/ros/humble /usr/bin/cmake --build /home/tj/ros2_ws/build/turtlesim -- -j8 -l8
[20.486s] Invoking command in '/home/tj/ros2_ws/build/turtlesim': CMAKE_PREFIX_PATH=${CMAKE_PREFIX_PATH}:/home/tj/ros2_ws/install/python_parameters:/home/tj/ros2_ws/install/py_srvcli:/home/tj/ros2_ws/install/py_pubsub:/opt/ros/humble /usr/bin/cmake --install /home/tj/ros2_ws/build/turtlesim
[20.508s] -- Install configuration: ""
[20.508s] -- Up-to-date: /home/tj/ros2_ws/install/turtlesim/share/ament_index/resource_index/rosidl_interfaces/turtlesim
[20.508s] -- Up-to-date: /home/tj/ros2_ws/install/turtlesim/include/turtlesim/turtlesim
[20.508s] -- Up-to-date: /home/tj/ros2_ws/install/turtlesim/include/turtlesim/turtlesim/srv
[20.509s] -- Up-to-date: /home/tj/ros2_ws/install/turtlesim/include/turtlesim/turtlesim/srv/kill.h
[20.509s] -- Up-to-date: /home/tj/ros2_ws/install/turtlesim/include/turtlesim/turtlesim/srv/teleport_absolute.h
[20.509s] -- Up-to-date: /home/tj/ros2_ws/install/turtlesim/include/turtlesim/turtlesim/srv/detail
[20.509s] -- Up-to-date: /home/tj/ros2_ws/install/turtlesim/include/turtlesim/turtlesim/srv/detail/teleport_relative__type_support.h
[20.509s] -- Up-to-date: /home/tj/ros2_ws/install/turtlesim/include/turtlesim/turtlesim/srv/detail/set_pen__functions.c
[20.510s] -- Up-to-date: /home/tj/ros2_ws/install/turtlesim/include/turtlesim/turtlesim/srv/detail/teleport_absolute__type_support.h
[20.510s] -- Up-to-date: /home/tj/ros2_ws/install/turtlesim/include/turtlesim/turtlesim/srv/detail/set_pen__type_support.h
[20.510s] -- Up-to-date: /home/tj/ros2_ws/install/turtlesim/include/turtlesim/turtlesim/srv/detail/spawn__functions.c
[20.510s] -- Up-to-date: /home/tj/ros2_ws/install/turtlesim/include/turtlesim/turtlesim/srv/detail/spawn__struct.h
[20.510s] -- Up-to-date: /home/tj/ros2_ws/install/turtlesim/include/turtlesim/turtlesim/srv/detail/teleport_relative__functions.c
[20.510s] -- Up-to-date: /home/tj/ros2_ws/install/turtlesim/include/turtlesim/turtlesim/srv/detail/kill__functions.c
[20.510s] -- Up-to-date: /home/tj/ros2_ws/install/turtlesim/include/turtlesim/turtlesim/srv/detail/teleport_absolute__functions.h
[20.512s] -- Up-to-date: /home/tj/ros2_ws/install/turtlesim/include/turtlesim/turtlesim/srv/detail/kill__struct.h
[20.512s] -- Up-to-date: /home/tj/ros2_ws/install/turtlesim/include/turtlesim/turtlesim/srv/detail/spawn__functions.h
[20.512s] -- Up-to-date: /home/tj/ros2_ws/install/turtlesim/include/turtlesim/turtlesim/srv/detail/teleport_absolute__struct.h
[20.512s] -- Up-to-date: /home/tj/ros2_ws/install/turtlesim/include/turtlesim/turtlesim/srv/detail/kill__type_support.h
[20.512s] -- Up-to-date: /home/tj/ros2_ws/install/turtlesim/include/turtlesim/turtlesim/srv/detail/teleport_relative__functions.h
[20.512s] -- Up-to-date: /home/tj/ros2_ws/install/turtlesim/include/turtlesim/turtlesim/srv/detail/spawn__type_support.h
[20.512s] -- Up-to-date: /home/tj/ros2_ws/install/turtlesim/include/turtlesim/turtlesim/srv/detail/kill__functions.h
[20.513s] -- Up-to-date: /home/tj/ros2_ws/install/turtlesim/include/turtlesim/turtlesim/srv/detail/teleport_relative__struct.h
[20.513s] -- Up-to-date: /home/tj/ros2_ws/install/turtlesim/include/turtlesim/turtlesim/srv/detail/set_pen__functions.h
[20.513s] -- Up-to-date: /home/tj/ros2_ws/install/turtlesim/include/turtlesim/turtlesim/srv/detail/teleport_absolute__functions.c
[20.513s] -- Up-to-date: /home/tj/ros2_ws/install/turtlesim/include/turtlesim/turtlesim/srv/detail/set_pen__struct.h
[20.513s] -- Up-to-date: /home/tj/ros2_ws/install/turtlesim/include/turtlesim/turtlesim/srv/spawn.h
[20.513s] -- Up-to-date: /home/tj/ros2_ws/install/turtlesim/include/turtlesim/turtlesim/srv/set_pen.h
[20.513s] -- Up-to-date: /home/tj/ros2_ws/install/turtlesim/include/turtlesim/turtlesim/srv/teleport_relative.h
[20.513s] -- Up-to-date: /home/tj/ros2_ws/install/turtlesim/include/turtlesim/turtlesim/msg
[20.513s] -- Up-to-date: /home/tj/ros2_ws/install/turtlesim/include/turtlesim/turtlesim/msg/rosidl_generator_c__visibility_control.h
[20.513s] -- Up-to-date: /home/tj/ros2_ws/install/turtlesim/include/turtlesim/turtlesim/msg/color.h
[20.513s] -- Up-to-date: /home/tj/ros2_ws/install/turtlesim/include/turtlesim/turtlesim/msg/pose.h
[20.513s] -- Up-to-date: /home/tj/ros2_ws/install/turtlesim/include/turtlesim/turtlesim/msg/detail
[20.513s] -- Up-to-date: /home/tj/ros2_ws/install/turtlesim/include/turtlesim/turtlesim/msg/detail/color__type_support.h
[20.514s] -- Up-to-date: /home/tj/ros2_ws/install/turtlesim/include/turtlesim/turtlesim/msg/detail/pose__type_support.h
[20.514s] -- Up-to-date: /home/tj/ros2_ws/install/turtlesim/include/turtlesim/turtlesim/msg/detail/color__functions.h
[20.514s] -- Up-to-date: /home/tj/ros2_ws/install/turtlesim/include/turtlesim/turtlesim/msg/detail/pose__struct.h
[20.515s] -- Up-to-date: /home/tj/ros2_ws/install/turtlesim/include/turtlesim/turtlesim/msg/detail/pose__functions.c
[20.515s] -- Up-to-date: /home/tj/ros2_ws/install/turtlesim/include/turtlesim/turtlesim/msg/detail/color__struct.h
[20.515s] -- Up-to-date: /home/tj/ros2_ws/install/turtlesim/include/turtlesim/turtlesim/msg/detail/color__functions.c
[20.520s] -- Up-to-date: /home/tj/ros2_ws/install/turtlesim/include/turtlesim/turtlesim/msg/detail/pose__functions.h
[20.520s] -- Up-to-date: /home/tj/ros2_ws/install/turtlesim/include/turtlesim/turtlesim/action
[20.520s] -- Up-to-date: /home/tj/ros2_ws/install/turtlesim/include/turtlesim/turtlesim/action/detail
[20.520s] -- Up-to-date: /home/tj/ros2_ws/install/turtlesim/include/turtlesim/turtlesim/action/detail/rotate_absolute__struct.h
[20.520s] -- Up-to-date: /home/tj/ros2_ws/install/turtlesim/include/turtlesim/turtlesim/action/detail/rotate_absolute__type_support.h
[20.543s] -- Up-to-date: /home/tj/ros2_ws/install/turtlesim/include/turtlesim/turtlesim/action/detail/rotate_absolute__functions.h
[20.543s] -- Up-to-date: /home/tj/ros2_ws/install/turtlesim/include/turtlesim/turtlesim/action/detail/rotate_absolute__functions.c
[20.543s] -- Up-to-date: /home/tj/ros2_ws/install/turtlesim/include/turtlesim/turtlesim/action/rotate_absolute.h
[20.546s] -- Up-to-date: /home/tj/ros2_ws/install/turtlesim/share/turtlesim/environment/library_path.sh
[20.547s] -- Up-to-date: /home/tj/ros2_ws/install/turtlesim/share/turtlesim/environment/library_path.dsv
[20.547s] -- Up-to-date: /home/tj/ros2_ws/install/turtlesim/lib/libturtlesim__rosidl_generator_c.so
[20.547s] -- Up-to-date: /home/tj/ros2_ws/install/turtlesim/include/turtlesim/turtlesim
[20.550s] -- Up-to-date: /home/tj/ros2_ws/install/turtlesim/include/turtlesim/turtlesim/srv
[20.550s] -- Up-to-date: /home/tj/ros2_ws/install/turtlesim/include/turtlesim/turtlesim/srv/detail
[20.550s] -- Up-to-date: /home/tj/ros2_ws/install/turtlesim/include/turtlesim/turtlesim/srv/detail/kill__rosidl_typesupport_fastrtps_c.h
[20.550s] -- Up-to-date: /home/tj/ros2_ws/install/turtlesim/include/turtlesim/turtlesim/srv/detail/teleport_relative__rosidl_typesupport_fastrtps_c.h
[20.550s] -- Up-to-date: /home/tj/ros2_ws/install/turtlesim/include/turtlesim/turtlesim/srv/detail/set_pen__rosidl_typesupport_fastrtps_c.h
[20.550s] -- Up-to-date: /home/tj/ros2_ws/install/turtlesim/include/turtlesim/turtlesim/srv/detail/spawn__rosidl_typesupport_fastrtps_c.h
[20.554s] -- Up-to-date: /home/tj/ros2_ws/install/turtlesim/include/turtlesim/turtlesim/srv/detail/teleport_absolute__rosidl_typesupport_fastrtps_c.h
[20.560s] -- Up-to-date: /home/tj/ros2_ws/install/turtlesim/include/turtlesim/turtlesim/msg
[20.560s] -- Up-to-date: /home/tj/ros2_ws/install/turtlesim/include/turtlesim/turtlesim/msg/rosidl_typesupport_fastrtps_c__visibility_control.h
[20.560s] -- Up-to-date: /home/tj/ros2_ws/install/turtlesim/include/turtlesim/turtlesim/msg/detail
[20.560s] -- Up-to-date: /home/tj/ros2_ws/install/turtlesim/include/turtlesim/turtlesim/msg/detail/pose__rosidl_typesupport_fastrtps_c.h
[20.560s] -- Up-to-date: /home/tj/ros2_ws/install/turtlesim/include/turtlesim/turtlesim/msg/detail/color__rosidl_typesupport_fastrtps_c.h
[20.560s] -- Up-to-date: /home/tj/ros2_ws/install/turtlesim/include/turtlesim/turtlesim/action
[20.560s] -- Up-to-date: /home/tj/ros2_ws/install/turtlesim/include/turtlesim/turtlesim/action/detail
[20.560s] -- Up-to-date: /home/tj/ros2_ws/install/turtlesim/include/turtlesim/turtlesim/action/detail/rotate_absolute__rosidl_typesupport_fastrtps_c.h
[20.564s] -- Up-to-date: /home/tj/ros2_ws/install/turtlesim/lib/libturtlesim__rosidl_typesupport_fastrtps_c.so
[20.564s] -- Up-to-date: /home/tj/ros2_ws/install/turtlesim/include/turtlesim/turtlesim
[20.564s] -- Up-to-date: /home/tj/ros2_ws/install/turtlesim/include/turtlesim/turtlesim/srv
[20.564s] -- Up-to-date: /home/tj/ros2_ws/install/turtlesim/include/turtlesim/turtlesim/srv/kill.hpp
[20.564s] -- Up-to-date: /home/tj/ros2_ws/install/turtlesim/include/turtlesim/turtlesim/srv/set_pen.hpp
[20.565s] -- Up-to-date: /home/tj/ros2_ws/install/turtlesim/include/turtlesim/turtlesim/srv/detail
[20.565s] -- Up-to-date: /home/tj/ros2_ws/install/turtlesim/include/turtlesim/turtlesim/srv/detail/teleport_relative__traits.hpp
[20.565s] -- Up-to-date: /home/tj/ros2_ws/install/turtlesim/include/turtlesim/turtlesim/srv/detail/set_pen__struct.hpp
[20.566s] -- Up-to-date: /home/tj/ros2_ws/install/turtlesim/include/turtlesim/turtlesim/srv/detail/spawn__builder.hpp
[20.566s] -- Up-to-date: /home/tj/ros2_ws/install/turtlesim/include/turtlesim/turtlesim/srv/detail/kill__struct.hpp
[20.566s] -- Up-to-date: /home/tj/ros2_ws/install/turtlesim/include/turtlesim/turtlesim/srv/detail/set_pen__builder.hpp
[20.566s] -- Up-to-date: /home/tj/ros2_ws/install/turtlesim/include/turtlesim/turtlesim/srv/detail/spawn__traits.hpp
[20.566s] -- Up-to-date: /home/tj/ros2_ws/install/turtlesim/include/turtlesim/turtlesim/srv/detail/spawn__struct.hpp
[20.566s] -- Up-to-date: /home/tj/ros2_ws/install/turtlesim/include/turtlesim/turtlesim/srv/detail/teleport_absolute__traits.hpp
[20.566s] -- Up-to-date: /home/tj/ros2_ws/install/turtlesim/include/turtlesim/turtlesim/srv/detail/set_pen__traits.hpp
[20.566s] -- Up-to-date: /home/tj/ros2_ws/install/turtlesim/include/turtlesim/turtlesim/srv/detail/kill__traits.hpp
[20.567s] -- Up-to-date: /home/tj/ros2_ws/install/turtlesim/include/turtlesim/turtlesim/srv/detail/teleport_relative__builder.hpp
[20.567s] -- Up-to-date: /home/tj/ros2_ws/install/turtlesim/include/turtlesim/turtlesim/srv/detail/teleport_relative__struct.hpp
[20.567s] -- Up-to-date: /home/tj/ros2_ws/install/turtlesim/include/turtlesim/turtlesim/srv/detail/teleport_absolute__builder.hpp
[20.569s] -- Up-to-date: /home/tj/ros2_ws/install/turtlesim/include/turtlesim/turtlesim/srv/detail/teleport_absolute__struct.hpp
[20.569s] -- Up-to-date: /home/tj/ros2_ws/install/turtlesim/include/turtlesim/turtlesim/srv/detail/kill__builder.hpp
[20.570s] -- Up-to-date: /home/tj/ros2_ws/install/turtlesim/include/turtlesim/turtlesim/srv/spawn.hpp
[20.570s] -- Up-to-date: /home/tj/ros2_ws/install/turtlesim/include/turtlesim/turtlesim/srv/teleport_relative.hpp
[20.570s] -- Up-to-date: /home/tj/ros2_ws/install/turtlesim/include/turtlesim/turtlesim/srv/teleport_absolute.hpp
[20.570s] -- Up-to-date: /home/tj/ros2_ws/install/turtlesim/include/turtlesim/turtlesim/msg
[20.570s] -- Up-to-date: /home/tj/ros2_ws/install/turtlesim/include/turtlesim/turtlesim/msg/pose.hpp
[20.570s] -- Up-to-date: /home/tj/ros2_ws/install/turtlesim/include/turtlesim/turtlesim/msg/color.hpp
[20.570s] -- Up-to-date: /home/tj/ros2_ws/install/turtlesim/include/turtlesim/turtlesim/msg/detail
[20.570s] -- Up-to-date: /home/tj/ros2_ws/install/turtlesim/include/turtlesim/turtlesim/msg/detail/pose__builder.hpp
[20.570s] -- Up-to-date: /home/tj/ros2_ws/install/turtlesim/include/turtlesim/turtlesim/msg/detail/pose__struct.hpp
[20.570s] -- Up-to-date: /home/tj/ros2_ws/install/turtlesim/include/turtlesim/turtlesim/msg/detail/color__builder.hpp
[20.571s] -- Up-to-date: /home/tj/ros2_ws/install/turtlesim/include/turtlesim/turtlesim/msg/detail/pose__traits.hpp
[20.571s] -- Up-to-date: /home/tj/ros2_ws/install/turtlesim/include/turtlesim/turtlesim/msg/detail/color__struct.hpp
[20.571s] -- Up-to-date: /home/tj/ros2_ws/install/turtlesim/include/turtlesim/turtlesim/msg/detail/color__traits.hpp
[20.571s] -- Up-to-date: /home/tj/ros2_ws/install/turtlesim/include/turtlesim/turtlesim/action
[20.571s] -- Up-to-date: /home/tj/ros2_ws/install/turtlesim/include/turtlesim/turtlesim/action/detail
[20.572s] -- Up-to-date: /home/tj/ros2_ws/install/turtlesim/include/turtlesim/turtlesim/action/detail/rotate_absolute__struct.hpp
[20.575s] -- Up-to-date: /home/tj/ros2_ws/install/turtlesim/include/turtlesim/turtlesim/action/detail/rotate_absolute__traits.hpp
[20.576s] -- Up-to-date: /home/tj/ros2_ws/install/turtlesim/include/turtlesim/turtlesim/action/detail/rotate_absolute__builder.hpp
[20.576s] -- Up-to-date: /home/tj/ros2_ws/install/turtlesim/include/turtlesim/turtlesim/action/rotate_absolute.hpp
[20.576s] -- Up-to-date: /home/tj/ros2_ws/install/turtlesim/include/turtlesim/turtlesim
[20.576s] -- Up-to-date: /home/tj/ros2_ws/install/turtlesim/include/turtlesim/turtlesim/srv
[20.576s] -- Up-to-date: /home/tj/ros2_ws/install/turtlesim/include/turtlesim/turtlesim/srv/detail
[20.576s] -- Up-to-date: /home/tj/ros2_ws/install/turtlesim/include/turtlesim/turtlesim/srv/detail/teleport_absolute__rosidl_typesupport_fastrtps_cpp.hpp
[20.576s] -- Up-to-date: /home/tj/ros2_ws/install/turtlesim/include/turtlesim/turtlesim/srv/detail/dds_fastrtps
[20.578s] -- Up-to-date: /home/tj/ros2_ws/install/turtlesim/include/turtlesim/turtlesim/srv/detail/teleport_relative__rosidl_typesupport_fastrtps_cpp.hpp
[20.578s] -- Up-to-date: /home/tj/ros2_ws/install/turtlesim/include/turtlesim/turtlesim/srv/detail/spawn__rosidl_typesupport_fastrtps_cpp.hpp
[20.578s] -- Up-to-date: /home/tj/ros2_ws/install/turtlesim/include/turtlesim/turtlesim/srv/detail/set_pen__rosidl_typesupport_fastrtps_cpp.hpp
[20.578s] -- Up-to-date: /home/tj/ros2_ws/install/turtlesim/include/turtlesim/turtlesim/srv/detail/kill__rosidl_typesupport_fastrtps_cpp.hpp
[20.578s] -- Up-to-date: /home/tj/ros2_ws/install/turtlesim/include/turtlesim/turtlesim/msg
[20.578s] -- Up-to-date: /home/tj/ros2_ws/install/turtlesim/include/turtlesim/turtlesim/msg/rosidl_typesupport_fastrtps_cpp__visibility_control.h
[20.579s] -- Up-to-date: /home/tj/ros2_ws/install/turtlesim/include/turtlesim/turtlesim/msg/detail
[20.579s] -- Up-to-date: /home/tj/ros2_ws/install/turtlesim/include/turtlesim/turtlesim/msg/detail/dds_fastrtps
[20.579s] -- Up-to-date: /home/tj/ros2_ws/install/turtlesim/include/turtlesim/turtlesim/msg/detail/color__rosidl_typesupport_fastrtps_cpp.hpp
[20.579s] -- Up-to-date: /home/tj/ros2_ws/install/turtlesim/include/turtlesim/turtlesim/msg/detail/pose__rosidl_typesupport_fastrtps_cpp.hpp
[20.579s] -- Up-to-date: /home/tj/ros2_ws/install/turtlesim/include/turtlesim/turtlesim/action
[20.579s] -- Up-to-date: /home/tj/ros2_ws/install/turtlesim/include/turtlesim/turtlesim/action/detail
[20.579s] -- Up-to-date: /home/tj/ros2_ws/install/turtlesim/include/turtlesim/turtlesim/action/detail/dds_fastrtps
[20.580s] -- Up-to-date: /home/tj/ros2_ws/install/turtlesim/include/turtlesim/turtlesim/action/detail/rotate_absolute__rosidl_typesupport_fastrtps_cpp.hpp
[20.580s] -- Up-to-date: /home/tj/ros2_ws/install/turtlesim/lib/libturtlesim__rosidl_typesupport_fastrtps_cpp.so
[20.580s] -- Up-to-date: /home/tj/ros2_ws/install/turtlesim/include/turtlesim/turtlesim
[20.580s] -- Up-to-date: /home/tj/ros2_ws/install/turtlesim/include/turtlesim/turtlesim/srv
[20.580s] -- Up-to-date: /home/tj/ros2_ws/install/turtlesim/include/turtlesim/turtlesim/srv/detail
[20.580s] -- Up-to-date: /home/tj/ros2_ws/install/turtlesim/include/turtlesim/turtlesim/srv/detail/teleport_relative__type_support.c
[20.582s] -- Up-to-date: /home/tj/ros2_ws/install/turtlesim/include/turtlesim/turtlesim/srv/detail/spawn__type_support.c
[20.583s] -- Up-to-date: /home/tj/ros2_ws/install/turtlesim/include/turtlesim/turtlesim/srv/detail/teleport_absolute__rosidl_typesupport_introspection_c.h
[20.583s] -- Up-to-date: /home/tj/ros2_ws/install/turtlesim/include/turtlesim/turtlesim/srv/detail/spawn__rosidl_typesupport_introspection_c.h
[20.583s] -- Up-to-date: /home/tj/ros2_ws/install/turtlesim/include/turtlesim/turtlesim/srv/detail/teleport_relative__rosidl_typesupport_introspection_c.h
[20.588s] -- Up-to-date: /home/tj/ros2_ws/install/turtlesim/include/turtlesim/turtlesim/srv/detail/set_pen__rosidl_typesupport_introspection_c.h
[20.589s] -- Up-to-date: /home/tj/ros2_ws/install/turtlesim/include/turtlesim/turtlesim/srv/detail/teleport_absolute__type_support.c
[20.589s] -- Up-to-date: /home/tj/ros2_ws/install/turtlesim/include/turtlesim/turtlesim/srv/detail/kill__rosidl_typesupport_introspection_c.h
[20.589s] -- Up-to-date: /home/tj/ros2_ws/install/turtlesim/include/turtlesim/turtlesim/srv/detail/set_pen__type_support.c
[20.589s] -- Up-to-date: /home/tj/ros2_ws/install/turtlesim/include/turtlesim/turtlesim/srv/detail/kill__type_support.c
[20.589s] -- Up-to-date: /home/tj/ros2_ws/install/turtlesim/include/turtlesim/turtlesim/msg
[20.590s] -- Up-to-date: /home/tj/ros2_ws/install/turtlesim/include/turtlesim/turtlesim/msg/detail
[20.590s] -- Up-to-date: /home/tj/ros2_ws/install/turtlesim/include/turtlesim/turtlesim/msg/detail/pose__rosidl_typesupport_introspection_c.h
[20.590s] -- Up-to-date: /home/tj/ros2_ws/install/turtlesim/include/turtlesim/turtlesim/msg/detail/color__type_support.c
[20.590s] -- Up-to-date: /home/tj/ros2_ws/install/turtlesim/include/turtlesim/turtlesim/msg/detail/pose__type_support.c
[20.590s] -- Up-to-date: /home/tj/ros2_ws/install/turtlesim/include/turtlesim/turtlesim/msg/detail/color__rosidl_typesupport_introspection_c.h
[20.590s] -- Up-to-date: /home/tj/ros2_ws/install/turtlesim/include/turtlesim/turtlesim/msg/rosidl_typesupport_introspection_c__visibility_control.h
[20.590s] -- Up-to-date: /home/tj/ros2_ws/install/turtlesim/include/turtlesim/turtlesim/action
[20.590s] -- Up-to-date: /home/tj/ros2_ws/install/turtlesim/include/turtlesim/turtlesim/action/detail
[20.590s] -- Up-to-date: /home/tj/ros2_ws/install/turtlesim/include/turtlesim/turtlesim/action/detail/rotate_absolute__rosidl_typesupport_introspection_c.h
[20.590s] -- Up-to-date: /home/tj/ros2_ws/install/turtlesim/include/turtlesim/turtlesim/action/detail/rotate_absolute__type_support.c
[20.591s] -- Up-to-date: /home/tj/ros2_ws/install/turtlesim/lib/libturtlesim__rosidl_typesupport_introspection_c.so
[20.646s] -- Up-to-date: /home/tj/ros2_ws/install/turtlesim/lib/libturtlesim__rosidl_typesupport_c.so
[20.660s] -- Up-to-date: /home/tj/ros2_ws/install/turtlesim/include/turtlesim/turtlesim
[20.660s] -- Up-to-date: /home/tj/ros2_ws/install/turtlesim/include/turtlesim/turtlesim/srv
[20.660s] -- Up-to-date: /home/tj/ros2_ws/install/turtlesim/include/turtlesim/turtlesim/srv/detail
[20.660s] -- Up-to-date: /home/tj/ros2_ws/install/turtlesim/include/turtlesim/turtlesim/srv/detail/teleport_absolute__type_support.cpp
[20.661s] -- Up-to-date: /home/tj/ros2_ws/install/turtlesim/include/turtlesim/turtlesim/srv/detail/teleport_relative__rosidl_typesupport_introspection_cpp.hpp
[20.661s] -- Up-to-date: /home/tj/ros2_ws/install/turtlesim/include/turtlesim/turtlesim/srv/detail/teleport_absolute__rosidl_typesupport_introspection_cpp.hpp
[20.661s] -- Up-to-date: /home/tj/ros2_ws/install/turtlesim/include/turtlesim/turtlesim/srv/detail/teleport_relative__type_support.cpp
[20.661s] -- Up-to-date: /home/tj/ros2_ws/install/turtlesim/include/turtlesim/turtlesim/srv/detail/kill__rosidl_typesupport_introspection_cpp.hpp
[20.661s] -- Up-to-date: /home/tj/ros2_ws/install/turtlesim/include/turtlesim/turtlesim/srv/detail/set_pen__rosidl_typesupport_introspection_cpp.hpp
[20.661s] -- Up-to-date: /home/tj/ros2_ws/install/turtlesim/include/turtlesim/turtlesim/srv/detail/set_pen__type_support.cpp
[20.662s] -- Up-to-date: /home/tj/ros2_ws/install/turtlesim/include/turtlesim/turtlesim/srv/detail/kill__type_support.cpp
[20.662s] -- Up-to-date: /home/tj/ros2_ws/install/turtlesim/include/turtlesim/turtlesim/srv/detail/spawn__type_support.cpp
[20.662s] -- Up-to-date: /home/tj/ros2_ws/install/turtlesim/include/turtlesim/turtlesim/srv/detail/spawn__rosidl_typesupport_introspection_cpp.hpp
[20.663s] -- Up-to-date: /home/tj/ros2_ws/install/turtlesim/include/turtlesim/turtlesim/msg
[20.663s] -- Up-to-date: /home/tj/ros2_ws/install/turtlesim/include/turtlesim/turtlesim/msg/detail
[20.663s] -- Up-to-date: /home/tj/ros2_ws/install/turtlesim/include/turtlesim/turtlesim/msg/detail/color__type_support.cpp
[20.663s] -- Up-to-date: /home/tj/ros2_ws/install/turtlesim/include/turtlesim/turtlesim/msg/detail/pose__rosidl_typesupport_introspection_cpp.hpp
[20.663s] -- Up-to-date: /home/tj/ros2_ws/install/turtlesim/include/turtlesim/turtlesim/msg/detail/color__rosidl_typesupport_introspection_cpp.hpp
[20.663s] -- Up-to-date: /home/tj/ros2_ws/install/turtlesim/include/turtlesim/turtlesim/msg/detail/pose__type_support.cpp
[20.666s] -- Up-to-date: /home/tj/ros2_ws/install/turtlesim/include/turtlesim/turtlesim/action
[20.666s] -- Up-to-date: /home/tj/ros2_ws/install/turtlesim/include/turtlesim/turtlesim/action/detail
[20.666s] -- Up-to-date: /home/tj/ros2_ws/install/turtlesim/include/turtlesim/turtlesim/action/detail/rotate_absolute__type_support.cpp
[20.666s] -- Up-to-date: /home/tj/ros2_ws/install/turtlesim/include/turtlesim/turtlesim/action/detail/rotate_absolute__rosidl_typesupport_introspection_cpp.hpp
[20.670s] -- Up-to-date: /home/tj/ros2_ws/install/turtlesim/lib/libturtlesim__rosidl_typesupport_introspection_cpp.so
[20.670s] -- Up-to-date: /home/tj/ros2_ws/install/turtlesim/lib/libturtlesim__rosidl_typesupport_cpp.so
[20.679s] -- Up-to-date: /home/tj/ros2_ws/install/turtlesim/share/turtlesim/environment/pythonpath.sh
[20.689s] -- Up-to-date: /home/tj/ros2_ws/install/turtlesim/share/turtlesim/environment/pythonpath.dsv
[20.692s] -- Up-to-date: /home/tj/ros2_ws/install/turtlesim/local/lib/python3.10/dist-packages/turtlesim-1.4.2-py3.10.egg-info
[20.725s] -- Installing: /home/tj/ros2_ws/install/turtlesim/local/lib/python3.10/dist-packages/turtlesim-1.4.2-py3.10.egg-info/top_level.txt
[20.725s] -- Installing: /home/tj/ros2_ws/install/turtlesim/local/lib/python3.10/dist-packages/turtlesim-1.4.2-py3.10.egg-info/PKG-INFO
[20.725s] -- Installing: /home/tj/ros2_ws/install/turtlesim/local/lib/python3.10/dist-packages/turtlesim-1.4.2-py3.10.egg-info/dependency_links.txt
[20.737s] -- Installing: /home/tj/ros2_ws/install/turtlesim/local/lib/python3.10/dist-packages/turtlesim-1.4.2-py3.10.egg-info/SOURCES.txt
[20.737s] -- Up-to-date: /home/tj/ros2_ws/install/turtlesim/local/lib/python3.10/dist-packages/turtlesim
[20.740s] -- Up-to-date: /home/tj/ros2_ws/install/turtlesim/local/lib/python3.10/dist-packages/turtlesim/__init__.py
[20.740s] -- Up-to-date: /home/tj/ros2_ws/install/turtlesim/local/lib/python3.10/dist-packages/turtlesim/_turtlesim_s.ep.rosidl_typesupport_introspection_c.c
[20.740s] -- Up-to-date: /home/tj/ros2_ws/install/turtlesim/local/lib/python3.10/dist-packages/turtlesim/srv
[20.740s] -- Up-to-date: /home/tj/ros2_ws/install/turtlesim/local/lib/python3.10/dist-packages/turtlesim/srv/__init__.py
[20.740s] -- Up-to-date: /home/tj/ros2_ws/install/turtlesim/local/lib/python3.10/dist-packages/turtlesim/srv/_spawn_s.c
[20.740s] -- Up-to-date: /home/tj/ros2_ws/install/turtlesim/local/lib/python3.10/dist-packages/turtlesim/srv/_teleport_absolute.py
[20.740s] -- Up-to-date: /home/tj/ros2_ws/install/turtlesim/local/lib/python3.10/dist-packages/turtlesim/srv/_set_pen_s.c
[20.757s] -- Up-to-date: /home/tj/ros2_ws/install/turtlesim/local/lib/python3.10/dist-packages/turtlesim/srv/_teleport_absolute_s.c
[20.758s] -- Up-to-date: /home/tj/ros2_ws/install/turtlesim/local/lib/python3.10/dist-packages/turtlesim/srv/_teleport_relative_s.c
[20.759s] -- Up-to-date: /home/tj/ros2_ws/install/turtlesim/local/lib/python3.10/dist-packages/turtlesim/srv/_spawn.py
[20.759s] -- Up-to-date: /home/tj/ros2_ws/install/turtlesim/local/lib/python3.10/dist-packages/turtlesim/srv/_teleport_relative.py
[20.759s] -- Up-to-date: /home/tj/ros2_ws/install/turtlesim/local/lib/python3.10/dist-packages/turtlesim/srv/_kill_s.c
[20.759s] -- Up-to-date: /home/tj/ros2_ws/install/turtlesim/local/lib/python3.10/dist-packages/turtlesim/srv/_kill.py
[20.759s] -- Up-to-date: /home/tj/ros2_ws/install/turtlesim/local/lib/python3.10/dist-packages/turtlesim/srv/_set_pen.py
[20.759s] -- Up-to-date: /home/tj/ros2_ws/install/turtlesim/local/lib/python3.10/dist-packages/turtlesim/turtlesim_s__rosidl_typesupport_introspection_c.cpython-310-x86_64-linux-gnu.so
[20.759s] -- Up-to-date: /home/tj/ros2_ws/install/turtlesim/local/lib/python3.10/dist-packages/turtlesim/_turtlesim_s.ep.rosidl_typesupport_c.c
[20.759s] -- Up-to-date: /home/tj/ros2_ws/install/turtlesim/local/lib/python3.10/dist-packages/turtlesim/turtlesim_s__rosidl_typesupport_fastrtps_c.cpython-310-x86_64-linux-gnu.so
[20.759s] -- Up-to-date: /home/tj/ros2_ws/install/turtlesim/local/lib/python3.10/dist-packages/turtlesim/msg
[20.759s] -- Up-to-date: /home/tj/ros2_ws/install/turtlesim/local/lib/python3.10/dist-packages/turtlesim/msg/__init__.py
[20.760s] -- Up-to-date: /home/tj/ros2_ws/install/turtlesim/local/lib/python3.10/dist-packages/turtlesim/msg/_pose_s.c
[20.760s] -- Up-to-date: /home/tj/ros2_ws/install/turtlesim/local/lib/python3.10/dist-packages/turtlesim/msg/_color.py
[20.760s] -- Up-to-date: /home/tj/ros2_ws/install/turtlesim/local/lib/python3.10/dist-packages/turtlesim/msg/_pose.py
[20.760s] -- Up-to-date: /home/tj/ros2_ws/install/turtlesim/local/lib/python3.10/dist-packages/turtlesim/msg/_color_s.c
[20.760s] -- Up-to-date: /home/tj/ros2_ws/install/turtlesim/local/lib/python3.10/dist-packages/turtlesim/turtlesim_s__rosidl_typesupport_c.cpython-310-x86_64-linux-gnu.so
[20.761s] -- Up-to-date: /home/tj/ros2_ws/install/turtlesim/local/lib/python3.10/dist-packages/turtlesim/libturtlesim__rosidl_generator_py.so
[20.761s] -- Up-to-date: /home/tj/ros2_ws/install/turtlesim/local/lib/python3.10/dist-packages/turtlesim/action
[20.764s] -- Up-to-date: /home/tj/ros2_ws/install/turtlesim/local/lib/python3.10/dist-packages/turtlesim/action/__init__.py
[20.764s] -- Up-to-date: /home/tj/ros2_ws/install/turtlesim/local/lib/python3.10/dist-packages/turtlesim/action/_rotate_absolute_s.c
[20.764s] -- Up-to-date: /home/tj/ros2_ws/install/turtlesim/local/lib/python3.10/dist-packages/turtlesim/action/_rotate_absolute.py
[20.764s] -- Up-to-date: /home/tj/ros2_ws/install/turtlesim/local/lib/python3.10/dist-packages/turtlesim/_turtlesim_s.ep.rosidl_typesupport_fastrtps_c.c
[21.028s] Listing '/home/tj/ros2_ws/install/turtlesim/local/lib/python3.10/dist-packages/turtlesim'...
[21.028s] Listing '/home/tj/ros2_ws/install/turtlesim/local/lib/python3.10/dist-packages/turtlesim/action'...
[21.029s] Listing '/home/tj/ros2_ws/install/turtlesim/local/lib/python3.10/dist-packages/turtlesim/msg'...
[21.029s] Listing '/home/tj/ros2_ws/install/turtlesim/local/lib/python3.10/dist-packages/turtlesim/srv'...
[21.040s] -- Up-to-date: /home/tj/ros2_ws/install/turtlesim/local/lib/python3.10/dist-packages/turtlesim/turtlesim_s__rosidl_typesupport_fastrtps_c.cpython-310-x86_64-linux-gnu.so
[21.046s] -- Up-to-date: /home/tj/ros2_ws/install/turtlesim/local/lib/python3.10/dist-packages/turtlesim/turtlesim_s__rosidl_typesupport_introspection_c.cpython-310-x86_64-linux-gnu.so
[21.046s] -- Up-to-date: /home/tj/ros2_ws/install/turtlesim/local/lib/python3.10/dist-packages/turtlesim/turtlesim_s__rosidl_typesupport_c.cpython-310-x86_64-linux-gnu.so
[21.050s] -- Up-to-date: /home/tj/ros2_ws/install/turtlesim/lib/libturtlesim__rosidl_generator_py.so
[21.050s] -- Up-to-date: /home/tj/ros2_ws/install/turtlesim/share/turtlesim/action/RotateAbsolute.idl
[21.052s] -- Up-to-date: /home/tj/ros2_ws/install/turtlesim/share/turtlesim/msg/Color.idl
[21.052s] -- Up-to-date: /home/tj/ros2_ws/install/turtlesim/share/turtlesim/msg/Pose.idl
[21.053s] -- Up-to-date: /home/tj/ros2_ws/install/turtlesim/share/turtlesim/srv/Kill.idl
[21.053s] -- Up-to-date: /home/tj/ros2_ws/install/turtlesim/share/turtlesim/srv/SetPen.idl
[21.053s] -- Up-to-date: /home/tj/ros2_ws/install/turtlesim/share/turtlesim/srv/Spawn.idl
[21.054s] -- Up-to-date: /home/tj/ros2_ws/install/turtlesim/share/turtlesim/srv/TeleportAbsolute.idl
[21.054s] -- Up-to-date: /home/tj/ros2_ws/install/turtlesim/share/turtlesim/srv/TeleportRelative.idl
[21.054s] -- Up-to-date: /home/tj/ros2_ws/install/turtlesim/share/turtlesim/action/RotateAbsolute.action
[21.054s] -- Up-to-date: /home/tj/ros2_ws/install/turtlesim/share/turtlesim/msg/Color.msg
[21.055s] -- Up-to-date: /home/tj/ros2_ws/install/turtlesim/share/turtlesim/msg/Pose.msg
[21.055s] -- Up-to-date: /home/tj/ros2_ws/install/turtlesim/share/turtlesim/srv/Kill.srv
[21.055s] -- Up-to-date: /home/tj/ros2_ws/install/turtlesim/share/turtlesim/srv/Kill_Request.msg
[21.056s] -- Up-to-date: /home/tj/ros2_ws/install/turtlesim/share/turtlesim/srv/Kill_Response.msg
[21.056s] -- Up-to-date: /home/tj/ros2_ws/install/turtlesim/share/turtlesim/srv/SetPen.srv
[21.056s] -- Up-to-date: /home/tj/ros2_ws/install/turtlesim/share/turtlesim/srv/SetPen_Request.msg
[21.057s] -- Up-to-date: /home/tj/ros2_ws/install/turtlesim/share/turtlesim/srv/SetPen_Response.msg
[21.057s] -- Up-to-date: /home/tj/ros2_ws/install/turtlesim/share/turtlesim/srv/Spawn.srv
[21.057s] -- Up-to-date: /home/tj/ros2_ws/install/turtlesim/share/turtlesim/srv/Spawn_Request.msg
[21.057s] -- Up-to-date: /home/tj/ros2_ws/install/turtlesim/share/turtlesim/srv/Spawn_Response.msg
[21.058s] -- Up-to-date: /home/tj/ros2_ws/install/turtlesim/share/turtlesim/srv/TeleportAbsolute.srv
[21.058s] -- Up-to-date: /home/tj/ros2_ws/install/turtlesim/share/turtlesim/srv/TeleportAbsolute_Request.msg
[21.058s] -- Up-to-date: /home/tj/ros2_ws/install/turtlesim/share/turtlesim/srv/TeleportAbsolute_Response.msg
[21.058s] -- Up-to-date: /home/tj/ros2_ws/install/turtlesim/share/turtlesim/srv/TeleportRelative.srv
[21.058s] -- Up-to-date: /home/tj/ros2_ws/install/turtlesim/share/turtlesim/srv/TeleportRelative_Request.msg
[21.058s] -- Up-to-date: /home/tj/ros2_ws/install/turtlesim/share/turtlesim/srv/TeleportRelative_Response.msg
[21.071s] -- Up-to-date: /home/tj/ros2_ws/install/turtlesim/lib/turtlesim/turtlesim_node
[21.125s] -- Up-to-date: /home/tj/ros2_ws/install/turtlesim/lib/turtlesim/turtle_teleop_key
[21.154s] -- Up-to-date: /home/tj/ros2_ws/install/turtlesim/lib/turtlesim/draw_square
[21.177s] -- Up-to-date: /home/tj/ros2_ws/install/turtlesim/lib/turtlesim/mimic
[21.178s] -- Up-to-date: /home/tj/ros2_ws/install/turtlesim/share/turtlesim/images
[21.179s] -- Up-to-date: /home/tj/ros2_ws/install/turtlesim/share/turtlesim/images/galactic.png
[21.179s] -- Up-to-date: /home/tj/ros2_ws/install/turtlesim/share/turtlesim/images/crystal.png
[21.179s] -- Up-to-date: /home/tj/ros2_ws/install/turtlesim/share/turtlesim/images/foxy.png
[21.180s] -- Up-to-date: /home/tj/ros2_ws/install/turtlesim/share/turtlesim/images/rolling.png
[21.180s] -- Up-to-date: /home/tj/ros2_ws/install/turtlesim/share/turtlesim/images/bouncy.png
[21.180s] -- Up-to-date: /home/tj/ros2_ws/install/turtlesim/share/turtlesim/images/humble.png
[21.180s] -- Up-to-date: /home/tj/ros2_ws/install/turtlesim/share/turtlesim/images/eloquent.png
[21.180s] -- Up-to-date: /home/tj/ros2_ws/install/turtlesim/share/turtlesim/images/ardent.png
[21.180s] -- Up-to-date: /home/tj/ros2_ws/install/turtlesim/share/turtlesim/images/dashing.png
[21.180s] -- Up-to-date: /home/tj/ros2_ws/install/turtlesim/share/turtlesim/launch
[21.198s] -- Up-to-date: /home/tj/ros2_ws/install/turtlesim/share/turtlesim/launch/multisim.launch.py
[21.200s] -- Up-to-date: /home/tj/ros2_ws/install/turtlesim/share/ament_index/resource_index/package_run_dependencies/turtlesim
[21.200s] -- Up-to-date: /home/tj/ros2_ws/install/turtlesim/share/ament_index/resource_index/parent_prefix_path/turtlesim
[21.200s] -- Up-to-date: /home/tj/ros2_ws/install/turtlesim/share/turtlesim/environment/ament_prefix_path.sh
[21.200s] -- Up-to-date: /home/tj/ros2_ws/install/turtlesim/share/turtlesim/environment/ament_prefix_path.dsv
[21.200s] -- Up-to-date: /home/tj/ros2_ws/install/turtlesim/share/turtlesim/environment/path.sh
[21.200s] -- Up-to-date: /home/tj/ros2_ws/install/turtlesim/share/turtlesim/environment/path.dsv
[21.200s] -- Up-to-date: /home/tj/ros2_ws/install/turtlesim/share/turtlesim/local_setup.bash
[21.200s] -- Up-to-date: /home/tj/ros2_ws/install/turtlesim/share/turtlesim/local_setup.sh
[21.200s] -- Up-to-date: /home/tj/ros2_ws/install/turtlesim/share/turtlesim/local_setup.zsh
[21.200s] -- Up-to-date: /home/tj/ros2_ws/install/turtlesim/share/turtlesim/local_setup.dsv
[21.200s] -- Installing: /home/tj/ros2_ws/install/turtlesim/share/turtlesim/package.dsv
[21.201s] -- Up-to-date: /home/tj/ros2_ws/install/turtlesim/share/ament_index/resource_index/packages/turtlesim
[21.297s] -- Up-to-date: /home/tj/ros2_ws/install/turtlesim/share/turtlesim/cmake/export_turtlesim__rosidl_generator_cExport.cmake
[21.317s] -- Up-to-date: /home/tj/ros2_ws/install/turtlesim/share/turtlesim/cmake/export_turtlesim__rosidl_generator_cExport-noconfig.cmake
[21.338s] -- Up-to-date: /home/tj/ros2_ws/install/turtlesim/share/turtlesim/cmake/export_turtlesim__rosidl_typesupport_fastrtps_cExport.cmake
[21.342s] -- Up-to-date: /home/tj/ros2_ws/install/turtlesim/share/turtlesim/cmake/export_turtlesim__rosidl_typesupport_fastrtps_cExport-noconfig.cmake
[21.342s] -- Up-to-date: /home/tj/ros2_ws/install/turtlesim/share/turtlesim/cmake/export_turtlesim__rosidl_generator_cppExport.cmake
[21.342s] -- Up-to-date: /home/tj/ros2_ws/install/turtlesim/share/turtlesim/cmake/export_turtlesim__rosidl_typesupport_fastrtps_cppExport.cmake
[21.342s] -- Up-to-date: /home/tj/ros2_ws/install/turtlesim/share/turtlesim/cmake/export_turtlesim__rosidl_typesupport_fastrtps_cppExport-noconfig.cmake
[21.372s] -- Up-to-date: /home/tj/ros2_ws/install/turtlesim/share/turtlesim/cmake/turtlesim__rosidl_typesupport_introspection_cExport.cmake
[21.372s] -- Up-to-date: /home/tj/ros2_ws/install/turtlesim/share/turtlesim/cmake/turtlesim__rosidl_typesupport_introspection_cExport-noconfig.cmake
[21.407s] -- Up-to-date: /home/tj/ros2_ws/install/turtlesim/share/turtlesim/cmake/turtlesim__rosidl_typesupport_cExport.cmake
[21.408s] -- Up-to-date: /home/tj/ros2_ws/install/turtlesim/share/turtlesim/cmake/turtlesim__rosidl_typesupport_cExport-noconfig.cmake
[21.453s] -- Up-to-date: /home/tj/ros2_ws/install/turtlesim/share/turtlesim/cmake/turtlesim__rosidl_typesupport_introspection_cppExport.cmake
[21.457s] -- Up-to-date: /home/tj/ros2_ws/install/turtlesim/share/turtlesim/cmake/turtlesim__rosidl_typesupport_introspection_cppExport-noconfig.cmake
[21.499s] -- Up-to-date: /home/tj/ros2_ws/install/turtlesim/share/turtlesim/cmake/turtlesim__rosidl_typesupport_cppExport.cmake
[21.499s] -- Up-to-date: /home/tj/ros2_ws/install/turtlesim/share/turtlesim/cmake/turtlesim__rosidl_typesupport_cppExport-noconfig.cmake
[21.519s] -- Up-to-date: /home/tj/ros2_ws/install/turtlesim/share/turtlesim/cmake/export_turtlesim__rosidl_generator_pyExport.cmake
[21.519s] -- Up-to-date: /home/tj/ros2_ws/install/turtlesim/share/turtlesim/cmake/export_turtlesim__rosidl_generator_pyExport-noconfig.cmake
[21.519s] -- Up-to-date: /home/tj/ros2_ws/install/turtlesim/share/turtlesim/cmake/rosidl_cmake-extras.cmake
[21.520s] -- Up-to-date: /home/tj/ros2_ws/install/turtlesim/share/turtlesim/cmake/ament_cmake_export_dependencies-extras.cmake
[21.520s] -- Up-to-date: /home/tj/ros2_ws/install/turtlesim/share/turtlesim/cmake/ament_cmake_export_include_directories-extras.cmake
[21.520s] -- Up-to-date: /home/tj/ros2_ws/install/turtlesim/share/turtlesim/cmake/ament_cmake_export_libraries-extras.cmake
[21.520s] -- Up-to-date: /home/tj/ros2_ws/install/turtlesim/share/turtlesim/cmake/ament_cmake_export_targets-extras.cmake
[21.520s] -- Up-to-date: /home/tj/ros2_ws/install/turtlesim/share/turtlesim/cmake/rosidl_cmake_export_typesupport_targets-extras.cmake
[21.520s] -- Up-to-date: /home/tj/ros2_ws/install/turtlesim/share/turtlesim/cmake/rosidl_cmake_export_typesupport_libraries-extras.cmake
[21.520s] -- Up-to-date: /home/tj/ros2_ws/install/turtlesim/share/turtlesim/cmake/turtlesimConfig.cmake
[21.520s] -- Up-to-date: /home/tj/ros2_ws/install/turtlesim/share/turtlesim/cmake/turtlesimConfig-version.cmake
[21.520s] -- Up-to-date: /home/tj/ros2_ws/install/turtlesim/share/turtlesim/package.xml
[21.532s] Invoked command in '/home/tj/ros2_ws/build/turtlesim' returned '0': CMAKE_PREFIX_PATH=${CMAKE_PREFIX_PATH}:/home/tj/ros2_ws/install/python_parameters:/home/tj/ros2_ws/install/py_srvcli:/home/tj/ros2_ws/install/py_pubsub:/opt/ros/humble /usr/bin/cmake --install /home/tj/ros2_ws/build/turtlesim
