[0.562s] Invoking command in '/home/tj/ros2_ws/src/python_parameters': PYTHONPATH=/home/tj/ros2_ws/build/python_parameters/prefix_override:/usr/lib/python3/dist-packages/colcon_core/task/python/colcon_distutils_commands:/home/tj/ros2_ws/install/python_parameters/lib/python3.10/site-packages:${PYTHONPATH} /usr/bin/python3 -W ignore:setup.py install is deprecated setup.py egg_info --egg-base ../../build/python_parameters build --build-base /home/tj/ros2_ws/build/python_parameters/build install --record /home/tj/ros2_ws/build/python_parameters/install.log --single-version-externally-managed install_data
[0.775s] running egg_info
[0.776s] writing ../../build/python_parameters/python_parameters.egg-info/PKG-INFO
[0.777s] writing dependency_links to ../../build/python_parameters/python_parameters.egg-info/dependency_links.txt
[0.777s] writing entry points to ../../build/python_parameters/python_parameters.egg-info/entry_points.txt
[0.777s] writing requirements to ../../build/python_parameters/python_parameters.egg-info/requires.txt
[0.777s] writing top-level names to ../../build/python_parameters/python_parameters.egg-info/top_level.txt
[0.779s] reading manifest file '../../build/python_parameters/python_parameters.egg-info/SOURCES.txt'
[0.779s] writing manifest file '../../build/python_parameters/python_parameters.egg-info/SOURCES.txt'
[0.780s] running build
[0.780s] running build_py
[0.780s] copying python_parameters/python_parameters_node.py -> /home/tj/ros2_ws/build/python_parameters/build/lib/python_parameters
[0.780s] running install
[0.781s] running install_lib
[0.782s] copying /home/tj/ros2_ws/build/python_parameters/build/lib/python_parameters/python_parameters_node.py -> /home/tj/ros2_ws/install/python_parameters/lib/python3.10/site-packages/python_parameters
[0.782s] byte-compiling /home/tj/ros2_ws/install/python_parameters/lib/python3.10/site-packages/python_parameters/python_parameters_node.py to python_parameters_node.cpython-310.pyc
[0.783s] running install_data
[0.783s] running install_egg_info
[0.784s] removing '/home/tj/ros2_ws/install/python_parameters/lib/python3.10/site-packages/python_parameters-0.0.0-py3.10.egg-info' (and everything under it)
[0.786s] Copying ../../build/python_parameters/python_parameters.egg-info to /home/tj/ros2_ws/install/python_parameters/lib/python3.10/site-packages/python_parameters-0.0.0-py3.10.egg-info
[0.787s] running install_scripts
[0.808s] Installing minimal_param_node script to /home/tj/ros2_ws/install/python_parameters/lib/python_parameters
[0.809s] writing list of installed files to '/home/tj/ros2_ws/build/python_parameters/install.log'
[0.827s] Invoked command in '/home/tj/ros2_ws/src/python_parameters' returned '0': PYTHONPATH=/home/tj/ros2_ws/build/python_parameters/prefix_override:/usr/lib/python3/dist-packages/colcon_core/task/python/colcon_distutils_commands:/home/tj/ros2_ws/install/python_parameters/lib/python3.10/site-packages:${PYTHONPATH} /usr/bin/python3 -W ignore:setup.py install is deprecated setup.py egg_info --egg-base ../../build/python_parameters build --build-base /home/tj/ros2_ws/build/python_parameters/build install --record /home/tj/ros2_ws/build/python_parameters/install.log --single-version-externally-managed install_data
