[0.624s] Invoking command in '/home/tj/ros2_ws/build/my_package': CMAKE_PREFIX_PATH=${CMAKE_PREFIX_PATH}:/home/tj/ros2_ws/install/python_parameters:/home/tj/ros2_ws/install/py_srvcli:/home/tj/ros2_ws/install/py_pubsub:/opt/ros/humble /usr/bin/cmake --build /home/tj/ros2_ws/build/my_package -- -j8 -l8
[7.817s] [100%] Built target my_node
[7.981s] Invoked command in '/home/tj/ros2_ws/build/my_package' returned '0': CMAKE_PREFIX_PATH=${CMAKE_PREFIX_PATH}:/home/tj/ros2_ws/install/python_parameters:/home/tj/ros2_ws/install/py_srvcli:/home/tj/ros2_ws/install/py_pubsub:/opt/ros/humble /usr/bin/cmake --build /home/tj/ros2_ws/build/my_package -- -j8 -l8
[8.730s] Invoking command in '/home/tj/ros2_ws/build/my_package': CMAKE_PREFIX_PATH=${CMAKE_PREFIX_PATH}:/home/tj/ros2_ws/install/python_parameters:/home/tj/ros2_ws/install/py_srvcli:/home/tj/ros2_ws/install/py_pubsub:/opt/ros/humble /usr/bin/cmake --install /home/tj/ros2_ws/build/my_package
[9.199s] -- Install configuration: ""
[9.199s] -- Up-to-date: /home/tj/ros2_ws/install/my_package/lib/my_package/my_node
[9.199s] -- Up-to-date: /home/tj/ros2_ws/install/my_package/share/ament_index/resource_index/package_run_dependencies/my_package
[9.199s] -- Up-to-date: /home/tj/ros2_ws/install/my_package/share/ament_index/resource_index/parent_prefix_path/my_package
[9.200s] -- Up-to-date: /home/tj/ros2_ws/install/my_package/share/my_package/environment/ament_prefix_path.sh
[9.200s] -- Up-to-date: /home/tj/ros2_ws/install/my_package/share/my_package/environment/ament_prefix_path.dsv
[9.209s] -- Up-to-date: /home/tj/ros2_ws/install/my_package/share/my_package/environment/path.sh
[9.211s] -- Up-to-date: /home/tj/ros2_ws/install/my_package/share/my_package/environment/path.dsv
[9.211s] -- Up-to-date: /home/tj/ros2_ws/install/my_package/share/my_package/local_setup.bash
[9.211s] -- Up-to-date: /home/tj/ros2_ws/install/my_package/share/my_package/local_setup.sh
[9.212s] -- Up-to-date: /home/tj/ros2_ws/install/my_package/share/my_package/local_setup.zsh
[9.212s] -- Up-to-date: /home/tj/ros2_ws/install/my_package/share/my_package/local_setup.dsv
[9.222s] -- Installing: /home/tj/ros2_ws/install/my_package/share/my_package/package.dsv
[9.222s] -- Up-to-date: /home/tj/ros2_ws/install/my_package/share/ament_index/resource_index/packages/my_package
[9.222s] -- Up-to-date: /home/tj/ros2_ws/install/my_package/share/my_package/cmake/my_packageConfig.cmake
[9.222s] -- Up-to-date: /home/tj/ros2_ws/install/my_package/share/my_package/cmake/my_packageConfig-version.cmake
[9.222s] -- Up-to-date: /home/tj/ros2_ws/install/my_package/share/my_package/package.xml
[9.436s] Invoked command in '/home/tj/ros2_ws/build/my_package' returned '0': CMAKE_PREFIX_PATH=${CMAKE_PREFIX_PATH}:/home/tj/ros2_ws/install/python_parameters:/home/tj/ros2_ws/install/py_srvcli:/home/tj/ros2_ws/install/py_pubsub:/opt/ros/humble /usr/bin/cmake --install /home/tj/ros2_ws/build/my_package
