[0.315s] Invoking command in '/home/tj/ros2_ws/build/tutorial_interfaces': CMAKE_PREFIX_PATH=${CMAKE_PREFIX_PATH}:/home/tj/ros2_ws/install/tutorial_interfaces:/home/tj/ros2_ws/install/python_parameters:/home/tj/ros2_ws/install/py_srvcli:/home/tj/ros2_ws/install/py_pubsub:/home/tj/ros2_ws/install/my_package:/opt/ros/humble /usr/bin/cmake --build /home/tj/ros2_ws/build/tutorial_interfaces -- -j8 -l8
[1.763s] [  0%] Built target ament_cmake_python_copy_tutorial_interfaces
[1.778s] [ 10%] Built target tutorial_interfaces__rosidl_generator_c
[1.778s] [ 12%] Built target tutorial_interfaces__cpp
[2.232s] [ 27%] Built target tutorial_interfaces__rosidl_typesupport_fastrtps_cpp
[2.232s] [ 34%] Built target tutorial_interfaces__rosidl_typesupport_cpp
[2.320s] [ 44%] Built target tutorial_interfaces__rosidl_typesupport_introspection_c
[2.642s] [ 57%] Built target tutorial_interfaces__rosidl_typesupport_c
[2.642s] [ 65%] Built target tutorial_interfaces__rosidl_typesupport_introspection_cpp
[2.676s] [ 76%] Built target tutorial_interfaces__rosidl_typesupport_fastrtps_c
[2.873s] [ 76%] Built target tutorial_interfaces
[3.482s] [ 78%] Built target tutorial_interfaces__py
[3.835s] running egg_info
[3.879s] writing tutorial_interfaces.egg-info/PKG-INFO
[3.879s] writing dependency_links to tutorial_interfaces.egg-info/dependency_links.txt
[3.922s] writing top-level names to tutorial_interfaces.egg-info/top_level.txt
[3.938s] reading manifest file 'tutorial_interfaces.egg-info/SOURCES.txt'
[3.975s] writing manifest file 'tutorial_interfaces.egg-info/SOURCES.txt'
[4.112s] [ 87%] Built target tutorial_interfaces__rosidl_generator_py
[4.261s] [ 87%] Built target ament_cmake_python_build_tutorial_interfaces_egg
[4.403s] [ 91%] Built target tutorial_interfaces__rosidl_typesupport_fastrtps_c__pyext
[4.631s] [ 95%] Built target tutorial_interfaces__rosidl_typesupport_c__pyext
[4.631s] [100%] Built target tutorial_interfaces__rosidl_typesupport_introspection_c__pyext
[4.733s] Invoked command in '/home/tj/ros2_ws/build/tutorial_interfaces' returned '0': CMAKE_PREFIX_PATH=${CMAKE_PREFIX_PATH}:/home/tj/ros2_ws/install/tutorial_interfaces:/home/tj/ros2_ws/install/python_parameters:/home/tj/ros2_ws/install/py_srvcli:/home/tj/ros2_ws/install/py_pubsub:/home/tj/ros2_ws/install/my_package:/opt/ros/humble /usr/bin/cmake --build /home/tj/ros2_ws/build/tutorial_interfaces -- -j8 -l8
[7.639s] Invoking command in '/home/tj/ros2_ws/build/tutorial_interfaces': CMAKE_PREFIX_PATH=${CMAKE_PREFIX_PATH}:/home/tj/ros2_ws/install/tutorial_interfaces:/home/tj/ros2_ws/install/python_parameters:/home/tj/ros2_ws/install/py_srvcli:/home/tj/ros2_ws/install/py_pubsub:/home/tj/ros2_ws/install/my_package:/opt/ros/humble /usr/bin/cmake --install /home/tj/ros2_ws/build/tutorial_interfaces
[7.680s] -- Install configuration: ""
[7.680s] -- Up-to-date: /home/tj/ros2_ws/install/tutorial_interfaces/share/ament_index/resource_index/rosidl_interfaces/tutorial_interfaces
[7.680s] -- Up-to-date: /home/tj/ros2_ws/install/tutorial_interfaces/include/tutorial_interfaces/tutorial_interfaces
[7.680s] -- Up-to-date: /home/tj/ros2_ws/install/tutorial_interfaces/include/tutorial_interfaces/tutorial_interfaces/srv
[7.680s] -- Up-to-date: /home/tj/ros2_ws/install/tutorial_interfaces/include/tutorial_interfaces/tutorial_interfaces/srv/add_three_ints.h
[7.680s] -- Up-to-date: /home/tj/ros2_ws/install/tutorial_interfaces/include/tutorial_interfaces/tutorial_interfaces/srv/detail
[7.680s] -- Up-to-date: /home/tj/ros2_ws/install/tutorial_interfaces/include/tutorial_interfaces/tutorial_interfaces/srv/detail/add_three_ints__struct.h
[7.680s] -- Up-to-date: /home/tj/ros2_ws/install/tutorial_interfaces/include/tutorial_interfaces/tutorial_interfaces/srv/detail/add_three_ints__functions.c
[7.680s] -- Up-to-date: /home/tj/ros2_ws/install/tutorial_interfaces/include/tutorial_interfaces/tutorial_interfaces/srv/detail/add_three_ints__type_support.h
[7.680s] -- Up-to-date: /home/tj/ros2_ws/install/tutorial_interfaces/include/tutorial_interfaces/tutorial_interfaces/srv/detail/add_three_ints__functions.h
[7.680s] -- Up-to-date: /home/tj/ros2_ws/install/tutorial_interfaces/include/tutorial_interfaces/tutorial_interfaces/msg
[7.695s] -- Up-to-date: /home/tj/ros2_ws/install/tutorial_interfaces/include/tutorial_interfaces/tutorial_interfaces/msg/num.h
[7.695s] -- Up-to-date: /home/tj/ros2_ws/install/tutorial_interfaces/include/tutorial_interfaces/tutorial_interfaces/msg/rosidl_generator_c__visibility_control.h
[7.695s] -- Up-to-date: /home/tj/ros2_ws/install/tutorial_interfaces/include/tutorial_interfaces/tutorial_interfaces/msg/detail
[7.695s] -- Up-to-date: /home/tj/ros2_ws/install/tutorial_interfaces/include/tutorial_interfaces/tutorial_interfaces/msg/detail/sphere__struct.h
[7.695s] -- Up-to-date: /home/tj/ros2_ws/install/tutorial_interfaces/include/tutorial_interfaces/tutorial_interfaces/msg/detail/num__functions.h
[7.695s] -- Up-to-date: /home/tj/ros2_ws/install/tutorial_interfaces/include/tutorial_interfaces/tutorial_interfaces/msg/detail/sphere__functions.h
[7.695s] -- Up-to-date: /home/tj/ros2_ws/install/tutorial_interfaces/include/tutorial_interfaces/tutorial_interfaces/msg/detail/sphere__type_support.h
[7.695s] -- Up-to-date: /home/tj/ros2_ws/install/tutorial_interfaces/include/tutorial_interfaces/tutorial_interfaces/msg/detail/sphere__functions.c
[7.695s] -- Up-to-date: /home/tj/ros2_ws/install/tutorial_interfaces/include/tutorial_interfaces/tutorial_interfaces/msg/detail/num__struct.h
[7.695s] -- Up-to-date: /home/tj/ros2_ws/install/tutorial_interfaces/include/tutorial_interfaces/tutorial_interfaces/msg/detail/num__type_support.h
[7.695s] -- Up-to-date: /home/tj/ros2_ws/install/tutorial_interfaces/include/tutorial_interfaces/tutorial_interfaces/msg/detail/num__functions.c
[7.695s] -- Up-to-date: /home/tj/ros2_ws/install/tutorial_interfaces/include/tutorial_interfaces/tutorial_interfaces/msg/sphere.h
[7.695s] -- Up-to-date: /home/tj/ros2_ws/install/tutorial_interfaces/share/tutorial_interfaces/environment/library_path.sh
[7.695s] -- Up-to-date: /home/tj/ros2_ws/install/tutorial_interfaces/share/tutorial_interfaces/environment/library_path.dsv
[7.711s] -- Up-to-date: /home/tj/ros2_ws/install/tutorial_interfaces/lib/libtutorial_interfaces__rosidl_generator_c.so
[7.711s] -- Up-to-date: /home/tj/ros2_ws/install/tutorial_interfaces/include/tutorial_interfaces/tutorial_interfaces
[7.711s] -- Up-to-date: /home/tj/ros2_ws/install/tutorial_interfaces/include/tutorial_interfaces/tutorial_interfaces/srv
[7.711s] -- Up-to-date: /home/tj/ros2_ws/install/tutorial_interfaces/include/tutorial_interfaces/tutorial_interfaces/srv/detail
[7.712s] -- Up-to-date: /home/tj/ros2_ws/install/tutorial_interfaces/include/tutorial_interfaces/tutorial_interfaces/srv/detail/add_three_ints__rosidl_typesupport_fastrtps_c.h
[7.712s] -- Up-to-date: /home/tj/ros2_ws/install/tutorial_interfaces/include/tutorial_interfaces/tutorial_interfaces/msg
[7.712s] -- Up-to-date: /home/tj/ros2_ws/install/tutorial_interfaces/include/tutorial_interfaces/tutorial_interfaces/msg/rosidl_typesupport_fastrtps_c__visibility_control.h
[7.712s] -- Up-to-date: /home/tj/ros2_ws/install/tutorial_interfaces/include/tutorial_interfaces/tutorial_interfaces/msg/detail
[7.712s] -- Up-to-date: /home/tj/ros2_ws/install/tutorial_interfaces/include/tutorial_interfaces/tutorial_interfaces/msg/detail/sphere__rosidl_typesupport_fastrtps_c.h
[7.715s] -- Up-to-date: /home/tj/ros2_ws/install/tutorial_interfaces/include/tutorial_interfaces/tutorial_interfaces/msg/detail/num__rosidl_typesupport_fastrtps_c.h
[7.715s] -- Up-to-date: /home/tj/ros2_ws/install/tutorial_interfaces/lib/libtutorial_interfaces__rosidl_typesupport_fastrtps_c.so
[7.717s] -- Up-to-date: /home/tj/ros2_ws/install/tutorial_interfaces/include/tutorial_interfaces/tutorial_interfaces
[7.717s] -- Up-to-date: /home/tj/ros2_ws/install/tutorial_interfaces/include/tutorial_interfaces/tutorial_interfaces/srv
[7.717s] -- Up-to-date: /home/tj/ros2_ws/install/tutorial_interfaces/include/tutorial_interfaces/tutorial_interfaces/srv/detail
[7.717s] -- Up-to-date: /home/tj/ros2_ws/install/tutorial_interfaces/include/tutorial_interfaces/tutorial_interfaces/srv/detail/add_three_ints__struct.hpp
[7.717s] -- Up-to-date: /home/tj/ros2_ws/install/tutorial_interfaces/include/tutorial_interfaces/tutorial_interfaces/srv/detail/add_three_ints__traits.hpp
[7.717s] -- Up-to-date: /home/tj/ros2_ws/install/tutorial_interfaces/include/tutorial_interfaces/tutorial_interfaces/srv/detail/add_three_ints__builder.hpp
[7.717s] -- Up-to-date: /home/tj/ros2_ws/install/tutorial_interfaces/include/tutorial_interfaces/tutorial_interfaces/srv/add_three_ints.hpp
[7.717s] -- Up-to-date: /home/tj/ros2_ws/install/tutorial_interfaces/include/tutorial_interfaces/tutorial_interfaces/msg
[7.717s] -- Up-to-date: /home/tj/ros2_ws/install/tutorial_interfaces/include/tutorial_interfaces/tutorial_interfaces/msg/num.hpp
[7.717s] -- Up-to-date: /home/tj/ros2_ws/install/tutorial_interfaces/include/tutorial_interfaces/tutorial_interfaces/msg/detail
[7.717s] -- Up-to-date: /home/tj/ros2_ws/install/tutorial_interfaces/include/tutorial_interfaces/tutorial_interfaces/msg/detail/sphere__builder.hpp
[7.717s] -- Up-to-date: /home/tj/ros2_ws/install/tutorial_interfaces/include/tutorial_interfaces/tutorial_interfaces/msg/detail/num__struct.hpp
[7.717s] -- Up-to-date: /home/tj/ros2_ws/install/tutorial_interfaces/include/tutorial_interfaces/tutorial_interfaces/msg/detail/num__builder.hpp
[7.717s] -- Up-to-date: /home/tj/ros2_ws/install/tutorial_interfaces/include/tutorial_interfaces/tutorial_interfaces/msg/detail/sphere__struct.hpp
[7.717s] -- Up-to-date: /home/tj/ros2_ws/install/tutorial_interfaces/include/tutorial_interfaces/tutorial_interfaces/msg/detail/sphere__traits.hpp
[7.717s] -- Up-to-date: /home/tj/ros2_ws/install/tutorial_interfaces/include/tutorial_interfaces/tutorial_interfaces/msg/detail/num__traits.hpp
[7.717s] -- Up-to-date: /home/tj/ros2_ws/install/tutorial_interfaces/include/tutorial_interfaces/tutorial_interfaces/msg/sphere.hpp
[7.717s] -- Up-to-date: /home/tj/ros2_ws/install/tutorial_interfaces/include/tutorial_interfaces/tutorial_interfaces
[7.717s] -- Up-to-date: /home/tj/ros2_ws/install/tutorial_interfaces/include/tutorial_interfaces/tutorial_interfaces/srv
[7.717s] -- Up-to-date: /home/tj/ros2_ws/install/tutorial_interfaces/include/tutorial_interfaces/tutorial_interfaces/srv/detail
[7.717s] -- Up-to-date: /home/tj/ros2_ws/install/tutorial_interfaces/include/tutorial_interfaces/tutorial_interfaces/srv/detail/dds_fastrtps
[7.717s] -- Up-to-date: /home/tj/ros2_ws/install/tutorial_interfaces/include/tutorial_interfaces/tutorial_interfaces/srv/detail/add_three_ints__rosidl_typesupport_fastrtps_cpp.hpp
[7.719s] -- Up-to-date: /home/tj/ros2_ws/install/tutorial_interfaces/include/tutorial_interfaces/tutorial_interfaces/msg
[7.722s] -- Up-to-date: /home/tj/ros2_ws/install/tutorial_interfaces/include/tutorial_interfaces/tutorial_interfaces/msg/rosidl_typesupport_fastrtps_cpp__visibility_control.h
[7.731s] -- Up-to-date: /home/tj/ros2_ws/install/tutorial_interfaces/include/tutorial_interfaces/tutorial_interfaces/msg/detail
[7.731s] -- Up-to-date: /home/tj/ros2_ws/install/tutorial_interfaces/include/tutorial_interfaces/tutorial_interfaces/msg/detail/dds_fastrtps
[7.731s] -- Up-to-date: /home/tj/ros2_ws/install/tutorial_interfaces/include/tutorial_interfaces/tutorial_interfaces/msg/detail/sphere__rosidl_typesupport_fastrtps_cpp.hpp
[7.731s] -- Up-to-date: /home/tj/ros2_ws/install/tutorial_interfaces/include/tutorial_interfaces/tutorial_interfaces/msg/detail/num__rosidl_typesupport_fastrtps_cpp.hpp
[7.825s] -- Up-to-date: /home/tj/ros2_ws/install/tutorial_interfaces/lib/libtutorial_interfaces__rosidl_typesupport_fastrtps_cpp.so
[7.825s] -- Up-to-date: /home/tj/ros2_ws/install/tutorial_interfaces/include/tutorial_interfaces/tutorial_interfaces
[7.825s] -- Up-to-date: /home/tj/ros2_ws/install/tutorial_interfaces/include/tutorial_interfaces/tutorial_interfaces/srv
[7.825s] -- Up-to-date: /home/tj/ros2_ws/install/tutorial_interfaces/include/tutorial_interfaces/tutorial_interfaces/srv/detail
[7.825s] -- Up-to-date: /home/tj/ros2_ws/install/tutorial_interfaces/include/tutorial_interfaces/tutorial_interfaces/srv/detail/add_three_ints__rosidl_typesupport_introspection_c.h
[7.826s] -- Up-to-date: /home/tj/ros2_ws/install/tutorial_interfaces/include/tutorial_interfaces/tutorial_interfaces/srv/detail/add_three_ints__type_support.c
[7.826s] -- Up-to-date: /home/tj/ros2_ws/install/tutorial_interfaces/include/tutorial_interfaces/tutorial_interfaces/msg
[7.826s] -- Up-to-date: /home/tj/ros2_ws/install/tutorial_interfaces/include/tutorial_interfaces/tutorial_interfaces/msg/detail
[7.828s] -- Up-to-date: /home/tj/ros2_ws/install/tutorial_interfaces/include/tutorial_interfaces/tutorial_interfaces/msg/detail/sphere__rosidl_typesupport_introspection_c.h
[7.828s] -- Up-to-date: /home/tj/ros2_ws/install/tutorial_interfaces/include/tutorial_interfaces/tutorial_interfaces/msg/detail/num__rosidl_typesupport_introspection_c.h
[7.828s] -- Up-to-date: /home/tj/ros2_ws/install/tutorial_interfaces/include/tutorial_interfaces/tutorial_interfaces/msg/detail/num__type_support.c
[7.828s] -- Up-to-date: /home/tj/ros2_ws/install/tutorial_interfaces/include/tutorial_interfaces/tutorial_interfaces/msg/detail/sphere__type_support.c
[7.833s] -- Up-to-date: /home/tj/ros2_ws/install/tutorial_interfaces/include/tutorial_interfaces/tutorial_interfaces/msg/rosidl_typesupport_introspection_c__visibility_control.h
[7.838s] -- Up-to-date: /home/tj/ros2_ws/install/tutorial_interfaces/lib/libtutorial_interfaces__rosidl_typesupport_introspection_c.so
[7.839s] -- Up-to-date: /home/tj/ros2_ws/install/tutorial_interfaces/lib/libtutorial_interfaces__rosidl_typesupport_c.so
[7.839s] -- Up-to-date: /home/tj/ros2_ws/install/tutorial_interfaces/include/tutorial_interfaces/tutorial_interfaces
[7.839s] -- Up-to-date: /home/tj/ros2_ws/install/tutorial_interfaces/include/tutorial_interfaces/tutorial_interfaces/srv
[7.876s] -- Up-to-date: /home/tj/ros2_ws/install/tutorial_interfaces/include/tutorial_interfaces/tutorial_interfaces/srv/detail
[7.876s] -- Up-to-date: /home/tj/ros2_ws/install/tutorial_interfaces/include/tutorial_interfaces/tutorial_interfaces/srv/detail/add_three_ints__rosidl_typesupport_introspection_cpp.hpp
[7.876s] -- Up-to-date: /home/tj/ros2_ws/install/tutorial_interfaces/include/tutorial_interfaces/tutorial_interfaces/srv/detail/add_three_ints__type_support.cpp
[7.876s] -- Up-to-date: /home/tj/ros2_ws/install/tutorial_interfaces/include/tutorial_interfaces/tutorial_interfaces/msg
[7.876s] -- Up-to-date: /home/tj/ros2_ws/install/tutorial_interfaces/include/tutorial_interfaces/tutorial_interfaces/msg/detail
[7.876s] -- Up-to-date: /home/tj/ros2_ws/install/tutorial_interfaces/include/tutorial_interfaces/tutorial_interfaces/msg/detail/sphere__rosidl_typesupport_introspection_cpp.hpp
[7.876s] -- Up-to-date: /home/tj/ros2_ws/install/tutorial_interfaces/include/tutorial_interfaces/tutorial_interfaces/msg/detail/num__type_support.cpp
[7.880s] -- Up-to-date: /home/tj/ros2_ws/install/tutorial_interfaces/include/tutorial_interfaces/tutorial_interfaces/msg/detail/sphere__type_support.cpp
[7.880s] -- Up-to-date: /home/tj/ros2_ws/install/tutorial_interfaces/include/tutorial_interfaces/tutorial_interfaces/msg/detail/num__rosidl_typesupport_introspection_cpp.hpp
[7.911s] -- Up-to-date: /home/tj/ros2_ws/install/tutorial_interfaces/lib/libtutorial_interfaces__rosidl_typesupport_introspection_cpp.so
[7.911s] -- Up-to-date: /home/tj/ros2_ws/install/tutorial_interfaces/lib/libtutorial_interfaces__rosidl_typesupport_cpp.so
[7.911s] -- Up-to-date: /home/tj/ros2_ws/install/tutorial_interfaces/share/tutorial_interfaces/environment/pythonpath.sh
[7.911s] -- Up-to-date: /home/tj/ros2_ws/install/tutorial_interfaces/share/tutorial_interfaces/environment/pythonpath.dsv
[7.911s] -- Up-to-date: /home/tj/ros2_ws/install/tutorial_interfaces/local/lib/python3.10/dist-packages/tutorial_interfaces-0.0.0-py3.10.egg-info
[7.911s] -- Installing: /home/tj/ros2_ws/install/tutorial_interfaces/local/lib/python3.10/dist-packages/tutorial_interfaces-0.0.0-py3.10.egg-info/top_level.txt
[7.918s] -- Installing: /home/tj/ros2_ws/install/tutorial_interfaces/local/lib/python3.10/dist-packages/tutorial_interfaces-0.0.0-py3.10.egg-info/PKG-INFO
[7.922s] -- Installing: /home/tj/ros2_ws/install/tutorial_interfaces/local/lib/python3.10/dist-packages/tutorial_interfaces-0.0.0-py3.10.egg-info/dependency_links.txt
[7.922s] -- Installing: /home/tj/ros2_ws/install/tutorial_interfaces/local/lib/python3.10/dist-packages/tutorial_interfaces-0.0.0-py3.10.egg-info/SOURCES.txt
[7.922s] -- Up-to-date: /home/tj/ros2_ws/install/tutorial_interfaces/local/lib/python3.10/dist-packages/tutorial_interfaces
[7.922s] -- Up-to-date: /home/tj/ros2_ws/install/tutorial_interfaces/local/lib/python3.10/dist-packages/tutorial_interfaces/__init__.py
[7.922s] -- Up-to-date: /home/tj/ros2_ws/install/tutorial_interfaces/local/lib/python3.10/dist-packages/tutorial_interfaces/srv
[7.922s] -- Up-to-date: /home/tj/ros2_ws/install/tutorial_interfaces/local/lib/python3.10/dist-packages/tutorial_interfaces/srv/__init__.py
[7.922s] -- Up-to-date: /home/tj/ros2_ws/install/tutorial_interfaces/local/lib/python3.10/dist-packages/tutorial_interfaces/srv/_add_three_ints_s.c
[7.922s] -- Up-to-date: /home/tj/ros2_ws/install/tutorial_interfaces/local/lib/python3.10/dist-packages/tutorial_interfaces/srv/_add_three_ints.py
[7.922s] -- Up-to-date: /home/tj/ros2_ws/install/tutorial_interfaces/local/lib/python3.10/dist-packages/tutorial_interfaces/tutorial_interfaces_s__rosidl_typesupport_introspection_c.cpython-310-x86_64-linux-gnu.so
[7.922s] -- Up-to-date: /home/tj/ros2_ws/install/tutorial_interfaces/local/lib/python3.10/dist-packages/tutorial_interfaces/msg
[7.922s] -- Up-to-date: /home/tj/ros2_ws/install/tutorial_interfaces/local/lib/python3.10/dist-packages/tutorial_interfaces/msg/__init__.py
[7.939s] -- Up-to-date: /home/tj/ros2_ws/install/tutorial_interfaces/local/lib/python3.10/dist-packages/tutorial_interfaces/msg/_num.py
[7.939s] -- Up-to-date: /home/tj/ros2_ws/install/tutorial_interfaces/local/lib/python3.10/dist-packages/tutorial_interfaces/msg/_num_s.c
[7.939s] -- Up-to-date: /home/tj/ros2_ws/install/tutorial_interfaces/local/lib/python3.10/dist-packages/tutorial_interfaces/msg/_sphere.py
[7.939s] -- Up-to-date: /home/tj/ros2_ws/install/tutorial_interfaces/local/lib/python3.10/dist-packages/tutorial_interfaces/msg/_sphere_s.c
[7.947s] -- Up-to-date: /home/tj/ros2_ws/install/tutorial_interfaces/local/lib/python3.10/dist-packages/tutorial_interfaces/_tutorial_interfaces_s.ep.rosidl_typesupport_fastrtps_c.c
[7.947s] -- Up-to-date: /home/tj/ros2_ws/install/tutorial_interfaces/local/lib/python3.10/dist-packages/tutorial_interfaces/tutorial_interfaces_s__rosidl_typesupport_c.cpython-310-x86_64-linux-gnu.so
[7.947s] -- Up-to-date: /home/tj/ros2_ws/install/tutorial_interfaces/local/lib/python3.10/dist-packages/tutorial_interfaces/libtutorial_interfaces__rosidl_generator_py.so
[7.947s] -- Up-to-date: /home/tj/ros2_ws/install/tutorial_interfaces/local/lib/python3.10/dist-packages/tutorial_interfaces/_tutorial_interfaces_s.ep.rosidl_typesupport_introspection_c.c
[7.962s] -- Up-to-date: /home/tj/ros2_ws/install/tutorial_interfaces/local/lib/python3.10/dist-packages/tutorial_interfaces/tutorial_interfaces_s__rosidl_typesupport_fastrtps_c.cpython-310-x86_64-linux-gnu.so
[7.962s] -- Up-to-date: /home/tj/ros2_ws/install/tutorial_interfaces/local/lib/python3.10/dist-packages/tutorial_interfaces/_tutorial_interfaces_s.ep.rosidl_typesupport_c.c
[8.644s] Listing '/home/tj/ros2_ws/install/tutorial_interfaces/local/lib/python3.10/dist-packages/tutorial_interfaces'...
[8.650s] Listing '/home/tj/ros2_ws/install/tutorial_interfaces/local/lib/python3.10/dist-packages/tutorial_interfaces/msg'...
[8.650s] Listing '/home/tj/ros2_ws/install/tutorial_interfaces/local/lib/python3.10/dist-packages/tutorial_interfaces/srv'...
[8.655s] -- Up-to-date: /home/tj/ros2_ws/install/tutorial_interfaces/local/lib/python3.10/dist-packages/tutorial_interfaces/tutorial_interfaces_s__rosidl_typesupport_fastrtps_c.cpython-310-x86_64-linux-gnu.so
[8.761s] -- Up-to-date: /home/tj/ros2_ws/install/tutorial_interfaces/local/lib/python3.10/dist-packages/tutorial_interfaces/tutorial_interfaces_s__rosidl_typesupport_introspection_c.cpython-310-x86_64-linux-gnu.so
[8.777s] -- Up-to-date: /home/tj/ros2_ws/install/tutorial_interfaces/local/lib/python3.10/dist-packages/tutorial_interfaces/tutorial_interfaces_s__rosidl_typesupport_c.cpython-310-x86_64-linux-gnu.so
[8.858s] -- Up-to-date: /home/tj/ros2_ws/install/tutorial_interfaces/lib/libtutorial_interfaces__rosidl_generator_py.so
[8.858s] -- Up-to-date: /home/tj/ros2_ws/install/tutorial_interfaces/share/tutorial_interfaces/msg/Num.idl
[8.858s] -- Up-to-date: /home/tj/ros2_ws/install/tutorial_interfaces/share/tutorial_interfaces/msg/Sphere.idl
[8.858s] -- Up-to-date: /home/tj/ros2_ws/install/tutorial_interfaces/share/tutorial_interfaces/srv/AddThreeInts.idl
[8.858s] -- Up-to-date: /home/tj/ros2_ws/install/tutorial_interfaces/share/tutorial_interfaces/msg/Num.msg
[8.858s] -- Up-to-date: /home/tj/ros2_ws/install/tutorial_interfaces/share/tutorial_interfaces/msg/Sphere.msg
[8.858s] -- Up-to-date: /home/tj/ros2_ws/install/tutorial_interfaces/share/tutorial_interfaces/srv/AddThreeInts.srv
[8.858s] -- Up-to-date: /home/tj/ros2_ws/install/tutorial_interfaces/share/tutorial_interfaces/srv/AddThreeInts_Request.msg
[8.858s] -- Up-to-date: /home/tj/ros2_ws/install/tutorial_interfaces/share/tutorial_interfaces/srv/AddThreeInts_Response.msg
[8.858s] -- Up-to-date: /home/tj/ros2_ws/install/tutorial_interfaces/share/ament_index/resource_index/package_run_dependencies/tutorial_interfaces
[8.858s] -- Up-to-date: /home/tj/ros2_ws/install/tutorial_interfaces/share/ament_index/resource_index/parent_prefix_path/tutorial_interfaces
[8.858s] -- Up-to-date: /home/tj/ros2_ws/install/tutorial_interfaces/share/tutorial_interfaces/environment/ament_prefix_path.sh
[8.858s] -- Up-to-date: /home/tj/ros2_ws/install/tutorial_interfaces/share/tutorial_interfaces/environment/ament_prefix_path.dsv
[8.858s] -- Up-to-date: /home/tj/ros2_ws/install/tutorial_interfaces/share/tutorial_interfaces/environment/path.sh
[8.858s] -- Up-to-date: /home/tj/ros2_ws/install/tutorial_interfaces/share/tutorial_interfaces/environment/path.dsv
[8.858s] -- Up-to-date: /home/tj/ros2_ws/install/tutorial_interfaces/share/tutorial_interfaces/local_setup.bash
[8.858s] -- Up-to-date: /home/tj/ros2_ws/install/tutorial_interfaces/share/tutorial_interfaces/local_setup.sh
[8.864s] -- Up-to-date: /home/tj/ros2_ws/install/tutorial_interfaces/share/tutorial_interfaces/local_setup.zsh
[8.865s] -- Up-to-date: /home/tj/ros2_ws/install/tutorial_interfaces/share/tutorial_interfaces/local_setup.dsv
[8.865s] -- Up-to-date: /home/tj/ros2_ws/install/tutorial_interfaces/share/tutorial_interfaces/package.dsv
[8.865s] -- Up-to-date: /home/tj/ros2_ws/install/tutorial_interfaces/share/ament_index/resource_index/packages/tutorial_interfaces
[9.024s] -- Up-to-date: /home/tj/ros2_ws/install/tutorial_interfaces/share/tutorial_interfaces/cmake/export_tutorial_interfaces__rosidl_generator_cExport.cmake
[9.024s] -- Up-to-date: /home/tj/ros2_ws/install/tutorial_interfaces/share/tutorial_interfaces/cmake/export_tutorial_interfaces__rosidl_generator_cExport-noconfig.cmake
[9.024s] -- Up-to-date: /home/tj/ros2_ws/install/tutorial_interfaces/share/tutorial_interfaces/cmake/export_tutorial_interfaces__rosidl_typesupport_fastrtps_cExport.cmake
[9.024s] -- Up-to-date: /home/tj/ros2_ws/install/tutorial_interfaces/share/tutorial_interfaces/cmake/export_tutorial_interfaces__rosidl_typesupport_fastrtps_cExport-noconfig.cmake
[9.025s] -- Up-to-date: /home/tj/ros2_ws/install/tutorial_interfaces/share/tutorial_interfaces/cmake/export_tutorial_interfaces__rosidl_generator_cppExport.cmake
[9.025s] -- Up-to-date: /home/tj/ros2_ws/install/tutorial_interfaces/share/tutorial_interfaces/cmake/export_tutorial_interfaces__rosidl_typesupport_fastrtps_cppExport.cmake
[9.025s] -- Up-to-date: /home/tj/ros2_ws/install/tutorial_interfaces/share/tutorial_interfaces/cmake/export_tutorial_interfaces__rosidl_typesupport_fastrtps_cppExport-noconfig.cmake
[9.025s] -- Up-to-date: /home/tj/ros2_ws/install/tutorial_interfaces/share/tutorial_interfaces/cmake/tutorial_interfaces__rosidl_typesupport_introspection_cExport.cmake
[9.025s] -- Up-to-date: /home/tj/ros2_ws/install/tutorial_interfaces/share/tutorial_interfaces/cmake/tutorial_interfaces__rosidl_typesupport_introspection_cExport-noconfig.cmake
[9.025s] -- Up-to-date: /home/tj/ros2_ws/install/tutorial_interfaces/share/tutorial_interfaces/cmake/tutorial_interfaces__rosidl_typesupport_cExport.cmake
[9.025s] -- Up-to-date: /home/tj/ros2_ws/install/tutorial_interfaces/share/tutorial_interfaces/cmake/tutorial_interfaces__rosidl_typesupport_cExport-noconfig.cmake
[9.026s] -- Up-to-date: /home/tj/ros2_ws/install/tutorial_interfaces/share/tutorial_interfaces/cmake/tutorial_interfaces__rosidl_typesupport_introspection_cppExport.cmake
[9.026s] -- Up-to-date: /home/tj/ros2_ws/install/tutorial_interfaces/share/tutorial_interfaces/cmake/tutorial_interfaces__rosidl_typesupport_introspection_cppExport-noconfig.cmake
[9.026s] -- Up-to-date: /home/tj/ros2_ws/install/tutorial_interfaces/share/tutorial_interfaces/cmake/tutorial_interfaces__rosidl_typesupport_cppExport.cmake
[9.026s] -- Up-to-date: /home/tj/ros2_ws/install/tutorial_interfaces/share/tutorial_interfaces/cmake/tutorial_interfaces__rosidl_typesupport_cppExport-noconfig.cmake
[9.026s] -- Up-to-date: /home/tj/ros2_ws/install/tutorial_interfaces/share/tutorial_interfaces/cmake/export_tutorial_interfaces__rosidl_generator_pyExport.cmake
[9.026s] -- Up-to-date: /home/tj/ros2_ws/install/tutorial_interfaces/share/tutorial_interfaces/cmake/export_tutorial_interfaces__rosidl_generator_pyExport-noconfig.cmake
[9.026s] -- Up-to-date: /home/tj/ros2_ws/install/tutorial_interfaces/share/tutorial_interfaces/cmake/rosidl_cmake-extras.cmake
[9.026s] -- Up-to-date: /home/tj/ros2_ws/install/tutorial_interfaces/share/tutorial_interfaces/cmake/ament_cmake_export_dependencies-extras.cmake
[9.026s] -- Up-to-date: /home/tj/ros2_ws/install/tutorial_interfaces/share/tutorial_interfaces/cmake/ament_cmake_export_include_directories-extras.cmake
[9.026s] -- Up-to-date: /home/tj/ros2_ws/install/tutorial_interfaces/share/tutorial_interfaces/cmake/ament_cmake_export_libraries-extras.cmake
[9.026s] -- Up-to-date: /home/tj/ros2_ws/install/tutorial_interfaces/share/tutorial_interfaces/cmake/ament_cmake_export_targets-extras.cmake
[9.026s] -- Up-to-date: /home/tj/ros2_ws/install/tutorial_interfaces/share/tutorial_interfaces/cmake/rosidl_cmake_export_typesupport_targets-extras.cmake
[9.026s] -- Up-to-date: /home/tj/ros2_ws/install/tutorial_interfaces/share/tutorial_interfaces/cmake/rosidl_cmake_export_typesupport_libraries-extras.cmake
[9.026s] -- Up-to-date: /home/tj/ros2_ws/install/tutorial_interfaces/share/tutorial_interfaces/cmake/tutorial_interfacesConfig.cmake
[9.026s] -- Up-to-date: /home/tj/ros2_ws/install/tutorial_interfaces/share/tutorial_interfaces/cmake/tutorial_interfacesConfig-version.cmake
[9.026s] -- Up-to-date: /home/tj/ros2_ws/install/tutorial_interfaces/share/tutorial_interfaces/package.xml
[9.237s] Invoked command in '/home/tj/ros2_ws/build/tutorial_interfaces' returned '0': CMAKE_PREFIX_PATH=${CMAKE_PREFIX_PATH}:/home/tj/ros2_ws/install/tutorial_interfaces:/home/tj/ros2_ws/install/python_parameters:/home/tj/ros2_ws/install/py_srvcli:/home/tj/ros2_ws/install/py_pubsub:/home/tj/ros2_ws/install/my_package:/opt/ros/humble /usr/bin/cmake --install /home/tj/ros2_ws/build/tutorial_interfaces
