-- Found ament_cmake: 1.3.10 (/opt/ros/humble/share/ament_cmake/cmake)
-- Found pluginlib: 5.1.0 (/opt/ros/humble/share/pluginlib/cmake)
-- Configuring done
-- Generating done
-- Build files have been written to: /home/tj/ros2_ws/build/polygon_base
[35m[1mConsolidate compiler generated dependencies of target area_node[0m
[100%] Built target area_node
-- Install configuration: ""
-- Installing: /home/tj/ros2_ws/install/polygon_base/share/polygon_base/plugins.xml
-- Installing: /home/tj/ros2_ws/install/polygon_base/bin/area_node
-- Set runtime path of "/home/tj/ros2_ws/install/polygon_base/bin/area_node" to ""
-- Installing: /home/tj/ros2_ws/install/polygon_base/share/ament_index/resource_index/package_run_dependencies/polygon_base
-- Installing: /home/tj/ros2_ws/install/polygon_base/share/ament_index/resource_index/parent_prefix_path/polygon_base
-- Installing: /home/tj/ros2_ws/install/polygon_base/share/polygon_base/environment/ament_prefix_path.sh
-- Installing: /home/tj/ros2_ws/install/polygon_base/share/polygon_base/environment/ament_prefix_path.dsv
-- Installing: /home/tj/ros2_ws/install/polygon_base/share/polygon_base/environment/path.sh
-- Installing: /home/tj/ros2_ws/install/polygon_base/share/polygon_base/environment/path.dsv
-- Installing: /home/tj/ros2_ws/install/polygon_base/share/polygon_base/local_setup.bash
-- Installing: /home/tj/ros2_ws/install/polygon_base/share/polygon_base/local_setup.sh
-- Installing: /home/tj/ros2_ws/install/polygon_base/share/polygon_base/local_setup.zsh
-- Installing: /home/tj/ros2_ws/install/polygon_base/share/polygon_base/local_setup.dsv
-- Installing: /home/tj/ros2_ws/install/polygon_base/share/polygon_base/package.dsv
-- Installing: /home/tj/ros2_ws/install/polygon_base/share/ament_index/resource_index/packages/polygon_base
-- Installing: /home/tj/ros2_ws/install/polygon_base/share/ament_index/resource_index/polygon_base__pluginlib__plugin/polygon_base
-- Installing: /home/tj/ros2_ws/install/polygon_base/share/polygon_base/cmake/polygon_baseConfig.cmake
-- Installing: /home/tj/ros2_ws/install/polygon_base/share/polygon_base/cmake/polygon_baseConfig-version.cmake
-- Installing: /home/tj/ros2_ws/install/polygon_base/share/polygon_base/package.xml
