[0.726s] Invoking command in '/home/tj/ros2_ws/build/tutorial_interfaces': CMAKE_PREFIX_PATH=${CMAKE_PREFIX_PATH}:/home/tj/ros2_ws/install/python_parameters:/home/tj/ros2_ws/install/py_srvcli:/home/tj/ros2_ws/install/py_pubsub:/opt/ros/humble /usr/bin/cmake --build /home/tj/ros2_ws/build/tutorial_interfaces -- -j8 -l8
[4.295s] [ 10%] Built target tutorial_interfaces__rosidl_generator_c
[4.296s] [ 12%] Built target tutorial_interfaces__cpp
[4.296s] [ 12%] Built target ament_cmake_python_copy_tutorial_interfaces
[4.296s] [ 23%] Built target tutorial_interfaces__rosidl_typesupport_fastrtps_c
[4.311s] [ 34%] Built target tutorial_interfaces__rosidl_typesupport_introspection_c
[4.311s] [ 44%] Built target tutorial_interfaces__rosidl_typesupport_c
[4.311s] [ 61%] Built target tutorial_interfaces__rosidl_typesupport_cpp
[4.311s] [ 65%] Built target tutorial_interfaces__rosidl_typesupport_fastrtps_cpp
[4.311s] [ 76%] Built target tutorial_interfaces__rosidl_typesupport_introspection_cpp
[4.311s] [ 76%] Built target tutorial_interfaces
[4.368s] [ 78%] Built target tutorial_interfaces__py
[4.368s] [ 87%] Built target tutorial_interfaces__rosidl_generator_py
[4.626s] [ 95%] Built target tutorial_interfaces__rosidl_typesupport_fastrtps_c__pyext
[4.626s] [ 97%] Built target tutorial_interfaces__rosidl_typesupport_introspection_c__pyext
[4.626s] [100%] Built target tutorial_interfaces__rosidl_typesupport_c__pyext
[5.018s] running egg_info
[5.018s] writing tutorial_interfaces.egg-info/PKG-INFO
[5.019s] writing dependency_links to tutorial_interfaces.egg-info/dependency_links.txt
[5.019s] writing top-level names to tutorial_interfaces.egg-info/top_level.txt
[5.076s] reading manifest file 'tutorial_interfaces.egg-info/SOURCES.txt'
[5.076s] writing manifest file 'tutorial_interfaces.egg-info/SOURCES.txt'
[5.356s] [100%] Built target ament_cmake_python_build_tutorial_interfaces_egg
[5.799s] Invoked command in '/home/tj/ros2_ws/build/tutorial_interfaces' returned '0': CMAKE_PREFIX_PATH=${CMAKE_PREFIX_PATH}:/home/tj/ros2_ws/install/python_parameters:/home/tj/ros2_ws/install/py_srvcli:/home/tj/ros2_ws/install/py_pubsub:/opt/ros/humble /usr/bin/cmake --build /home/tj/ros2_ws/build/tutorial_interfaces -- -j8 -l8
[11.298s] Invoking command in '/home/tj/ros2_ws/build/tutorial_interfaces': CMAKE_PREFIX_PATH=${CMAKE_PREFIX_PATH}:/home/tj/ros2_ws/install/python_parameters:/home/tj/ros2_ws/install/py_srvcli:/home/tj/ros2_ws/install/py_pubsub:/opt/ros/humble /usr/bin/cmake --install /home/tj/ros2_ws/build/tutorial_interfaces
[11.673s] -- Install configuration: ""
[11.736s] -- Up-to-date: /home/tj/ros2_ws/install/tutorial_interfaces/share/ament_index/resource_index/rosidl_interfaces/tutorial_interfaces
[11.772s] -- Up-to-date: /home/tj/ros2_ws/install/tutorial_interfaces/include/tutorial_interfaces/tutorial_interfaces
[11.772s] -- Up-to-date: /home/tj/ros2_ws/install/tutorial_interfaces/include/tutorial_interfaces/tutorial_interfaces/srv
[11.772s] -- Up-to-date: /home/tj/ros2_ws/install/tutorial_interfaces/include/tutorial_interfaces/tutorial_interfaces/srv/add_three_ints.h
[11.844s] -- Up-to-date: /home/tj/ros2_ws/install/tutorial_interfaces/include/tutorial_interfaces/tutorial_interfaces/srv/detail
[11.984s] -- Up-to-date: /home/tj/ros2_ws/install/tutorial_interfaces/include/tutorial_interfaces/tutorial_interfaces/srv/detail/add_three_ints__struct.h
[12.056s] -- Up-to-date: /home/tj/ros2_ws/install/tutorial_interfaces/include/tutorial_interfaces/tutorial_interfaces/srv/detail/add_three_ints__functions.c
[12.076s] -- Up-to-date: /home/tj/ros2_ws/install/tutorial_interfaces/include/tutorial_interfaces/tutorial_interfaces/srv/detail/add_three_ints__type_support.h
[12.076s] -- Up-to-date: /home/tj/ros2_ws/install/tutorial_interfaces/include/tutorial_interfaces/tutorial_interfaces/srv/detail/add_three_ints__functions.h
[12.076s] -- Up-to-date: /home/tj/ros2_ws/install/tutorial_interfaces/include/tutorial_interfaces/tutorial_interfaces/msg
[12.077s] -- Up-to-date: /home/tj/ros2_ws/install/tutorial_interfaces/include/tutorial_interfaces/tutorial_interfaces/msg/num.h
[12.077s] -- Up-to-date: /home/tj/ros2_ws/install/tutorial_interfaces/include/tutorial_interfaces/tutorial_interfaces/msg/rosidl_generator_c__visibility_control.h
[12.077s] -- Up-to-date: /home/tj/ros2_ws/install/tutorial_interfaces/include/tutorial_interfaces/tutorial_interfaces/msg/detail
[12.077s] -- Up-to-date: /home/tj/ros2_ws/install/tutorial_interfaces/include/tutorial_interfaces/tutorial_interfaces/msg/detail/sphere__struct.h
[12.079s] -- Up-to-date: /home/tj/ros2_ws/install/tutorial_interfaces/include/tutorial_interfaces/tutorial_interfaces/msg/detail/num__functions.h
[12.079s] -- Up-to-date: /home/tj/ros2_ws/install/tutorial_interfaces/include/tutorial_interfaces/tutorial_interfaces/msg/detail/sphere__functions.h
[12.079s] -- Up-to-date: /home/tj/ros2_ws/install/tutorial_interfaces/include/tutorial_interfaces/tutorial_interfaces/msg/detail/sphere__type_support.h
[12.079s] -- Up-to-date: /home/tj/ros2_ws/install/tutorial_interfaces/include/tutorial_interfaces/tutorial_interfaces/msg/detail/sphere__functions.c
[12.079s] -- Up-to-date: /home/tj/ros2_ws/install/tutorial_interfaces/include/tutorial_interfaces/tutorial_interfaces/msg/detail/num__struct.h
[12.079s] -- Up-to-date: /home/tj/ros2_ws/install/tutorial_interfaces/include/tutorial_interfaces/tutorial_interfaces/msg/detail/num__type_support.h
[12.079s] -- Up-to-date: /home/tj/ros2_ws/install/tutorial_interfaces/include/tutorial_interfaces/tutorial_interfaces/msg/detail/num__functions.c
[12.087s] -- Up-to-date: /home/tj/ros2_ws/install/tutorial_interfaces/include/tutorial_interfaces/tutorial_interfaces/msg/sphere.h
[12.104s] -- Up-to-date: /home/tj/ros2_ws/install/tutorial_interfaces/share/tutorial_interfaces/environment/library_path.sh
[12.104s] -- Up-to-date: /home/tj/ros2_ws/install/tutorial_interfaces/share/tutorial_interfaces/environment/library_path.dsv
[12.104s] -- Up-to-date: /home/tj/ros2_ws/install/tutorial_interfaces/lib/libtutorial_interfaces__rosidl_generator_c.so
[12.104s] -- Up-to-date: /home/tj/ros2_ws/install/tutorial_interfaces/include/tutorial_interfaces/tutorial_interfaces
[12.104s] -- Up-to-date: /home/tj/ros2_ws/install/tutorial_interfaces/include/tutorial_interfaces/tutorial_interfaces/srv
[12.104s] -- Up-to-date: /home/tj/ros2_ws/install/tutorial_interfaces/include/tutorial_interfaces/tutorial_interfaces/srv/detail
[12.104s] -- Up-to-date: /home/tj/ros2_ws/install/tutorial_interfaces/include/tutorial_interfaces/tutorial_interfaces/srv/detail/add_three_ints__rosidl_typesupport_fastrtps_c.h
[12.104s] -- Up-to-date: /home/tj/ros2_ws/install/tutorial_interfaces/include/tutorial_interfaces/tutorial_interfaces/msg
[12.104s] -- Up-to-date: /home/tj/ros2_ws/install/tutorial_interfaces/include/tutorial_interfaces/tutorial_interfaces/msg/rosidl_typesupport_fastrtps_c__visibility_control.h
[12.104s] -- Up-to-date: /home/tj/ros2_ws/install/tutorial_interfaces/include/tutorial_interfaces/tutorial_interfaces/msg/detail
[12.104s] -- Up-to-date: /home/tj/ros2_ws/install/tutorial_interfaces/include/tutorial_interfaces/tutorial_interfaces/msg/detail/sphere__rosidl_typesupport_fastrtps_c.h
[12.104s] -- Up-to-date: /home/tj/ros2_ws/install/tutorial_interfaces/include/tutorial_interfaces/tutorial_interfaces/msg/detail/num__rosidl_typesupport_fastrtps_c.h
[12.104s] -- Up-to-date: /home/tj/ros2_ws/install/tutorial_interfaces/lib/libtutorial_interfaces__rosidl_typesupport_fastrtps_c.so
[12.104s] -- Up-to-date: /home/tj/ros2_ws/install/tutorial_interfaces/include/tutorial_interfaces/tutorial_interfaces
[12.105s] -- Up-to-date: /home/tj/ros2_ws/install/tutorial_interfaces/include/tutorial_interfaces/tutorial_interfaces/srv
[12.105s] -- Up-to-date: /home/tj/ros2_ws/install/tutorial_interfaces/include/tutorial_interfaces/tutorial_interfaces/srv/detail
[12.105s] -- Up-to-date: /home/tj/ros2_ws/install/tutorial_interfaces/include/tutorial_interfaces/tutorial_interfaces/srv/detail/add_three_ints__struct.hpp
[12.105s] -- Up-to-date: /home/tj/ros2_ws/install/tutorial_interfaces/include/tutorial_interfaces/tutorial_interfaces/srv/detail/add_three_ints__traits.hpp
[12.105s] -- Up-to-date: /home/tj/ros2_ws/install/tutorial_interfaces/include/tutorial_interfaces/tutorial_interfaces/srv/detail/add_three_ints__builder.hpp
[12.105s] -- Up-to-date: /home/tj/ros2_ws/install/tutorial_interfaces/include/tutorial_interfaces/tutorial_interfaces/srv/add_three_ints.hpp
[12.105s] -- Up-to-date: /home/tj/ros2_ws/install/tutorial_interfaces/include/tutorial_interfaces/tutorial_interfaces/msg
[12.105s] -- Up-to-date: /home/tj/ros2_ws/install/tutorial_interfaces/include/tutorial_interfaces/tutorial_interfaces/msg/num.hpp
[12.108s] -- Up-to-date: /home/tj/ros2_ws/install/tutorial_interfaces/include/tutorial_interfaces/tutorial_interfaces/msg/detail
[12.108s] -- Up-to-date: /home/tj/ros2_ws/install/tutorial_interfaces/include/tutorial_interfaces/tutorial_interfaces/msg/detail/sphere__builder.hpp
[12.112s] -- Up-to-date: /home/tj/ros2_ws/install/tutorial_interfaces/include/tutorial_interfaces/tutorial_interfaces/msg/detail/num__struct.hpp
[12.112s] -- Up-to-date: /home/tj/ros2_ws/install/tutorial_interfaces/include/tutorial_interfaces/tutorial_interfaces/msg/detail/num__builder.hpp
[12.112s] -- Up-to-date: /home/tj/ros2_ws/install/tutorial_interfaces/include/tutorial_interfaces/tutorial_interfaces/msg/detail/sphere__struct.hpp
[12.112s] -- Up-to-date: /home/tj/ros2_ws/install/tutorial_interfaces/include/tutorial_interfaces/tutorial_interfaces/msg/detail/sphere__traits.hpp
[12.112s] -- Up-to-date: /home/tj/ros2_ws/install/tutorial_interfaces/include/tutorial_interfaces/tutorial_interfaces/msg/detail/num__traits.hpp
[12.112s] -- Up-to-date: /home/tj/ros2_ws/install/tutorial_interfaces/include/tutorial_interfaces/tutorial_interfaces/msg/sphere.hpp
[12.112s] -- Up-to-date: /home/tj/ros2_ws/install/tutorial_interfaces/include/tutorial_interfaces/tutorial_interfaces
[12.112s] -- Up-to-date: /home/tj/ros2_ws/install/tutorial_interfaces/include/tutorial_interfaces/tutorial_interfaces/srv
[12.112s] -- Up-to-date: /home/tj/ros2_ws/install/tutorial_interfaces/include/tutorial_interfaces/tutorial_interfaces/srv/detail
[12.113s] -- Up-to-date: /home/tj/ros2_ws/install/tutorial_interfaces/include/tutorial_interfaces/tutorial_interfaces/srv/detail/dds_fastrtps
[12.113s] -- Up-to-date: /home/tj/ros2_ws/install/tutorial_interfaces/include/tutorial_interfaces/tutorial_interfaces/srv/detail/add_three_ints__rosidl_typesupport_fastrtps_cpp.hpp
[12.113s] -- Up-to-date: /home/tj/ros2_ws/install/tutorial_interfaces/include/tutorial_interfaces/tutorial_interfaces/msg
[12.113s] -- Up-to-date: /home/tj/ros2_ws/install/tutorial_interfaces/include/tutorial_interfaces/tutorial_interfaces/msg/rosidl_typesupport_fastrtps_cpp__visibility_control.h
[12.113s] -- Up-to-date: /home/tj/ros2_ws/install/tutorial_interfaces/include/tutorial_interfaces/tutorial_interfaces/msg/detail
[12.113s] -- Up-to-date: /home/tj/ros2_ws/install/tutorial_interfaces/include/tutorial_interfaces/tutorial_interfaces/msg/detail/dds_fastrtps
[12.113s] -- Up-to-date: /home/tj/ros2_ws/install/tutorial_interfaces/include/tutorial_interfaces/tutorial_interfaces/msg/detail/sphere__rosidl_typesupport_fastrtps_cpp.hpp
[12.113s] -- Up-to-date: /home/tj/ros2_ws/install/tutorial_interfaces/include/tutorial_interfaces/tutorial_interfaces/msg/detail/num__rosidl_typesupport_fastrtps_cpp.hpp
[12.113s] -- Up-to-date: /home/tj/ros2_ws/install/tutorial_interfaces/lib/libtutorial_interfaces__rosidl_typesupport_fastrtps_cpp.so
[12.115s] -- Up-to-date: /home/tj/ros2_ws/install/tutorial_interfaces/include/tutorial_interfaces/tutorial_interfaces
[12.118s] -- Up-to-date: /home/tj/ros2_ws/install/tutorial_interfaces/include/tutorial_interfaces/tutorial_interfaces/srv
[12.118s] -- Up-to-date: /home/tj/ros2_ws/install/tutorial_interfaces/include/tutorial_interfaces/tutorial_interfaces/srv/detail
[12.118s] -- Up-to-date: /home/tj/ros2_ws/install/tutorial_interfaces/include/tutorial_interfaces/tutorial_interfaces/srv/detail/add_three_ints__rosidl_typesupport_introspection_c.h
[12.118s] -- Up-to-date: /home/tj/ros2_ws/install/tutorial_interfaces/include/tutorial_interfaces/tutorial_interfaces/srv/detail/add_three_ints__type_support.c
[12.118s] -- Up-to-date: /home/tj/ros2_ws/install/tutorial_interfaces/include/tutorial_interfaces/tutorial_interfaces/msg
[12.118s] -- Up-to-date: /home/tj/ros2_ws/install/tutorial_interfaces/include/tutorial_interfaces/tutorial_interfaces/msg/detail
[12.118s] -- Up-to-date: /home/tj/ros2_ws/install/tutorial_interfaces/include/tutorial_interfaces/tutorial_interfaces/msg/detail/sphere__rosidl_typesupport_introspection_c.h
[12.124s] -- Up-to-date: /home/tj/ros2_ws/install/tutorial_interfaces/include/tutorial_interfaces/tutorial_interfaces/msg/detail/num__rosidl_typesupport_introspection_c.h
[12.131s] -- Up-to-date: /home/tj/ros2_ws/install/tutorial_interfaces/include/tutorial_interfaces/tutorial_interfaces/msg/detail/num__type_support.c
[12.132s] -- Up-to-date: /home/tj/ros2_ws/install/tutorial_interfaces/include/tutorial_interfaces/tutorial_interfaces/msg/detail/sphere__type_support.c
[12.132s] -- Up-to-date: /home/tj/ros2_ws/install/tutorial_interfaces/include/tutorial_interfaces/tutorial_interfaces/msg/rosidl_typesupport_introspection_c__visibility_control.h
[12.132s] -- Up-to-date: /home/tj/ros2_ws/install/tutorial_interfaces/lib/libtutorial_interfaces__rosidl_typesupport_introspection_c.so
[12.132s] -- Up-to-date: /home/tj/ros2_ws/install/tutorial_interfaces/lib/libtutorial_interfaces__rosidl_typesupport_c.so
[12.132s] -- Up-to-date: /home/tj/ros2_ws/install/tutorial_interfaces/include/tutorial_interfaces/tutorial_interfaces
[12.150s] -- Up-to-date: /home/tj/ros2_ws/install/tutorial_interfaces/include/tutorial_interfaces/tutorial_interfaces/srv
[12.151s] -- Up-to-date: /home/tj/ros2_ws/install/tutorial_interfaces/include/tutorial_interfaces/tutorial_interfaces/srv/detail
[12.151s] -- Up-to-date: /home/tj/ros2_ws/install/tutorial_interfaces/include/tutorial_interfaces/tutorial_interfaces/srv/detail/add_three_ints__rosidl_typesupport_introspection_cpp.hpp
[12.151s] -- Up-to-date: /home/tj/ros2_ws/install/tutorial_interfaces/include/tutorial_interfaces/tutorial_interfaces/srv/detail/add_three_ints__type_support.cpp
[12.151s] -- Up-to-date: /home/tj/ros2_ws/install/tutorial_interfaces/include/tutorial_interfaces/tutorial_interfaces/msg
[12.151s] -- Up-to-date: /home/tj/ros2_ws/install/tutorial_interfaces/include/tutorial_interfaces/tutorial_interfaces/msg/detail
[12.151s] -- Up-to-date: /home/tj/ros2_ws/install/tutorial_interfaces/include/tutorial_interfaces/tutorial_interfaces/msg/detail/sphere__rosidl_typesupport_introspection_cpp.hpp
[12.157s] -- Up-to-date: /home/tj/ros2_ws/install/tutorial_interfaces/include/tutorial_interfaces/tutorial_interfaces/msg/detail/num__type_support.cpp
[12.157s] -- Up-to-date: /home/tj/ros2_ws/install/tutorial_interfaces/include/tutorial_interfaces/tutorial_interfaces/msg/detail/sphere__type_support.cpp
[12.157s] -- Up-to-date: /home/tj/ros2_ws/install/tutorial_interfaces/include/tutorial_interfaces/tutorial_interfaces/msg/detail/num__rosidl_typesupport_introspection_cpp.hpp
[12.157s] -- Up-to-date: /home/tj/ros2_ws/install/tutorial_interfaces/lib/libtutorial_interfaces__rosidl_typesupport_introspection_cpp.so
[12.157s] -- Up-to-date: /home/tj/ros2_ws/install/tutorial_interfaces/lib/libtutorial_interfaces__rosidl_typesupport_cpp.so
[12.157s] -- Up-to-date: /home/tj/ros2_ws/install/tutorial_interfaces/share/tutorial_interfaces/environment/pythonpath.sh
[12.157s] -- Up-to-date: /home/tj/ros2_ws/install/tutorial_interfaces/share/tutorial_interfaces/environment/pythonpath.dsv
[12.157s] -- Up-to-date: /home/tj/ros2_ws/install/tutorial_interfaces/local/lib/python3.10/dist-packages/tutorial_interfaces-0.0.0-py3.10.egg-info
[12.157s] -- Installing: /home/tj/ros2_ws/install/tutorial_interfaces/local/lib/python3.10/dist-packages/tutorial_interfaces-0.0.0-py3.10.egg-info/top_level.txt
[12.157s] -- Installing: /home/tj/ros2_ws/install/tutorial_interfaces/local/lib/python3.10/dist-packages/tutorial_interfaces-0.0.0-py3.10.egg-info/PKG-INFO
[12.157s] -- Installing: /home/tj/ros2_ws/install/tutorial_interfaces/local/lib/python3.10/dist-packages/tutorial_interfaces-0.0.0-py3.10.egg-info/dependency_links.txt
[12.157s] -- Installing: /home/tj/ros2_ws/install/tutorial_interfaces/local/lib/python3.10/dist-packages/tutorial_interfaces-0.0.0-py3.10.egg-info/SOURCES.txt
[12.157s] -- Up-to-date: /home/tj/ros2_ws/install/tutorial_interfaces/local/lib/python3.10/dist-packages/tutorial_interfaces
[12.157s] -- Up-to-date: /home/tj/ros2_ws/install/tutorial_interfaces/local/lib/python3.10/dist-packages/tutorial_interfaces/__init__.py
[12.157s] -- Up-to-date: /home/tj/ros2_ws/install/tutorial_interfaces/local/lib/python3.10/dist-packages/tutorial_interfaces/srv
[12.158s] -- Up-to-date: /home/tj/ros2_ws/install/tutorial_interfaces/local/lib/python3.10/dist-packages/tutorial_interfaces/srv/__init__.py
[12.158s] -- Up-to-date: /home/tj/ros2_ws/install/tutorial_interfaces/local/lib/python3.10/dist-packages/tutorial_interfaces/srv/_add_three_ints_s.c
[12.158s] -- Up-to-date: /home/tj/ros2_ws/install/tutorial_interfaces/local/lib/python3.10/dist-packages/tutorial_interfaces/srv/_add_three_ints.py
[12.158s] -- Up-to-date: /home/tj/ros2_ws/install/tutorial_interfaces/local/lib/python3.10/dist-packages/tutorial_interfaces/tutorial_interfaces_s__rosidl_typesupport_introspection_c.cpython-310-x86_64-linux-gnu.so
[12.158s] -- Up-to-date: /home/tj/ros2_ws/install/tutorial_interfaces/local/lib/python3.10/dist-packages/tutorial_interfaces/msg
[12.158s] -- Up-to-date: /home/tj/ros2_ws/install/tutorial_interfaces/local/lib/python3.10/dist-packages/tutorial_interfaces/msg/__init__.py
[12.158s] -- Up-to-date: /home/tj/ros2_ws/install/tutorial_interfaces/local/lib/python3.10/dist-packages/tutorial_interfaces/msg/_num.py
[12.158s] -- Up-to-date: /home/tj/ros2_ws/install/tutorial_interfaces/local/lib/python3.10/dist-packages/tutorial_interfaces/msg/_num_s.c
[12.158s] -- Up-to-date: /home/tj/ros2_ws/install/tutorial_interfaces/local/lib/python3.10/dist-packages/tutorial_interfaces/msg/_sphere.py
[12.158s] -- Up-to-date: /home/tj/ros2_ws/install/tutorial_interfaces/local/lib/python3.10/dist-packages/tutorial_interfaces/msg/_sphere_s.c
[12.158s] -- Up-to-date: /home/tj/ros2_ws/install/tutorial_interfaces/local/lib/python3.10/dist-packages/tutorial_interfaces/_tutorial_interfaces_s.ep.rosidl_typesupport_fastrtps_c.c
[12.158s] -- Up-to-date: /home/tj/ros2_ws/install/tutorial_interfaces/local/lib/python3.10/dist-packages/tutorial_interfaces/tutorial_interfaces_s__rosidl_typesupport_c.cpython-310-x86_64-linux-gnu.so
[12.172s] -- Up-to-date: /home/tj/ros2_ws/install/tutorial_interfaces/local/lib/python3.10/dist-packages/tutorial_interfaces/libtutorial_interfaces__rosidl_generator_py.so
[12.172s] -- Up-to-date: /home/tj/ros2_ws/install/tutorial_interfaces/local/lib/python3.10/dist-packages/tutorial_interfaces/_tutorial_interfaces_s.ep.rosidl_typesupport_introspection_c.c
[12.172s] -- Up-to-date: /home/tj/ros2_ws/install/tutorial_interfaces/local/lib/python3.10/dist-packages/tutorial_interfaces/tutorial_interfaces_s__rosidl_typesupport_fastrtps_c.cpython-310-x86_64-linux-gnu.so
[12.172s] -- Up-to-date: /home/tj/ros2_ws/install/tutorial_interfaces/local/lib/python3.10/dist-packages/tutorial_interfaces/_tutorial_interfaces_s.ep.rosidl_typesupport_c.c
[12.172s] Listing '/home/tj/ros2_ws/install/tutorial_interfaces/local/lib/python3.10/dist-packages/tutorial_interfaces'...
[12.172s] Listing '/home/tj/ros2_ws/install/tutorial_interfaces/local/lib/python3.10/dist-packages/tutorial_interfaces/msg'...
[12.173s] Listing '/home/tj/ros2_ws/install/tutorial_interfaces/local/lib/python3.10/dist-packages/tutorial_interfaces/srv'...
[12.173s] -- Up-to-date: /home/tj/ros2_ws/install/tutorial_interfaces/local/lib/python3.10/dist-packages/tutorial_interfaces/tutorial_interfaces_s__rosidl_typesupport_fastrtps_c.cpython-310-x86_64-linux-gnu.so
[12.173s] -- Up-to-date: /home/tj/ros2_ws/install/tutorial_interfaces/local/lib/python3.10/dist-packages/tutorial_interfaces/tutorial_interfaces_s__rosidl_typesupport_introspection_c.cpython-310-x86_64-linux-gnu.so
[12.173s] -- Up-to-date: /home/tj/ros2_ws/install/tutorial_interfaces/local/lib/python3.10/dist-packages/tutorial_interfaces/tutorial_interfaces_s__rosidl_typesupport_c.cpython-310-x86_64-linux-gnu.so
[12.173s] -- Up-to-date: /home/tj/ros2_ws/install/tutorial_interfaces/lib/libtutorial_interfaces__rosidl_generator_py.so
[12.173s] -- Up-to-date: /home/tj/ros2_ws/install/tutorial_interfaces/share/tutorial_interfaces/msg/Num.idl
[12.179s] -- Up-to-date: /home/tj/ros2_ws/install/tutorial_interfaces/share/tutorial_interfaces/msg/Sphere.idl
[12.179s] -- Up-to-date: /home/tj/ros2_ws/install/tutorial_interfaces/share/tutorial_interfaces/srv/AddThreeInts.idl
[12.179s] -- Up-to-date: /home/tj/ros2_ws/install/tutorial_interfaces/share/tutorial_interfaces/msg/Num.msg
[12.179s] -- Up-to-date: /home/tj/ros2_ws/install/tutorial_interfaces/share/tutorial_interfaces/msg/Sphere.msg
[12.179s] -- Up-to-date: /home/tj/ros2_ws/install/tutorial_interfaces/share/tutorial_interfaces/srv/AddThreeInts.srv
[12.179s] -- Up-to-date: /home/tj/ros2_ws/install/tutorial_interfaces/share/tutorial_interfaces/srv/AddThreeInts_Request.msg
[12.179s] -- Up-to-date: /home/tj/ros2_ws/install/tutorial_interfaces/share/tutorial_interfaces/srv/AddThreeInts_Response.msg
[12.179s] -- Up-to-date: /home/tj/ros2_ws/install/tutorial_interfaces/share/ament_index/resource_index/package_run_dependencies/tutorial_interfaces
[12.179s] -- Up-to-date: /home/tj/ros2_ws/install/tutorial_interfaces/share/ament_index/resource_index/parent_prefix_path/tutorial_interfaces
[12.179s] -- Up-to-date: /home/tj/ros2_ws/install/tutorial_interfaces/share/tutorial_interfaces/environment/ament_prefix_path.sh
[12.179s] -- Up-to-date: /home/tj/ros2_ws/install/tutorial_interfaces/share/tutorial_interfaces/environment/ament_prefix_path.dsv
[12.180s] -- Up-to-date: /home/tj/ros2_ws/install/tutorial_interfaces/share/tutorial_interfaces/environment/path.sh
[12.180s] -- Up-to-date: /home/tj/ros2_ws/install/tutorial_interfaces/share/tutorial_interfaces/environment/path.dsv
[12.180s] -- Up-to-date: /home/tj/ros2_ws/install/tutorial_interfaces/share/tutorial_interfaces/local_setup.bash
[12.180s] -- Up-to-date: /home/tj/ros2_ws/install/tutorial_interfaces/share/tutorial_interfaces/local_setup.sh
[12.180s] -- Up-to-date: /home/tj/ros2_ws/install/tutorial_interfaces/share/tutorial_interfaces/local_setup.zsh
[12.180s] -- Up-to-date: /home/tj/ros2_ws/install/tutorial_interfaces/share/tutorial_interfaces/local_setup.dsv
[12.180s] -- Installing: /home/tj/ros2_ws/install/tutorial_interfaces/share/tutorial_interfaces/package.dsv
[12.186s] -- Up-to-date: /home/tj/ros2_ws/install/tutorial_interfaces/share/ament_index/resource_index/packages/tutorial_interfaces
[12.192s] -- Up-to-date: /home/tj/ros2_ws/install/tutorial_interfaces/share/tutorial_interfaces/cmake/export_tutorial_interfaces__rosidl_generator_cExport.cmake
[12.192s] -- Up-to-date: /home/tj/ros2_ws/install/tutorial_interfaces/share/tutorial_interfaces/cmake/export_tutorial_interfaces__rosidl_generator_cExport-noconfig.cmake
[12.192s] -- Up-to-date: /home/tj/ros2_ws/install/tutorial_interfaces/share/tutorial_interfaces/cmake/export_tutorial_interfaces__rosidl_typesupport_fastrtps_cExport.cmake
[12.192s] -- Up-to-date: /home/tj/ros2_ws/install/tutorial_interfaces/share/tutorial_interfaces/cmake/export_tutorial_interfaces__rosidl_typesupport_fastrtps_cExport-noconfig.cmake
[12.192s] -- Up-to-date: /home/tj/ros2_ws/install/tutorial_interfaces/share/tutorial_interfaces/cmake/export_tutorial_interfaces__rosidl_generator_cppExport.cmake
[12.192s] -- Up-to-date: /home/tj/ros2_ws/install/tutorial_interfaces/share/tutorial_interfaces/cmake/export_tutorial_interfaces__rosidl_typesupport_fastrtps_cppExport.cmake
[12.192s] -- Up-to-date: /home/tj/ros2_ws/install/tutorial_interfaces/share/tutorial_interfaces/cmake/export_tutorial_interfaces__rosidl_typesupport_fastrtps_cppExport-noconfig.cmake
[12.192s] -- Up-to-date: /home/tj/ros2_ws/install/tutorial_interfaces/share/tutorial_interfaces/cmake/tutorial_interfaces__rosidl_typesupport_introspection_cExport.cmake
[12.192s] -- Up-to-date: /home/tj/ros2_ws/install/tutorial_interfaces/share/tutorial_interfaces/cmake/tutorial_interfaces__rosidl_typesupport_introspection_cExport-noconfig.cmake
[12.192s] -- Up-to-date: /home/tj/ros2_ws/install/tutorial_interfaces/share/tutorial_interfaces/cmake/tutorial_interfaces__rosidl_typesupport_cExport.cmake
[12.192s] -- Up-to-date: /home/tj/ros2_ws/install/tutorial_interfaces/share/tutorial_interfaces/cmake/tutorial_interfaces__rosidl_typesupport_cExport-noconfig.cmake
[12.194s] -- Up-to-date: /home/tj/ros2_ws/install/tutorial_interfaces/share/tutorial_interfaces/cmake/tutorial_interfaces__rosidl_typesupport_introspection_cppExport.cmake
[12.195s] -- Up-to-date: /home/tj/ros2_ws/install/tutorial_interfaces/share/tutorial_interfaces/cmake/tutorial_interfaces__rosidl_typesupport_introspection_cppExport-noconfig.cmake
[12.195s] -- Up-to-date: /home/tj/ros2_ws/install/tutorial_interfaces/share/tutorial_interfaces/cmake/tutorial_interfaces__rosidl_typesupport_cppExport.cmake
[12.195s] -- Up-to-date: /home/tj/ros2_ws/install/tutorial_interfaces/share/tutorial_interfaces/cmake/tutorial_interfaces__rosidl_typesupport_cppExport-noconfig.cmake
[12.236s] -- Up-to-date: /home/tj/ros2_ws/install/tutorial_interfaces/share/tutorial_interfaces/cmake/export_tutorial_interfaces__rosidl_generator_pyExport.cmake
[12.249s] -- Up-to-date: /home/tj/ros2_ws/install/tutorial_interfaces/share/tutorial_interfaces/cmake/export_tutorial_interfaces__rosidl_generator_pyExport-noconfig.cmake
[12.249s] -- Up-to-date: /home/tj/ros2_ws/install/tutorial_interfaces/share/tutorial_interfaces/cmake/rosidl_cmake-extras.cmake
[12.251s] -- Up-to-date: /home/tj/ros2_ws/install/tutorial_interfaces/share/tutorial_interfaces/cmake/ament_cmake_export_dependencies-extras.cmake
[12.251s] -- Up-to-date: /home/tj/ros2_ws/install/tutorial_interfaces/share/tutorial_interfaces/cmake/ament_cmake_export_include_directories-extras.cmake
[12.282s] -- Up-to-date: /home/tj/ros2_ws/install/tutorial_interfaces/share/tutorial_interfaces/cmake/ament_cmake_export_libraries-extras.cmake
[12.282s] -- Up-to-date: /home/tj/ros2_ws/install/tutorial_interfaces/share/tutorial_interfaces/cmake/ament_cmake_export_targets-extras.cmake
[12.283s] -- Up-to-date: /home/tj/ros2_ws/install/tutorial_interfaces/share/tutorial_interfaces/cmake/rosidl_cmake_export_typesupport_targets-extras.cmake
[12.283s] -- Up-to-date: /home/tj/ros2_ws/install/tutorial_interfaces/share/tutorial_interfaces/cmake/rosidl_cmake_export_typesupport_libraries-extras.cmake
[12.283s] -- Up-to-date: /home/tj/ros2_ws/install/tutorial_interfaces/share/tutorial_interfaces/cmake/tutorial_interfacesConfig.cmake
[12.283s] -- Up-to-date: /home/tj/ros2_ws/install/tutorial_interfaces/share/tutorial_interfaces/cmake/tutorial_interfacesConfig-version.cmake
[12.291s] -- Up-to-date: /home/tj/ros2_ws/install/tutorial_interfaces/share/tutorial_interfaces/package.xml
[12.291s] Invoked command in '/home/tj/ros2_ws/build/tutorial_interfaces' returned '0': CMAKE_PREFIX_PATH=${CMAKE_PREFIX_PATH}:/home/tj/ros2_ws/install/python_parameters:/home/tj/ros2_ws/install/py_srvcli:/home/tj/ros2_ws/install/py_pubsub:/opt/ros/humble /usr/bin/cmake --install /home/tj/ros2_ws/build/tutorial_interfaces
