[0.648s] Invoking command in '/home/tj/ros2_ws/build/tutorial_interfaces': CMAKE_PREFIX_PATH=/opt/ros/humble /usr/bin/cmake --build /home/tj/ros2_ws/build/tutorial_interfaces -- -j8 -l8
[7.030s] [  2%] Built target tutorial_interfaces__cpp
[7.030s] [ 12%] Built target tutorial_interfaces__rosidl_generator_c
[7.030s] [ 12%] Built target ament_cmake_python_copy_tutorial_interfaces
[7.030s] [ 23%] Built target tutorial_interfaces__rosidl_typesupport_introspection_cpp
[7.031s] [ 34%] Built target tutorial_interfaces__rosidl_typesupport_cpp
[7.031s] [ 44%] Built target tutorial_interfaces__rosidl_typesupport_fastrtps_c
[7.032s] [ 55%] Built target tutorial_interfaces__rosidl_typesupport_c
[7.032s] [ 76%] Built target tutorial_interfaces__rosidl_typesupport_fastrtps_cpp
[7.032s] [ 76%] Built target tutorial_interfaces__rosidl_typesupport_introspection_c
[7.032s] [ 76%] Built target tutorial_interfaces
[7.032s] [ 78%] Built target tutorial_interfaces__py
[7.032s] [ 87%] Built target tutorial_interfaces__rosidl_generator_py
[7.134s] [ 93%] Built target tutorial_interfaces__rosidl_typesupport_fastrtps_c__pyext
[7.245s] [ 95%] Built target tutorial_interfaces__rosidl_typesupport_c__pyext
[7.247s] [100%] Built target tutorial_interfaces__rosidl_typesupport_introspection_c__pyext
[7.309s] running egg_info
[7.310s] writing tutorial_interfaces.egg-info/PKG-INFO
[7.310s] writing dependency_links to tutorial_interfaces.egg-info/dependency_links.txt
[7.314s] writing top-level names to tutorial_interfaces.egg-info/top_level.txt
[7.314s] reading manifest file 'tutorial_interfaces.egg-info/SOURCES.txt'
[7.314s] writing manifest file 'tutorial_interfaces.egg-info/SOURCES.txt'
[7.314s] [100%] Built target ament_cmake_python_build_tutorial_interfaces_egg
[8.484s] Invoked command in '/home/tj/ros2_ws/build/tutorial_interfaces' returned '0': CMAKE_PREFIX_PATH=/opt/ros/humble /usr/bin/cmake --build /home/tj/ros2_ws/build/tutorial_interfaces -- -j8 -l8
