[0.200s] Invoking command in '/home/tj/ros2_ws/build/polygon_plugins': AMENT_PREFIX_PATH=/home/tj/ros2_ws/install/polygon_base:${AMENT_PREFIX_PATH} CMAKE_PREFIX_PATH=/home/tj/ros2_ws/install/polygon_base:/opt/ros/humble PATH=/home/tj/ros2_ws/install/polygon_base/bin:${PATH} /usr/bin/cmake --build /home/tj/ros2_ws/build/polygon_plugins -- -j8 -l8
[0.890s] [100%] Built target polygon_plugins
[1.116s] Invoked command in '/home/tj/ros2_ws/build/polygon_plugins' returned '0': AMENT_PREFIX_PATH=/home/tj/ros2_ws/install/polygon_base:${AMENT_PREFIX_PATH} CMAKE_PREFIX_PATH=/home/tj/ros2_ws/install/polygon_base:/opt/ros/humble PATH=/home/tj/ros2_ws/install/polygon_base/bin:${PATH} /usr/bin/cmake --build /home/tj/ros2_ws/build/polygon_plugins -- -j8 -l8
[2.138s] Invoking command in '/home/tj/ros2_ws/build/polygon_plugins': AMENT_PREFIX_PATH=/home/tj/ros2_ws/install/polygon_base:${AMENT_PREFIX_PATH} CMAKE_PREFIX_PATH=/home/tj/ros2_ws/install/polygon_base:/opt/ros/humble PATH=/home/tj/ros2_ws/install/polygon_base/bin:${PATH} /usr/bin/cmake --install /home/tj/ros2_ws/build/polygon_plugins
[2.295s] -- Install configuration: ""
[2.297s] -- Up-to-date: /home/tj/ros2_ws/install/polygon_plugins/share/polygon_plugins/plugins.xml
[2.297s] -- Up-to-date: /home/tj/ros2_ws/install/polygon_plugins/include
[2.297s] -- Up-to-date: /home/tj/ros2_ws/install/polygon_plugins/include/polygon_plugins
[2.297s] -- Up-to-date: /home/tj/ros2_ws/install/polygon_plugins/include/polygon_plugins/visibility_control.h
[2.297s] -- Up-to-date: /home/tj/ros2_ws/install/polygon_plugins/include/polygon_plugins/polygon_plugins.hpp
[2.350s] -- Up-to-date: /home/tj/ros2_ws/install/polygon_plugins/lib/libpolygon_plugins.so
[2.350s] -- Up-to-date: /home/tj/ros2_ws/install/polygon_plugins/share/polygon_plugins/environment/library_path.sh
[2.352s] -- Up-to-date: /home/tj/ros2_ws/install/polygon_plugins/share/polygon_plugins/environment/library_path.dsv
[2.417s] -- Up-to-date: /home/tj/ros2_ws/install/polygon_plugins/share/ament_index/resource_index/package_run_dependencies/polygon_plugins
[2.417s] -- Up-to-date: /home/tj/ros2_ws/install/polygon_plugins/share/ament_index/resource_index/parent_prefix_path/polygon_plugins
[2.417s] -- Up-to-date: /home/tj/ros2_ws/install/polygon_plugins/share/polygon_plugins/environment/ament_prefix_path.sh
[2.417s] -- Up-to-date: /home/tj/ros2_ws/install/polygon_plugins/share/polygon_plugins/environment/ament_prefix_path.dsv
[2.418s] -- Up-to-date: /home/tj/ros2_ws/install/polygon_plugins/share/polygon_plugins/environment/path.sh
[2.418s] -- Up-to-date: /home/tj/ros2_ws/install/polygon_plugins/share/polygon_plugins/environment/path.dsv
[2.418s] -- Up-to-date: /home/tj/ros2_ws/install/polygon_plugins/share/polygon_plugins/local_setup.bash
[2.418s] -- Up-to-date: /home/tj/ros2_ws/install/polygon_plugins/share/polygon_plugins/local_setup.sh
[2.418s] -- Up-to-date: /home/tj/ros2_ws/install/polygon_plugins/share/polygon_plugins/local_setup.zsh
[2.418s] -- Up-to-date: /home/tj/ros2_ws/install/polygon_plugins/share/polygon_plugins/local_setup.dsv
[2.418s] -- Installing: /home/tj/ros2_ws/install/polygon_plugins/share/polygon_plugins/package.dsv
[2.418s] -- Up-to-date: /home/tj/ros2_ws/install/polygon_plugins/share/ament_index/resource_index/packages/polygon_plugins
[2.418s] -- Up-to-date: /home/tj/ros2_ws/install/polygon_plugins/share/ament_index/resource_index/polygon_base__pluginlib__plugin/polygon_plugins
[2.418s] -- Up-to-date: /home/tj/ros2_ws/install/polygon_plugins/share/polygon_plugins/cmake/export_polygon_pluginsExport.cmake
[2.418s] -- Up-to-date: /home/tj/ros2_ws/install/polygon_plugins/share/polygon_plugins/cmake/export_polygon_pluginsExport-noconfig.cmake
[2.418s] -- Up-to-date: /home/tj/ros2_ws/install/polygon_plugins/share/polygon_plugins/cmake/ament_cmake_export_include_directories-extras.cmake
[2.418s] -- Up-to-date: /home/tj/ros2_ws/install/polygon_plugins/share/polygon_plugins/cmake/ament_cmake_export_libraries-extras.cmake
[2.435s] -- Up-to-date: /home/tj/ros2_ws/install/polygon_plugins/share/polygon_plugins/cmake/ament_cmake_export_targets-extras.cmake
[2.435s] -- Up-to-date: /home/tj/ros2_ws/install/polygon_plugins/share/polygon_plugins/cmake/polygon_pluginsConfig.cmake
[2.435s] -- Up-to-date: /home/tj/ros2_ws/install/polygon_plugins/share/polygon_plugins/cmake/polygon_pluginsConfig-version.cmake
[2.435s] -- Up-to-date: /home/tj/ros2_ws/install/polygon_plugins/share/polygon_plugins/package.xml
[2.537s] Invoked command in '/home/tj/ros2_ws/build/polygon_plugins' returned '0': AMENT_PREFIX_PATH=/home/tj/ros2_ws/install/polygon_base:${AMENT_PREFIX_PATH} CMAKE_PREFIX_PATH=/home/tj/ros2_ws/install/polygon_base:/opt/ros/humble PATH=/home/tj/ros2_ws/install/polygon_base/bin:${PATH} /usr/bin/cmake --install /home/tj/ros2_ws/build/polygon_plugins
