[0.222s] Invoking command in '/home/tj/ros2_ws/build/cpp_srvcli': /usr/bin/cmake /home/tj/ros2_ws/src/cpp_srvcli -DCMAKE_INSTALL_PREFIX=/home/tj/ros2_ws/install/cpp_srvcli
[0.639s] [31mCMake Error at CMakeLists.txt:4 (find_package):
[0.641s]   By not providing "Findament_cmake.cmake" in CMAKE_MODULE_PATH this project
[0.643s]   has asked CMake to find a package configuration file provided by
[0.644s]   "ament_cmake", but CMake did not find one.
[0.644s] 
[0.644s]   Could not find a package configuration file provided by "ament_cmake" with
[0.644s]   any of the following names:
[0.644s] 
[0.644s]     ament_cmakeConfig.cmake
[0.644s]     ament_cmake-config.cmake
[0.644s] 
[0.644s]   Add the installation prefix of "ament_cmake" to CMAKE_PREFIX_PATH or set
[0.644s]   "ament_cmake_DIR" to a directory containing one of the above files.  If
[0.644s]   "ament_cmake" provides a separate development package or SDK, be sure it
[0.644s]   has been installed.
[0.644s] 
[0.646s] [0m
[0.720s] -- Configuring incomplete, errors occurred!
[0.721s] See also "/home/tj/ros2_ws/build/cpp_srvcli/CMakeFiles/CMakeOutput.log".
[0.721s] Invoked command in '/home/tj/ros2_ws/build/cpp_srvcli' returned '1': /usr/bin/cmake /home/tj/ros2_ws/src/cpp_srvcli -DCMAKE_INSTALL_PREFIX=/home/tj/ros2_ws/install/cpp_srvcli
