[0.714s] Invoking command in '/home/tj/ros2_ws/build/cpp_parameters': CMAKE_PREFIX_PATH=/opt/ros/humble /usr/bin/cmake --build /home/tj/ros2_ws/build/cpp_parameters -- -j8 -l8
[7.211s] -- Found ament_cmake: 1.3.10 (/opt/ros/humble/share/ament_cmake/cmake)
[7.211s] -- Found rclcpp: 16.0.10 (/opt/ros/humble/share/rclcpp/cmake)
[7.211s] -- Found rosidl_generator_c: 3.1.5 (/opt/ros/humble/share/rosidl_generator_c/cmake)
[7.212s] -- Found rosidl_adapter: 3.1.5 (/opt/ros/humble/share/rosidl_adapter/cmake)
[7.212s] -- Found rosidl_generator_cpp: 3.1.5 (/opt/ros/humble/share/rosidl_generator_cpp/cmake)
[7.212s] -- Using all available rosidl_typesupport_c: rosidl_typesupport_fastrtps_c;rosidl_typesupport_introspection_c
[7.212s] -- Using all available rosidl_typesupport_cpp: rosidl_typesupport_fastrtps_cpp;rosidl_typesupport_introspection_cpp
[7.214s] -- Found rmw_implementation_cmake: 6.1.2 (/opt/ros/humble/share/rmw_implementation_cmake/cmake)
[7.215s] -- Found rmw_fastrtps_cpp: 6.2.7 (/opt/ros/humble/share/rmw_fastrtps_cpp/cmake)
[7.215s] -- Using RMW implementation 'rmw_fastrtps_cpp' as default
[7.215s] -- Found ament_lint_auto: 0.12.11 (/opt/ros/humble/share/ament_lint_auto/cmake)
[7.215s] -- Added test 'cppcheck' to perform static code analysis on C / C++ code
[7.215s] -- Configured cppcheck include dirs: 
[7.215s] -- Configured cppcheck exclude dirs and/or files: 
[7.216s] -- Added test 'flake8' to check Python code syntax and style conventions
[7.216s] -- Added test 'lint_cmake' to check CMake code style
[7.216s] -- Added test 'pep257' to check Python code against some of the docstring style conventions in PEP 257
[7.216s] -- Added test 'uncrustify' to check C / C++ code style
[7.217s] -- Configured uncrustify additional arguments: 
[7.217s] -- Added test 'xmllint' to check XML markup files
[7.217s] -- Configuring incomplete, errors occurred!
[7.217s] See also "/home/tj/ros2_ws/build/cpp_parameters/CMakeFiles/CMakeOutput.log".
[7.218s] [31mCMake Error at CMakeLists.txt:15 (install):
[7.219s]   install TARGETS given target "DIRECTORY" which does not exist.
[7.219s] 
[7.219s] [0m
[7.219s] gmake: *** [Makefile:267: cmake_check_build_system] Error 1
[7.649s] Invoked command in '/home/tj/ros2_ws/build/cpp_parameters' returned '2': CMAKE_PREFIX_PATH=/opt/ros/humble /usr/bin/cmake --build /home/tj/ros2_ws/build/cpp_parameters -- -j8 -l8
