[8.280s] Invoking command in '/home/tj/ros2_ws/src/python_parameters': PYTHONPATH=/home/tj/ros2_ws/build/python_parameters/prefix_override:/usr/lib/python3/dist-packages/colcon_core/task/python/colcon_distutils_commands:/home/tj/ros2_ws/install/python_parameters/lib/python3.10/site-packages:${PYTHONPATH} /usr/bin/python3 -W ignore:setup.py install is deprecated setup.py egg_info --egg-base ../../build/python_parameters build --build-base /home/tj/ros2_ws/build/python_parameters/build install --record /home/tj/ros2_ws/build/python_parameters/install.log --single-version-externally-managed install_data
[10.413s] running egg_info
[10.416s] writing ../../build/python_parameters/python_parameters.egg-info/PKG-INFO
[10.416s] writing dependency_links to ../../build/python_parameters/python_parameters.egg-info/dependency_links.txt
[10.477s] writing entry points to ../../build/python_parameters/python_parameters.egg-info/entry_points.txt
[10.502s] writing requirements to ../../build/python_parameters/python_parameters.egg-info/requires.txt
[10.513s] writing top-level names to ../../build/python_parameters/python_parameters.egg-info/top_level.txt
[10.583s] reading manifest file '../../build/python_parameters/python_parameters.egg-info/SOURCES.txt'
[10.584s] writing manifest file '../../build/python_parameters/python_parameters.egg-info/SOURCES.txt'
[10.584s] running build
[10.584s] running build_py
[10.584s] running install
[10.584s] running install_lib
[10.656s] running install_data
[10.677s] running install_egg_info
[10.677s] removing '/home/tj/ros2_ws/install/python_parameters/lib/python3.10/site-packages/python_parameters-0.0.0-py3.10.egg-info' (and everything under it)
[10.687s] Copying ../../build/python_parameters/python_parameters.egg-info to /home/tj/ros2_ws/install/python_parameters/lib/python3.10/site-packages/python_parameters-0.0.0-py3.10.egg-info
[10.687s] running install_scripts
[11.029s] Installing minimal_param_node script to /home/tj/ros2_ws/install/python_parameters/lib/python_parameters
[11.033s] writing list of installed files to '/home/tj/ros2_ws/build/python_parameters/install.log'
[11.419s] Invoked command in '/home/tj/ros2_ws/src/python_parameters' returned '0': PYTHONPATH=/home/tj/ros2_ws/build/python_parameters/prefix_override:/usr/lib/python3/dist-packages/colcon_core/task/python/colcon_distutils_commands:/home/tj/ros2_ws/install/python_parameters/lib/python3.10/site-packages:${PYTHONPATH} /usr/bin/python3 -W ignore:setup.py install is deprecated setup.py egg_info --egg-base ../../build/python_parameters build --build-base /home/tj/ros2_ws/build/python_parameters/build install --record /home/tj/ros2_ws/build/python_parameters/install.log --single-version-externally-managed install_data
