[0.559s] Invoking command in '/home/tj/ros2_ws/build/polygon_base': CMAKE_PREFIX_PATH=/opt/ros/humble /usr/bin/cmake --build /home/tj/ros2_ws/build/polygon_base -- -j8 -l8
[5.838s] -- Found ament_cmake: 1.3.10 (/opt/ros/humble/share/ament_cmake/cmake)
[5.838s] -- Found pluginlib: 5.1.0 (/opt/ros/humble/share/pluginlib/cmake)
[5.838s] -- Configuring done
[5.838s] -- Generating done
[5.838s] -- Build files have been written to: /home/tj/ros2_ws/build/polygon_base
[5.838s] [35m[1mConsolidate compiler generated dependencies of target area_node[0m
[5.838s] [ 50%] [32m[1mLinking CXX executable area_node[0m
[5.838s] [100%] Built target area_node
[6.059s] Invoked command in '/home/tj/ros2_ws/build/polygon_base' returned '0': CMAKE_PREFIX_PATH=/opt/ros/humble /usr/bin/cmake --build /home/tj/ros2_ws/build/polygon_base -- -j8 -l8
[7.546s] Invoking command in '/home/tj/ros2_ws/build/polygon_base': CMAKE_PREFIX_PATH=/opt/ros/humble /usr/bin/cmake --install /home/tj/ros2_ws/build/polygon_base
[7.981s] -- Install configuration: ""
[8.082s] -- Up-to-date: /home/tj/ros2_ws/install/polygon_base/share/polygon_base/plugins.xml
[8.082s] -- Installing: /home/tj/ros2_ws/install/polygon_base/include
[8.082s] -- Installing: /home/tj/ros2_ws/install/polygon_base/include/polygon_base
[8.082s] -- Installing: /home/tj/ros2_ws/install/polygon_base/include/polygon_base/regular_polygon.hpp
[8.086s] -- Up-to-date: /home/tj/ros2_ws/install/polygon_base/share/ament_index/resource_index/package_run_dependencies/polygon_base
[8.086s] -- Up-to-date: /home/tj/ros2_ws/install/polygon_base/share/ament_index/resource_index/parent_prefix_path/polygon_base
[8.086s] -- Up-to-date: /home/tj/ros2_ws/install/polygon_base/share/polygon_base/environment/ament_prefix_path.sh
[8.086s] -- Installing: /home/tj/ros2_ws/install/polygon_base/share/polygon_base/environment/ament_prefix_path.dsv
[8.086s] -- Up-to-date: /home/tj/ros2_ws/install/polygon_base/share/polygon_base/environment/path.sh
[8.306s] -- Installing: /home/tj/ros2_ws/install/polygon_base/share/polygon_base/environment/path.dsv
[8.438s] -- Up-to-date: /home/tj/ros2_ws/install/polygon_base/share/polygon_base/local_setup.bash
[8.445s] -- Up-to-date: /home/tj/ros2_ws/install/polygon_base/share/polygon_base/local_setup.sh
[8.450s] -- Up-to-date: /home/tj/ros2_ws/install/polygon_base/share/polygon_base/local_setup.zsh
[8.450s] -- Installing: /home/tj/ros2_ws/install/polygon_base/share/polygon_base/local_setup.dsv
[8.450s] -- Installing: /home/tj/ros2_ws/install/polygon_base/share/polygon_base/package.dsv
[8.450s] -- Up-to-date: /home/tj/ros2_ws/install/polygon_base/share/ament_index/resource_index/packages/polygon_base
[8.542s] -- Up-to-date: /home/tj/ros2_ws/install/polygon_base/share/ament_index/resource_index/polygon_base__pluginlib__plugin/polygon_base
[8.580s] -- Up-to-date: /home/tj/ros2_ws/install/polygon_base/share/polygon_base/cmake/polygon_baseConfig.cmake
[8.586s] -- Up-to-date: /home/tj/ros2_ws/install/polygon_base/share/polygon_base/cmake/polygon_baseConfig-version.cmake
[8.586s] -- Up-to-date: /home/tj/ros2_ws/install/polygon_base/share/polygon_base/package.xml
