[0.552s] Invoking command in '/home/tj/ros2_ws/build/cpp_parameters': CMAKE_PREFIX_PATH=/opt/ros/humble /usr/bin/cmake --build /home/tj/ros2_ws/build/cpp_parameters -- -j8 -l8
[4.340s] -- Found ament_cmake: 1.3.10 (/opt/ros/humble/share/ament_cmake/cmake)
[4.340s] -- Found rclcpp: 16.0.10 (/opt/ros/humble/share/rclcpp/cmake)
[4.340s] -- Found rosidl_generator_c: 3.1.5 (/opt/ros/humble/share/rosidl_generator_c/cmake)
[4.340s] -- Found rosidl_adapter: 3.1.5 (/opt/ros/humble/share/rosidl_adapter/cmake)
[4.340s] -- Found rosidl_generator_cpp: 3.1.5 (/opt/ros/humble/share/rosidl_generator_cpp/cmake)
[4.353s] -- Using all available rosidl_typesupport_c: rosidl_typesupport_fastrtps_c;rosidl_typesupport_introspection_c
[4.353s] -- Using all available rosidl_typesupport_cpp: rosidl_typesupport_fastrtps_cpp;rosidl_typesupport_introspection_cpp
[4.353s] -- Found rmw_implementation_cmake: 6.1.2 (/opt/ros/humble/share/rmw_implementation_cmake/cmake)
[4.353s] -- Found rmw_fastrtps_cpp: 6.2.7 (/opt/ros/humble/share/rmw_fastrtps_cpp/cmake)
[4.730s] -- Using RMW implementation 'rmw_fastrtps_cpp' as default
[4.924s] [31mCMake Error at CMakeLists.txt:15 (install):
[4.924s]   install TARGETS given target "DIRECTORY" which does not exist.
[4.924s] 
[4.946s] [0m
[4.961s] -- Found ament_lint_auto: 0.12.11 (/opt/ros/humble/share/ament_lint_auto/cmake)
[5.252s] -- Added test 'cppcheck' to perform static code analysis on C / C++ code
[5.253s] -- Configured cppcheck include dirs: 
[5.253s] -- Configured cppcheck exclude dirs and/or files: 
[5.253s] -- Added test 'flake8' to check Python code syntax and style conventions
[5.254s] -- Added test 'lint_cmake' to check CMake code style
[5.255s] -- Added test 'pep257' to check Python code against some of the docstring style conventions in PEP 257
[5.255s] -- Added test 'uncrustify' to check C / C++ code style
[5.255s] -- Configured uncrustify additional arguments: 
[5.255s] -- Added test 'xmllint' to check XML markup files
[5.257s] -- Configuring incomplete, errors occurred!
[5.257s] See also "/home/tj/ros2_ws/build/cpp_parameters/CMakeFiles/CMakeOutput.log".
[5.267s] gmake: *** [Makefile:267: cmake_check_build_system] Error 1
[5.923s] Invoked command in '/home/tj/ros2_ws/build/cpp_parameters' returned '2': CMAKE_PREFIX_PATH=/opt/ros/humble /usr/bin/cmake --build /home/tj/ros2_ws/build/cpp_parameters -- -j8 -l8
