[0.594s] Invoking command in '/home/tj/ros2_ws/build/polygon_base': CMAKE_PREFIX_PATH=${CMAKE_PREFIX_PATH}:/home/tj/ros2_ws/install/python_parameters:/home/tj/ros2_ws/install/py_srvcli:/home/tj/ros2_ws/install/py_pubsub:/opt/ros/humble /usr/bin/cmake --build /home/tj/ros2_ws/build/polygon_base -- -j8 -l8
[4.440s] [100%] Built target area_node
[5.486s] Invoked command in '/home/tj/ros2_ws/build/polygon_base' returned '0': CMAKE_PREFIX_PATH=${CMAKE_PREFIX_PATH}:/home/tj/ros2_ws/install/python_parameters:/home/tj/ros2_ws/install/py_srvcli:/home/tj/ros2_ws/install/py_pubsub:/opt/ros/humble /usr/bin/cmake --build /home/tj/ros2_ws/build/polygon_base -- -j8 -l8
[6.457s] Invoking command in '/home/tj/ros2_ws/build/polygon_base': CMAKE_PREFIX_PATH=${CMAKE_PREFIX_PATH}:/home/tj/ros2_ws/install/python_parameters:/home/tj/ros2_ws/install/py_srvcli:/home/tj/ros2_ws/install/py_pubsub:/opt/ros/humble /usr/bin/cmake --install /home/tj/ros2_ws/build/polygon_base
[6.470s] -- Install configuration: ""
[6.470s] -- Up-to-date: /home/tj/ros2_ws/install/polygon_base/share/polygon_base/plugins.xml
[6.470s] -- Up-to-date: /home/tj/ros2_ws/install/polygon_base/include
[6.470s] -- Up-to-date: /home/tj/ros2_ws/install/polygon_base/include/polygon_base
[6.470s] -- Up-to-date: /home/tj/ros2_ws/install/polygon_base/include/polygon_base/regular_polygon.hpp
[6.470s] -- Up-to-date: /home/tj/ros2_ws/install/polygon_base/share/ament_index/resource_index/package_run_dependencies/polygon_base
[6.470s] -- Up-to-date: /home/tj/ros2_ws/install/polygon_base/share/ament_index/resource_index/parent_prefix_path/polygon_base
[6.471s] -- Up-to-date: /home/tj/ros2_ws/install/polygon_base/share/polygon_base/environment/ament_prefix_path.sh
[6.471s] -- Up-to-date: /home/tj/ros2_ws/install/polygon_base/share/polygon_base/environment/ament_prefix_path.dsv
[6.471s] -- Up-to-date: /home/tj/ros2_ws/install/polygon_base/share/polygon_base/environment/path.sh
[6.471s] -- Up-to-date: /home/tj/ros2_ws/install/polygon_base/share/polygon_base/environment/path.dsv
[6.471s] -- Up-to-date: /home/tj/ros2_ws/install/polygon_base/share/polygon_base/local_setup.bash
[6.471s] -- Up-to-date: /home/tj/ros2_ws/install/polygon_base/share/polygon_base/local_setup.sh
[6.471s] -- Up-to-date: /home/tj/ros2_ws/install/polygon_base/share/polygon_base/local_setup.zsh
[6.486s] -- Up-to-date: /home/tj/ros2_ws/install/polygon_base/share/polygon_base/local_setup.dsv
[6.486s] -- Installing: /home/tj/ros2_ws/install/polygon_base/share/polygon_base/package.dsv
[6.486s] -- Up-to-date: /home/tj/ros2_ws/install/polygon_base/share/ament_index/resource_index/packages/polygon_base
[6.486s] -- Up-to-date: /home/tj/ros2_ws/install/polygon_base/share/ament_index/resource_index/polygon_base__pluginlib__plugin/polygon_base
[6.486s] -- Up-to-date: /home/tj/ros2_ws/install/polygon_base/share/polygon_base/cmake/ament_cmake_export_include_directories-extras.cmake
[6.486s] -- Up-to-date: /home/tj/ros2_ws/install/polygon_base/share/polygon_base/cmake/polygon_baseConfig.cmake
[6.487s] -- Up-to-date: /home/tj/ros2_ws/install/polygon_base/share/polygon_base/cmake/polygon_baseConfig-version.cmake
[6.487s] -- Up-to-date: /home/tj/ros2_ws/install/polygon_base/share/polygon_base/package.xml
[6.688s] Invoked command in '/home/tj/ros2_ws/build/polygon_base' returned '0': CMAKE_PREFIX_PATH=${CMAKE_PREFIX_PATH}:/home/tj/ros2_ws/install/python_parameters:/home/tj/ros2_ws/install/py_srvcli:/home/tj/ros2_ws/install/py_pubsub:/opt/ros/humble /usr/bin/cmake --install /home/tj/ros2_ws/build/polygon_base
