[0.008s] Invoking command in '/home/tj/ros2_ws/build/more_interfaces': CMAKE_PREFIX_PATH=${CMAKE_PREFIX_PATH}:/home/tj/ros2_ws/install/py_srvcli:/home/tj/ros2_ws/install/py_pubsub:/opt/ros/humble /usr/bin/cmake /home/tj/ros2_ws/src/more_interfaces -DCMAKE_INSTALL_PREFIX=/home/tj/ros2_ws/install/more_interfaces
[0.027s] -- Found ament_cmake: 1.3.10 (/opt/ros/humble/share/ament_cmake/cmake)
[0.124s] -- Found rosidl_default_generators: 1.2.0 (/opt/ros/humble/share/rosidl_default_generators/cmake)
[0.125s] -- Using all available rosidl_typesupport_c: rosidl_typesupport_fastrtps_c;rosidl_typesupport_introspection_c
[0.127s] -- Found rosidl_adapter: 3.1.5 (/opt/ros/humble/share/rosidl_adapter/cmake)
[0.162s] -- Using all available rosidl_typesupport_cpp: rosidl_typesupport_fastrtps_cpp;rosidl_typesupport_introspection_cpp
[0.178s] -- Found rclcpp: 16.0.10 (/opt/ros/humble/share/rclcpp/cmake)
[0.200s] -- Found rmw_implementation_cmake: 6.1.2 (/opt/ros/humble/share/rmw_implementation_cmake/cmake)
[0.201s] -- Found rmw_fastrtps_cpp: 6.2.7 (/opt/ros/humble/share/rmw_fastrtps_cpp/cmake)
[0.266s] -- Using RMW implementation 'rmw_fastrtps_cpp' as default
[0.489s] -- Found ament_cmake_ros: 0.10.0 (/opt/ros/humble/share/ament_cmake_ros/cmake)
[0.626s] -- Using all available rosidl_typesupport_c: rosidl_typesupport_fastrtps_c;rosidl_typesupport_introspection_c
[0.784s] -- Using all available rosidl_typesupport_cpp: rosidl_typesupport_fastrtps_cpp;rosidl_typesupport_introspection_cpp
[0.799s] -- Found python_cmake_module: 0.10.0 (/opt/ros/humble/share/python_cmake_module/cmake)
[0.815s] -- Using PYTHON_EXECUTABLE: /usr/bin/python3
[0.815s] -- Using PYTHON_INCLUDE_DIRS: /usr/include/python3.10
[0.815s] -- Using PYTHON_LIBRARIES: /usr/lib/x86_64-linux-gnu/libpython3.10.so
[0.824s] [0mCMake Deprecation Warning at /opt/ros/humble/share/rosidl_cmake/cmake/rosidl_target_interfaces.cmake:32 (message):
[0.824s]   Use rosidl_get_typesupport_target() and target_link_libraries() instead of
[0.824s]   rosidl_target_interfaces()
[0.824s] Call Stack (most recent call first):
[0.824s]   CMakeLists.txt:28 (rosidl_target_interfaces)
[0.824s] 
[0.824s] [0m
[0.828s] -- Configuring done
[0.831s] [31mCMake Error at CMakeLists.txt:21 (add_executable):
[0.831s]   Cannot find source file:
[0.831s] 
[0.831s]     src/publish_address_book.cpp
[0.831s] 
[0.831s]   Tried extensions .c .C .c++ .cc .cpp .cxx .cu .mpp .m .M .mm .ixx .cppm .h
[0.831s]   .hh .h++ .hm .hpp .hxx .in .txx .f .F .for .f77 .f90 .f95 .f03 .hip .ispc
[0.831s] 
[0.831s] [0m
[0.832s] [31mCMake Error at CMakeLists.txt:21 (add_executable):
[0.832s]   No SOURCES given to target: publish_address_book
[0.832s] 
[0.832s] [0m
[0.832s] [0mCMake Generate step failed.  Build files cannot be regenerated correctly.[0m
[0.837s] Invoked command in '/home/tj/ros2_ws/build/more_interfaces' returned '1': CMAKE_PREFIX_PATH=${CMAKE_PREFIX_PATH}:/home/tj/ros2_ws/install/py_srvcli:/home/tj/ros2_ws/install/py_pubsub:/opt/ros/humble /usr/bin/cmake /home/tj/ros2_ws/src/more_interfaces -DCMAKE_INSTALL_PREFIX=/home/tj/ros2_ws/install/more_interfaces
