[0.453s] Invoking command in '/home/tj/ros2_ws/build/tutorial_interfaces': CMAKE_PREFIX_PATH=/opt/ros/humble /usr/bin/cmake --build /home/tj/ros2_ws/build/tutorial_interfaces -- -j8 -l8
[4.497s] [ 10%] Built target tutorial_interfaces__rosidl_generator_c
[4.497s] [ 12%] Built target tutorial_interfaces__cpp
[4.498s] [ 12%] Built target ament_cmake_python_copy_tutorial_interfaces
[4.498s] [ 23%] Built target tutorial_interfaces__rosidl_typesupport_introspection_c
[4.498s] [ 34%] Built target tutorial_interfaces__rosidl_typesupport_c
[4.500s] [ 44%] Built target tutorial_interfaces__rosidl_typesupport_fastrtps_c
[4.500s] [ 55%] Built target tutorial_interfaces__rosidl_typesupport_cpp
[4.500s] [ 68%] Built target tutorial_interfaces__rosidl_typesupport_introspection_cpp
[4.500s] [ 76%] Built target tutorial_interfaces__rosidl_typesupport_fastrtps_cpp
[4.501s] [ 76%] Built target tutorial_interfaces
[4.501s] [ 78%] Built target tutorial_interfaces__py
[4.501s] [ 87%] Built target tutorial_interfaces__rosidl_generator_py
[4.501s] [ 91%] Built target tutorial_interfaces__rosidl_typesupport_fastrtps_c__pyext
[4.501s] [ 95%] Built target tutorial_interfaces__rosidl_typesupport_c__pyext
[4.501s] [100%] Built target tutorial_interfaces__rosidl_typesupport_introspection_c__pyext
[4.501s] running egg_info
[4.501s] writing tutorial_interfaces.egg-info/PKG-INFO
[4.501s] writing dependency_links to tutorial_interfaces.egg-info/dependency_links.txt
[4.501s] writing top-level names to tutorial_interfaces.egg-info/top_level.txt
[4.501s] reading manifest file 'tutorial_interfaces.egg-info/SOURCES.txt'
[4.501s] writing manifest file 'tutorial_interfaces.egg-info/SOURCES.txt'
[4.501s] [100%] Built target ament_cmake_python_build_tutorial_interfaces_egg
[4.842s] Invoked command in '/home/tj/ros2_ws/build/tutorial_interfaces' returned '0': CMAKE_PREFIX_PATH=/opt/ros/humble /usr/bin/cmake --build /home/tj/ros2_ws/build/tutorial_interfaces -- -j8 -l8
