[0.831s] Invoking command in '/home/tj/ros2_ws/build/tutorial_interfaces': CMAKE_PREFIX_PATH=/opt/ros/humble /usr/bin/cmake --build /home/tj/ros2_ws/build/tutorial_interfaces -- -j8 -l8
[6.088s] [  0%] Built target ament_cmake_python_copy_tutorial_interfaces
[6.090s] [  2%] Built target tutorial_interfaces__cpp
[6.090s] [ 12%] Built target tutorial_interfaces__rosidl_generator_c
[6.090s] [ 23%] Built target tutorial_interfaces__rosidl_typesupport_fastrtps_cpp
[6.092s] [ 34%] Built target tutorial_interfaces__rosidl_typesupport_cpp
[6.092s] [ 44%] Built target tutorial_interfaces__rosidl_typesupport_introspection_cpp
[6.094s] [ 55%] Built target tutorial_interfaces__rosidl_typesupport_fastrtps_c
[6.094s] [ 65%] Built target tutorial_interfaces__rosidl_typesupport_c
[6.095s] [ 76%] Built target tutorial_interfaces__rosidl_typesupport_introspection_c
[6.098s] [ 76%] Built target tutorial_interfaces
[6.100s] [ 78%] Built target tutorial_interfaces__py
[6.101s] [ 87%] Built target tutorial_interfaces__rosidl_generator_py
[6.101s] [ 91%] Built target tutorial_interfaces__rosidl_typesupport_fastrtps_c__pyext
[6.125s] [ 95%] Built target tutorial_interfaces__rosidl_typesupport_introspection_c__pyext
[6.125s] [100%] Built target tutorial_interfaces__rosidl_typesupport_c__pyext
[6.126s] running egg_info
[6.128s] writing tutorial_interfaces.egg-info/PKG-INFO
[6.130s] writing dependency_links to tutorial_interfaces.egg-info/dependency_links.txt
[6.130s] writing top-level names to tutorial_interfaces.egg-info/top_level.txt
[6.130s] reading manifest file 'tutorial_interfaces.egg-info/SOURCES.txt'
[6.130s] writing manifest file 'tutorial_interfaces.egg-info/SOURCES.txt'
[6.130s] [100%] Built target ament_cmake_python_build_tutorial_interfaces_egg
[6.367s] Invoked command in '/home/tj/ros2_ws/build/tutorial_interfaces' returned '0': CMAKE_PREFIX_PATH=/opt/ros/humble /usr/bin/cmake --build /home/tj/ros2_ws/build/tutorial_interfaces -- -j8 -l8
