[0.658s] Invoking command in '/home/tj/ros2_ws/build/more_interfaces': CMAKE_PREFIX_PATH=/opt/ros/humble /usr/bin/cmake --build /home/tj/ros2_ws/build/more_interfaces -- -j8 -l8
[5.677s] [  0%] Built target ament_cmake_python_copy_more_interfaces
[5.677s] [  9%] Built target more_interfaces__cpp
[5.678s] [ 12%] Built target more_interfaces__rosidl_generator_c
[5.678s] [ 21%] Built target more_interfaces__rosidl_typesupport_cpp
[5.679s] [ 30%] Built target more_interfaces__rosidl_typesupport_introspection_c
[5.680s] [ 39%] Built target more_interfaces__rosidl_typesupport_fastrtps_c
[5.680s] [ 51%] Built target more_interfaces__rosidl_typesupport_introspection_cpp
[5.680s] [ 57%] Built target more_interfaces__rosidl_typesupport_fastrtps_cpp
[5.680s] [ 66%] Built target more_interfaces__rosidl_typesupport_c
[5.680s] [ 66%] Built target more_interfaces
[5.680s] [ 69%] Built target more_interfaces__py
[5.680s] [ 75%] Built target publish_address_book
[5.680s] [ 81%] Built target more_interfaces__rosidl_generator_py
[5.680s] [ 87%] Built target more_interfaces__rosidl_typesupport_introspection_c__pyext
[5.680s] [ 93%] Built target more_interfaces__rosidl_typesupport_c__pyext
[5.680s] running egg_info
[5.681s] writing more_interfaces.egg-info/PKG-INFO
[5.681s] [100%] Built target more_interfaces__rosidl_typesupport_fastrtps_c__pyext
[5.681s] writing dependency_links to more_interfaces.egg-info/dependency_links.txt
[5.681s] writing top-level names to more_interfaces.egg-info/top_level.txt
[5.681s] reading manifest file 'more_interfaces.egg-info/SOURCES.txt'
[5.681s] writing manifest file 'more_interfaces.egg-info/SOURCES.txt'
[5.681s] [100%] Built target ament_cmake_python_build_more_interfaces_egg
[5.943s] Invoked command in '/home/tj/ros2_ws/build/more_interfaces' returned '0': CMAKE_PREFIX_PATH=/opt/ros/humble /usr/bin/cmake --build /home/tj/ros2_ws/build/more_interfaces -- -j8 -l8
