[11.522s] Invoking command in '/home/tj/ros2_ws/src/py_pubsub': PYTHONPATH=/home/tj/ros2_ws/build/py_pubsub/prefix_override:/usr/lib/python3/dist-packages/colcon_core/task/python/colcon_distutils_commands:/home/tj/ros2_ws/install/py_pubsub/lib/python3.10/site-packages:${PYTHONPATH} /usr/bin/python3 -W ignore:setup.py install is deprecated setup.py egg_info --egg-base ../../build/py_pubsub build --build-base /home/tj/ros2_ws/build/py_pubsub/build install --record /home/tj/ros2_ws/build/py_pubsub/install.log --single-version-externally-managed install_data
[13.566s] running egg_info
[13.567s] writing ../../build/py_pubsub/py_pubsub.egg-info/PKG-INFO
[13.567s] writing dependency_links to ../../build/py_pubsub/py_pubsub.egg-info/dependency_links.txt
[13.658s] writing entry points to ../../build/py_pubsub/py_pubsub.egg-info/entry_points.txt
[13.728s] writing requirements to ../../build/py_pubsub/py_pubsub.egg-info/requires.txt
[14.107s] writing top-level names to ../../build/py_pubsub/py_pubsub.egg-info/top_level.txt
[14.110s] reading manifest file '../../build/py_pubsub/py_pubsub.egg-info/SOURCES.txt'
[14.111s] adding license file 'LICENSE'
[14.111s] writing manifest file '../../build/py_pubsub/py_pubsub.egg-info/SOURCES.txt'
[14.117s] running build
[14.117s] running build_py
[14.117s] running install
[14.117s] running install_lib
[14.117s] running install_data
[14.117s] running install_egg_info
[14.117s] removing '/home/tj/ros2_ws/install/py_pubsub/lib/python3.10/site-packages/py_pubsub-0.0.0-py3.10.egg-info' (and everything under it)
[14.117s] Copying ../../build/py_pubsub/py_pubsub.egg-info to /home/tj/ros2_ws/install/py_pubsub/lib/python3.10/site-packages/py_pubsub-0.0.0-py3.10.egg-info
[14.120s] running install_scripts
[14.131s] Installing listener script to /home/tj/ros2_ws/install/py_pubsub/lib/py_pubsub
[14.131s] Installing talker script to /home/tj/ros2_ws/install/py_pubsub/lib/py_pubsub
[14.131s] writing list of installed files to '/home/tj/ros2_ws/build/py_pubsub/install.log'
[15.139s] Invoked command in '/home/tj/ros2_ws/src/py_pubsub' returned '0': PYTHONPATH=/home/tj/ros2_ws/build/py_pubsub/prefix_override:/usr/lib/python3/dist-packages/colcon_core/task/python/colcon_distutils_commands:/home/tj/ros2_ws/install/py_pubsub/lib/python3.10/site-packages:${PYTHONPATH} /usr/bin/python3 -W ignore:setup.py install is deprecated setup.py egg_info --egg-base ../../build/py_pubsub build --build-base /home/tj/ros2_ws/build/py_pubsub/build install --record /home/tj/ros2_ws/build/py_pubsub/install.log --single-version-externally-managed install_data
