-- Found ament_cmake: 1.3.10 (/opt/ros/humble/share/ament_cmake/cmake)
-- Found pluginlib: 5.1.0 (/opt/ros/humble/share/pluginlib/cmake)
-- Configuring done
-- Generating done
-- Build files have been written to: /home/tj/ros2_ws/build/polygon_base
[35m[1mConsolidate compiler generated dependencies of target area_node[0m
[100%] Built target area_node
-- Install configuration: ""
-- Up-to-date: /home/tj/ros2_ws/install/polygon_base/share/polygon_base/plugins.xml
-- Up-to-date: /home/tj/ros2_ws/install/polygon_base/include
-- Up-to-date: /home/tj/ros2_ws/install/polygon_base/include/polygon_base
-- Up-to-date: /home/tj/ros2_ws/install/polygon_base/include/polygon_base/regular_polygon.hpp
-- Up-to-date: /home/tj/ros2_ws/install/polygon_base/share/ament_index/resource_index/package_run_dependencies/polygon_base
-- Up-to-date: /home/tj/ros2_ws/install/polygon_base/share/ament_index/resource_index/parent_prefix_path/polygon_base
-- Up-to-date: /home/tj/ros2_ws/install/polygon_base/share/polygon_base/environment/ament_prefix_path.sh
-- Installing: /home/tj/ros2_ws/install/polygon_base/share/polygon_base/environment/ament_prefix_path.dsv
-- Up-to-date: /home/tj/ros2_ws/install/polygon_base/share/polygon_base/environment/path.sh
-- Installing: /home/tj/ros2_ws/install/polygon_base/share/polygon_base/environment/path.dsv
-- Up-to-date: /home/tj/ros2_ws/install/polygon_base/share/polygon_base/local_setup.bash
-- Up-to-date: /home/tj/ros2_ws/install/polygon_base/share/polygon_base/local_setup.sh
-- Up-to-date: /home/tj/ros2_ws/install/polygon_base/share/polygon_base/local_setup.zsh
-- Installing: /home/tj/ros2_ws/install/polygon_base/share/polygon_base/local_setup.dsv
-- Installing: /home/tj/ros2_ws/install/polygon_base/share/polygon_base/package.dsv
-- Up-to-date: /home/tj/ros2_ws/install/polygon_base/share/ament_index/resource_index/packages/polygon_base
-- Up-to-date: /home/tj/ros2_ws/install/polygon_base/share/ament_index/resource_index/polygon_base__pluginlib__plugin/polygon_base
-- Installing: /home/tj/ros2_ws/install/polygon_base/share/polygon_base/cmake/ament_cmake_export_include_directories-extras.cmake
-- Installing: /home/tj/ros2_ws/install/polygon_base/share/polygon_base/cmake/polygon_baseConfig.cmake
-- Up-to-date: /home/tj/ros2_ws/install/polygon_base/share/polygon_base/cmake/polygon_baseConfig-version.cmake
-- Up-to-date: /home/tj/ros2_ws/install/polygon_base/share/polygon_base/package.xml
