[0.025s] Invoking command in '/home/tj/ros2_ws/build/polygon_base': CMAKE_PREFIX_PATH=/opt/ros/humble /usr/bin/cmake --build /home/tj/ros2_ws/build/polygon_base -- -j8 -l8
[0.238s] -- Found ament_cmake: 1.3.10 (/opt/ros/humble/share/ament_cmake/cmake)
[0.402s] -- Found pluginlib: 5.1.0 (/opt/ros/humble/share/pluginlib/cmake)
[0.514s] -- Configuring done
[0.531s] -- Generating done
[0.533s] -- Build files have been written to: /home/tj/ros2_ws/build/polygon_base
[0.569s] [35m[1mConsolidate compiler generated dependencies of target area_node[0m
[0.589s] [100%] Built target area_node
[0.600s] Invoked command in '/home/tj/ros2_ws/build/polygon_base' returned '0': CMAKE_PREFIX_PATH=/opt/ros/humble /usr/bin/cmake --build /home/tj/ros2_ws/build/polygon_base -- -j8 -l8
[0.651s] Invoking command in '/home/tj/ros2_ws/build/polygon_base': CMAKE_PREFIX_PATH=/opt/ros/humble /usr/bin/cmake --install /home/tj/ros2_ws/build/polygon_base
[0.684s] -- Install configuration: ""
[0.684s] -- Up-to-date: /home/tj/ros2_ws/install/polygon_base/share/polygon_base/plugins.xml
[0.686s] -- Up-to-date: /home/tj/ros2_ws/install/polygon_base/include
[0.686s] -- Up-to-date: /home/tj/ros2_ws/install/polygon_base/include/polygon_base
[0.686s] -- Up-to-date: /home/tj/ros2_ws/install/polygon_base/include/polygon_base/regular_polygon.hpp
[0.686s] -- Up-to-date: /home/tj/ros2_ws/install/polygon_base/share/ament_index/resource_index/package_run_dependencies/polygon_base
[0.686s] -- Up-to-date: /home/tj/ros2_ws/install/polygon_base/share/ament_index/resource_index/parent_prefix_path/polygon_base
[0.686s] -- Up-to-date: /home/tj/ros2_ws/install/polygon_base/share/polygon_base/environment/ament_prefix_path.sh
[0.686s] -- Installing: /home/tj/ros2_ws/install/polygon_base/share/polygon_base/environment/ament_prefix_path.dsv
[0.686s] -- Up-to-date: /home/tj/ros2_ws/install/polygon_base/share/polygon_base/environment/path.sh
[0.686s] -- Installing: /home/tj/ros2_ws/install/polygon_base/share/polygon_base/environment/path.dsv
[0.686s] -- Up-to-date: /home/tj/ros2_ws/install/polygon_base/share/polygon_base/local_setup.bash
[0.686s] -- Up-to-date: /home/tj/ros2_ws/install/polygon_base/share/polygon_base/local_setup.sh
[0.686s] -- Up-to-date: /home/tj/ros2_ws/install/polygon_base/share/polygon_base/local_setup.zsh
[0.686s] -- Installing: /home/tj/ros2_ws/install/polygon_base/share/polygon_base/local_setup.dsv
[0.686s] -- Installing: /home/tj/ros2_ws/install/polygon_base/share/polygon_base/package.dsv
[0.686s] -- Up-to-date: /home/tj/ros2_ws/install/polygon_base/share/ament_index/resource_index/packages/polygon_base
[0.686s] -- Up-to-date: /home/tj/ros2_ws/install/polygon_base/share/ament_index/resource_index/polygon_base__pluginlib__plugin/polygon_base
[0.686s] -- Installing: /home/tj/ros2_ws/install/polygon_base/share/polygon_base/cmake/ament_cmake_export_include_directories-extras.cmake
[0.686s] -- Installing: /home/tj/ros2_ws/install/polygon_base/share/polygon_base/cmake/polygon_baseConfig.cmake
[0.686s] -- Up-to-date: /home/tj/ros2_ws/install/polygon_base/share/polygon_base/cmake/polygon_baseConfig-version.cmake
[0.686s] -- Up-to-date: /home/tj/ros2_ws/install/polygon_base/share/polygon_base/package.xml
[0.692s] Invoked command in '/home/tj/ros2_ws/build/polygon_base' returned '0': CMAKE_PREFIX_PATH=/opt/ros/humble /usr/bin/cmake --install /home/tj/ros2_ws/build/polygon_base
