[0.509s] Invoking command in '/home/tj/ros2_ws/build/custom_action_interfaces': CMAKE_PREFIX_PATH=/opt/ros/humble /usr/bin/cmake --build /home/tj/ros2_ws/build/custom_action_interfaces -- -j8 -l8
[4.376s] [35m[1mConsolidate compiler generated dependencies of target custom_action_interfaces__rosidl_generator_c[0m
[4.376s] [  9%] Built target custom_action_interfaces__rosidl_generator_c
[4.376s] [ 12%] Built target custom_action_interfaces__cpp
[4.377s] [ 12%] Built target ament_cmake_python_copy_custom_action_interfaces
[4.377s] [35m[1mConsolidate compiler generated dependencies of target custom_action_interfaces__rosidl_typesupport_introspection_c[0m
[4.377s] [35m[1mConsolidate compiler generated dependencies of target custom_action_interfaces__rosidl_typesupport_fastrtps_cpp[0m
[4.377s] [35m[1mConsolidate compiler generated dependencies of target custom_action_interfaces__rosidl_typesupport_fastrtps_c[0m
[4.377s] [35m[1mConsolidate compiler generated dependencies of target custom_action_interfaces__rosidl_typesupport_c[0m
[4.378s] [35m[1mConsolidate compiler generated dependencies of target custom_action_interfaces__rosidl_typesupport_introspection_cpp[0m
[4.378s] [35m[1mConsolidate compiler generated dependencies of target custom_action_interfaces__rosidl_typesupport_cpp[0m
[4.378s] [ 22%] Built target custom_action_interfaces__rosidl_typesupport_introspection_c
[4.378s] [ 32%] Built target custom_action_interfaces__rosidl_typesupport_c
[4.379s] [ 41%] Built target custom_action_interfaces__rosidl_typesupport_fastrtps_c
[4.379s] [ 51%] Built target custom_action_interfaces__rosidl_typesupport_fastrtps_cpp
[4.379s] [ 61%] Built target custom_action_interfaces__rosidl_typesupport_introspection_cpp
[4.379s] [ 70%] Built target custom_action_interfaces__rosidl_typesupport_cpp
[4.379s] [ 70%] Built target custom_action_interfaces
[4.379s] [ 74%] Built target custom_action_interfaces__py
[4.380s] [35m[1mConsolidate compiler generated dependencies of target custom_action_interfaces__rosidl_generator_py[0m
[4.380s] [ 80%] Built target custom_action_interfaces__rosidl_generator_py
[4.380s] [35m[1mConsolidate compiler generated dependencies of target custom_action_interfaces__rosidl_typesupport_introspection_c__pyext[0m
[4.380s] [35m[1mConsolidate compiler generated dependencies of target custom_action_interfaces__rosidl_typesupport_c__pyext[0m
[4.380s] [35m[1mConsolidate compiler generated dependencies of target custom_action_interfaces__rosidl_typesupport_fastrtps_c__pyext[0m
[4.380s] [ 87%] Built target custom_action_interfaces__rosidl_typesupport_introspection_c__pyext
[4.380s] [ 93%] Built target custom_action_interfaces__rosidl_typesupport_c__pyext
[4.380s] [100%] Built target custom_action_interfaces__rosidl_typesupport_fastrtps_c__pyext
[4.380s] running egg_info
[4.380s] writing custom_action_interfaces.egg-info/PKG-INFO
[4.380s] writing dependency_links to custom_action_interfaces.egg-info/dependency_links.txt
[4.380s] writing top-level names to custom_action_interfaces.egg-info/top_level.txt
[4.381s] reading manifest file 'custom_action_interfaces.egg-info/SOURCES.txt'
[4.381s] writing manifest file 'custom_action_interfaces.egg-info/SOURCES.txt'
[4.381s] [100%] Built target ament_cmake_python_build_custom_action_interfaces_egg
[4.739s] Invoked command in '/home/tj/ros2_ws/build/custom_action_interfaces' returned '0': CMAKE_PREFIX_PATH=/opt/ros/humble /usr/bin/cmake --build /home/tj/ros2_ws/build/custom_action_interfaces -- -j8 -l8
