[0.465s] Invoking command in '/home/tj/ros2_ws/build/tutorial_interfaces': CMAKE_PREFIX_PATH=/opt/ros/humble /usr/bin/cmake --build /home/tj/ros2_ws/build/tutorial_interfaces -- -j8 -l8
[4.069s] [ 10%] Built target tutorial_interfaces__rosidl_generator_c
[4.069s] [ 12%] Built target tutorial_interfaces__cpp
[4.069s] [ 12%] Built target ament_cmake_python_copy_tutorial_interfaces
[4.069s] [ 23%] Built target tutorial_interfaces__rosidl_typesupport_introspection_c
[4.069s] [ 34%] Built target tutorial_interfaces__rosidl_typesupport_fastrtps_c
[4.069s] [ 46%] Built target tutorial_interfaces__rosidl_typesupport_cpp
[4.071s] [ 59%] Built target tutorial_interfaces__rosidl_typesupport_c
[4.071s] [ 65%] Built target tutorial_interfaces__rosidl_typesupport_fastrtps_cpp
[4.072s] [ 76%] Built target tutorial_interfaces__rosidl_typesupport_introspection_cpp
[4.072s] [ 76%] Built target tutorial_interfaces
[4.072s] [ 78%] Built target tutorial_interfaces__py
[4.072s] [ 87%] Built target tutorial_interfaces__rosidl_generator_py
[4.401s] [ 91%] Built target tutorial_interfaces__rosidl_typesupport_fastrtps_c__pyext
[4.437s] [ 97%] Built target tutorial_interfaces__rosidl_typesupport_introspection_c__pyext
[4.438s] [100%] Built target tutorial_interfaces__rosidl_typesupport_c__pyext
[5.193s] running egg_info
[5.193s] writing tutorial_interfaces.egg-info/PKG-INFO
[5.193s] writing dependency_links to tutorial_interfaces.egg-info/dependency_links.txt
[5.193s] writing top-level names to tutorial_interfaces.egg-info/top_level.txt
[5.193s] reading manifest file 'tutorial_interfaces.egg-info/SOURCES.txt'
[5.193s] writing manifest file 'tutorial_interfaces.egg-info/SOURCES.txt'
[5.334s] [100%] Built target ament_cmake_python_build_tutorial_interfaces_egg
[6.235s] Invoked command in '/home/tj/ros2_ws/build/tutorial_interfaces' returned '0': CMAKE_PREFIX_PATH=/opt/ros/humble /usr/bin/cmake --build /home/tj/ros2_ws/build/tutorial_interfaces -- -j8 -l8
