[0.009s] Invoking command in '/home/tj/ros2_ws/build/more_interfaces': CMAKE_PREFIX_PATH=${CMAKE_PREFIX_PATH}:/home/tj/ros2_ws/install/py_srvcli:/home/tj/ros2_ws/install/py_pubsub:/opt/ros/humble /usr/bin/cmake /home/tj/ros2_ws/src/more_interfaces -DCMAKE_INSTALL_PREFIX=/home/tj/ros2_ws/install/more_interfaces
[0.021s] -- Found ament_cmake: 1.3.10 (/opt/ros/humble/share/ament_cmake/cmake)
[0.099s] -- Found rosidl_default_generators: 1.2.0 (/opt/ros/humble/share/rosidl_default_generators/cmake)
[0.100s] -- Using all available rosidl_typesupport_c: rosidl_typesupport_fastrtps_c;rosidl_typesupport_introspection_c
[0.102s] -- Found rosidl_adapter: 3.1.5 (/opt/ros/humble/share/rosidl_adapter/cmake)
[0.123s] -- Using all available rosidl_typesupport_cpp: rosidl_typesupport_fastrtps_cpp;rosidl_typesupport_introspection_cpp
[0.139s] -- Found rclcpp: 16.0.10 (/opt/ros/humble/share/rclcpp/cmake)
[0.163s] -- Found rmw_implementation_cmake: 6.1.2 (/opt/ros/humble/share/rmw_implementation_cmake/cmake)
[0.164s] -- Found rmw_fastrtps_cpp: 6.2.7 (/opt/ros/humble/share/rmw_fastrtps_cpp/cmake)
[0.221s] -- Using RMW implementation 'rmw_fastrtps_cpp' as default
[0.408s] -- Found ament_cmake_ros: 0.10.0 (/opt/ros/humble/share/ament_cmake_ros/cmake)
[0.523s] -- Using all available rosidl_typesupport_c: rosidl_typesupport_fastrtps_c;rosidl_typesupport_introspection_c
[0.679s] -- Using all available rosidl_typesupport_cpp: rosidl_typesupport_fastrtps_cpp;rosidl_typesupport_introspection_cpp
[0.694s] -- Found python_cmake_module: 0.10.0 (/opt/ros/humble/share/python_cmake_module/cmake)
[0.710s] -- Using PYTHON_EXECUTABLE: /usr/bin/python3
[0.710s] -- Using PYTHON_INCLUDE_DIRS: /usr/include/python3.10
[0.710s] -- Using PYTHON_LIBRARIES: /usr/lib/x86_64-linux-gnu/libpython3.10.so
[0.719s] [0mCMake Deprecation Warning at /opt/ros/humble/share/rosidl_cmake/cmake/rosidl_target_interfaces.cmake:32 (message):
[0.719s]   Use rosidl_get_typesupport_target() and target_link_libraries() instead of
[0.719s]   rosidl_target_interfaces()
[0.719s] Call Stack (most recent call first):
[0.720s]   CMakeLists.txt:28 (rosidl_target_interfaces)
[0.720s] 
[0.720s] [0m
[0.724s] -- Configuring done
[0.727s] [31mCMake Error at CMakeLists.txt:21 (add_executable):
[0.727s]   Cannot find source file:
[0.727s] 
[0.727s]     src/publish_address_book.cpp
[0.727s] 
[0.727s]   Tried extensions .c .C .c++ .cc .cpp .cxx .cu .mpp .m .M .mm .ixx .cppm .h
[0.727s]   .hh .h++ .hm .hpp .hxx .in .txx .f .F .for .f77 .f90 .f95 .f03 .hip .ispc
[0.727s] 
[0.727s] [0m
[0.729s] [31mCMake Error at CMakeLists.txt:21 (add_executable):
[0.729s]   No SOURCES given to target: publish_address_book
[0.729s] 
[0.729s] [0m
[0.729s] [0mCMake Generate step failed.  Build files cannot be regenerated correctly.[0m
[0.735s] Invoked command in '/home/tj/ros2_ws/build/more_interfaces' returned '1': CMAKE_PREFIX_PATH=${CMAKE_PREFIX_PATH}:/home/tj/ros2_ws/install/py_srvcli:/home/tj/ros2_ws/install/py_pubsub:/opt/ros/humble /usr/bin/cmake /home/tj/ros2_ws/src/more_interfaces -DCMAKE_INSTALL_PREFIX=/home/tj/ros2_ws/install/more_interfaces
