[0.755s] Invoking command in '/home/tj/ros2_ws/build/more_interfaces': CMAKE_PREFIX_PATH=/opt/ros/humble /usr/bin/cmake --build /home/tj/ros2_ws/build/more_interfaces -- -j8 -l8
[8.640s] [  3%] Built target more_interfaces__cpp
[8.641s] [  3%] Built target ament_cmake_python_copy_more_interfaces
[8.641s] [ 12%] Built target more_interfaces__rosidl_generator_c
[8.641s] [ 24%] Built target more_interfaces__rosidl_typesupport_fastrtps_cpp
[8.641s] [ 36%] Built target more_interfaces__rosidl_typesupport_fastrtps_c
[8.641s] [ 39%] Built target more_interfaces__rosidl_typesupport_cpp
[8.641s] [ 51%] Built target more_interfaces__rosidl_typesupport_c
[8.641s] [ 57%] Built target more_interfaces__rosidl_typesupport_introspection_cpp
[8.641s] [ 66%] Built target more_interfaces__rosidl_typesupport_introspection_c
[8.641s] [ 66%] Built target more_interfaces
[9.010s] [35m[1mConsolidate compiler generated dependencies of target publish_address_book[0m
[9.471s] [ 69%] Built target more_interfaces__py
[10.681s] running egg_info
[10.765s] writing more_interfaces.egg-info/PKG-INFO
[10.765s] writing dependency_links to more_interfaces.egg-info/dependency_links.txt
[10.780s] writing top-level names to more_interfaces.egg-info/top_level.txt
[10.979s] [ 75%] Built target publish_address_book
[11.006s] reading manifest file 'more_interfaces.egg-info/SOURCES.txt'
[11.007s] writing manifest file 'more_interfaces.egg-info/SOURCES.txt'
[11.505s] [ 75%] Built target ament_cmake_python_build_more_interfaces_egg
[11.591s] [ 81%] Built target more_interfaces__rosidl_generator_py
[12.133s] [ 87%] Built target more_interfaces__rosidl_typesupport_fastrtps_c__pyext
[12.336s] [ 93%] Built target more_interfaces__rosidl_typesupport_c__pyext
[12.337s] [100%] Built target more_interfaces__rosidl_typesupport_introspection_c__pyext
[12.705s] Invoked command in '/home/tj/ros2_ws/build/more_interfaces' returned '0': CMAKE_PREFIX_PATH=/opt/ros/humble /usr/bin/cmake --build /home/tj/ros2_ws/build/more_interfaces -- -j8 -l8
[18.958s] Invoking command in '/home/tj/ros2_ws/build/more_interfaces': CMAKE_PREFIX_PATH=/opt/ros/humble /usr/bin/cmake --install /home/tj/ros2_ws/build/more_interfaces
[19.234s] -- Install configuration: ""
[19.239s] -- Up-to-date: /home/tj/ros2_ws/install/more_interfaces/lib/more_interfaces/publish_address_book
[19.239s] -- Up-to-date: /home/tj/ros2_ws/install/more_interfaces/share/ament_index/resource_index/rosidl_interfaces/more_interfaces
[19.239s] -- Up-to-date: /home/tj/ros2_ws/install/more_interfaces/include/more_interfaces/more_interfaces
[19.239s] -- Up-to-date: /home/tj/ros2_ws/install/more_interfaces/include/more_interfaces/more_interfaces/msg
[19.239s] -- Up-to-date: /home/tj/ros2_ws/install/more_interfaces/include/more_interfaces/more_interfaces/msg/address_book.h
[19.239s] -- Up-to-date: /home/tj/ros2_ws/install/more_interfaces/include/more_interfaces/more_interfaces/msg/rosidl_generator_c__visibility_control.h
[19.239s] -- Up-to-date: /home/tj/ros2_ws/install/more_interfaces/include/more_interfaces/more_interfaces/msg/detail
[19.239s] -- Up-to-date: /home/tj/ros2_ws/install/more_interfaces/include/more_interfaces/more_interfaces/msg/detail/address_book__functions.h
[19.242s] -- Up-to-date: /home/tj/ros2_ws/install/more_interfaces/include/more_interfaces/more_interfaces/msg/detail/address_book__struct.h
[19.249s] -- Up-to-date: /home/tj/ros2_ws/install/more_interfaces/include/more_interfaces/more_interfaces/msg/detail/address_book__functions.c
[19.249s] -- Up-to-date: /home/tj/ros2_ws/install/more_interfaces/include/more_interfaces/more_interfaces/msg/detail/address_book__type_support.h
[19.249s] -- Up-to-date: /home/tj/ros2_ws/install/more_interfaces/share/more_interfaces/environment/library_path.sh
[19.249s] -- Up-to-date: /home/tj/ros2_ws/install/more_interfaces/share/more_interfaces/environment/library_path.dsv
[19.249s] -- Up-to-date: /home/tj/ros2_ws/install/more_interfaces/lib/libmore_interfaces__rosidl_generator_c.so
[19.249s] -- Up-to-date: /home/tj/ros2_ws/install/more_interfaces/include/more_interfaces/more_interfaces
[19.249s] -- Up-to-date: /home/tj/ros2_ws/install/more_interfaces/include/more_interfaces/more_interfaces/msg
[19.249s] -- Up-to-date: /home/tj/ros2_ws/install/more_interfaces/include/more_interfaces/more_interfaces/msg/rosidl_typesupport_fastrtps_c__visibility_control.h
[19.249s] -- Up-to-date: /home/tj/ros2_ws/install/more_interfaces/include/more_interfaces/more_interfaces/msg/detail
[19.249s] -- Up-to-date: /home/tj/ros2_ws/install/more_interfaces/include/more_interfaces/more_interfaces/msg/detail/address_book__rosidl_typesupport_fastrtps_c.h
[19.249s] -- Up-to-date: /home/tj/ros2_ws/install/more_interfaces/lib/libmore_interfaces__rosidl_typesupport_fastrtps_c.so
[19.250s] -- Up-to-date: /home/tj/ros2_ws/install/more_interfaces/include/more_interfaces/more_interfaces
[19.250s] -- Up-to-date: /home/tj/ros2_ws/install/more_interfaces/include/more_interfaces/more_interfaces/msg
[19.252s] -- Up-to-date: /home/tj/ros2_ws/install/more_interfaces/include/more_interfaces/more_interfaces/msg/detail
[19.252s] -- Up-to-date: /home/tj/ros2_ws/install/more_interfaces/include/more_interfaces/more_interfaces/msg/detail/address_book__type_support.c
[19.255s] -- Up-to-date: /home/tj/ros2_ws/install/more_interfaces/include/more_interfaces/more_interfaces/msg/detail/address_book__rosidl_typesupport_introspection_c.h
[19.256s] -- Up-to-date: /home/tj/ros2_ws/install/more_interfaces/include/more_interfaces/more_interfaces/msg/rosidl_typesupport_introspection_c__visibility_control.h
[19.256s] -- Up-to-date: /home/tj/ros2_ws/install/more_interfaces/lib/libmore_interfaces__rosidl_typesupport_introspection_c.so
[19.256s] -- Up-to-date: /home/tj/ros2_ws/install/more_interfaces/lib/libmore_interfaces__rosidl_typesupport_c.so
[19.256s] -- Up-to-date: /home/tj/ros2_ws/install/more_interfaces/include/more_interfaces/more_interfaces
[19.256s] -- Up-to-date: /home/tj/ros2_ws/install/more_interfaces/include/more_interfaces/more_interfaces/msg
[19.256s] -- Up-to-date: /home/tj/ros2_ws/install/more_interfaces/include/more_interfaces/more_interfaces/msg/detail
[19.256s] -- Up-to-date: /home/tj/ros2_ws/install/more_interfaces/include/more_interfaces/more_interfaces/msg/detail/address_book__struct.hpp
[19.259s] -- Up-to-date: /home/tj/ros2_ws/install/more_interfaces/include/more_interfaces/more_interfaces/msg/detail/address_book__traits.hpp
[19.266s] -- Up-to-date: /home/tj/ros2_ws/install/more_interfaces/include/more_interfaces/more_interfaces/msg/detail/address_book__builder.hpp
[19.266s] -- Up-to-date: /home/tj/ros2_ws/install/more_interfaces/include/more_interfaces/more_interfaces/msg/address_book.hpp
[19.266s] -- Up-to-date: /home/tj/ros2_ws/install/more_interfaces/include/more_interfaces/more_interfaces
[19.266s] -- Up-to-date: /home/tj/ros2_ws/install/more_interfaces/include/more_interfaces/more_interfaces/msg
[19.266s] -- Up-to-date: /home/tj/ros2_ws/install/more_interfaces/include/more_interfaces/more_interfaces/msg/rosidl_typesupport_fastrtps_cpp__visibility_control.h
[19.266s] -- Up-to-date: /home/tj/ros2_ws/install/more_interfaces/include/more_interfaces/more_interfaces/msg/detail
[19.266s] -- Up-to-date: /home/tj/ros2_ws/install/more_interfaces/include/more_interfaces/more_interfaces/msg/detail/dds_fastrtps
[19.267s] -- Up-to-date: /home/tj/ros2_ws/install/more_interfaces/include/more_interfaces/more_interfaces/msg/detail/address_book__rosidl_typesupport_fastrtps_cpp.hpp
[19.294s] -- Up-to-date: /home/tj/ros2_ws/install/more_interfaces/lib/libmore_interfaces__rosidl_typesupport_fastrtps_cpp.so
[19.367s] -- Up-to-date: /home/tj/ros2_ws/install/more_interfaces/include/more_interfaces/more_interfaces
[19.389s] -- Up-to-date: /home/tj/ros2_ws/install/more_interfaces/include/more_interfaces/more_interfaces/msg
[19.389s] -- Up-to-date: /home/tj/ros2_ws/install/more_interfaces/include/more_interfaces/more_interfaces/msg/detail
[19.446s] -- Up-to-date: /home/tj/ros2_ws/install/more_interfaces/include/more_interfaces/more_interfaces/msg/detail/address_book__rosidl_typesupport_introspection_cpp.hpp
[19.446s] -- Up-to-date: /home/tj/ros2_ws/install/more_interfaces/include/more_interfaces/more_interfaces/msg/detail/address_book__type_support.cpp
[19.446s] -- Up-to-date: /home/tj/ros2_ws/install/more_interfaces/lib/libmore_interfaces__rosidl_typesupport_introspection_cpp.so
[19.446s] -- Up-to-date: /home/tj/ros2_ws/install/more_interfaces/lib/libmore_interfaces__rosidl_typesupport_cpp.so
[19.446s] -- Up-to-date: /home/tj/ros2_ws/install/more_interfaces/share/more_interfaces/environment/pythonpath.sh
[19.447s] -- Up-to-date: /home/tj/ros2_ws/install/more_interfaces/share/more_interfaces/environment/pythonpath.dsv
[19.447s] -- Up-to-date: /home/tj/ros2_ws/install/more_interfaces/local/lib/python3.10/dist-packages/more_interfaces-0.0.0-py3.10.egg-info
[19.447s] -- Installing: /home/tj/ros2_ws/install/more_interfaces/local/lib/python3.10/dist-packages/more_interfaces-0.0.0-py3.10.egg-info/top_level.txt
[19.447s] -- Installing: /home/tj/ros2_ws/install/more_interfaces/local/lib/python3.10/dist-packages/more_interfaces-0.0.0-py3.10.egg-info/PKG-INFO
[19.447s] -- Installing: /home/tj/ros2_ws/install/more_interfaces/local/lib/python3.10/dist-packages/more_interfaces-0.0.0-py3.10.egg-info/dependency_links.txt
[19.447s] -- Installing: /home/tj/ros2_ws/install/more_interfaces/local/lib/python3.10/dist-packages/more_interfaces-0.0.0-py3.10.egg-info/SOURCES.txt
[19.472s] -- Up-to-date: /home/tj/ros2_ws/install/more_interfaces/local/lib/python3.10/dist-packages/more_interfaces
[19.579s] -- Up-to-date: /home/tj/ros2_ws/install/more_interfaces/local/lib/python3.10/dist-packages/more_interfaces/__init__.py
[19.580s] -- Up-to-date: /home/tj/ros2_ws/install/more_interfaces/local/lib/python3.10/dist-packages/more_interfaces/_more_interfaces_s.ep.rosidl_typesupport_introspection_c.c
[19.580s] -- Up-to-date: /home/tj/ros2_ws/install/more_interfaces/local/lib/python3.10/dist-packages/more_interfaces/msg
[19.580s] -- Up-to-date: /home/tj/ros2_ws/install/more_interfaces/local/lib/python3.10/dist-packages/more_interfaces/msg/__init__.py
[19.580s] -- Up-to-date: /home/tj/ros2_ws/install/more_interfaces/local/lib/python3.10/dist-packages/more_interfaces/msg/_address_book.py
[19.600s] -- Up-to-date: /home/tj/ros2_ws/install/more_interfaces/local/lib/python3.10/dist-packages/more_interfaces/msg/_address_book_s.c
[19.601s] -- Up-to-date: /home/tj/ros2_ws/install/more_interfaces/local/lib/python3.10/dist-packages/more_interfaces/more_interfaces_s__rosidl_typesupport_c.cpython-310-x86_64-linux-gnu.so
[19.606s] -- Up-to-date: /home/tj/ros2_ws/install/more_interfaces/local/lib/python3.10/dist-packages/more_interfaces/_more_interfaces_s.ep.rosidl_typesupport_c.c
[19.606s] -- Up-to-date: /home/tj/ros2_ws/install/more_interfaces/local/lib/python3.10/dist-packages/more_interfaces/more_interfaces_s__rosidl_typesupport_introspection_c.cpython-310-x86_64-linux-gnu.so
[19.606s] -- Up-to-date: /home/tj/ros2_ws/install/more_interfaces/local/lib/python3.10/dist-packages/more_interfaces/_more_interfaces_s.ep.rosidl_typesupport_fastrtps_c.c
[19.606s] -- Up-to-date: /home/tj/ros2_ws/install/more_interfaces/local/lib/python3.10/dist-packages/more_interfaces/libmore_interfaces__rosidl_generator_py.so
[19.606s] -- Up-to-date: /home/tj/ros2_ws/install/more_interfaces/local/lib/python3.10/dist-packages/more_interfaces/more_interfaces_s__rosidl_typesupport_fastrtps_c.cpython-310-x86_64-linux-gnu.so
[20.523s] Listing '/home/tj/ros2_ws/install/more_interfaces/local/lib/python3.10/dist-packages/more_interfaces'...
[20.678s] Listing '/home/tj/ros2_ws/install/more_interfaces/local/lib/python3.10/dist-packages/more_interfaces/msg'...
[20.736s] -- Up-to-date: /home/tj/ros2_ws/install/more_interfaces/local/lib/python3.10/dist-packages/more_interfaces/more_interfaces_s__rosidl_typesupport_fastrtps_c.cpython-310-x86_64-linux-gnu.so
[20.736s] -- Up-to-date: /home/tj/ros2_ws/install/more_interfaces/local/lib/python3.10/dist-packages/more_interfaces/more_interfaces_s__rosidl_typesupport_introspection_c.cpython-310-x86_64-linux-gnu.so
[20.736s] -- Up-to-date: /home/tj/ros2_ws/install/more_interfaces/local/lib/python3.10/dist-packages/more_interfaces/more_interfaces_s__rosidl_typesupport_c.cpython-310-x86_64-linux-gnu.so
[20.849s] -- Up-to-date: /home/tj/ros2_ws/install/more_interfaces/lib/libmore_interfaces__rosidl_generator_py.so
[20.913s] -- Up-to-date: /home/tj/ros2_ws/install/more_interfaces/share/more_interfaces/msg/AddressBook.idl
[20.913s] -- Up-to-date: /home/tj/ros2_ws/install/more_interfaces/share/more_interfaces/msg/AddressBook.msg
[21.016s] -- Up-to-date: /home/tj/ros2_ws/install/more_interfaces/share/ament_index/resource_index/package_run_dependencies/more_interfaces
[21.033s] -- Up-to-date: /home/tj/ros2_ws/install/more_interfaces/share/ament_index/resource_index/parent_prefix_path/more_interfaces
[21.033s] -- Up-to-date: /home/tj/ros2_ws/install/more_interfaces/share/more_interfaces/environment/ament_prefix_path.sh
[21.034s] -- Up-to-date: /home/tj/ros2_ws/install/more_interfaces/share/more_interfaces/environment/ament_prefix_path.dsv
[21.034s] -- Up-to-date: /home/tj/ros2_ws/install/more_interfaces/share/more_interfaces/environment/path.sh
[21.034s] -- Up-to-date: /home/tj/ros2_ws/install/more_interfaces/share/more_interfaces/environment/path.dsv
[21.034s] -- Up-to-date: /home/tj/ros2_ws/install/more_interfaces/share/more_interfaces/local_setup.bash
[21.034s] -- Up-to-date: /home/tj/ros2_ws/install/more_interfaces/share/more_interfaces/local_setup.sh
[21.034s] -- Up-to-date: /home/tj/ros2_ws/install/more_interfaces/share/more_interfaces/local_setup.zsh
[21.034s] -- Up-to-date: /home/tj/ros2_ws/install/more_interfaces/share/more_interfaces/local_setup.dsv
[21.034s] -- Installing: /home/tj/ros2_ws/install/more_interfaces/share/more_interfaces/package.dsv
[21.034s] -- Up-to-date: /home/tj/ros2_ws/install/more_interfaces/share/ament_index/resource_index/packages/more_interfaces
[21.057s] -- Up-to-date: /home/tj/ros2_ws/install/more_interfaces/share/more_interfaces/cmake/export_more_interfaces__rosidl_generator_cExport.cmake
[21.057s] -- Up-to-date: /home/tj/ros2_ws/install/more_interfaces/share/more_interfaces/cmake/export_more_interfaces__rosidl_generator_cExport-noconfig.cmake
[21.057s] -- Up-to-date: /home/tj/ros2_ws/install/more_interfaces/share/more_interfaces/cmake/export_more_interfaces__rosidl_typesupport_fastrtps_cExport.cmake
[21.060s] -- Up-to-date: /home/tj/ros2_ws/install/more_interfaces/share/more_interfaces/cmake/export_more_interfaces__rosidl_typesupport_fastrtps_cExport-noconfig.cmake
[21.117s] -- Up-to-date: /home/tj/ros2_ws/install/more_interfaces/share/more_interfaces/cmake/more_interfaces__rosidl_typesupport_introspection_cExport.cmake
[21.123s] -- Up-to-date: /home/tj/ros2_ws/install/more_interfaces/share/more_interfaces/cmake/more_interfaces__rosidl_typesupport_introspection_cExport-noconfig.cmake
[21.147s] -- Up-to-date: /home/tj/ros2_ws/install/more_interfaces/share/more_interfaces/cmake/more_interfaces__rosidl_typesupport_cExport.cmake
[21.147s] -- Up-to-date: /home/tj/ros2_ws/install/more_interfaces/share/more_interfaces/cmake/more_interfaces__rosidl_typesupport_cExport-noconfig.cmake
[21.155s] -- Up-to-date: /home/tj/ros2_ws/install/more_interfaces/share/more_interfaces/cmake/export_more_interfaces__rosidl_generator_cppExport.cmake
[21.377s] -- Up-to-date: /home/tj/ros2_ws/install/more_interfaces/share/more_interfaces/cmake/export_more_interfaces__rosidl_typesupport_fastrtps_cppExport.cmake
[21.377s] -- Up-to-date: /home/tj/ros2_ws/install/more_interfaces/share/more_interfaces/cmake/export_more_interfaces__rosidl_typesupport_fastrtps_cppExport-noconfig.cmake
[21.443s] -- Up-to-date: /home/tj/ros2_ws/install/more_interfaces/share/more_interfaces/cmake/more_interfaces__rosidl_typesupport_introspection_cppExport.cmake
[21.447s] -- Up-to-date: /home/tj/ros2_ws/install/more_interfaces/share/more_interfaces/cmake/more_interfaces__rosidl_typesupport_introspection_cppExport-noconfig.cmake
[21.469s] -- Up-to-date: /home/tj/ros2_ws/install/more_interfaces/share/more_interfaces/cmake/more_interfaces__rosidl_typesupport_cppExport.cmake
[21.471s] -- Up-to-date: /home/tj/ros2_ws/install/more_interfaces/share/more_interfaces/cmake/more_interfaces__rosidl_typesupport_cppExport-noconfig.cmake
[21.561s] -- Up-to-date: /home/tj/ros2_ws/install/more_interfaces/share/more_interfaces/cmake/export_more_interfaces__rosidl_generator_pyExport.cmake
[21.564s] -- Up-to-date: /home/tj/ros2_ws/install/more_interfaces/share/more_interfaces/cmake/export_more_interfaces__rosidl_generator_pyExport-noconfig.cmake
[21.565s] -- Up-to-date: /home/tj/ros2_ws/install/more_interfaces/share/more_interfaces/cmake/rosidl_cmake-extras.cmake
[21.645s] -- Up-to-date: /home/tj/ros2_ws/install/more_interfaces/share/more_interfaces/cmake/ament_cmake_export_include_directories-extras.cmake
[21.653s] -- Up-to-date: /home/tj/ros2_ws/install/more_interfaces/share/more_interfaces/cmake/ament_cmake_export_libraries-extras.cmake
[21.653s] -- Up-to-date: /home/tj/ros2_ws/install/more_interfaces/share/more_interfaces/cmake/ament_cmake_export_targets-extras.cmake
[21.653s] -- Up-to-date: /home/tj/ros2_ws/install/more_interfaces/share/more_interfaces/cmake/rosidl_cmake_export_typesupport_targets-extras.cmake
[21.653s] -- Up-to-date: /home/tj/ros2_ws/install/more_interfaces/share/more_interfaces/cmake/ament_cmake_export_dependencies-extras.cmake
[21.653s] -- Up-to-date: /home/tj/ros2_ws/install/more_interfaces/share/more_interfaces/cmake/rosidl_cmake_export_typesupport_libraries-extras.cmake
[21.654s] -- Up-to-date: /home/tj/ros2_ws/install/more_interfaces/share/more_interfaces/cmake/more_interfacesConfig.cmake
[21.656s] -- Up-to-date: /home/tj/ros2_ws/install/more_interfaces/share/more_interfaces/cmake/more_interfacesConfig-version.cmake
[21.656s] -- Up-to-date: /home/tj/ros2_ws/install/more_interfaces/share/more_interfaces/package.xml
[23.984s] Invoked command in '/home/tj/ros2_ws/build/more_interfaces' returned '0': CMAKE_PREFIX_PATH=/opt/ros/humble /usr/bin/cmake --install /home/tj/ros2_ws/build/more_interfaces
