[0.647s] Invoking command in '/home/tj/ros2_ws/build/action_tutorials_cpp': AMENT_PREFIX_PATH=/home/tj/ros2_ws/install/action_tutorials_interfaces:${AMENT_PREFIX_PATH} CMAKE_PREFIX_PATH=/home/tj/ros2_ws/install/action_tutorials_interfaces:/home/tj/ros2_ws/install/cpp_srvcli:/home/tj/ros2_ws/install/cpp_pubsub:/home/tj/ros2_ws/install/tutorial_interfaces:/home/tj/ros2_ws/install/turtlesim:/home/tj/ros2_ws/install/polygon_plugins:/home/tj/ros2_ws/install/polygon_base:/home/tj/ros2_ws/install/my_package:/home/tj/ros2_ws/install/more_interfaces:/home/tj/ros2_ws/install/custom_action_interfaces:/home/tj/ros2_ws/install/cpp_parameters:/home/tj/ros2_ws/install/python_parameters:/home/tj/ros2_ws/install/py_srvcli:/home/tj/ros2_ws/install/py_pubsub:/opt/ros/humble LD_LIBRARY_PATH=/home/tj/ros2_ws/install/action_tutorials_interfaces/lib:${LD_LIBRARY_PATH} PYTHONPATH=/home/tj/ros2_ws/install/action_tutorials_interfaces/local/lib/python3.10/dist-packages:${PYTHONPATH} /usr/bin/cmake --build /home/tj/ros2_ws/build/action_tutorials_cpp -- -j8 -l8
[1.356s] [35m[1mConsolidate compiler generated dependencies of target action_server[0m
[1.434s] [35m[1mConsolidate compiler generated dependencies of target fibonacci_action_server[0m
[1.552s] [35m[1mConsolidate compiler generated dependencies of target action_client[0m
[1.670s] [35m[1mConsolidate compiler generated dependencies of target fibonacci_action_client[0m
[1.690s] [ 25%] Built target action_server
[1.705s] [ 50%] Built target fibonacci_action_server
[1.965s] [ 62%] [32mBuilding CXX object CMakeFiles/action_client.dir/src/fibonacci_action_client.cpp.o[0m
[2.140s] [ 87%] Built target fibonacci_action_client
[25.849s] [100%] [32m[1mLinking CXX shared library libaction_client.so[0m
[26.219s] [100%] Built target action_client
[26.340s] Invoked command in '/home/tj/ros2_ws/build/action_tutorials_cpp' returned '0': AMENT_PREFIX_PATH=/home/tj/ros2_ws/install/action_tutorials_interfaces:${AMENT_PREFIX_PATH} CMAKE_PREFIX_PATH=/home/tj/ros2_ws/install/action_tutorials_interfaces:/home/tj/ros2_ws/install/cpp_srvcli:/home/tj/ros2_ws/install/cpp_pubsub:/home/tj/ros2_ws/install/tutorial_interfaces:/home/tj/ros2_ws/install/turtlesim:/home/tj/ros2_ws/install/polygon_plugins:/home/tj/ros2_ws/install/polygon_base:/home/tj/ros2_ws/install/my_package:/home/tj/ros2_ws/install/more_interfaces:/home/tj/ros2_ws/install/custom_action_interfaces:/home/tj/ros2_ws/install/cpp_parameters:/home/tj/ros2_ws/install/python_parameters:/home/tj/ros2_ws/install/py_srvcli:/home/tj/ros2_ws/install/py_pubsub:/opt/ros/humble LD_LIBRARY_PATH=/home/tj/ros2_ws/install/action_tutorials_interfaces/lib:${LD_LIBRARY_PATH} PYTHONPATH=/home/tj/ros2_ws/install/action_tutorials_interfaces/local/lib/python3.10/dist-packages:${PYTHONPATH} /usr/bin/cmake --build /home/tj/ros2_ws/build/action_tutorials_cpp -- -j8 -l8
[27.384s] Invoking command in '/home/tj/ros2_ws/build/action_tutorials_cpp': AMENT_PREFIX_PATH=/home/tj/ros2_ws/install/action_tutorials_interfaces:${AMENT_PREFIX_PATH} CMAKE_PREFIX_PATH=/home/tj/ros2_ws/install/action_tutorials_interfaces:/home/tj/ros2_ws/install/cpp_srvcli:/home/tj/ros2_ws/install/cpp_pubsub:/home/tj/ros2_ws/install/tutorial_interfaces:/home/tj/ros2_ws/install/turtlesim:/home/tj/ros2_ws/install/polygon_plugins:/home/tj/ros2_ws/install/polygon_base:/home/tj/ros2_ws/install/my_package:/home/tj/ros2_ws/install/more_interfaces:/home/tj/ros2_ws/install/custom_action_interfaces:/home/tj/ros2_ws/install/cpp_parameters:/home/tj/ros2_ws/install/python_parameters:/home/tj/ros2_ws/install/py_srvcli:/home/tj/ros2_ws/install/py_pubsub:/opt/ros/humble LD_LIBRARY_PATH=/home/tj/ros2_ws/install/action_tutorials_interfaces/lib:${LD_LIBRARY_PATH} PYTHONPATH=/home/tj/ros2_ws/install/action_tutorials_interfaces/local/lib/python3.10/dist-packages:${PYTHONPATH} /usr/bin/cmake --install /home/tj/ros2_ws/build/action_tutorials_cpp
[27.438s] -- Install configuration: ""
[27.438s] -- Installing: /home/tj/ros2_ws/install/action_tutorials_cpp/lib/action_tutorials_cpp/fibonacci_action_server
[27.439s] -- Set runtime path of "/home/tj/ros2_ws/install/action_tutorials_cpp/lib/action_tutorials_cpp/fibonacci_action_server" to ""
[27.439s] -- Installing: /home/tj/ros2_ws/install/action_tutorials_cpp/lib/libaction_server.so
[27.457s] -- Set runtime path of "/home/tj/ros2_ws/install/action_tutorials_cpp/lib/libaction_server.so" to ""
[27.458s] -- Installing: /home/tj/ros2_ws/install/action_tutorials_cpp/lib/action_tutorials_cpp/fibonacci_action_client
[27.458s] -- Set runtime path of "/home/tj/ros2_ws/install/action_tutorials_cpp/lib/action_tutorials_cpp/fibonacci_action_client" to ""
[27.458s] -- Installing: /home/tj/ros2_ws/install/action_tutorials_cpp/lib/libaction_client.so
[27.506s] -- Set runtime path of "/home/tj/ros2_ws/install/action_tutorials_cpp/lib/libaction_client.so" to ""
[27.507s] -- Up-to-date: /home/tj/ros2_ws/install/action_tutorials_cpp/share/ament_index/resource_index/package_run_dependencies/action_tutorials_cpp
[27.507s] -- Up-to-date: /home/tj/ros2_ws/install/action_tutorials_cpp/share/ament_index/resource_index/parent_prefix_path/action_tutorials_cpp
[27.507s] -- Up-to-date: /home/tj/ros2_ws/install/action_tutorials_cpp/share/action_tutorials_cpp/environment/ament_prefix_path.sh
[27.516s] -- Installing: /home/tj/ros2_ws/install/action_tutorials_cpp/share/action_tutorials_cpp/environment/ament_prefix_path.dsv
[27.542s] -- Up-to-date: /home/tj/ros2_ws/install/action_tutorials_cpp/share/action_tutorials_cpp/environment/path.sh
[27.543s] -- Installing: /home/tj/ros2_ws/install/action_tutorials_cpp/share/action_tutorials_cpp/environment/path.dsv
[27.543s] -- Up-to-date: /home/tj/ros2_ws/install/action_tutorials_cpp/share/action_tutorials_cpp/local_setup.bash
[27.544s] -- Up-to-date: /home/tj/ros2_ws/install/action_tutorials_cpp/share/action_tutorials_cpp/local_setup.sh
[27.544s] -- Up-to-date: /home/tj/ros2_ws/install/action_tutorials_cpp/share/action_tutorials_cpp/local_setup.zsh
[27.544s] -- Installing: /home/tj/ros2_ws/install/action_tutorials_cpp/share/action_tutorials_cpp/local_setup.dsv
[27.544s] -- Installing: /home/tj/ros2_ws/install/action_tutorials_cpp/share/action_tutorials_cpp/package.dsv
[27.544s] -- Up-to-date: /home/tj/ros2_ws/install/action_tutorials_cpp/share/ament_index/resource_index/packages/action_tutorials_cpp
[27.584s] -- Installing: /home/tj/ros2_ws/install/action_tutorials_cpp/share/ament_index/resource_index/rclcpp_components/action_tutorials_cpp
[27.601s] -- Up-to-date: /home/tj/ros2_ws/install/action_tutorials_cpp/share/action_tutorials_cpp/cmake/action_tutorials_cppConfig.cmake
[27.616s] -- Up-to-date: /home/tj/ros2_ws/install/action_tutorials_cpp/share/action_tutorials_cpp/cmake/action_tutorials_cppConfig-version.cmake
[27.616s] -- Up-to-date: /home/tj/ros2_ws/install/action_tutorials_cpp/share/action_tutorials_cpp/package.xml
[27.686s] Invoked command in '/home/tj/ros2_ws/build/action_tutorials_cpp' returned '0': AMENT_PREFIX_PATH=/home/tj/ros2_ws/install/action_tutorials_interfaces:${AMENT_PREFIX_PATH} CMAKE_PREFIX_PATH=/home/tj/ros2_ws/install/action_tutorials_interfaces:/home/tj/ros2_ws/install/cpp_srvcli:/home/tj/ros2_ws/install/cpp_pubsub:/home/tj/ros2_ws/install/tutorial_interfaces:/home/tj/ros2_ws/install/turtlesim:/home/tj/ros2_ws/install/polygon_plugins:/home/tj/ros2_ws/install/polygon_base:/home/tj/ros2_ws/install/my_package:/home/tj/ros2_ws/install/more_interfaces:/home/tj/ros2_ws/install/custom_action_interfaces:/home/tj/ros2_ws/install/cpp_parameters:/home/tj/ros2_ws/install/python_parameters:/home/tj/ros2_ws/install/py_srvcli:/home/tj/ros2_ws/install/py_pubsub:/opt/ros/humble LD_LIBRARY_PATH=/home/tj/ros2_ws/install/action_tutorials_interfaces/lib:${LD_LIBRARY_PATH} PYTHONPATH=/home/tj/ros2_ws/install/action_tutorials_interfaces/local/lib/python3.10/dist-packages:${PYTHONPATH} /usr/bin/cmake --install /home/tj/ros2_ws/build/action_tutorials_cpp
