[0.330s] Invoking command in '/home/tj/ros2_ws/build/cpp_pubsub': AMENT_PREFIX_PATH=/home/tj/ros2_ws/install/tutorial_interfaces:${AMENT_PREFIX_PATH} CMAKE_PREFIX_PATH=/home/tj/ros2_ws/install/tutorial_interfaces:/opt/ros/humble LD_LIBRARY_PATH=/home/tj/ros2_ws/install/tutorial_interfaces/lib:${LD_LIBRARY_PATH} PYTHONPATH=/home/tj/ros2_ws/install/tutorial_interfaces/local/lib/python3.10/dist-packages:${PYTHONPATH} /usr/bin/cmake --build /home/tj/ros2_ws/build/cpp_pubsub -- -j8 -l8
[1.661s] [ 50%] Built target listener
[1.728s] [100%] Built target talker
[2.351s] Invoked command in '/home/tj/ros2_ws/build/cpp_pubsub' returned '0': AMENT_PREFIX_PATH=/home/tj/ros2_ws/install/tutorial_interfaces:${AMENT_PREFIX_PATH} CMAKE_PREFIX_PATH=/home/tj/ros2_ws/install/tutorial_interfaces:/opt/ros/humble LD_LIBRARY_PATH=/home/tj/ros2_ws/install/tutorial_interfaces/lib:${LD_LIBRARY_PATH} PYTHONPATH=/home/tj/ros2_ws/install/tutorial_interfaces/local/lib/python3.10/dist-packages:${PYTHONPATH} /usr/bin/cmake --build /home/tj/ros2_ws/build/cpp_pubsub -- -j8 -l8
[3.371s] Invoking command in '/home/tj/ros2_ws/build/cpp_pubsub': AMENT_PREFIX_PATH=/home/tj/ros2_ws/install/tutorial_interfaces:${AMENT_PREFIX_PATH} CMAKE_PREFIX_PATH=/home/tj/ros2_ws/install/tutorial_interfaces:/opt/ros/humble LD_LIBRARY_PATH=/home/tj/ros2_ws/install/tutorial_interfaces/lib:${LD_LIBRARY_PATH} PYTHONPATH=/home/tj/ros2_ws/install/tutorial_interfaces/local/lib/python3.10/dist-packages:${PYTHONPATH} /usr/bin/cmake --install /home/tj/ros2_ws/build/cpp_pubsub
[3.519s] -- Install configuration: ""
[3.519s] -- Up-to-date: /home/tj/ros2_ws/install/cpp_pubsub/lib/cpp_pubsub/talker
[3.519s] -- Up-to-date: /home/tj/ros2_ws/install/cpp_pubsub/lib/cpp_pubsub/listener
[3.519s] -- Up-to-date: /home/tj/ros2_ws/install/cpp_pubsub/share/ament_index/resource_index/package_run_dependencies/cpp_pubsub
[3.519s] -- Up-to-date: /home/tj/ros2_ws/install/cpp_pubsub/share/ament_index/resource_index/parent_prefix_path/cpp_pubsub
[3.519s] -- Up-to-date: /home/tj/ros2_ws/install/cpp_pubsub/share/cpp_pubsub/environment/ament_prefix_path.sh
[3.519s] -- Up-to-date: /home/tj/ros2_ws/install/cpp_pubsub/share/cpp_pubsub/environment/ament_prefix_path.dsv
[3.519s] -- Up-to-date: /home/tj/ros2_ws/install/cpp_pubsub/share/cpp_pubsub/environment/path.sh
[3.519s] -- Up-to-date: /home/tj/ros2_ws/install/cpp_pubsub/share/cpp_pubsub/environment/path.dsv
[3.519s] -- Up-to-date: /home/tj/ros2_ws/install/cpp_pubsub/share/cpp_pubsub/local_setup.bash
[3.519s] -- Up-to-date: /home/tj/ros2_ws/install/cpp_pubsub/share/cpp_pubsub/local_setup.sh
[3.519s] -- Up-to-date: /home/tj/ros2_ws/install/cpp_pubsub/share/cpp_pubsub/local_setup.zsh
[3.519s] -- Up-to-date: /home/tj/ros2_ws/install/cpp_pubsub/share/cpp_pubsub/local_setup.dsv
[3.519s] -- Installing: /home/tj/ros2_ws/install/cpp_pubsub/share/cpp_pubsub/package.dsv
[3.519s] -- Up-to-date: /home/tj/ros2_ws/install/cpp_pubsub/share/ament_index/resource_index/packages/cpp_pubsub
[3.520s] -- Up-to-date: /home/tj/ros2_ws/install/cpp_pubsub/share/cpp_pubsub/cmake/cpp_pubsubConfig.cmake
[3.520s] -- Up-to-date: /home/tj/ros2_ws/install/cpp_pubsub/share/cpp_pubsub/cmake/cpp_pubsubConfig-version.cmake
[3.520s] -- Up-to-date: /home/tj/ros2_ws/install/cpp_pubsub/share/cpp_pubsub/package.xml
[3.772s] Invoked command in '/home/tj/ros2_ws/build/cpp_pubsub' returned '0': AMENT_PREFIX_PATH=/home/tj/ros2_ws/install/tutorial_interfaces:${AMENT_PREFIX_PATH} CMAKE_PREFIX_PATH=/home/tj/ros2_ws/install/tutorial_interfaces:/opt/ros/humble LD_LIBRARY_PATH=/home/tj/ros2_ws/install/tutorial_interfaces/lib:${LD_LIBRARY_PATH} PYTHONPATH=/home/tj/ros2_ws/install/tutorial_interfaces/local/lib/python3.10/dist-packages:${PYTHONPATH} /usr/bin/cmake --install /home/tj/ros2_ws/build/cpp_pubsub
