[0.108s] Invoking command in '/home/tj/ros2_ws/src/cpp_srvcli/build/cpp_srvcli': /usr/bin/cmake /home/tj/ros2_ws/src/cpp_srvcli -DCMAKE_INSTALL_PREFIX=/home/tj/ros2_ws/src/cpp_srvcli/install/cpp_srvcli
[1.231s] -- The C compiler identification is GNU 11.4.0
[1.885s] -- The CXX compiler identification is GNU 11.4.0
[1.937s] -- Detecting C compiler ABI info
[2.362s] -- Detecting C compiler ABI info - done
[2.409s] -- Check for working C compiler: /usr/bin/cc - skipped
[2.411s] -- Detecting C compile features
[2.448s] -- Detecting C compile features - done
[2.541s] -- Detecting CXX compiler ABI info
[3.017s] -- Detecting CXX compiler ABI info - done
[3.030s] -- Check for working CXX compiler: /usr/bin/c++ - skipped
[3.031s] -- Detecting CXX compile features
[3.032s] -- Detecting CXX compile features - done
[3.085s] [31mCMake Error at CMakeLists.txt:9 (find_package):
[3.085s]   By not providing "Findament_cmake.cmake" in CMAKE_MODULE_PATH this project
[3.085s]   has asked CMake to find a package configuration file provided by
[3.086s]   "ament_cmake", but CMake did not find one.
[3.086s] 
[3.086s]   Could not find a package configuration file provided by "ament_cmake" with
[3.086s]   any of the following names:
[3.087s] 
[3.087s]     ament_cmakeConfig.cmake
[3.087s]     ament_cmake-config.cmake
[3.087s] 
[3.087s]   Add the installation prefix of "ament_cmake" to CMAKE_PREFIX_PATH or set
[3.087s]   "ament_cmake_DIR" to a directory containing one of the above files.  If
[3.087s]   "ament_cmake" provides a separate development package or SDK, be sure it
[3.087s]   has been installed.
[3.087s] 
[3.087s] [0m
[3.087s] -- Configuring incomplete, errors occurred!
[3.087s] See also "/home/tj/ros2_ws/src/cpp_srvcli/build/cpp_srvcli/CMakeFiles/CMakeOutput.log".
[3.137s] Invoked command in '/home/tj/ros2_ws/src/cpp_srvcli/build/cpp_srvcli' returned '1': /usr/bin/cmake /home/tj/ros2_ws/src/cpp_srvcli -DCMAKE_INSTALL_PREFIX=/home/tj/ros2_ws/src/cpp_srvcli/install/cpp_srvcli
