[0mCMake Deprecation Warning at /opt/ros/humble/share/rosidl_cmake/cmake/rosidl_target_interfaces.cmake:32 (message):
  Use rosidl_get_typesupport_target() and target_link_libraries() instead of
  rosidl_target_interfaces()
Call Stack (most recent call first):
  CMakeLists.txt:31 (rosidl_target_interfaces)

[0m
[01m[K/home/tj/ros2_ws/src/more_interfaces/src/publish_address_book.cpp:9:43:[m[K [01;31m[Kerror: [m[Kexpected class-name before ‘[01m[K:[m[K’ token
    9 | class AddressBookPublisher : public rclcpp[01;31m[K:[m[KNode
      |                                           [01;31m[K^[m[K
[01m[K/home/tj/ros2_ws/src/more_interfaces/src/publish_address_book.cpp:9:43:[m[K [01;31m[Kerror: [m[Kexpected ‘[01m[K{[m[K’ before ‘[01m[K:[m[K’ token
[01m[K/home/tj/ros2_ws/src/more_interfaces/src/publish_address_book.cpp:9:43:[m[K [01;31m[Kerror: [m[Kexpected unqualified-id before ‘[01m[K:[m[K’ token
[01m[K/home/tj/ros2_ws/src/more_interfaces/src/publish_address_book.cpp:[m[K In function ‘[01m[Kint main(int, char**)[m[K’:
[01m[K/home/tj/ros2_ws/src/more_interfaces/src/publish_address_book.cpp:40:16:[m[K [01;31m[Kerror: [m[K‘[01m[Kspin[m[K’ was not declared in this scope; did you mean ‘[01m[Krclcpp::spin[m[K’?
   40 |         rclcpp:[01;31m[Kspin[m[K(std::make_shared<AddressBookPublisher>());
      |                [01;31m[K^~~~[m[K
      |                [32m[Krclcpp::spin[m[K
In file included from [01m[K/opt/ros/humble/include/rclcpp/rclcpp/rclcpp.hpp:155[m[K,
                 from [01m[K/home/tj/ros2_ws/src/more_interfaces/src/publish_address_book.cpp:4[m[K:
[01m[K/opt/ros/humble/include/rclcpp/rclcpp/executors.hpp:49:1:[m[K [01;36m[Knote: [m[K‘[01m[Krclcpp::spin[m[K’ declared here
   49 | [01;36m[Kspin[m[K(rclcpp::Node::SharedPtr node_ptr);
      | [01;36m[K^~~~[m[K
[01m[K/home/tj/ros2_ws/src/more_interfaces/src/publish_address_book.cpp:40:9:[m[K [01;35m[Kwarning: [m[Klabel ‘[01m[Krclcpp[m[K’ defined but not used [[01;35m[K]8;;https://gcc.gnu.org/onlinedocs/gcc/Warning-Options.html#index-Wunused-label-Wunused-label]8;;[m[K]
   40 |         [01;35m[Krclcpp[m[K:spin(std::make_shared<AddressBookPublisher>());
      |         [01;35m[K^~~~~~[m[K
In file included from [01m[K/usr/include/c++/11/bits/shared_ptr_base.h:60[m[K,
                 from [01m[K/usr/include/c++/11/bits/shared_ptr.h:53[m[K,
                 from [01m[K/usr/include/c++/11/memory:77[m[K,
                 from [01m[K/home/tj/ros2_ws/src/more_interfaces/src/publish_address_book.cpp:2[m[K:
/usr/include/c++/11/ext/aligned_buffer.h: In instantiation of ‘[01m[Kstruct __gnu_cxx::__aligned_buffer<AddressBookPublisher>[m[K’:
[01m[K/usr/include/c++/11/bits/shared_ptr_base.h:506:35:[m[K   required from ‘[01m[Kclass std::_Sp_counted_ptr_inplace<AddressBookPublisher, std::allocator<AddressBookPublisher>, __gnu_cxx::_S_atomic>::_Impl[m[K’
[01m[K/usr/include/c++/11/bits/shared_ptr_base.h:567:13:[m[K   required from ‘[01m[Kclass std::_Sp_counted_ptr_inplace<AddressBookPublisher, std::allocator<AddressBookPublisher>, __gnu_cxx::_S_atomic>[m[K’
[01m[K/usr/include/c++/11/bits/shared_ptr_base.h:647:43:[m[K   required from ‘[01m[Kstd::__shared_count<_Lp>::__shared_count(_Tp*&, std::_Sp_alloc_shared_tag<_Alloc>, _Args&& ...) [with _Tp = AddressBookPublisher; _Alloc = std::allocator<AddressBookPublisher>; _Args = {}; __gnu_cxx::_Lock_policy _Lp = __gnu_cxx::_S_atomic][m[K’
[01m[K/usr/include/c++/11/bits/shared_ptr_base.h:1342:14:[m[K   required from ‘[01m[Kstd::__shared_ptr<_Tp, _Lp>::__shared_ptr(std::_Sp_alloc_shared_tag<_Tp>, _Args&& ...) [with _Alloc = std::allocator<AddressBookPublisher>; _Args = {}; _Tp = AddressBookPublisher; __gnu_cxx::_Lock_policy _Lp = __gnu_cxx::_S_atomic][m[K’
[01m[K/usr/include/c++/11/bits/shared_ptr.h:409:59:[m[K   required from ‘[01m[Kstd::shared_ptr<_Tp>::shared_ptr(std::_Sp_alloc_shared_tag<_Tp>, _Args&& ...) [with _Alloc = std::allocator<AddressBookPublisher>; _Args = {}; _Tp = AddressBookPublisher][m[K’
[01m[K/usr/include/c++/11/bits/shared_ptr.h:862:14:[m[K   required from ‘[01m[Kstd::shared_ptr<_Tp> std::allocate_shared(const _Alloc&, _Args&& ...) [with _Tp = AddressBookPublisher; _Alloc = std::allocator<AddressBookPublisher>; _Args = {}][m[K’
[01m[K/usr/include/c++/11/bits/shared_ptr.h:878:39:[m[K   required from ‘[01m[Kstd::shared_ptr<_Tp> std::make_shared(_Args&& ...) [with _Tp = AddressBookPublisher; _Args = {}][m[K’
[01m[K/home/tj/ros2_ws/src/more_interfaces/src/publish_address_book.cpp:40:52:[m[K   required from here
[01m[K/usr/include/c++/11/ext/aligned_buffer.h:91:28:[m[K [01;31m[Kerror: [m[Kinvalid application of ‘[01m[Ksizeof[m[K’ to incomplete type ‘[01m[KAddressBookPublisher[m[K’
   91 |     : std::aligned_storage<[01;31m[Ksizeof(_Tp)[m[K, __alignof__(_Tp)>
      |                            [01;31m[K^~~~~~~~~~~[m[K
[01m[K/usr/include/c++/11/ext/aligned_buffer.h:91:28:[m[K [01;31m[Kerror: [m[Kinvalid application of ‘[01m[Ksizeof[m[K’ to incomplete type ‘[01m[KAddressBookPublisher[m[K’
gmake[2]: *** [CMakeFiles/publish_address_book.dir/build.make:76: CMakeFiles/publish_address_book.dir/src/publish_address_book.cpp.o] Error 1
gmake[1]: *** [CMakeFiles/Makefile2:184: CMakeFiles/publish_address_book.dir/all] Error 2
gmake: *** [Makefile:146: all] Error 2
