[0.008s] Invoking command in '/home/tj/ros2_ws/build/more_interfaces': CMAKE_PREFIX_PATH=${CMAKE_PREFIX_PATH}:/home/tj/ros2_ws/install/py_srvcli:/home/tj/ros2_ws/install/py_pubsub:/opt/ros/humble /usr/bin/cmake /home/tj/ros2_ws/src/more_interfaces -DCMAKE_INSTALL_PREFIX=/home/tj/ros2_ws/install/more_interfaces
[0.023s] -- Found ament_cmake: 1.3.10 (/opt/ros/humble/share/ament_cmake/cmake)
[0.106s] -- Found rosidl_default_generators: 1.2.0 (/opt/ros/humble/share/rosidl_default_generators/cmake)
[0.107s] -- Using all available rosidl_typesupport_c: rosidl_typesupport_fastrtps_c;rosidl_typesupport_introspection_c
[0.108s] -- Found rosidl_adapter: 3.1.5 (/opt/ros/humble/share/rosidl_adapter/cmake)
[0.126s] -- Using all available rosidl_typesupport_cpp: rosidl_typesupport_fastrtps_cpp;rosidl_typesupport_introspection_cpp
[0.141s] -- Found rclcpp: 16.0.10 (/opt/ros/humble/share/rclcpp/cmake)
[0.162s] -- Found rmw_implementation_cmake: 6.1.2 (/opt/ros/humble/share/rmw_implementation_cmake/cmake)
[0.163s] -- Found rmw_fastrtps_cpp: 6.2.7 (/opt/ros/humble/share/rmw_fastrtps_cpp/cmake)
[0.221s] -- Using RMW implementation 'rmw_fastrtps_cpp' as default
[0.420s] -- Found ament_cmake_ros: 0.10.0 (/opt/ros/humble/share/ament_cmake_ros/cmake)
[0.537s] -- Using all available rosidl_typesupport_c: rosidl_typesupport_fastrtps_c;rosidl_typesupport_introspection_c
[0.709s] -- Using all available rosidl_typesupport_cpp: rosidl_typesupport_fastrtps_cpp;rosidl_typesupport_introspection_cpp
[0.723s] -- Found python_cmake_module: 0.10.0 (/opt/ros/humble/share/python_cmake_module/cmake)
[0.739s] -- Using PYTHON_EXECUTABLE: /usr/bin/python3
[0.739s] -- Using PYTHON_INCLUDE_DIRS: /usr/include/python3.10
[0.739s] -- Using PYTHON_LIBRARIES: /usr/lib/x86_64-linux-gnu/libpython3.10.so
[0.754s] [0mCMake Deprecation Warning at /opt/ros/humble/share/rosidl_cmake/cmake/rosidl_target_interfaces.cmake:32 (message):
[0.754s]   Use rosidl_get_typesupport_target() and target_link_libraries() instead of
[0.754s]   rosidl_target_interfaces()
[0.754s] Call Stack (most recent call first):
[0.754s]   CMakeLists.txt:31 (rosidl_target_interfaces)
[0.754s] 
[0.754s] [0m
[0.759s] -- Configuring done
[0.783s] -- Generating done
[0.787s] -- Build files have been written to: /home/tj/ros2_ws/build/more_interfaces
[0.794s] Invoked command in '/home/tj/ros2_ws/build/more_interfaces' returned '0': CMAKE_PREFIX_PATH=${CMAKE_PREFIX_PATH}:/home/tj/ros2_ws/install/py_srvcli:/home/tj/ros2_ws/install/py_pubsub:/opt/ros/humble /usr/bin/cmake /home/tj/ros2_ws/src/more_interfaces -DCMAKE_INSTALL_PREFIX=/home/tj/ros2_ws/install/more_interfaces
[0.794s] Invoking command in '/home/tj/ros2_ws/build/more_interfaces': CMAKE_PREFIX_PATH=${CMAKE_PREFIX_PATH}:/home/tj/ros2_ws/install/py_srvcli:/home/tj/ros2_ws/install/py_pubsub:/opt/ros/humble /usr/bin/cmake --build /home/tj/ros2_ws/build/more_interfaces -- -j8 -l8
[0.823s] [  3%] [34m[1mGenerating C code for ROS interfaces[0m
[0.832s] [  6%] [34m[1mGenerating C++ code for ROS interfaces[0m
[0.842s] [  6%] Built target ament_cmake_python_copy_more_interfaces
[1.032s] [  6%] Built target more_interfaces__cpp
[1.039s] running egg_info
[1.040s] creating more_interfaces.egg-info
[1.041s] [  9%] [34m[1mGenerating C++ introspection for ROS interfaces[0m
[1.042s] [ 12%] [34m[1mGenerating C++ type support dispatch for ROS interfaces[0m
[1.047s] writing more_interfaces.egg-info/PKG-INFO
[1.047s] [ 15%] [34m[1mGenerating C++ type support for eProsima Fast-RTPS[0m
[1.047s] writing dependency_links to more_interfaces.egg-info/dependency_links.txt
[1.047s] writing top-level names to more_interfaces.egg-info/top_level.txt
[1.074s] writing manifest file 'more_interfaces.egg-info/SOURCES.txt'
[1.079s] reading manifest file 'more_interfaces.egg-info/SOURCES.txt'
[1.079s] writing manifest file 'more_interfaces.egg-info/SOURCES.txt'
[1.079s] [ 18%] [32mBuilding C object CMakeFiles/more_interfaces__rosidl_generator_c.dir/rosidl_generator_c/more_interfaces/msg/detail/address_book__functions.c.o[0m
[1.096s] [ 18%] Built target ament_cmake_python_build_more_interfaces_egg
[1.165s] [ 21%] [32m[1mLinking C shared library libmore_interfaces__rosidl_generator_c.so[0m
[1.214s] [ 21%] Built target more_interfaces__rosidl_generator_c
[1.228s] [ 24%] [34m[1mGenerating C type support dispatch for ROS interfaces[0m
[1.229s] [ 27%] [34m[1mGenerating C type support for eProsima Fast-RTPS[0m
[1.229s] [ 30%] [34m[1mGenerating C introspection for ROS interfaces[0m
[1.236s] [ 33%] [32mBuilding CXX object CMakeFiles/more_interfaces__rosidl_typesupport_cpp.dir/rosidl_typesupport_cpp/more_interfaces/msg/address_book__type_support.cpp.o[0m
[1.263s] [ 36%] [32mBuilding CXX object CMakeFiles/more_interfaces__rosidl_typesupport_introspection_cpp.dir/rosidl_typesupport_introspection_cpp/more_interfaces/msg/detail/address_book__type_support.cpp.o[0m
[1.290s] [ 39%] [32mBuilding CXX object CMakeFiles/more_interfaces__rosidl_typesupport_fastrtps_cpp.dir/rosidl_typesupport_fastrtps_cpp/more_interfaces/msg/detail/dds_fastrtps/address_book__type_support.cpp.o[0m
[1.423s] [ 42%] [32mBuilding CXX object CMakeFiles/more_interfaces__rosidl_typesupport_c.dir/rosidl_typesupport_c/more_interfaces/msg/address_book__type_support.cpp.o[0m
[1.475s] [ 45%] [32mBuilding C object CMakeFiles/more_interfaces__rosidl_typesupport_introspection_c.dir/rosidl_typesupport_introspection_c/more_interfaces/msg/detail/address_book__type_support.c.o[0m
[1.501s] [ 48%] [32m[1mLinking CXX shared library libmore_interfaces__rosidl_typesupport_c.so[0m
[1.526s] [ 51%] [32m[1mLinking C shared library libmore_interfaces__rosidl_typesupport_introspection_c.so[0m
[1.572s] [ 54%] [32mBuilding CXX object CMakeFiles/more_interfaces__rosidl_typesupport_fastrtps_c.dir/rosidl_typesupport_fastrtps_c/more_interfaces/msg/detail/address_book__type_support_c.cpp.o[0m
[1.573s] [ 54%] Built target more_interfaces__rosidl_typesupport_c
[1.595s] [ 54%] Built target more_interfaces__rosidl_typesupport_introspection_c
[1.677s] [ 57%] [32m[1mLinking CXX shared library libmore_interfaces__rosidl_typesupport_cpp.so[0m
[1.720s] [ 57%] Built target more_interfaces__rosidl_typesupport_cpp
[1.753s] [ 60%] [32m[1mLinking CXX shared library libmore_interfaces__rosidl_typesupport_fastrtps_cpp.so[0m
[1.788s] [ 63%] [32m[1mLinking CXX shared library libmore_interfaces__rosidl_typesupport_introspection_cpp.so[0m
[1.824s] [ 63%] Built target more_interfaces__rosidl_typesupport_fastrtps_cpp
[1.843s] [ 63%] Built target more_interfaces__rosidl_typesupport_introspection_cpp
[1.850s] [ 66%] [32m[1mLinking CXX shared library libmore_interfaces__rosidl_typesupport_fastrtps_c.so[0m
[1.903s] [ 66%] Built target more_interfaces__rosidl_typesupport_fastrtps_c
[1.919s] [ 66%] Built target more_interfaces
[1.936s] [ 69%] [34m[1mGenerating Python code for ROS interfaces[0m
[1.936s] [ 72%] [32mBuilding CXX object CMakeFiles/publish_address_book.dir/src/publish_address_book.cpp.o[0m
[2.139s] [ 72%] Built target more_interfaces__py
[2.156s] [ 75%] [32mBuilding C object CMakeFiles/more_interfaces__rosidl_generator_py.dir/rosidl_generator_py/more_interfaces/msg/_address_book_s.c.o[0m
[2.292s] [ 78%] [32m[1mLinking C shared library rosidl_generator_py/more_interfaces/libmore_interfaces__rosidl_generator_py.so[0m
[2.323s] [ 78%] Built target more_interfaces__rosidl_generator_py
[2.347s] [ 84%] [32mBuilding C object CMakeFiles/more_interfaces__rosidl_typesupport_c__pyext.dir/rosidl_generator_py/more_interfaces/_more_interfaces_s.ep.rosidl_typesupport_c.c.o[0m
[2.347s] [ 84%] [32mBuilding C object CMakeFiles/more_interfaces__rosidl_typesupport_fastrtps_c__pyext.dir/rosidl_generator_py/more_interfaces/_more_interfaces_s.ep.rosidl_typesupport_fastrtps_c.c.o[0m
[2.350s] [ 87%] [32mBuilding C object CMakeFiles/more_interfaces__rosidl_typesupport_introspection_c__pyext.dir/rosidl_generator_py/more_interfaces/_more_interfaces_s.ep.rosidl_typesupport_introspection_c.c.o[0m
[2.418s] [ 90%] [32m[1mLinking C shared library rosidl_generator_py/more_interfaces/more_interfaces_s__rosidl_typesupport_fastrtps_c.cpython-310-x86_64-linux-gnu.so[0m
[2.418s] [ 93%] [32m[1mLinking C shared library rosidl_generator_py/more_interfaces/more_interfaces_s__rosidl_typesupport_introspection_c.cpython-310-x86_64-linux-gnu.so[0m
[2.420s] [ 96%] [32m[1mLinking C shared library rosidl_generator_py/more_interfaces/more_interfaces_s__rosidl_typesupport_c.cpython-310-x86_64-linux-gnu.so[0m
[2.452s] [ 96%] Built target more_interfaces__rosidl_typesupport_introspection_c__pyext
[2.456s] [ 96%] Built target more_interfaces__rosidl_typesupport_fastrtps_c__pyext
[2.463s] [ 96%] Built target more_interfaces__rosidl_typesupport_c__pyext
[4.062s] [01m[K/home/tj/ros2_ws/src/more_interfaces/src/publish_address_book.cpp:9:43:[m[K [01;31m[Kerror: [m[Kexpected class-name before ‘[01m[K:[m[K’ token
[4.063s]     9 | class AddressBookPublisher : public rclcpp[01;31m[K:[m[KNode
[4.063s]       |                                           [01;31m[K^[m[K
[4.063s] [01m[K/home/tj/ros2_ws/src/more_interfaces/src/publish_address_book.cpp:9:43:[m[K [01;31m[Kerror: [m[Kexpected ‘[01m[K{[m[K’ before ‘[01m[K:[m[K’ token
[4.063s] [01m[K/home/tj/ros2_ws/src/more_interfaces/src/publish_address_book.cpp:9:43:[m[K [01;31m[Kerror: [m[Kexpected unqualified-id before ‘[01m[K:[m[K’ token
[4.066s] [01m[K/home/tj/ros2_ws/src/more_interfaces/src/publish_address_book.cpp:[m[K In function ‘[01m[Kint main(int, char**)[m[K’:
[4.066s] [01m[K/home/tj/ros2_ws/src/more_interfaces/src/publish_address_book.cpp:40:16:[m[K [01;31m[Kerror: [m[K‘[01m[Kspin[m[K’ was not declared in this scope; did you mean ‘[01m[Krclcpp::spin[m[K’?
[4.066s]    40 |         rclcpp:[01;31m[Kspin[m[K(std::make_shared<AddressBookPublisher>());
[4.066s]       |                [01;31m[K^~~~[m[K
[4.066s]       |                [32m[Krclcpp::spin[m[K
[4.066s] In file included from [01m[K/opt/ros/humble/include/rclcpp/rclcpp/rclcpp.hpp:155[m[K,
[4.066s]                  from [01m[K/home/tj/ros2_ws/src/more_interfaces/src/publish_address_book.cpp:4[m[K:
[4.066s] [01m[K/opt/ros/humble/include/rclcpp/rclcpp/executors.hpp:49:1:[m[K [01;36m[Knote: [m[K‘[01m[Krclcpp::spin[m[K’ declared here
[4.066s]    49 | [01;36m[Kspin[m[K(rclcpp::Node::SharedPtr node_ptr);
[4.067s]       | [01;36m[K^~~~[m[K
[4.076s] [01m[K/home/tj/ros2_ws/src/more_interfaces/src/publish_address_book.cpp:40:9:[m[K [01;35m[Kwarning: [m[Klabel ‘[01m[Krclcpp[m[K’ defined but not used [[01;35m[K]8;;https://gcc.gnu.org/onlinedocs/gcc/Warning-Options.html#index-Wunused-label-Wunused-label]8;;[m[K]
[4.076s]    40 |         [01;35m[Krclcpp[m[K:spin(std::make_shared<AddressBookPublisher>());
[4.076s]       |         [01;35m[K^~~~~~[m[K
[4.337s] In file included from [01m[K/usr/include/c++/11/bits/shared_ptr_base.h:60[m[K,
[4.338s]                  from [01m[K/usr/include/c++/11/bits/shared_ptr.h:53[m[K,
[4.338s]                  from [01m[K/usr/include/c++/11/memory:77[m[K,
[4.338s]                  from [01m[K/home/tj/ros2_ws/src/more_interfaces/src/publish_address_book.cpp:2[m[K:
[4.338s] /usr/include/c++/11/ext/aligned_buffer.h: In instantiation of ‘[01m[Kstruct __gnu_cxx::__aligned_buffer<AddressBookPublisher>[m[K’:
[4.338s] [01m[K/usr/include/c++/11/bits/shared_ptr_base.h:506:35:[m[K   required from ‘[01m[Kclass std::_Sp_counted_ptr_inplace<AddressBookPublisher, std::allocator<AddressBookPublisher>, __gnu_cxx::_S_atomic>::_Impl[m[K’
[4.338s] [01m[K/usr/include/c++/11/bits/shared_ptr_base.h:567:13:[m[K   required from ‘[01m[Kclass std::_Sp_counted_ptr_inplace<AddressBookPublisher, std::allocator<AddressBookPublisher>, __gnu_cxx::_S_atomic>[m[K’
[4.338s] [01m[K/usr/include/c++/11/bits/shared_ptr_base.h:647:43:[m[K   required from ‘[01m[Kstd::__shared_count<_Lp>::__shared_count(_Tp*&, std::_Sp_alloc_shared_tag<_Alloc>, _Args&& ...) [with _Tp = AddressBookPublisher; _Alloc = std::allocator<AddressBookPublisher>; _Args = {}; __gnu_cxx::_Lock_policy _Lp = __gnu_cxx::_S_atomic][m[K’
[4.338s] [01m[K/usr/include/c++/11/bits/shared_ptr_base.h:1342:14:[m[K   required from ‘[01m[Kstd::__shared_ptr<_Tp, _Lp>::__shared_ptr(std::_Sp_alloc_shared_tag<_Tp>, _Args&& ...) [with _Alloc = std::allocator<AddressBookPublisher>; _Args = {}; _Tp = AddressBookPublisher; __gnu_cxx::_Lock_policy _Lp = __gnu_cxx::_S_atomic][m[K’
[4.338s] [01m[K/usr/include/c++/11/bits/shared_ptr.h:409:59:[m[K   required from ‘[01m[Kstd::shared_ptr<_Tp>::shared_ptr(std::_Sp_alloc_shared_tag<_Tp>, _Args&& ...) [with _Alloc = std::allocator<AddressBookPublisher>; _Args = {}; _Tp = AddressBookPublisher][m[K’
[4.338s] [01m[K/usr/include/c++/11/bits/shared_ptr.h:862:14:[m[K   required from ‘[01m[Kstd::shared_ptr<_Tp> std::allocate_shared(const _Alloc&, _Args&& ...) [with _Tp = AddressBookPublisher; _Alloc = std::allocator<AddressBookPublisher>; _Args = {}][m[K’
[4.338s] [01m[K/usr/include/c++/11/bits/shared_ptr.h:878:39:[m[K   required from ‘[01m[Kstd::shared_ptr<_Tp> std::make_shared(_Args&& ...) [with _Tp = AddressBookPublisher; _Args = {}][m[K’
[4.338s] [01m[K/home/tj/ros2_ws/src/more_interfaces/src/publish_address_book.cpp:40:52:[m[K   required from here
[4.338s] [01m[K/usr/include/c++/11/ext/aligned_buffer.h:91:28:[m[K [01;31m[Kerror: [m[Kinvalid application of ‘[01m[Ksizeof[m[K’ to incomplete type ‘[01m[KAddressBookPublisher[m[K’
[4.338s]    91 |     : std::aligned_storage<[01;31m[Ksizeof(_Tp)[m[K, __alignof__(_Tp)>
[4.338s]       |                            [01;31m[K^~~~~~~~~~~[m[K
[4.338s] [01m[K/usr/include/c++/11/ext/aligned_buffer.h:91:28:[m[K [01;31m[Kerror: [m[Kinvalid application of ‘[01m[Ksizeof[m[K’ to incomplete type ‘[01m[KAddressBookPublisher[m[K’
[4.409s] gmake[2]: *** [CMakeFiles/publish_address_book.dir/build.make:76: CMakeFiles/publish_address_book.dir/src/publish_address_book.cpp.o] Error 1
[4.409s] gmake[1]: *** [CMakeFiles/Makefile2:184: CMakeFiles/publish_address_book.dir/all] Error 2
[4.410s] gmake: *** [Makefile:146: all] Error 2
[4.412s] Invoked command in '/home/tj/ros2_ws/build/more_interfaces' returned '2': CMAKE_PREFIX_PATH=${CMAKE_PREFIX_PATH}:/home/tj/ros2_ws/install/py_srvcli:/home/tj/ros2_ws/install/py_pubsub:/opt/ros/humble /usr/bin/cmake --build /home/tj/ros2_ws/build/more_interfaces -- -j8 -l8
