[0.879s] Invoking command in '/home/tj/ros2_ws/build/my_package': CMAKE_PREFIX_PATH=/opt/ros/humble /usr/bin/cmake --build /home/tj/ros2_ws/build/my_package -- -j8 -l8
[5.259s] [100%] Built target my_node
[7.539s] Invoked command in '/home/tj/ros2_ws/build/my_package' returned '0': CMAKE_PREFIX_PATH=/opt/ros/humble /usr/bin/cmake --build /home/tj/ros2_ws/build/my_package -- -j8 -l8
[8.998s] Invoking command in '/home/tj/ros2_ws/build/my_package': CMAKE_PREFIX_PATH=/opt/ros/humble /usr/bin/cmake --install /home/tj/ros2_ws/build/my_package
[9.165s] -- Install configuration: ""
[9.168s] -- Up-to-date: /home/tj/ros2_ws/install/my_package/lib/my_package/my_node
[9.168s] -- Up-to-date: /home/tj/ros2_ws/install/my_package/share/ament_index/resource_index/package_run_dependencies/my_package
[9.168s] -- Up-to-date: /home/tj/ros2_ws/install/my_package/share/ament_index/resource_index/parent_prefix_path/my_package
[9.168s] -- Up-to-date: /home/tj/ros2_ws/install/my_package/share/my_package/environment/ament_prefix_path.sh
[9.168s] -- Up-to-date: /home/tj/ros2_ws/install/my_package/share/my_package/environment/ament_prefix_path.dsv
[9.168s] -- Up-to-date: /home/tj/ros2_ws/install/my_package/share/my_package/environment/path.sh
[9.168s] -- Up-to-date: /home/tj/ros2_ws/install/my_package/share/my_package/environment/path.dsv
[9.168s] -- Up-to-date: /home/tj/ros2_ws/install/my_package/share/my_package/local_setup.bash
[9.168s] -- Up-to-date: /home/tj/ros2_ws/install/my_package/share/my_package/local_setup.sh
[9.169s] -- Up-to-date: /home/tj/ros2_ws/install/my_package/share/my_package/local_setup.zsh
[9.169s] -- Up-to-date: /home/tj/ros2_ws/install/my_package/share/my_package/local_setup.dsv
[9.169s] -- Up-to-date: /home/tj/ros2_ws/install/my_package/share/my_package/package.dsv
[9.169s] -- Up-to-date: /home/tj/ros2_ws/install/my_package/share/ament_index/resource_index/packages/my_package
[9.169s] -- Up-to-date: /home/tj/ros2_ws/install/my_package/share/my_package/cmake/my_packageConfig.cmake
[9.169s] -- Up-to-date: /home/tj/ros2_ws/install/my_package/share/my_package/cmake/my_packageConfig-version.cmake
[9.169s] -- Up-to-date: /home/tj/ros2_ws/install/my_package/share/my_package/package.xml
[9.344s] Invoked command in '/home/tj/ros2_ws/build/my_package' returned '0': CMAKE_PREFIX_PATH=/opt/ros/humble /usr/bin/cmake --install /home/tj/ros2_ws/build/my_package
