[01m[K/home/tj/ros2_ws/src/cpp_srvcli/src/add_two_ints_client.cpp:2:10:[m[K [01;31m[Kfatal error: [m[Kexample_interfaces/srv/add_two_ints.hpp: No such file or directory
    2 | #include [01;31m[K"example_interfaces/srv/add_two_ints.hpp"[m[K
      |          [01;31m[K^~~~~~~~~~~~~~~~~~~~~~~~~~~~~~~~~~~~~~~~~[m[K
compilation terminated.
gmake[2]: *** [CMakeFiles/client.dir/build.make:76: CMakeFiles/client.dir/src/add_two_ints_client.cpp.o] Error 1
gmake[1]: *** [CMakeFiles/Makefile2:165: CMakeFiles/client.dir/all] Error 2
gmake[1]: *** Waiting for unfinished jobs....
[01m[K/home/tj/ros2_ws/src/cpp_srvcli/src/add_two_ints_server.cpp:[m[K In function ‘[01m[Kint main(int, char**)[m[K’:
[01m[K/home/tj/ros2_ws/src/cpp_srvcli/src/add_two_ints_server.cpp:22:45:[m[K [01;31m[Kerror: [m[K‘[01m[KAddTwoInts[m[K’ is not a member of ‘[01m[Ktutorial_interfaces::srv[m[K’; did you mean ‘[01m[KAddThreeInts[m[K’?
   22 |   rclcpp::Service<tutorial_interfaces::srv::[01;31m[KAddTwoInts[m[K>::SharedPtr service =
      |                                             [01;31m[K^~~~~~~~~~[m[K
      |                                             [32m[KAddThreeInts[m[K
[01m[K/home/tj/ros2_ws/src/cpp_srvcli/src/add_two_ints_server.cpp:22:55:[m[K [01;31m[Kerror: [m[Ktemplate argument 1 is invalid
   22 |   rclcpp::Service<tutorial_interfaces::srv::AddTwoInts[01;31m[K>[m[K::SharedPtr service =
      |                                                       [01;31m[K^[m[K
[01m[K/home/tj/ros2_ws/src/cpp_srvcli/src/add_two_ints_server.cpp:22:68:[m[K [01;31m[Kerror: [m[Kexpected initializer before ‘[01m[Kservice[m[K’
   22 | pp::Service<tutorial_interfaces::srv::AddTwoInts>::SharedPtr [01;31m[Kservice[m[K =
      |                                                              [01;31m[K^~~~~~~[m[K

gmake[2]: *** [CMakeFiles/server.dir/build.make:76: CMakeFiles/server.dir/src/add_two_ints_server.cpp.o] Error 1
gmake[1]: *** [CMakeFiles/Makefile2:139: CMakeFiles/server.dir/all] Error 2
gmake: *** [Makefile:146: all] Error 2
