[  3%] Built target custom_action_interfaces__cpp
[ 12%] Built target custom_action_interfaces__rosidl_generator_c
[ 12%] Built target ament_cmake_python_copy_custom_action_interfaces
[ 22%] Built target custom_action_interfaces__rosidl_typesupport_fastrtps_cpp
[ 41%] Built target custom_action_interfaces__rosidl_typesupport_introspection_cpp
[ 32%] Built target custom_action_interfaces__rosidl_typesupport_cpp
[ 51%] Built target custom_action_interfaces__rosidl_typesupport_introspection_c
[ 61%] Built target custom_action_interfaces__rosidl_typesupport_fastrtps_c
[ 70%] Built target custom_action_interfaces__rosidl_typesupport_c
[ 70%] Built target custom_action_interfaces
[ 74%] Built target custom_action_interfaces__py
[ 80%] Built target custom_action_interfaces__rosidl_generator_py
running egg_info
writing custom_action_interfaces.egg-info/PKG-INFO
writing dependency_links to custom_action_interfaces.egg-info/dependency_links.txt
writing top-level names to custom_action_interfaces.egg-info/top_level.txt
reading manifest file 'custom_action_interfaces.egg-info/SOURCES.txt'
[ 87%] Built target custom_action_interfaces__rosidl_typesupport_fastrtps_c__pyext
writing manifest file 'custom_action_interfaces.egg-info/SOURCES.txt'
[ 93%] Built target custom_action_interfaces__rosidl_typesupport_c__pyext
[100%] Built target custom_action_interfaces__rosidl_typesupport_introspection_c__pyext
[100%] Built target ament_cmake_python_build_custom_action_interfaces_egg
-- Install configuration: ""
-- Installing: /home/tj/ros2_ws/install/custom_action_interfaces/share/ament_index/resource_index/rosidl_interfaces/custom_action_interfaces
-- Installing: /home/tj/ros2_ws/install/custom_action_interfaces/include/custom_action_interfaces/custom_action_interfaces
-- Installing: /home/tj/ros2_ws/install/custom_action_interfaces/include/custom_action_interfaces/custom_action_interfaces/msg
-- Installing: /home/tj/ros2_ws/install/custom_action_interfaces/include/custom_action_interfaces/custom_action_interfaces/msg/rosidl_generator_c__visibility_control.h
-- Installing: /home/tj/ros2_ws/install/custom_action_interfaces/include/custom_action_interfaces/custom_action_interfaces/action
-- Installing: /home/tj/ros2_ws/install/custom_action_interfaces/include/custom_action_interfaces/custom_action_interfaces/action/fibonacci.h
-- Installing: /home/tj/ros2_ws/install/custom_action_interfaces/include/custom_action_interfaces/custom_action_interfaces/action/detail
-- Installing: /home/tj/ros2_ws/install/custom_action_interfaces/include/custom_action_interfaces/custom_action_interfaces/action/detail/fibonacci__functions.h
-- Installing: /home/tj/ros2_ws/install/custom_action_interfaces/include/custom_action_interfaces/custom_action_interfaces/action/detail/fibonacci__type_support.h
-- Installing: /home/tj/ros2_ws/install/custom_action_interfaces/include/custom_action_interfaces/custom_action_interfaces/action/detail/fibonacci__functions.c
-- Installing: /home/tj/ros2_ws/install/custom_action_interfaces/include/custom_action_interfaces/custom_action_interfaces/action/detail/fibonacci__struct.h
-- Installing: /home/tj/ros2_ws/install/custom_action_interfaces/share/custom_action_interfaces/environment/library_path.sh
-- Installing: /home/tj/ros2_ws/install/custom_action_interfaces/share/custom_action_interfaces/environment/library_path.dsv
-- Installing: /home/tj/ros2_ws/install/custom_action_interfaces/lib/libcustom_action_interfaces__rosidl_generator_c.so
-- Set runtime path of "/home/tj/ros2_ws/install/custom_action_interfaces/lib/libcustom_action_interfaces__rosidl_generator_c.so" to ""
-- Up-to-date: /home/tj/ros2_ws/install/custom_action_interfaces/include/custom_action_interfaces/custom_action_interfaces
-- Up-to-date: /home/tj/ros2_ws/install/custom_action_interfaces/include/custom_action_interfaces/custom_action_interfaces/msg
-- Installing: /home/tj/ros2_ws/install/custom_action_interfaces/include/custom_action_interfaces/custom_action_interfaces/msg/rosidl_typesupport_fastrtps_c__visibility_control.h
-- Up-to-date: /home/tj/ros2_ws/install/custom_action_interfaces/include/custom_action_interfaces/custom_action_interfaces/action
-- Up-to-date: /home/tj/ros2_ws/install/custom_action_interfaces/include/custom_action_interfaces/custom_action_interfaces/action/detail
-- Installing: /home/tj/ros2_ws/install/custom_action_interfaces/include/custom_action_interfaces/custom_action_interfaces/action/detail/fibonacci__rosidl_typesupport_fastrtps_c.h
-- Installing: /home/tj/ros2_ws/install/custom_action_interfaces/lib/libcustom_action_interfaces__rosidl_typesupport_fastrtps_c.so
-- Set runtime path of "/home/tj/ros2_ws/install/custom_action_interfaces/lib/libcustom_action_interfaces__rosidl_typesupport_fastrtps_c.so" to ""
-- Up-to-date: /home/tj/ros2_ws/install/custom_action_interfaces/include/custom_action_interfaces/custom_action_interfaces
-- Up-to-date: /home/tj/ros2_ws/install/custom_action_interfaces/include/custom_action_interfaces/custom_action_interfaces/msg
-- Installing: /home/tj/ros2_ws/install/custom_action_interfaces/include/custom_action_interfaces/custom_action_interfaces/msg/rosidl_typesupport_introspection_c__visibility_control.h
-- Up-to-date: /home/tj/ros2_ws/install/custom_action_interfaces/include/custom_action_interfaces/custom_action_interfaces/action
-- Up-to-date: /home/tj/ros2_ws/install/custom_action_interfaces/include/custom_action_interfaces/custom_action_interfaces/action/detail
-- Installing: /home/tj/ros2_ws/install/custom_action_interfaces/include/custom_action_interfaces/custom_action_interfaces/action/detail/fibonacci__rosidl_typesupport_introspection_c.h
-- Installing: /home/tj/ros2_ws/install/custom_action_interfaces/include/custom_action_interfaces/custom_action_interfaces/action/detail/fibonacci__type_support.c
-- Installing: /home/tj/ros2_ws/install/custom_action_interfaces/lib/libcustom_action_interfaces__rosidl_typesupport_introspection_c.so
-- Set runtime path of "/home/tj/ros2_ws/install/custom_action_interfaces/lib/libcustom_action_interfaces__rosidl_typesupport_introspection_c.so" to ""
-- Installing: /home/tj/ros2_ws/install/custom_action_interfaces/lib/libcustom_action_interfaces__rosidl_typesupport_c.so
-- Set runtime path of "/home/tj/ros2_ws/install/custom_action_interfaces/lib/libcustom_action_interfaces__rosidl_typesupport_c.so" to ""
-- Up-to-date: /home/tj/ros2_ws/install/custom_action_interfaces/include/custom_action_interfaces/custom_action_interfaces
-- Up-to-date: /home/tj/ros2_ws/install/custom_action_interfaces/include/custom_action_interfaces/custom_action_interfaces/action
-- Up-to-date: /home/tj/ros2_ws/install/custom_action_interfaces/include/custom_action_interfaces/custom_action_interfaces/action/detail
-- Installing: /home/tj/ros2_ws/install/custom_action_interfaces/include/custom_action_interfaces/custom_action_interfaces/action/detail/fibonacci__struct.hpp
-- Installing: /home/tj/ros2_ws/install/custom_action_interfaces/include/custom_action_interfaces/custom_action_interfaces/action/detail/fibonacci__builder.hpp
-- Installing: /home/tj/ros2_ws/install/custom_action_interfaces/include/custom_action_interfaces/custom_action_interfaces/action/detail/fibonacci__traits.hpp
-- Installing: /home/tj/ros2_ws/install/custom_action_interfaces/include/custom_action_interfaces/custom_action_interfaces/action/fibonacci.hpp
-- Up-to-date: /home/tj/ros2_ws/install/custom_action_interfaces/include/custom_action_interfaces/custom_action_interfaces
-- Up-to-date: /home/tj/ros2_ws/install/custom_action_interfaces/include/custom_action_interfaces/custom_action_interfaces/msg
-- Installing: /home/tj/ros2_ws/install/custom_action_interfaces/include/custom_action_interfaces/custom_action_interfaces/msg/rosidl_typesupport_fastrtps_cpp__visibility_control.h
-- Up-to-date: /home/tj/ros2_ws/install/custom_action_interfaces/include/custom_action_interfaces/custom_action_interfaces/action
-- Up-to-date: /home/tj/ros2_ws/install/custom_action_interfaces/include/custom_action_interfaces/custom_action_interfaces/action/detail
-- Installing: /home/tj/ros2_ws/install/custom_action_interfaces/include/custom_action_interfaces/custom_action_interfaces/action/detail/dds_fastrtps
-- Installing: /home/tj/ros2_ws/install/custom_action_interfaces/include/custom_action_interfaces/custom_action_interfaces/action/detail/fibonacci__rosidl_typesupport_fastrtps_cpp.hpp
-- Installing: /home/tj/ros2_ws/install/custom_action_interfaces/lib/libcustom_action_interfaces__rosidl_typesupport_fastrtps_cpp.so
-- Set runtime path of "/home/tj/ros2_ws/install/custom_action_interfaces/lib/libcustom_action_interfaces__rosidl_typesupport_fastrtps_cpp.so" to ""
-- Up-to-date: /home/tj/ros2_ws/install/custom_action_interfaces/include/custom_action_interfaces/custom_action_interfaces
-- Up-to-date: /home/tj/ros2_ws/install/custom_action_interfaces/include/custom_action_interfaces/custom_action_interfaces/action
-- Up-to-date: /home/tj/ros2_ws/install/custom_action_interfaces/include/custom_action_interfaces/custom_action_interfaces/action/detail
-- Installing: /home/tj/ros2_ws/install/custom_action_interfaces/include/custom_action_interfaces/custom_action_interfaces/action/detail/fibonacci__type_support.cpp
-- Installing: /home/tj/ros2_ws/install/custom_action_interfaces/include/custom_action_interfaces/custom_action_interfaces/action/detail/fibonacci__rosidl_typesupport_introspection_cpp.hpp
-- Installing: /home/tj/ros2_ws/install/custom_action_interfaces/lib/libcustom_action_interfaces__rosidl_typesupport_introspection_cpp.so
-- Set runtime path of "/home/tj/ros2_ws/install/custom_action_interfaces/lib/libcustom_action_interfaces__rosidl_typesupport_introspection_cpp.so" to ""
-- Installing: /home/tj/ros2_ws/install/custom_action_interfaces/lib/libcustom_action_interfaces__rosidl_typesupport_cpp.so
-- Set runtime path of "/home/tj/ros2_ws/install/custom_action_interfaces/lib/libcustom_action_interfaces__rosidl_typesupport_cpp.so" to ""
-- Installing: /home/tj/ros2_ws/install/custom_action_interfaces/share/custom_action_interfaces/environment/pythonpath.sh
-- Installing: /home/tj/ros2_ws/install/custom_action_interfaces/share/custom_action_interfaces/environment/pythonpath.dsv
-- Installing: /home/tj/ros2_ws/install/custom_action_interfaces/local/lib/python3.10/dist-packages/custom_action_interfaces-0.0.0-py3.10.egg-info
-- Installing: /home/tj/ros2_ws/install/custom_action_interfaces/local/lib/python3.10/dist-packages/custom_action_interfaces-0.0.0-py3.10.egg-info/top_level.txt
-- Installing: /home/tj/ros2_ws/install/custom_action_interfaces/local/lib/python3.10/dist-packages/custom_action_interfaces-0.0.0-py3.10.egg-info/PKG-INFO
-- Installing: /home/tj/ros2_ws/install/custom_action_interfaces/local/lib/python3.10/dist-packages/custom_action_interfaces-0.0.0-py3.10.egg-info/dependency_links.txt
-- Installing: /home/tj/ros2_ws/install/custom_action_interfaces/local/lib/python3.10/dist-packages/custom_action_interfaces-0.0.0-py3.10.egg-info/SOURCES.txt
-- Installing: /home/tj/ros2_ws/install/custom_action_interfaces/local/lib/python3.10/dist-packages/custom_action_interfaces
-- Installing: /home/tj/ros2_ws/install/custom_action_interfaces/local/lib/python3.10/dist-packages/custom_action_interfaces/libcustom_action_interfaces__rosidl_generator_py.so
-- Installing: /home/tj/ros2_ws/install/custom_action_interfaces/local/lib/python3.10/dist-packages/custom_action_interfaces/__init__.py
-- Installing: /home/tj/ros2_ws/install/custom_action_interfaces/local/lib/python3.10/dist-packages/custom_action_interfaces/custom_action_interfaces_s__rosidl_typesupport_c.cpython-310-x86_64-linux-gnu.so
-- Installing: /home/tj/ros2_ws/install/custom_action_interfaces/local/lib/python3.10/dist-packages/custom_action_interfaces/_custom_action_interfaces_s.ep.rosidl_typesupport_c.c
-- Installing: /home/tj/ros2_ws/install/custom_action_interfaces/local/lib/python3.10/dist-packages/custom_action_interfaces/custom_action_interfaces_s__rosidl_typesupport_fastrtps_c.cpython-310-x86_64-linux-gnu.so
-- Installing: /home/tj/ros2_ws/install/custom_action_interfaces/local/lib/python3.10/dist-packages/custom_action_interfaces/_custom_action_interfaces_s.ep.rosidl_typesupport_fastrtps_c.c
-- Installing: /home/tj/ros2_ws/install/custom_action_interfaces/local/lib/python3.10/dist-packages/custom_action_interfaces/_custom_action_interfaces_s.ep.rosidl_typesupport_introspection_c.c
-- Installing: /home/tj/ros2_ws/install/custom_action_interfaces/local/lib/python3.10/dist-packages/custom_action_interfaces/custom_action_interfaces_s__rosidl_typesupport_introspection_c.cpython-310-x86_64-linux-gnu.so
-- Installing: /home/tj/ros2_ws/install/custom_action_interfaces/local/lib/python3.10/dist-packages/custom_action_interfaces/action
-- Installing: /home/tj/ros2_ws/install/custom_action_interfaces/local/lib/python3.10/dist-packages/custom_action_interfaces/action/__init__.py
-- Installing: /home/tj/ros2_ws/install/custom_action_interfaces/local/lib/python3.10/dist-packages/custom_action_interfaces/action/_fibonacci.py
-- Installing: /home/tj/ros2_ws/install/custom_action_interfaces/local/lib/python3.10/dist-packages/custom_action_interfaces/action/_fibonacci_s.c
Listing '/home/tj/ros2_ws/install/custom_action_interfaces/local/lib/python3.10/dist-packages/custom_action_interfaces'...
Compiling '/home/tj/ros2_ws/install/custom_action_interfaces/local/lib/python3.10/dist-packages/custom_action_interfaces/__init__.py'...
Listing '/home/tj/ros2_ws/install/custom_action_interfaces/local/lib/python3.10/dist-packages/custom_action_interfaces/action'...
Compiling '/home/tj/ros2_ws/install/custom_action_interfaces/local/lib/python3.10/dist-packages/custom_action_interfaces/action/__init__.py'...
Compiling '/home/tj/ros2_ws/install/custom_action_interfaces/local/lib/python3.10/dist-packages/custom_action_interfaces/action/_fibonacci.py'...
-- Installing: /home/tj/ros2_ws/install/custom_action_interfaces/local/lib/python3.10/dist-packages/custom_action_interfaces/custom_action_interfaces_s__rosidl_typesupport_fastrtps_c.cpython-310-x86_64-linux-gnu.so
-- Set runtime path of "/home/tj/ros2_ws/install/custom_action_interfaces/local/lib/python3.10/dist-packages/custom_action_interfaces/custom_action_interfaces_s__rosidl_typesupport_fastrtps_c.cpython-310-x86_64-linux-gnu.so" to ""
-- Installing: /home/tj/ros2_ws/install/custom_action_interfaces/local/lib/python3.10/dist-packages/custom_action_interfaces/custom_action_interfaces_s__rosidl_typesupport_introspection_c.cpython-310-x86_64-linux-gnu.so
-- Set runtime path of "/home/tj/ros2_ws/install/custom_action_interfaces/local/lib/python3.10/dist-packages/custom_action_interfaces/custom_action_interfaces_s__rosidl_typesupport_introspection_c.cpython-310-x86_64-linux-gnu.so" to ""
-- Installing: /home/tj/ros2_ws/install/custom_action_interfaces/local/lib/python3.10/dist-packages/custom_action_interfaces/custom_action_interfaces_s__rosidl_typesupport_c.cpython-310-x86_64-linux-gnu.so
-- Set runtime path of "/home/tj/ros2_ws/install/custom_action_interfaces/local/lib/python3.10/dist-packages/custom_action_interfaces/custom_action_interfaces_s__rosidl_typesupport_c.cpython-310-x86_64-linux-gnu.so" to ""
-- Installing: /home/tj/ros2_ws/install/custom_action_interfaces/lib/libcustom_action_interfaces__rosidl_generator_py.so
-- Set runtime path of "/home/tj/ros2_ws/install/custom_action_interfaces/lib/libcustom_action_interfaces__rosidl_generator_py.so" to ""
-- Installing: /home/tj/ros2_ws/install/custom_action_interfaces/share/custom_action_interfaces/action/Fibonacci.idl
-- Installing: /home/tj/ros2_ws/install/custom_action_interfaces/share/custom_action_interfaces/action/Fibonacci.action
-- Installing: /home/tj/ros2_ws/install/custom_action_interfaces/share/ament_index/resource_index/package_run_dependencies/custom_action_interfaces
-- Installing: /home/tj/ros2_ws/install/custom_action_interfaces/share/ament_index/resource_index/parent_prefix_path/custom_action_interfaces
-- Installing: /home/tj/ros2_ws/install/custom_action_interfaces/share/custom_action_interfaces/environment/ament_prefix_path.sh
-- Installing: /home/tj/ros2_ws/install/custom_action_interfaces/share/custom_action_interfaces/environment/ament_prefix_path.dsv
-- Installing: /home/tj/ros2_ws/install/custom_action_interfaces/share/custom_action_interfaces/environment/path.sh
-- Installing: /home/tj/ros2_ws/install/custom_action_interfaces/share/custom_action_interfaces/environment/path.dsv
-- Installing: /home/tj/ros2_ws/install/custom_action_interfaces/share/custom_action_interfaces/local_setup.bash
-- Installing: /home/tj/ros2_ws/install/custom_action_interfaces/share/custom_action_interfaces/local_setup.sh
-- Installing: /home/tj/ros2_ws/install/custom_action_interfaces/share/custom_action_interfaces/local_setup.zsh
-- Installing: /home/tj/ros2_ws/install/custom_action_interfaces/share/custom_action_interfaces/local_setup.dsv
-- Installing: /home/tj/ros2_ws/install/custom_action_interfaces/share/custom_action_interfaces/package.dsv
-- Installing: /home/tj/ros2_ws/install/custom_action_interfaces/share/ament_index/resource_index/packages/custom_action_interfaces
-- Installing: /home/tj/ros2_ws/install/custom_action_interfaces/share/custom_action_interfaces/cmake/export_custom_action_interfaces__rosidl_generator_cExport.cmake
-- Installing: /home/tj/ros2_ws/install/custom_action_interfaces/share/custom_action_interfaces/cmake/export_custom_action_interfaces__rosidl_generator_cExport-noconfig.cmake
-- Installing: /home/tj/ros2_ws/install/custom_action_interfaces/share/custom_action_interfaces/cmake/export_custom_action_interfaces__rosidl_typesupport_fastrtps_cExport.cmake
-- Installing: /home/tj/ros2_ws/install/custom_action_interfaces/share/custom_action_interfaces/cmake/export_custom_action_interfaces__rosidl_typesupport_fastrtps_cExport-noconfig.cmake
-- Installing: /home/tj/ros2_ws/install/custom_action_interfaces/share/custom_action_interfaces/cmake/custom_action_interfaces__rosidl_typesupport_introspection_cExport.cmake
-- Installing: /home/tj/ros2_ws/install/custom_action_interfaces/share/custom_action_interfaces/cmake/custom_action_interfaces__rosidl_typesupport_introspection_cExport-noconfig.cmake
-- Installing: /home/tj/ros2_ws/install/custom_action_interfaces/share/custom_action_interfaces/cmake/custom_action_interfaces__rosidl_typesupport_cExport.cmake
-- Installing: /home/tj/ros2_ws/install/custom_action_interfaces/share/custom_action_interfaces/cmake/custom_action_interfaces__rosidl_typesupport_cExport-noconfig.cmake
-- Installing: /home/tj/ros2_ws/install/custom_action_interfaces/share/custom_action_interfaces/cmake/export_custom_action_interfaces__rosidl_generator_cppExport.cmake
-- Installing: /home/tj/ros2_ws/install/custom_action_interfaces/share/custom_action_interfaces/cmake/export_custom_action_interfaces__rosidl_typesupport_fastrtps_cppExport.cmake
-- Installing: /home/tj/ros2_ws/install/custom_action_interfaces/share/custom_action_interfaces/cmake/export_custom_action_interfaces__rosidl_typesupport_fastrtps_cppExport-noconfig.cmake
-- Installing: /home/tj/ros2_ws/install/custom_action_interfaces/share/custom_action_interfaces/cmake/custom_action_interfaces__rosidl_typesupport_introspection_cppExport.cmake
-- Installing: /home/tj/ros2_ws/install/custom_action_interfaces/share/custom_action_interfaces/cmake/custom_action_interfaces__rosidl_typesupport_introspection_cppExport-noconfig.cmake
-- Installing: /home/tj/ros2_ws/install/custom_action_interfaces/share/custom_action_interfaces/cmake/custom_action_interfaces__rosidl_typesupport_cppExport.cmake
-- Installing: /home/tj/ros2_ws/install/custom_action_interfaces/share/custom_action_interfaces/cmake/custom_action_interfaces__rosidl_typesupport_cppExport-noconfig.cmake
-- Installing: /home/tj/ros2_ws/install/custom_action_interfaces/share/custom_action_interfaces/cmake/export_custom_action_interfaces__rosidl_generator_pyExport.cmake
-- Installing: /home/tj/ros2_ws/install/custom_action_interfaces/share/custom_action_interfaces/cmake/export_custom_action_interfaces__rosidl_generator_pyExport-noconfig.cmake
-- Installing: /home/tj/ros2_ws/install/custom_action_interfaces/share/custom_action_interfaces/cmake/rosidl_cmake-extras.cmake
-- Installing: /home/tj/ros2_ws/install/custom_action_interfaces/share/custom_action_interfaces/cmake/ament_cmake_export_dependencies-extras.cmake
-- Installing: /home/tj/ros2_ws/install/custom_action_interfaces/share/custom_action_interfaces/cmake/ament_cmake_export_include_directories-extras.cmake
-- Installing: /home/tj/ros2_ws/install/custom_action_interfaces/share/custom_action_interfaces/cmake/ament_cmake_export_libraries-extras.cmake
-- Installing: /home/tj/ros2_ws/install/custom_action_interfaces/share/custom_action_interfaces/cmake/ament_cmake_export_targets-extras.cmake
-- Installing: /home/tj/ros2_ws/install/custom_action_interfaces/share/custom_action_interfaces/cmake/rosidl_cmake_export_typesupport_targets-extras.cmake
-- Installing: /home/tj/ros2_ws/install/custom_action_interfaces/share/custom_action_interfaces/cmake/rosidl_cmake_export_typesupport_libraries-extras.cmake
-- Installing: /home/tj/ros2_ws/install/custom_action_interfaces/share/custom_action_interfaces/cmake/custom_action_interfacesConfig.cmake
-- Installing: /home/tj/ros2_ws/install/custom_action_interfaces/share/custom_action_interfaces/cmake/custom_action_interfacesConfig-version.cmake
-- Installing: /home/tj/ros2_ws/install/custom_action_interfaces/share/custom_action_interfaces/package.xml
