[0.381s] Invoking command in '/home/tj/ros2_ws/build/custom_action_interfaces': CMAKE_PREFIX_PATH=${CMAKE_PREFIX_PATH}:/home/tj/ros2_ws/install/tutorial_interfaces:/home/tj/ros2_ws/install/python_parameters:/home/tj/ros2_ws/install/py_srvcli:/home/tj/ros2_ws/install/py_pubsub:/home/tj/ros2_ws/install/my_package:/opt/ros/humble /usr/bin/cmake --build /home/tj/ros2_ws/build/custom_action_interfaces -- -j8 -l8
[1.257s] [  3%] Built target custom_action_interfaces__cpp
[1.469s] [ 12%] Built target custom_action_interfaces__rosidl_generator_c
[1.620s] [ 12%] Built target ament_cmake_python_copy_custom_action_interfaces
[1.819s] [ 22%] Built target custom_action_interfaces__rosidl_typesupport_fastrtps_cpp
[1.819s] [ 41%] Built target custom_action_interfaces__rosidl_typesupport_introspection_cpp
[1.826s] [ 32%] Built target custom_action_interfaces__rosidl_typesupport_cpp
[1.826s] [ 51%] Built target custom_action_interfaces__rosidl_typesupport_introspection_c
[1.920s] [ 61%] Built target custom_action_interfaces__rosidl_typesupport_fastrtps_c
[2.051s] [ 70%] Built target custom_action_interfaces__rosidl_typesupport_c
[2.360s] [ 70%] Built target custom_action_interfaces
[2.699s] [ 74%] Built target custom_action_interfaces__py
[3.354s] [ 80%] Built target custom_action_interfaces__rosidl_generator_py
[3.493s] running egg_info
[3.493s] writing custom_action_interfaces.egg-info/PKG-INFO
[3.506s] writing dependency_links to custom_action_interfaces.egg-info/dependency_links.txt
[3.541s] writing top-level names to custom_action_interfaces.egg-info/top_level.txt
[3.698s] reading manifest file 'custom_action_interfaces.egg-info/SOURCES.txt'
[3.698s] [ 87%] Built target custom_action_interfaces__rosidl_typesupport_fastrtps_c__pyext
[3.698s] writing manifest file 'custom_action_interfaces.egg-info/SOURCES.txt'
[3.756s] [ 93%] Built target custom_action_interfaces__rosidl_typesupport_c__pyext
[3.859s] [100%] Built target custom_action_interfaces__rosidl_typesupport_introspection_c__pyext
[4.301s] [100%] Built target ament_cmake_python_build_custom_action_interfaces_egg
[4.471s] Invoked command in '/home/tj/ros2_ws/build/custom_action_interfaces' returned '0': CMAKE_PREFIX_PATH=${CMAKE_PREFIX_PATH}:/home/tj/ros2_ws/install/tutorial_interfaces:/home/tj/ros2_ws/install/python_parameters:/home/tj/ros2_ws/install/py_srvcli:/home/tj/ros2_ws/install/py_pubsub:/home/tj/ros2_ws/install/my_package:/opt/ros/humble /usr/bin/cmake --build /home/tj/ros2_ws/build/custom_action_interfaces -- -j8 -l8
[7.303s] Invoking command in '/home/tj/ros2_ws/build/custom_action_interfaces': CMAKE_PREFIX_PATH=${CMAKE_PREFIX_PATH}:/home/tj/ros2_ws/install/tutorial_interfaces:/home/tj/ros2_ws/install/python_parameters:/home/tj/ros2_ws/install/py_srvcli:/home/tj/ros2_ws/install/py_pubsub:/home/tj/ros2_ws/install/my_package:/opt/ros/humble /usr/bin/cmake --install /home/tj/ros2_ws/build/custom_action_interfaces
[7.486s] -- Install configuration: ""
[7.528s] -- Installing: /home/tj/ros2_ws/install/custom_action_interfaces/share/ament_index/resource_index/rosidl_interfaces/custom_action_interfaces
[7.528s] -- Installing: /home/tj/ros2_ws/install/custom_action_interfaces/include/custom_action_interfaces/custom_action_interfaces
[7.528s] -- Installing: /home/tj/ros2_ws/install/custom_action_interfaces/include/custom_action_interfaces/custom_action_interfaces/msg
[7.528s] -- Installing: /home/tj/ros2_ws/install/custom_action_interfaces/include/custom_action_interfaces/custom_action_interfaces/msg/rosidl_generator_c__visibility_control.h
[7.528s] -- Installing: /home/tj/ros2_ws/install/custom_action_interfaces/include/custom_action_interfaces/custom_action_interfaces/action
[7.528s] -- Installing: /home/tj/ros2_ws/install/custom_action_interfaces/include/custom_action_interfaces/custom_action_interfaces/action/fibonacci.h
[7.528s] -- Installing: /home/tj/ros2_ws/install/custom_action_interfaces/include/custom_action_interfaces/custom_action_interfaces/action/detail
[7.528s] -- Installing: /home/tj/ros2_ws/install/custom_action_interfaces/include/custom_action_interfaces/custom_action_interfaces/action/detail/fibonacci__functions.h
[7.528s] -- Installing: /home/tj/ros2_ws/install/custom_action_interfaces/include/custom_action_interfaces/custom_action_interfaces/action/detail/fibonacci__type_support.h
[7.528s] -- Installing: /home/tj/ros2_ws/install/custom_action_interfaces/include/custom_action_interfaces/custom_action_interfaces/action/detail/fibonacci__functions.c
[7.558s] -- Installing: /home/tj/ros2_ws/install/custom_action_interfaces/include/custom_action_interfaces/custom_action_interfaces/action/detail/fibonacci__struct.h
[7.569s] -- Installing: /home/tj/ros2_ws/install/custom_action_interfaces/share/custom_action_interfaces/environment/library_path.sh
[7.601s] -- Installing: /home/tj/ros2_ws/install/custom_action_interfaces/share/custom_action_interfaces/environment/library_path.dsv
[7.601s] -- Installing: /home/tj/ros2_ws/install/custom_action_interfaces/lib/libcustom_action_interfaces__rosidl_generator_c.so
[7.601s] -- Set runtime path of "/home/tj/ros2_ws/install/custom_action_interfaces/lib/libcustom_action_interfaces__rosidl_generator_c.so" to ""
[7.601s] -- Up-to-date: /home/tj/ros2_ws/install/custom_action_interfaces/include/custom_action_interfaces/custom_action_interfaces
[7.601s] -- Up-to-date: /home/tj/ros2_ws/install/custom_action_interfaces/include/custom_action_interfaces/custom_action_interfaces/msg
[7.601s] -- Installing: /home/tj/ros2_ws/install/custom_action_interfaces/include/custom_action_interfaces/custom_action_interfaces/msg/rosidl_typesupport_fastrtps_c__visibility_control.h
[7.632s] -- Up-to-date: /home/tj/ros2_ws/install/custom_action_interfaces/include/custom_action_interfaces/custom_action_interfaces/action
[7.632s] -- Up-to-date: /home/tj/ros2_ws/install/custom_action_interfaces/include/custom_action_interfaces/custom_action_interfaces/action/detail
[7.632s] -- Installing: /home/tj/ros2_ws/install/custom_action_interfaces/include/custom_action_interfaces/custom_action_interfaces/action/detail/fibonacci__rosidl_typesupport_fastrtps_c.h
[7.754s] -- Installing: /home/tj/ros2_ws/install/custom_action_interfaces/lib/libcustom_action_interfaces__rosidl_typesupport_fastrtps_c.so
[7.801s] -- Set runtime path of "/home/tj/ros2_ws/install/custom_action_interfaces/lib/libcustom_action_interfaces__rosidl_typesupport_fastrtps_c.so" to ""
[7.832s] -- Up-to-date: /home/tj/ros2_ws/install/custom_action_interfaces/include/custom_action_interfaces/custom_action_interfaces
[7.832s] -- Up-to-date: /home/tj/ros2_ws/install/custom_action_interfaces/include/custom_action_interfaces/custom_action_interfaces/msg
[7.832s] -- Installing: /home/tj/ros2_ws/install/custom_action_interfaces/include/custom_action_interfaces/custom_action_interfaces/msg/rosidl_typesupport_introspection_c__visibility_control.h
[7.832s] -- Up-to-date: /home/tj/ros2_ws/install/custom_action_interfaces/include/custom_action_interfaces/custom_action_interfaces/action
[7.832s] -- Up-to-date: /home/tj/ros2_ws/install/custom_action_interfaces/include/custom_action_interfaces/custom_action_interfaces/action/detail
[7.832s] -- Installing: /home/tj/ros2_ws/install/custom_action_interfaces/include/custom_action_interfaces/custom_action_interfaces/action/detail/fibonacci__rosidl_typesupport_introspection_c.h
[7.832s] -- Installing: /home/tj/ros2_ws/install/custom_action_interfaces/include/custom_action_interfaces/custom_action_interfaces/action/detail/fibonacci__type_support.c
[7.883s] -- Installing: /home/tj/ros2_ws/install/custom_action_interfaces/lib/libcustom_action_interfaces__rosidl_typesupport_introspection_c.so
[7.892s] -- Set runtime path of "/home/tj/ros2_ws/install/custom_action_interfaces/lib/libcustom_action_interfaces__rosidl_typesupport_introspection_c.so" to ""
[7.893s] -- Installing: /home/tj/ros2_ws/install/custom_action_interfaces/lib/libcustom_action_interfaces__rosidl_typesupport_c.so
[7.936s] -- Set runtime path of "/home/tj/ros2_ws/install/custom_action_interfaces/lib/libcustom_action_interfaces__rosidl_typesupport_c.so" to ""
[7.986s] -- Up-to-date: /home/tj/ros2_ws/install/custom_action_interfaces/include/custom_action_interfaces/custom_action_interfaces
[7.986s] -- Up-to-date: /home/tj/ros2_ws/install/custom_action_interfaces/include/custom_action_interfaces/custom_action_interfaces/action
[7.986s] -- Up-to-date: /home/tj/ros2_ws/install/custom_action_interfaces/include/custom_action_interfaces/custom_action_interfaces/action/detail
[7.986s] -- Installing: /home/tj/ros2_ws/install/custom_action_interfaces/include/custom_action_interfaces/custom_action_interfaces/action/detail/fibonacci__struct.hpp
[7.987s] -- Installing: /home/tj/ros2_ws/install/custom_action_interfaces/include/custom_action_interfaces/custom_action_interfaces/action/detail/fibonacci__builder.hpp
[7.987s] -- Installing: /home/tj/ros2_ws/install/custom_action_interfaces/include/custom_action_interfaces/custom_action_interfaces/action/detail/fibonacci__traits.hpp
[7.987s] -- Installing: /home/tj/ros2_ws/install/custom_action_interfaces/include/custom_action_interfaces/custom_action_interfaces/action/fibonacci.hpp
[7.997s] -- Up-to-date: /home/tj/ros2_ws/install/custom_action_interfaces/include/custom_action_interfaces/custom_action_interfaces
[7.997s] -- Up-to-date: /home/tj/ros2_ws/install/custom_action_interfaces/include/custom_action_interfaces/custom_action_interfaces/msg
[7.997s] -- Installing: /home/tj/ros2_ws/install/custom_action_interfaces/include/custom_action_interfaces/custom_action_interfaces/msg/rosidl_typesupport_fastrtps_cpp__visibility_control.h
[8.042s] -- Up-to-date: /home/tj/ros2_ws/install/custom_action_interfaces/include/custom_action_interfaces/custom_action_interfaces/action
[8.042s] -- Up-to-date: /home/tj/ros2_ws/install/custom_action_interfaces/include/custom_action_interfaces/custom_action_interfaces/action/detail
[8.057s] -- Installing: /home/tj/ros2_ws/install/custom_action_interfaces/include/custom_action_interfaces/custom_action_interfaces/action/detail/dds_fastrtps
[8.057s] -- Installing: /home/tj/ros2_ws/install/custom_action_interfaces/include/custom_action_interfaces/custom_action_interfaces/action/detail/fibonacci__rosidl_typesupport_fastrtps_cpp.hpp
[8.081s] -- Installing: /home/tj/ros2_ws/install/custom_action_interfaces/lib/libcustom_action_interfaces__rosidl_typesupport_fastrtps_cpp.so
[8.106s] -- Set runtime path of "/home/tj/ros2_ws/install/custom_action_interfaces/lib/libcustom_action_interfaces__rosidl_typesupport_fastrtps_cpp.so" to ""
[8.123s] -- Up-to-date: /home/tj/ros2_ws/install/custom_action_interfaces/include/custom_action_interfaces/custom_action_interfaces
[8.128s] -- Up-to-date: /home/tj/ros2_ws/install/custom_action_interfaces/include/custom_action_interfaces/custom_action_interfaces/action
[8.134s] -- Up-to-date: /home/tj/ros2_ws/install/custom_action_interfaces/include/custom_action_interfaces/custom_action_interfaces/action/detail
[8.134s] -- Installing: /home/tj/ros2_ws/install/custom_action_interfaces/include/custom_action_interfaces/custom_action_interfaces/action/detail/fibonacci__type_support.cpp
[8.234s] -- Installing: /home/tj/ros2_ws/install/custom_action_interfaces/include/custom_action_interfaces/custom_action_interfaces/action/detail/fibonacci__rosidl_typesupport_introspection_cpp.hpp
[8.242s] -- Installing: /home/tj/ros2_ws/install/custom_action_interfaces/lib/libcustom_action_interfaces__rosidl_typesupport_introspection_cpp.so
[8.571s] -- Set runtime path of "/home/tj/ros2_ws/install/custom_action_interfaces/lib/libcustom_action_interfaces__rosidl_typesupport_introspection_cpp.so" to ""
[8.571s] -- Installing: /home/tj/ros2_ws/install/custom_action_interfaces/lib/libcustom_action_interfaces__rosidl_typesupport_cpp.so
[8.571s] -- Set runtime path of "/home/tj/ros2_ws/install/custom_action_interfaces/lib/libcustom_action_interfaces__rosidl_typesupport_cpp.so" to ""
[8.571s] -- Installing: /home/tj/ros2_ws/install/custom_action_interfaces/share/custom_action_interfaces/environment/pythonpath.sh
[8.571s] -- Installing: /home/tj/ros2_ws/install/custom_action_interfaces/share/custom_action_interfaces/environment/pythonpath.dsv
[8.571s] -- Installing: /home/tj/ros2_ws/install/custom_action_interfaces/local/lib/python3.10/dist-packages/custom_action_interfaces-0.0.0-py3.10.egg-info
[8.571s] -- Installing: /home/tj/ros2_ws/install/custom_action_interfaces/local/lib/python3.10/dist-packages/custom_action_interfaces-0.0.0-py3.10.egg-info/top_level.txt
[8.571s] -- Installing: /home/tj/ros2_ws/install/custom_action_interfaces/local/lib/python3.10/dist-packages/custom_action_interfaces-0.0.0-py3.10.egg-info/PKG-INFO
[8.571s] -- Installing: /home/tj/ros2_ws/install/custom_action_interfaces/local/lib/python3.10/dist-packages/custom_action_interfaces-0.0.0-py3.10.egg-info/dependency_links.txt
[8.571s] -- Installing: /home/tj/ros2_ws/install/custom_action_interfaces/local/lib/python3.10/dist-packages/custom_action_interfaces-0.0.0-py3.10.egg-info/SOURCES.txt
[8.572s] -- Installing: /home/tj/ros2_ws/install/custom_action_interfaces/local/lib/python3.10/dist-packages/custom_action_interfaces
[8.572s] -- Installing: /home/tj/ros2_ws/install/custom_action_interfaces/local/lib/python3.10/dist-packages/custom_action_interfaces/libcustom_action_interfaces__rosidl_generator_py.so
[8.576s] -- Installing: /home/tj/ros2_ws/install/custom_action_interfaces/local/lib/python3.10/dist-packages/custom_action_interfaces/__init__.py
[8.576s] -- Installing: /home/tj/ros2_ws/install/custom_action_interfaces/local/lib/python3.10/dist-packages/custom_action_interfaces/custom_action_interfaces_s__rosidl_typesupport_c.cpython-310-x86_64-linux-gnu.so
[8.576s] -- Installing: /home/tj/ros2_ws/install/custom_action_interfaces/local/lib/python3.10/dist-packages/custom_action_interfaces/_custom_action_interfaces_s.ep.rosidl_typesupport_c.c
[8.576s] -- Installing: /home/tj/ros2_ws/install/custom_action_interfaces/local/lib/python3.10/dist-packages/custom_action_interfaces/custom_action_interfaces_s__rosidl_typesupport_fastrtps_c.cpython-310-x86_64-linux-gnu.so
[8.576s] -- Installing: /home/tj/ros2_ws/install/custom_action_interfaces/local/lib/python3.10/dist-packages/custom_action_interfaces/_custom_action_interfaces_s.ep.rosidl_typesupport_fastrtps_c.c
[8.576s] -- Installing: /home/tj/ros2_ws/install/custom_action_interfaces/local/lib/python3.10/dist-packages/custom_action_interfaces/_custom_action_interfaces_s.ep.rosidl_typesupport_introspection_c.c
[8.576s] -- Installing: /home/tj/ros2_ws/install/custom_action_interfaces/local/lib/python3.10/dist-packages/custom_action_interfaces/custom_action_interfaces_s__rosidl_typesupport_introspection_c.cpython-310-x86_64-linux-gnu.so
[8.576s] -- Installing: /home/tj/ros2_ws/install/custom_action_interfaces/local/lib/python3.10/dist-packages/custom_action_interfaces/action
[8.576s] -- Installing: /home/tj/ros2_ws/install/custom_action_interfaces/local/lib/python3.10/dist-packages/custom_action_interfaces/action/__init__.py
[8.576s] -- Installing: /home/tj/ros2_ws/install/custom_action_interfaces/local/lib/python3.10/dist-packages/custom_action_interfaces/action/_fibonacci.py
[8.576s] -- Installing: /home/tj/ros2_ws/install/custom_action_interfaces/local/lib/python3.10/dist-packages/custom_action_interfaces/action/_fibonacci_s.c
[8.721s] Listing '/home/tj/ros2_ws/install/custom_action_interfaces/local/lib/python3.10/dist-packages/custom_action_interfaces'...
[8.721s] Compiling '/home/tj/ros2_ws/install/custom_action_interfaces/local/lib/python3.10/dist-packages/custom_action_interfaces/__init__.py'...
[8.721s] Listing '/home/tj/ros2_ws/install/custom_action_interfaces/local/lib/python3.10/dist-packages/custom_action_interfaces/action'...
[8.776s] Compiling '/home/tj/ros2_ws/install/custom_action_interfaces/local/lib/python3.10/dist-packages/custom_action_interfaces/action/__init__.py'...
[8.778s] Compiling '/home/tj/ros2_ws/install/custom_action_interfaces/local/lib/python3.10/dist-packages/custom_action_interfaces/action/_fibonacci.py'...
[8.778s] -- Installing: /home/tj/ros2_ws/install/custom_action_interfaces/local/lib/python3.10/dist-packages/custom_action_interfaces/custom_action_interfaces_s__rosidl_typesupport_fastrtps_c.cpython-310-x86_64-linux-gnu.so
[8.778s] -- Set runtime path of "/home/tj/ros2_ws/install/custom_action_interfaces/local/lib/python3.10/dist-packages/custom_action_interfaces/custom_action_interfaces_s__rosidl_typesupport_fastrtps_c.cpython-310-x86_64-linux-gnu.so" to ""
[8.779s] -- Installing: /home/tj/ros2_ws/install/custom_action_interfaces/local/lib/python3.10/dist-packages/custom_action_interfaces/custom_action_interfaces_s__rosidl_typesupport_introspection_c.cpython-310-x86_64-linux-gnu.so
[8.779s] -- Set runtime path of "/home/tj/ros2_ws/install/custom_action_interfaces/local/lib/python3.10/dist-packages/custom_action_interfaces/custom_action_interfaces_s__rosidl_typesupport_introspection_c.cpython-310-x86_64-linux-gnu.so" to ""
[8.779s] -- Installing: /home/tj/ros2_ws/install/custom_action_interfaces/local/lib/python3.10/dist-packages/custom_action_interfaces/custom_action_interfaces_s__rosidl_typesupport_c.cpython-310-x86_64-linux-gnu.so
[8.779s] -- Set runtime path of "/home/tj/ros2_ws/install/custom_action_interfaces/local/lib/python3.10/dist-packages/custom_action_interfaces/custom_action_interfaces_s__rosidl_typesupport_c.cpython-310-x86_64-linux-gnu.so" to ""
[8.779s] -- Installing: /home/tj/ros2_ws/install/custom_action_interfaces/lib/libcustom_action_interfaces__rosidl_generator_py.so
[8.779s] -- Set runtime path of "/home/tj/ros2_ws/install/custom_action_interfaces/lib/libcustom_action_interfaces__rosidl_generator_py.so" to ""
[8.779s] -- Installing: /home/tj/ros2_ws/install/custom_action_interfaces/share/custom_action_interfaces/action/Fibonacci.idl
[8.937s] -- Installing: /home/tj/ros2_ws/install/custom_action_interfaces/share/custom_action_interfaces/action/Fibonacci.action
[8.945s] -- Installing: /home/tj/ros2_ws/install/custom_action_interfaces/share/ament_index/resource_index/package_run_dependencies/custom_action_interfaces
[8.945s] -- Installing: /home/tj/ros2_ws/install/custom_action_interfaces/share/ament_index/resource_index/parent_prefix_path/custom_action_interfaces
[8.945s] -- Installing: /home/tj/ros2_ws/install/custom_action_interfaces/share/custom_action_interfaces/environment/ament_prefix_path.sh
[8.945s] -- Installing: /home/tj/ros2_ws/install/custom_action_interfaces/share/custom_action_interfaces/environment/ament_prefix_path.dsv
[8.945s] -- Installing: /home/tj/ros2_ws/install/custom_action_interfaces/share/custom_action_interfaces/environment/path.sh
[8.945s] -- Installing: /home/tj/ros2_ws/install/custom_action_interfaces/share/custom_action_interfaces/environment/path.dsv
[8.945s] -- Installing: /home/tj/ros2_ws/install/custom_action_interfaces/share/custom_action_interfaces/local_setup.bash
[8.946s] -- Installing: /home/tj/ros2_ws/install/custom_action_interfaces/share/custom_action_interfaces/local_setup.sh
[8.946s] -- Installing: /home/tj/ros2_ws/install/custom_action_interfaces/share/custom_action_interfaces/local_setup.zsh
[8.946s] -- Installing: /home/tj/ros2_ws/install/custom_action_interfaces/share/custom_action_interfaces/local_setup.dsv
[8.946s] -- Installing: /home/tj/ros2_ws/install/custom_action_interfaces/share/custom_action_interfaces/package.dsv
[8.946s] -- Installing: /home/tj/ros2_ws/install/custom_action_interfaces/share/ament_index/resource_index/packages/custom_action_interfaces
[8.946s] -- Installing: /home/tj/ros2_ws/install/custom_action_interfaces/share/custom_action_interfaces/cmake/export_custom_action_interfaces__rosidl_generator_cExport.cmake
[8.946s] -- Installing: /home/tj/ros2_ws/install/custom_action_interfaces/share/custom_action_interfaces/cmake/export_custom_action_interfaces__rosidl_generator_cExport-noconfig.cmake
[8.946s] -- Installing: /home/tj/ros2_ws/install/custom_action_interfaces/share/custom_action_interfaces/cmake/export_custom_action_interfaces__rosidl_typesupport_fastrtps_cExport.cmake
[8.946s] -- Installing: /home/tj/ros2_ws/install/custom_action_interfaces/share/custom_action_interfaces/cmake/export_custom_action_interfaces__rosidl_typesupport_fastrtps_cExport-noconfig.cmake
[8.946s] -- Installing: /home/tj/ros2_ws/install/custom_action_interfaces/share/custom_action_interfaces/cmake/custom_action_interfaces__rosidl_typesupport_introspection_cExport.cmake
[8.947s] -- Installing: /home/tj/ros2_ws/install/custom_action_interfaces/share/custom_action_interfaces/cmake/custom_action_interfaces__rosidl_typesupport_introspection_cExport-noconfig.cmake
[8.947s] -- Installing: /home/tj/ros2_ws/install/custom_action_interfaces/share/custom_action_interfaces/cmake/custom_action_interfaces__rosidl_typesupport_cExport.cmake
[8.947s] -- Installing: /home/tj/ros2_ws/install/custom_action_interfaces/share/custom_action_interfaces/cmake/custom_action_interfaces__rosidl_typesupport_cExport-noconfig.cmake
[8.947s] -- Installing: /home/tj/ros2_ws/install/custom_action_interfaces/share/custom_action_interfaces/cmake/export_custom_action_interfaces__rosidl_generator_cppExport.cmake
[8.950s] -- Installing: /home/tj/ros2_ws/install/custom_action_interfaces/share/custom_action_interfaces/cmake/export_custom_action_interfaces__rosidl_typesupport_fastrtps_cppExport.cmake
[8.950s] -- Installing: /home/tj/ros2_ws/install/custom_action_interfaces/share/custom_action_interfaces/cmake/export_custom_action_interfaces__rosidl_typesupport_fastrtps_cppExport-noconfig.cmake
[8.954s] -- Installing: /home/tj/ros2_ws/install/custom_action_interfaces/share/custom_action_interfaces/cmake/custom_action_interfaces__rosidl_typesupport_introspection_cppExport.cmake
[9.164s] -- Installing: /home/tj/ros2_ws/install/custom_action_interfaces/share/custom_action_interfaces/cmake/custom_action_interfaces__rosidl_typesupport_introspection_cppExport-noconfig.cmake
[9.164s] -- Installing: /home/tj/ros2_ws/install/custom_action_interfaces/share/custom_action_interfaces/cmake/custom_action_interfaces__rosidl_typesupport_cppExport.cmake
[9.164s] -- Installing: /home/tj/ros2_ws/install/custom_action_interfaces/share/custom_action_interfaces/cmake/custom_action_interfaces__rosidl_typesupport_cppExport-noconfig.cmake
[9.164s] -- Installing: /home/tj/ros2_ws/install/custom_action_interfaces/share/custom_action_interfaces/cmake/export_custom_action_interfaces__rosidl_generator_pyExport.cmake
[9.164s] -- Installing: /home/tj/ros2_ws/install/custom_action_interfaces/share/custom_action_interfaces/cmake/export_custom_action_interfaces__rosidl_generator_pyExport-noconfig.cmake
[9.164s] -- Installing: /home/tj/ros2_ws/install/custom_action_interfaces/share/custom_action_interfaces/cmake/rosidl_cmake-extras.cmake
[9.164s] -- Installing: /home/tj/ros2_ws/install/custom_action_interfaces/share/custom_action_interfaces/cmake/ament_cmake_export_dependencies-extras.cmake
[9.164s] -- Installing: /home/tj/ros2_ws/install/custom_action_interfaces/share/custom_action_interfaces/cmake/ament_cmake_export_include_directories-extras.cmake
[9.164s] -- Installing: /home/tj/ros2_ws/install/custom_action_interfaces/share/custom_action_interfaces/cmake/ament_cmake_export_libraries-extras.cmake
[9.164s] -- Installing: /home/tj/ros2_ws/install/custom_action_interfaces/share/custom_action_interfaces/cmake/ament_cmake_export_targets-extras.cmake
[9.164s] -- Installing: /home/tj/ros2_ws/install/custom_action_interfaces/share/custom_action_interfaces/cmake/rosidl_cmake_export_typesupport_targets-extras.cmake
[9.345s] -- Installing: /home/tj/ros2_ws/install/custom_action_interfaces/share/custom_action_interfaces/cmake/rosidl_cmake_export_typesupport_libraries-extras.cmake
[9.345s] -- Installing: /home/tj/ros2_ws/install/custom_action_interfaces/share/custom_action_interfaces/cmake/custom_action_interfacesConfig.cmake
[9.345s] -- Installing: /home/tj/ros2_ws/install/custom_action_interfaces/share/custom_action_interfaces/cmake/custom_action_interfacesConfig-version.cmake
[9.345s] -- Installing: /home/tj/ros2_ws/install/custom_action_interfaces/share/custom_action_interfaces/package.xml
[9.583s] Invoked command in '/home/tj/ros2_ws/build/custom_action_interfaces' returned '0': CMAKE_PREFIX_PATH=${CMAKE_PREFIX_PATH}:/home/tj/ros2_ws/install/tutorial_interfaces:/home/tj/ros2_ws/install/python_parameters:/home/tj/ros2_ws/install/py_srvcli:/home/tj/ros2_ws/install/py_pubsub:/home/tj/ros2_ws/install/my_package:/opt/ros/humble /usr/bin/cmake --install /home/tj/ros2_ws/build/custom_action_interfaces
