[0.054s] Invoking command in '/home/tj/ros2_ws/build/cpp_srvcli': /usr/bin/cmake /home/tj/ros2_ws/src/cpp_srvcli -DCMAKE_INSTALL_PREFIX=/home/tj/ros2_ws/install/cpp_srvcli
[0.174s] [31mCMake Error at CMakeLists.txt:5 (find_package):
[0.174s]   By not providing "Findament_cmake.cmake" in CMAKE_MODULE_PATH this project
[0.175s]   has asked CMake to find a package configuration file provided by
[0.175s]   "ament_cmake", but CMake did not find one.
[0.175s] 
[0.177s]   Could not find a package configuration file provided by "ament_cmake" with
[0.177s]   any of the following names:
[0.177s] 
[0.177s]     ament_cmakeConfig.cmake
[0.177s]     ament_cmake-config.cmake
[0.177s] 
[0.177s]   Add the installation prefix of "ament_cmake" to CMAKE_PREFIX_PATH or set
[0.177s]   "ament_cmake_DIR" to a directory containing one of the above files.  If
[0.177s]   "ament_cmake" provides a separate development package or SDK, be sure it
[0.178s]   has been installed.
[0.178s] 
[0.178s] [0m
[0.178s] -- Configuring incomplete, errors occurred!
[0.178s] See also "/home/tj/ros2_ws/build/cpp_srvcli/CMakeFiles/CMakeOutput.log".
[0.217s] Invoked command in '/home/tj/ros2_ws/build/cpp_srvcli' returned '1': /usr/bin/cmake /home/tj/ros2_ws/src/cpp_srvcli -DCMAKE_INSTALL_PREFIX=/home/tj/ros2_ws/install/cpp_srvcli
