[0.965s] Invoking command in '/home/tj/ros2_ws/build/action_tutorials_interfaces': CMAKE_PREFIX_PATH=/opt/ros/humble /usr/bin/cmake --build /home/tj/ros2_ws/build/action_tutorials_interfaces -- -j8 -l8
[5.692s] -- Found ament_cmake: 1.3.10 (/opt/ros/humble/share/ament_cmake/cmake)
[5.695s] -- Found rosidl_default_generators: 1.2.0 (/opt/ros/humble/share/rosidl_default_generators/cmake)
[5.698s] -- Using all available rosidl_typesupport_c: rosidl_typesupport_fastrtps_c;rosidl_typesupport_introspection_c
[5.698s] -- Found rosidl_adapter: 3.1.5 (/opt/ros/humble/share/rosidl_adapter/cmake)
[5.698s] -- Using all available rosidl_typesupport_cpp: rosidl_typesupport_fastrtps_cpp;rosidl_typesupport_introspection_cpp
[6.312s] -- Found ament_cmake_ros: 0.10.0 (/opt/ros/humble/share/ament_cmake_ros/cmake)
[7.009s] -- Using all available rosidl_typesupport_c: rosidl_typesupport_fastrtps_c;rosidl_typesupport_introspection_c
[9.140s] -- Using all available rosidl_typesupport_cpp: rosidl_typesupport_fastrtps_cpp;rosidl_typesupport_introspection_cpp
[9.204s] -- Found python_cmake_module: 0.10.0 (/opt/ros/humble/share/python_cmake_module/cmake)
[9.258s] -- Using PYTHON_EXECUTABLE: /usr/bin/python3
[9.258s] -- Using PYTHON_INCLUDE_DIRS: /usr/include/python3.10
[9.259s] -- Using PYTHON_LIBRARIES: /usr/lib/x86_64-linux-gnu/libpython3.10.so
[9.280s] -- Found ament_lint_auto: 0.12.11 (/opt/ros/humble/share/ament_lint_auto/cmake)
[9.297s] -- Added test 'lint_cmake' to check CMake code style
[9.297s] -- Added test 'xmllint' to check XML markup files
[9.297s] -- Configuring done
[9.377s] -- Generating done
[9.393s] -- Build files have been written to: /home/tj/ros2_ws/build/action_tutorials_interfaces
[9.450s] [35m[1mConsolidate compiler generated dependencies of target action_tutorials_interfaces__rosidl_generator_c[0m
[9.534s] [  3%] Built target action_tutorials_interfaces__cpp
[9.568s] [ 12%] Built target action_tutorials_interfaces__rosidl_generator_c
[9.655s] [ 12%] Built target ament_cmake_python_copy_action_tutorials_interfaces
[9.679s] [35m[1mConsolidate compiler generated dependencies of target action_tutorials_interfaces__rosidl_typesupport_cpp[0m
[9.683s] [35m[1mConsolidate compiler generated dependencies of target action_tutorials_interfaces__rosidl_typesupport_fastrtps_cpp[0m
[9.825s] [35m[1mConsolidate compiler generated dependencies of target action_tutorials_interfaces__rosidl_typesupport_fastrtps_c[0m
[9.826s] [35m[1mConsolidate compiler generated dependencies of target action_tutorials_interfaces__rosidl_typesupport_introspection_cpp[0m
[9.826s] [35m[1mConsolidate compiler generated dependencies of target action_tutorials_interfaces__rosidl_typesupport_c[0m
[9.826s] [35m[1mConsolidate compiler generated dependencies of target action_tutorials_interfaces__rosidl_typesupport_introspection_c[0m
[9.989s] [ 22%] Built target action_tutorials_interfaces__rosidl_typesupport_fastrtps_cpp
[10.083s] [ 32%] Built target action_tutorials_interfaces__rosidl_typesupport_fastrtps_c
[10.117s] [ 41%] Built target action_tutorials_interfaces__rosidl_typesupport_c
[10.117s] [ 51%] Built target action_tutorials_interfaces__rosidl_typesupport_introspection_cpp
[10.118s] [ 61%] Built target action_tutorials_interfaces__rosidl_typesupport_cpp
[10.118s] [ 70%] Built target action_tutorials_interfaces__rosidl_typesupport_introspection_c
[10.297s] [ 70%] Built target action_tutorials_interfaces
[10.395s] [ 74%] Built target action_tutorials_interfaces__py
[10.423s] [35m[1mConsolidate compiler generated dependencies of target action_tutorials_interfaces__rosidl_generator_py[0m
[10.481s] [ 80%] Built target action_tutorials_interfaces__rosidl_generator_py
[10.512s] [35m[1mConsolidate compiler generated dependencies of target action_tutorials_interfaces__rosidl_typesupport_introspection_c__pyext[0m
[10.512s] [35m[1mConsolidate compiler generated dependencies of target action_tutorials_interfaces__rosidl_typesupport_fastrtps_c__pyext[0m
[10.512s] [35m[1mConsolidate compiler generated dependencies of target action_tutorials_interfaces__rosidl_typesupport_c__pyext[0m
[10.535s] [ 87%] Built target action_tutorials_interfaces__rosidl_typesupport_fastrtps_c__pyext
[10.548s] [ 96%] Built target action_tutorials_interfaces__rosidl_typesupport_introspection_c__pyext
[10.548s] [100%] Built target action_tutorials_interfaces__rosidl_typesupport_c__pyext
[10.576s] running egg_info
[10.576s] writing action_tutorials_interfaces.egg-info/PKG-INFO
[10.577s] writing dependency_links to action_tutorials_interfaces.egg-info/dependency_links.txt
[10.578s] writing top-level names to action_tutorials_interfaces.egg-info/top_level.txt
[10.583s] reading manifest file 'action_tutorials_interfaces.egg-info/SOURCES.txt'
[10.587s] writing manifest file 'action_tutorials_interfaces.egg-info/SOURCES.txt'
[10.632s] [100%] Built target ament_cmake_python_build_action_tutorials_interfaces_egg
