[0.470s] Invoking command in '/home/tj/ros2_ws/src/py_srvcli': PYTHONPATH=/home/tj/ros2_ws/build/py_srvcli/prefix_override:/usr/lib/python3/dist-packages/colcon_core/task/python/colcon_distutils_commands:/home/tj/ros2_ws/install/py_srvcli/lib/python3.10/site-packages: /usr/bin/python3 -W ignore:setup.py install is deprecated setup.py egg_info --egg-base ../../build/py_srvcli build --build-base /home/tj/ros2_ws/build/py_srvcli/build install --record /home/tj/ros2_ws/build/py_srvcli/install.log --single-version-externally-managed install_data
[0.580s] running egg_info
[0.580s] creating ../../build/py_srvcli/py_srvcli.egg-info
[0.591s] writing ../../build/py_srvcli/py_srvcli.egg-info/PKG-INFO
[0.600s] writing dependency_links to ../../build/py_srvcli/py_srvcli.egg-info/dependency_links.txt
[0.600s] writing entry points to ../../build/py_srvcli/py_srvcli.egg-info/entry_points.txt
[0.600s] writing requirements to ../../build/py_srvcli/py_srvcli.egg-info/requires.txt
[0.600s] writing top-level names to ../../build/py_srvcli/py_srvcli.egg-info/top_level.txt
[0.601s] writing manifest file '../../build/py_srvcli/py_srvcli.egg-info/SOURCES.txt'
[0.601s] reading manifest file '../../build/py_srvcli/py_srvcli.egg-info/SOURCES.txt'
[0.601s] adding license file 'LICENSE'
[0.601s] writing manifest file '../../build/py_srvcli/py_srvcli.egg-info/SOURCES.txt'
[0.603s] running build
[0.603s] running build_py
[0.603s] creating /home/tj/ros2_ws/build/py_srvcli/build
[0.603s] creating /home/tj/ros2_ws/build/py_srvcli/build/lib
[0.604s] creating /home/tj/ros2_ws/build/py_srvcli/build/lib/py_srvcli
[0.604s] copying py_srvcli/__init__.py -> /home/tj/ros2_ws/build/py_srvcli/build/lib/py_srvcli
[0.604s] copying py_srvcli/client_member_function.py -> /home/tj/ros2_ws/build/py_srvcli/build/lib/py_srvcli
[0.604s] copying py_srvcli/service_member_function.py -> /home/tj/ros2_ws/build/py_srvcli/build/lib/py_srvcli
[0.604s] running install
[0.604s] running install_lib
[0.604s] creating /home/tj/ros2_ws/install/py_srvcli/lib/python3.10/site-packages/py_srvcli
[0.604s] copying /home/tj/ros2_ws/build/py_srvcli/build/lib/py_srvcli/__init__.py -> /home/tj/ros2_ws/install/py_srvcli/lib/python3.10/site-packages/py_srvcli
[0.604s] copying /home/tj/ros2_ws/build/py_srvcli/build/lib/py_srvcli/client_member_function.py -> /home/tj/ros2_ws/install/py_srvcli/lib/python3.10/site-packages/py_srvcli
[0.604s] copying /home/tj/ros2_ws/build/py_srvcli/build/lib/py_srvcli/service_member_function.py -> /home/tj/ros2_ws/install/py_srvcli/lib/python3.10/site-packages/py_srvcli
[0.604s] byte-compiling /home/tj/ros2_ws/install/py_srvcli/lib/python3.10/site-packages/py_srvcli/__init__.py to __init__.cpython-310.pyc
[0.610s] byte-compiling /home/tj/ros2_ws/install/py_srvcli/lib/python3.10/site-packages/py_srvcli/client_member_function.py to client_member_function.cpython-310.pyc
[0.610s] byte-compiling /home/tj/ros2_ws/install/py_srvcli/lib/python3.10/site-packages/py_srvcli/service_member_function.py to service_member_function.cpython-310.pyc
[0.610s] running install_data
[0.610s] creating /home/tj/ros2_ws/install/py_srvcli/share/ament_index
[0.610s] creating /home/tj/ros2_ws/install/py_srvcli/share/ament_index/resource_index
[0.610s] creating /home/tj/ros2_ws/install/py_srvcli/share/ament_index/resource_index/packages
[0.610s] copying resource/py_srvcli -> /home/tj/ros2_ws/install/py_srvcli/share/ament_index/resource_index/packages
[0.610s] copying package.xml -> /home/tj/ros2_ws/install/py_srvcli/share/py_srvcli
[0.611s] running install_egg_info
[0.611s]   File "/home/tj/ros2_ws/install/py_srvcli/lib/python3.10/site-packages/py_srvcli/client_member_function.py", line 30
[0.611s]     	minimal_client.get_logger().info(
[0.611s]     	                                ^
[0.611s] SyntaxError: '(' was never closed
[0.611s] 
[0.611s] Sorry: TabError: inconsistent use of tabs and spaces in indentation (service_member_function.py, line 14)
[0.611s] Copying ../../build/py_srvcli/py_srvcli.egg-info to /home/tj/ros2_ws/install/py_srvcli/lib/python3.10/site-packages/py_srvcli-0.0.0-py3.10.egg-info
[0.611s] running install_scripts
[0.618s] Installing client script to /home/tj/ros2_ws/install/py_srvcli/lib/py_srvcli
[0.619s] Installing service script to /home/tj/ros2_ws/install/py_srvcli/lib/py_srvcli
[0.619s] writing list of installed files to '/home/tj/ros2_ws/build/py_srvcli/install.log'
[0.633s] Invoked command in '/home/tj/ros2_ws/src/py_srvcli' returned '0': PYTHONPATH=/home/tj/ros2_ws/build/py_srvcli/prefix_override:/usr/lib/python3/dist-packages/colcon_core/task/python/colcon_distutils_commands:/home/tj/ros2_ws/install/py_srvcli/lib/python3.10/site-packages: /usr/bin/python3 -W ignore:setup.py install is deprecated setup.py egg_info --egg-base ../../build/py_srvcli build --build-base /home/tj/ros2_ws/build/py_srvcli/build install --record /home/tj/ros2_ws/build/py_srvcli/install.log --single-version-externally-managed install_data
