[0.019s] Invoking command in '/home/tj/ros2_ws/build/polygon_plugins': AMENT_PREFIX_PATH=/home/tj/ros2_ws/install/polygon_base:${AMENT_PREFIX_PATH} CMAKE_PREFIX_PATH=/home/tj/ros2_ws/install/polygon_base:/opt/ros/humble PATH=/home/tj/ros2_ws/install/polygon_base/bin:${PATH} /usr/bin/cmake --build /home/tj/ros2_ws/build/polygon_plugins -- -j8 -l8
[0.106s] [35m[1mConsolidate compiler generated dependencies of target polygon_plugins[0m
[0.179s] [ 50%] [32mBuilding CXX object CMakeFiles/polygon_plugins.dir/src/polygon_plugins.cpp.o[0m
[0.636s] [100%] [32m[1mLinking CXX shared library libpolygon_plugins.so[0m
[0.706s] [100%] Built target polygon_plugins
[0.722s] Invoked command in '/home/tj/ros2_ws/build/polygon_plugins' returned '0': AMENT_PREFIX_PATH=/home/tj/ros2_ws/install/polygon_base:${AMENT_PREFIX_PATH} CMAKE_PREFIX_PATH=/home/tj/ros2_ws/install/polygon_base:/opt/ros/humble PATH=/home/tj/ros2_ws/install/polygon_base/bin:${PATH} /usr/bin/cmake --build /home/tj/ros2_ws/build/polygon_plugins -- -j8 -l8
[0.764s] Invoking command in '/home/tj/ros2_ws/build/polygon_plugins': AMENT_PREFIX_PATH=/home/tj/ros2_ws/install/polygon_base:${AMENT_PREFIX_PATH} CMAKE_PREFIX_PATH=/home/tj/ros2_ws/install/polygon_base:/opt/ros/humble PATH=/home/tj/ros2_ws/install/polygon_base/bin:${PATH} /usr/bin/cmake --install /home/tj/ros2_ws/build/polygon_plugins
[0.773s] -- Install configuration: ""
[0.773s] -- Installing: /home/tj/ros2_ws/install/polygon_plugins/share/polygon_plugins/plugins.xml
[0.773s] -- Installing: /home/tj/ros2_ws/install/polygon_plugins/include
[0.773s] -- Installing: /home/tj/ros2_ws/install/polygon_plugins/include/polygon_plugins
[0.773s] -- Installing: /home/tj/ros2_ws/install/polygon_plugins/include/polygon_plugins/visibility_control.h
[0.773s] -- Installing: /home/tj/ros2_ws/install/polygon_plugins/include/polygon_plugins/polygon_plugins.hpp
[0.773s] -- Installing: /home/tj/ros2_ws/install/polygon_plugins/lib/libpolygon_plugins.so
[0.773s] -- Set runtime path of "/home/tj/ros2_ws/install/polygon_plugins/lib/libpolygon_plugins.so" to ""
[0.773s] -- Installing: /home/tj/ros2_ws/install/polygon_plugins/share/polygon_plugins/environment/library_path.sh
[0.773s] -- Installing: /home/tj/ros2_ws/install/polygon_plugins/share/polygon_plugins/environment/library_path.dsv
[0.774s] -- Installing: /home/tj/ros2_ws/install/polygon_plugins/share/ament_index/resource_index/package_run_dependencies/polygon_plugins
[0.774s] -- Installing: /home/tj/ros2_ws/install/polygon_plugins/share/ament_index/resource_index/parent_prefix_path/polygon_plugins
[0.774s] -- Installing: /home/tj/ros2_ws/install/polygon_plugins/share/polygon_plugins/environment/ament_prefix_path.sh
[0.774s] -- Installing: /home/tj/ros2_ws/install/polygon_plugins/share/polygon_plugins/environment/ament_prefix_path.dsv
[0.774s] -- Installing: /home/tj/ros2_ws/install/polygon_plugins/share/polygon_plugins/environment/path.sh
[0.774s] -- Installing: /home/tj/ros2_ws/install/polygon_plugins/share/polygon_plugins/environment/path.dsv
[0.774s] -- Installing: /home/tj/ros2_ws/install/polygon_plugins/share/polygon_plugins/local_setup.bash
[0.774s] -- Installing: /home/tj/ros2_ws/install/polygon_plugins/share/polygon_plugins/local_setup.sh
[0.774s] -- Installing: /home/tj/ros2_ws/install/polygon_plugins/share/polygon_plugins/local_setup.zsh
[0.774s] -- Installing: /home/tj/ros2_ws/install/polygon_plugins/share/polygon_plugins/local_setup.dsv
[0.774s] -- Installing: /home/tj/ros2_ws/install/polygon_plugins/share/polygon_plugins/package.dsv
[0.774s] -- Installing: /home/tj/ros2_ws/install/polygon_plugins/share/ament_index/resource_index/packages/polygon_plugins
[0.774s] -- Installing: /home/tj/ros2_ws/install/polygon_plugins/share/ament_index/resource_index/polygon_base__pluginlib__plugin/polygon_plugins
[0.774s] -- Installing: /home/tj/ros2_ws/install/polygon_plugins/share/polygon_plugins/cmake/export_polygon_pluginsExport.cmake
[0.775s] -- Installing: /home/tj/ros2_ws/install/polygon_plugins/share/polygon_plugins/cmake/export_polygon_pluginsExport-noconfig.cmake
[0.775s] -- Installing: /home/tj/ros2_ws/install/polygon_plugins/share/polygon_plugins/cmake/ament_cmake_export_include_directories-extras.cmake
[0.775s] -- Installing: /home/tj/ros2_ws/install/polygon_plugins/share/polygon_plugins/cmake/ament_cmake_export_libraries-extras.cmake
[0.775s] -- Installing: /home/tj/ros2_ws/install/polygon_plugins/share/polygon_plugins/cmake/ament_cmake_export_targets-extras.cmake
[0.775s] -- Installing: /home/tj/ros2_ws/install/polygon_plugins/share/polygon_plugins/cmake/polygon_pluginsConfig.cmake
[0.775s] -- Installing: /home/tj/ros2_ws/install/polygon_plugins/share/polygon_plugins/cmake/polygon_pluginsConfig-version.cmake
[0.775s] -- Installing: /home/tj/ros2_ws/install/polygon_plugins/share/polygon_plugins/package.xml
[0.807s] Invoked command in '/home/tj/ros2_ws/build/polygon_plugins' returned '0': AMENT_PREFIX_PATH=/home/tj/ros2_ws/install/polygon_base:${AMENT_PREFIX_PATH} CMAKE_PREFIX_PATH=/home/tj/ros2_ws/install/polygon_base:/opt/ros/humble PATH=/home/tj/ros2_ws/install/polygon_base/bin:${PATH} /usr/bin/cmake --install /home/tj/ros2_ws/build/polygon_plugins
