[0.052s] Invoking command in '/home/tj/ros2_ws/build/tutorial_interfaces': CMAKE_PREFIX_PATH=${CMAKE_PREFIX_PATH}:/home/tj/ros2_ws/install/py_srvcli:/home/tj/ros2_ws/install/py_pubsub:/opt/ros/humble /usr/bin/cmake /home/tj/ros2_ws/src/tutorial_interfaces -DCMAKE_INSTALL_PREFIX=/home/tj/ros2_ws/install/tutorial_interfaces
[0.438s] -- The C compiler identification is GNU 11.4.0
[0.688s] -- The CXX compiler identification is GNU 11.4.0
[0.712s] -- Detecting C compiler ABI info
[0.829s] -- Detecting C compiler ABI info - done
[0.837s] -- Check for working C compiler: /usr/bin/cc - skipped
[0.838s] -- Detecting C compile features
[0.840s] -- Detecting C compile features - done
[0.856s] -- Detecting CXX compiler ABI info
[0.982s] -- Detecting CXX compiler ABI info - done
[0.991s] -- Check for working CXX compiler: /usr/bin/c++ - skipped
[0.991s] -- Detecting CXX compile features
[0.991s] -- Detecting CXX compile features - done
[1.003s] -- Found ament_cmake: 1.3.10 (/opt/ros/humble/share/ament_cmake/cmake)
[1.189s] -- Found Python3: /usr/bin/python3 (found version "3.10.12") found components: Interpreter 
[1.353s] -- Found ament_lint_auto: 0.12.11 (/opt/ros/humble/share/ament_lint_auto/cmake)
[1.474s] -- Added test 'lint_cmake' to check CMake code style
[1.478s] -- Added test 'xmllint' to check XML markup files
[1.481s] -- Configuring done
[1.484s] -- Generating done
[1.486s] -- Build files have been written to: /home/tj/ros2_ws/build/tutorial_interfaces
[1.492s] Invoked command in '/home/tj/ros2_ws/build/tutorial_interfaces' returned '0': CMAKE_PREFIX_PATH=${CMAKE_PREFIX_PATH}:/home/tj/ros2_ws/install/py_srvcli:/home/tj/ros2_ws/install/py_pubsub:/opt/ros/humble /usr/bin/cmake /home/tj/ros2_ws/src/tutorial_interfaces -DCMAKE_INSTALL_PREFIX=/home/tj/ros2_ws/install/tutorial_interfaces
[1.493s] Invoking command in '/home/tj/ros2_ws/build/tutorial_interfaces': CMAKE_PREFIX_PATH=${CMAKE_PREFIX_PATH}:/home/tj/ros2_ws/install/py_srvcli:/home/tj/ros2_ws/install/py_pubsub:/opt/ros/humble /usr/bin/cmake --build /home/tj/ros2_ws/build/tutorial_interfaces -- -j8 -l8
[1.533s] Invoked command in '/home/tj/ros2_ws/build/tutorial_interfaces' returned '0': CMAKE_PREFIX_PATH=${CMAKE_PREFIX_PATH}:/home/tj/ros2_ws/install/py_srvcli:/home/tj/ros2_ws/install/py_pubsub:/opt/ros/humble /usr/bin/cmake --build /home/tj/ros2_ws/build/tutorial_interfaces -- -j8 -l8
[1.596s] Invoking command in '/home/tj/ros2_ws/build/tutorial_interfaces': CMAKE_PREFIX_PATH=${CMAKE_PREFIX_PATH}:/home/tj/ros2_ws/install/py_srvcli:/home/tj/ros2_ws/install/py_pubsub:/opt/ros/humble /usr/bin/cmake --install /home/tj/ros2_ws/build/tutorial_interfaces
[1.605s] -- Install configuration: ""
[1.605s] -- Installing: /home/tj/ros2_ws/install/tutorial_interfaces/share/ament_index/resource_index/package_run_dependencies/tutorial_interfaces
[1.606s] -- Installing: /home/tj/ros2_ws/install/tutorial_interfaces/share/ament_index/resource_index/parent_prefix_path/tutorial_interfaces
[1.607s] -- Installing: /home/tj/ros2_ws/install/tutorial_interfaces/share/tutorial_interfaces/environment/ament_prefix_path.sh
[1.607s] -- Installing: /home/tj/ros2_ws/install/tutorial_interfaces/share/tutorial_interfaces/environment/ament_prefix_path.dsv
[1.607s] -- Installing: /home/tj/ros2_ws/install/tutorial_interfaces/share/tutorial_interfaces/environment/path.sh
[1.608s] -- Installing: /home/tj/ros2_ws/install/tutorial_interfaces/share/tutorial_interfaces/environment/path.dsv
[1.608s] -- Installing: /home/tj/ros2_ws/install/tutorial_interfaces/share/tutorial_interfaces/local_setup.bash
[1.608s] -- Installing: /home/tj/ros2_ws/install/tutorial_interfaces/share/tutorial_interfaces/local_setup.sh
[1.608s] -- Installing: /home/tj/ros2_ws/install/tutorial_interfaces/share/tutorial_interfaces/local_setup.zsh
[1.609s] -- Installing: /home/tj/ros2_ws/install/tutorial_interfaces/share/tutorial_interfaces/local_setup.dsv
[1.609s] -- Installing: /home/tj/ros2_ws/install/tutorial_interfaces/share/tutorial_interfaces/package.dsv
[1.609s] -- Installing: /home/tj/ros2_ws/install/tutorial_interfaces/share/ament_index/resource_index/packages/tutorial_interfaces
[1.609s] -- Installing: /home/tj/ros2_ws/install/tutorial_interfaces/share/tutorial_interfaces/cmake/tutorial_interfacesConfig.cmake
[1.609s] -- Installing: /home/tj/ros2_ws/install/tutorial_interfaces/share/tutorial_interfaces/cmake/tutorial_interfacesConfig-version.cmake
[1.609s] -- Installing: /home/tj/ros2_ws/install/tutorial_interfaces/share/tutorial_interfaces/package.xml
[1.612s] Invoked command in '/home/tj/ros2_ws/build/tutorial_interfaces' returned '0': CMAKE_PREFIX_PATH=${CMAKE_PREFIX_PATH}:/home/tj/ros2_ws/install/py_srvcli:/home/tj/ros2_ws/install/py_pubsub:/opt/ros/humble /usr/bin/cmake --install /home/tj/ros2_ws/build/tutorial_interfaces
