[0.424s] Invoking command in '/home/tj/ros2_ws/build/custom_action_interfaces': CMAKE_PREFIX_PATH=/opt/ros/humble /usr/bin/cmake /home/tj/ros2_ws/src/custom_action_interfaces -DCMAKE_INSTALL_PREFIX=/home/tj/ros2_ws/install/custom_action_interfaces
[3.568s] -- The C compiler identification is GNU 11.4.0
[3.568s] -- The CXX compiler identification is GNU 11.4.0
[3.568s] -- Detecting C compiler ABI info
[3.569s] -- Detecting C compiler ABI info - done
[3.569s] -- Check for working C compiler: /usr/bin/cc - skipped
[3.569s] -- Detecting C compile features
[3.569s] -- Detecting C compile features - done
[3.569s] -- Detecting CXX compiler ABI info
[4.089s] -- Detecting CXX compiler ABI info - done
[4.202s] -- Check for working CXX compiler: /usr/bin/c++ - skipped
[4.205s] -- Detecting CXX compile features
[4.205s] -- Detecting CXX compile features - done
[4.208s] -- Found ament_cmake: 1.3.10 (/opt/ros/humble/share/ament_cmake/cmake)
[4.646s] -- Found Python3: /usr/bin/python3 (found version "3.10.12") found components: Interpreter 
[5.497s] -- Found rosidl_default_generators: 1.2.0 (/opt/ros/humble/share/rosidl_default_generators/cmake)
[5.504s] -- Using all available rosidl_typesupport_c: rosidl_typesupport_fastrtps_c;rosidl_typesupport_introspection_c
[5.552s] -- Found rosidl_adapter: 3.1.5 (/opt/ros/humble/share/rosidl_adapter/cmake)
[6.004s] -- Using all available rosidl_typesupport_cpp: rosidl_typesupport_fastrtps_cpp;rosidl_typesupport_introspection_cpp
[8.267s] -- Found ament_cmake_ros: 0.10.0 (/opt/ros/humble/share/ament_cmake_ros/cmake)
[8.557s] -- Using all available rosidl_typesupport_c: rosidl_typesupport_fastrtps_c;rosidl_typesupport_introspection_c
[8.950s] -- Using all available rosidl_typesupport_cpp: rosidl_typesupport_fastrtps_cpp;rosidl_typesupport_introspection_cpp
[8.978s] -- Found PythonInterp: /usr/bin/python3 (found suitable version "3.10.12", minimum required is "3.6") 
[8.980s] -- Found python_cmake_module: 0.10.0 (/opt/ros/humble/share/python_cmake_module/cmake)
[9.025s] -- Found PythonLibs: /usr/lib/x86_64-linux-gnu/libpython3.10.so (found suitable version "3.10.12", minimum required is "3.5") 
[9.025s] -- Using PYTHON_EXECUTABLE: /usr/bin/python3
[9.025s] -- Using PYTHON_INCLUDE_DIRS: /usr/include/python3.10
[9.025s] -- Using PYTHON_LIBRARIES: /usr/lib/x86_64-linux-gnu/libpython3.10.so
[9.051s] -- Found PythonExtra: .so  
[9.117s] -- Found ament_lint_auto: 0.12.11 (/opt/ros/humble/share/ament_lint_auto/cmake)
[9.117s] -- Added test 'lint_cmake' to check CMake code style
[9.119s] -- Added test 'xmllint' to check XML markup files
[9.125s] -- Configuring done
[9.176s] -- Generating done
[9.180s] -- Build files have been written to: /home/tj/ros2_ws/build/custom_action_interfaces
