[0.011s] Invoking command in '/home/tj/ros2_ws/build/polygon_base': CMAKE_PREFIX_PATH=/opt/ros/humble /usr/bin/cmake --build /home/tj/ros2_ws/build/polygon_base -- -j8 -l8
[0.090s] [ 50%] [32mBuilding CXX object CMakeFiles/area_node.dir/src/area_node.cpp.o[0m
[2.355s] [100%] [32m[1mLinking CXX executable area_node[0m
[2.466s] [100%] Built target area_node
[2.484s] Invoked command in '/home/tj/ros2_ws/build/polygon_base' returned '0': CMAKE_PREFIX_PATH=/opt/ros/humble /usr/bin/cmake --build /home/tj/ros2_ws/build/polygon_base -- -j8 -l8
[2.557s] Invoking command in '/home/tj/ros2_ws/build/polygon_base': CMAKE_PREFIX_PATH=/opt/ros/humble /usr/bin/cmake --install /home/tj/ros2_ws/build/polygon_base
[2.609s] -- Install configuration: ""
[2.609s] -- Up-to-date: /home/tj/ros2_ws/install/polygon_base/share/polygon_base/plugins.xml
[2.609s] -- Up-to-date: /home/tj/ros2_ws/install/polygon_base/include
[2.609s] -- Up-to-date: /home/tj/ros2_ws/install/polygon_base/include/polygon_base
[2.609s] -- Installing: /home/tj/ros2_ws/install/polygon_base/include/polygon_base/regular_polygon.hpp
[2.609s] -- Up-to-date: /home/tj/ros2_ws/install/polygon_base/share/ament_index/resource_index/package_run_dependencies/polygon_base
[2.609s] -- Up-to-date: /home/tj/ros2_ws/install/polygon_base/share/ament_index/resource_index/parent_prefix_path/polygon_base
[2.609s] -- Up-to-date: /home/tj/ros2_ws/install/polygon_base/share/polygon_base/environment/ament_prefix_path.sh
[2.609s] -- Up-to-date: /home/tj/ros2_ws/install/polygon_base/share/polygon_base/environment/ament_prefix_path.dsv
[2.609s] -- Up-to-date: /home/tj/ros2_ws/install/polygon_base/share/polygon_base/environment/path.sh
[2.609s] -- Up-to-date: /home/tj/ros2_ws/install/polygon_base/share/polygon_base/environment/path.dsv
[2.609s] -- Up-to-date: /home/tj/ros2_ws/install/polygon_base/share/polygon_base/local_setup.bash
[2.609s] -- Up-to-date: /home/tj/ros2_ws/install/polygon_base/share/polygon_base/local_setup.sh
[2.609s] -- Up-to-date: /home/tj/ros2_ws/install/polygon_base/share/polygon_base/local_setup.zsh
[2.609s] -- Up-to-date: /home/tj/ros2_ws/install/polygon_base/share/polygon_base/local_setup.dsv
[2.609s] -- Installing: /home/tj/ros2_ws/install/polygon_base/share/polygon_base/package.dsv
[2.609s] -- Up-to-date: /home/tj/ros2_ws/install/polygon_base/share/ament_index/resource_index/packages/polygon_base
[2.625s] -- Up-to-date: /home/tj/ros2_ws/install/polygon_base/share/ament_index/resource_index/polygon_base__pluginlib__plugin/polygon_base
[2.631s] -- Up-to-date: /home/tj/ros2_ws/install/polygon_base/share/polygon_base/cmake/ament_cmake_export_include_directories-extras.cmake
[2.640s] -- Up-to-date: /home/tj/ros2_ws/install/polygon_base/share/polygon_base/cmake/polygon_baseConfig.cmake
[2.651s] -- Up-to-date: /home/tj/ros2_ws/install/polygon_base/share/polygon_base/cmake/polygon_baseConfig-version.cmake
[2.651s] -- Up-to-date: /home/tj/ros2_ws/install/polygon_base/share/polygon_base/package.xml
[2.651s] Invoked command in '/home/tj/ros2_ws/build/polygon_base' returned '0': CMAKE_PREFIX_PATH=/opt/ros/humble /usr/bin/cmake --install /home/tj/ros2_ws/build/polygon_base
