[0.065s] Invoking command in '/home/tj/ros2_ws/build/cpp_pubsub': CMAKE_PREFIX_PATH=/opt/ros/humble /usr/bin/cmake /home/tj/ros2_ws/src/cpp_pubsub -DCMAKE_INSTALL_PREFIX=/home/tj/ros2_ws/install/cpp_pubsub
[0.521s] -- The C compiler identification is GNU 11.4.0
[0.654s] -- The CXX compiler identification is GNU 11.4.0
[0.683s] -- Detecting C compiler ABI info
[0.932s] -- Detecting C compiler ABI info - done
[0.939s] -- Check for working C compiler: /usr/bin/cc - skipped
[0.940s] -- Detecting C compile features
[0.941s] -- Detecting C compile features - done
[0.944s] -- Detecting CXX compiler ABI info
[1.211s] -- Detecting CXX compiler ABI info - done
[1.297s] -- Check for working CXX compiler: /usr/bin/c++ - skipped
[1.298s] -- Detecting CXX compile features
[1.298s] -- Detecting CXX compile features - done
[1.307s] -- Found ament_cmake: 1.3.10 (/opt/ros/humble/share/ament_cmake/cmake)
[1.578s] -- Found Python3: /usr/bin/python3 (found version "3.10.12") found components: Interpreter 
[1.704s] -- Found ament_lint_auto: 0.12.11 (/opt/ros/humble/share/ament_lint_auto/cmake)
[1.706s] -- Found rclcpp: 16.0.10 (/opt/ros/humble/share/rclcpp/cmake)
[1.740s] -- Found rosidl_generator_c: 3.1.5 (/opt/ros/humble/share/rosidl_generator_c/cmake)
[1.757s] -- Found rosidl_adapter: 3.1.5 (/opt/ros/humble/share/rosidl_adapter/cmake)
[1.763s] -- Found rosidl_generator_cpp: 3.1.5 (/opt/ros/humble/share/rosidl_generator_cpp/cmake)
[1.780s] -- Using all available rosidl_typesupport_c: rosidl_typesupport_fastrtps_c;rosidl_typesupport_introspection_c
[1.794s] -- Using all available rosidl_typesupport_cpp: rosidl_typesupport_fastrtps_cpp;rosidl_typesupport_introspection_cpp
[1.829s] -- Found rmw_implementation_cmake: 6.1.2 (/opt/ros/humble/share/rmw_implementation_cmake/cmake)
[1.833s] -- Found rmw_fastrtps_cpp: 6.2.7 (/opt/ros/humble/share/rmw_fastrtps_cpp/cmake)
[2.008s] -- Found OpenSSL: /usr/lib/x86_64-linux-gnu/libcrypto.so (found version "3.0.2")  
[2.033s] -- Found FastRTPS: /opt/ros/humble/include  
[2.092s] -- Using RMW implementation 'rmw_fastrtps_cpp' as default
[2.100s] -- Looking for pthread.h
[2.276s] -- Looking for pthread.h - found
[2.279s] -- Performing Test CMAKE_HAVE_LIBC_PTHREAD
[2.554s] -- Performing Test CMAKE_HAVE_LIBC_PTHREAD - Success
[2.554s] -- Found Threads: TRUE  
[2.755s] -- Configuring done
[2.791s] -- Generating done
[2.795s] -- Build files have been written to: /home/tj/ros2_ws/build/cpp_pubsub
[2.809s] Invoked command in '/home/tj/ros2_ws/build/cpp_pubsub' returned '0': CMAKE_PREFIX_PATH=/opt/ros/humble /usr/bin/cmake /home/tj/ros2_ws/src/cpp_pubsub -DCMAKE_INSTALL_PREFIX=/home/tj/ros2_ws/install/cpp_pubsub
[2.810s] Invoking command in '/home/tj/ros2_ws/build/cpp_pubsub': CMAKE_PREFIX_PATH=/opt/ros/humble /usr/bin/cmake --build /home/tj/ros2_ws/build/cpp_pubsub -- -j8 -l8
[3.182s] [ 25%] [32mBuilding CXX object CMakeFiles/talker.dir/src/publisher_member_function.cpp.o[0m
[3.193s] [ 50%] [32mBuilding CXX object CMakeFiles/listener.dir/src/subscriber_member_function.cpp.o[0m
[10.603s] [ 75%] [32m[1mLinking CXX executable talker[0m
[10.953s] [ 75%] Built target talker
[15.786s] [100%] [32m[1mLinking CXX executable listener[0m
[16.434s] [100%] Built target listener
[16.493s] Invoked command in '/home/tj/ros2_ws/build/cpp_pubsub' returned '0': CMAKE_PREFIX_PATH=/opt/ros/humble /usr/bin/cmake --build /home/tj/ros2_ws/build/cpp_pubsub -- -j8 -l8
[16.928s] Invoking command in '/home/tj/ros2_ws/build/cpp_pubsub': CMAKE_PREFIX_PATH=/opt/ros/humble /usr/bin/cmake --install /home/tj/ros2_ws/build/cpp_pubsub
[16.957s] -- Install configuration: ""
[16.957s] -- Installing: /home/tj/ros2_ws/install/cpp_pubsub/lib/cpp_pubsub/talker
[16.961s] -- Set runtime path of "/home/tj/ros2_ws/install/cpp_pubsub/lib/cpp_pubsub/talker" to ""
[16.961s] -- Installing: /home/tj/ros2_ws/install/cpp_pubsub/lib/cpp_pubsub/listener
[16.962s] -- Set runtime path of "/home/tj/ros2_ws/install/cpp_pubsub/lib/cpp_pubsub/listener" to ""
[16.965s] -- Installing: /home/tj/ros2_ws/install/cpp_pubsub/share/ament_index/resource_index/package_run_dependencies/cpp_pubsub
[16.967s] -- Installing: /home/tj/ros2_ws/install/cpp_pubsub/share/ament_index/resource_index/parent_prefix_path/cpp_pubsub
[16.967s] -- Installing: /home/tj/ros2_ws/install/cpp_pubsub/share/cpp_pubsub/environment/ament_prefix_path.sh
[16.969s] -- Installing: /home/tj/ros2_ws/install/cpp_pubsub/share/cpp_pubsub/environment/ament_prefix_path.dsv
[16.970s] -- Installing: /home/tj/ros2_ws/install/cpp_pubsub/share/cpp_pubsub/environment/path.sh
[16.970s] -- Installing: /home/tj/ros2_ws/install/cpp_pubsub/share/cpp_pubsub/environment/path.dsv
[16.970s] -- Installing: /home/tj/ros2_ws/install/cpp_pubsub/share/cpp_pubsub/local_setup.bash
[16.970s] -- Installing: /home/tj/ros2_ws/install/cpp_pubsub/share/cpp_pubsub/local_setup.sh
[16.970s] -- Installing: /home/tj/ros2_ws/install/cpp_pubsub/share/cpp_pubsub/local_setup.zsh
[16.970s] -- Installing: /home/tj/ros2_ws/install/cpp_pubsub/share/cpp_pubsub/local_setup.dsv
[16.970s] -- Installing: /home/tj/ros2_ws/install/cpp_pubsub/share/cpp_pubsub/package.dsv
[16.970s] -- Installing: /home/tj/ros2_ws/install/cpp_pubsub/share/ament_index/resource_index/packages/cpp_pubsub
[16.970s] -- Installing: /home/tj/ros2_ws/install/cpp_pubsub/share/cpp_pubsub/cmake/cpp_pubsubConfig.cmake
[17.012s] -- Installing: /home/tj/ros2_ws/install/cpp_pubsub/share/cpp_pubsub/cmake/cpp_pubsubConfig-version.cmake
[17.013s] -- Installing: /home/tj/ros2_ws/install/cpp_pubsub/share/cpp_pubsub/package.xml
[17.015s] Invoked command in '/home/tj/ros2_ws/build/cpp_pubsub' returned '0': CMAKE_PREFIX_PATH=/opt/ros/humble /usr/bin/cmake --install /home/tj/ros2_ws/build/cpp_pubsub
