[0.721s] Invoking command in '/home/tj/ros2_ws/build/action_tutorials_interfaces': CMAKE_PREFIX_PATH=/opt/ros/humble /usr/bin/cmake --build /home/tj/ros2_ws/build/action_tutorials_interfaces -- -j8 -l8
[5.001s] [  3%] [34m[1mGenerating C code for ROS interfaces[0m
[5.001s] [  6%] [34m[1mGenerating C++ code for ROS interfaces[0m
[5.001s] [  6%] Built target ament_cmake_python_copy_action_tutorials_interfaces
[5.004s] running egg_info
[5.004s] creating action_tutorials_interfaces.egg-info
[5.139s] writing action_tutorials_interfaces.egg-info/PKG-INFO
[5.139s] writing dependency_links to action_tutorials_interfaces.egg-info/dependency_links.txt
[5.151s] writing top-level names to action_tutorials_interfaces.egg-info/top_level.txt
[5.182s] writing manifest file 'action_tutorials_interfaces.egg-info/SOURCES.txt'
[5.182s] reading manifest file 'action_tutorials_interfaces.egg-info/SOURCES.txt'
[5.182s] writing manifest file 'action_tutorials_interfaces.egg-info/SOURCES.txt'
[5.182s] [  6%] Built target ament_cmake_python_build_action_tutorials_interfaces_egg
[5.957s] [  9%] [32mBuilding C object CMakeFiles/action_tutorials_interfaces__rosidl_generator_c.dir/rosidl_generator_c/action_tutorials_interfaces/action/detail/fibonacci__functions.c.o[0m
[6.794s] [  9%] Built target action_tutorials_interfaces__cpp
[6.957s] [ 12%] [34m[1mGenerating C++ type support dispatch for ROS interfaces[0m
[7.067s] [ 16%] [34m[1mGenerating C++ introspection for ROS interfaces[0m
[7.105s] [ 19%] [34m[1mGenerating C++ type support for eProsima Fast-RTPS[0m
[9.556s] [ 22%] [32m[1mLinking C shared library libaction_tutorials_interfaces__rosidl_generator_c.so[0m
[10.055s] [ 25%] [32mBuilding CXX object CMakeFiles/action_tutorials_interfaces__rosidl_typesupport_cpp.dir/rosidl_typesupport_cpp/action_tutorials_interfaces/action/fibonacci__type_support.cpp.o[0m
[10.366s] [ 25%] Built target action_tutorials_interfaces__rosidl_generator_c
[10.445s] [ 29%] [34m[1mGenerating C introspection for ROS interfaces[0m
[10.682s] [ 32%] [34m[1mGenerating C type support dispatch for ROS interfaces[0m
[10.735s] [ 35%] [34m[1mGenerating C type support for eProsima Fast-RTPS[0m
[12.344s] [ 38%] [32mBuilding CXX object CMakeFiles/action_tutorials_interfaces__rosidl_typesupport_fastrtps_cpp.dir/rosidl_typesupport_fastrtps_cpp/action_tutorials_interfaces/action/detail/dds_fastrtps/fibonacci__type_support.cpp.o[0m
[12.459s] [ 41%] [32mBuilding CXX object CMakeFiles/action_tutorials_interfaces__rosidl_typesupport_introspection_cpp.dir/rosidl_typesupport_introspection_cpp/action_tutorials_interfaces/action/detail/fibonacci__type_support.cpp.o[0m
[13.700s] [ 45%] [32mBuilding CXX object CMakeFiles/action_tutorials_interfaces__rosidl_typesupport_c.dir/rosidl_typesupport_c/action_tutorials_interfaces/action/fibonacci__type_support.cpp.o[0m
[14.291s] [ 48%] [32mBuilding C object CMakeFiles/action_tutorials_interfaces__rosidl_typesupport_introspection_c.dir/rosidl_typesupport_introspection_c/action_tutorials_interfaces/action/detail/fibonacci__type_support.c.o[0m
[14.750s] [ 51%] [32m[1mLinking CXX shared library libaction_tutorials_interfaces__rosidl_typesupport_c.so[0m
[15.044s] [ 54%] [32mBuilding CXX object CMakeFiles/action_tutorials_interfaces__rosidl_typesupport_fastrtps_c.dir/rosidl_typesupport_fastrtps_c/action_tutorials_interfaces/action/detail/fibonacci__type_support_c.cpp.o[0m
[15.356s] [ 58%] [32m[1mLinking C shared library libaction_tutorials_interfaces__rosidl_typesupport_introspection_c.so[0m
[15.585s] [ 58%] Built target action_tutorials_interfaces__rosidl_typesupport_c
[15.980s] [ 58%] Built target action_tutorials_interfaces__rosidl_typesupport_introspection_c
[16.837s] [ 61%] [32m[1mLinking CXX shared library libaction_tutorials_interfaces__rosidl_typesupport_cpp.so[0m
[16.938s] [ 61%] Built target action_tutorials_interfaces__rosidl_typesupport_cpp
[17.392s] [ 64%] [32m[1mLinking CXX shared library libaction_tutorials_interfaces__rosidl_typesupport_fastrtps_c.so[0m
[17.441s] [ 67%] [32m[1mLinking CXX shared library libaction_tutorials_interfaces__rosidl_typesupport_introspection_cpp.so[0m
[17.913s] [ 70%] [32m[1mLinking CXX shared library libaction_tutorials_interfaces__rosidl_typesupport_fastrtps_cpp.so[0m
[17.926s] [ 70%] Built target action_tutorials_interfaces__rosidl_typesupport_fastrtps_c
[17.982s] [ 70%] Built target action_tutorials_interfaces__rosidl_typesupport_introspection_cpp
[18.059s] [ 70%] Built target action_tutorials_interfaces__rosidl_typesupport_fastrtps_cpp
[18.112s] [ 70%] Built target action_tutorials_interfaces
[18.214s] [ 74%] [34m[1mGenerating Python code for ROS interfaces[0m
[19.122s] [ 74%] Built target action_tutorials_interfaces__py
[19.169s] [ 77%] [32mBuilding C object CMakeFiles/action_tutorials_interfaces__rosidl_generator_py.dir/rosidl_generator_py/action_tutorials_interfaces/action/_fibonacci_s.c.o[0m
[19.554s] [ 80%] [32m[1mLinking C shared library rosidl_generator_py/action_tutorials_interfaces/libaction_tutorials_interfaces__rosidl_generator_py.so[0m
[19.644s] [ 80%] Built target action_tutorials_interfaces__rosidl_generator_py
[19.689s] [ 87%] [32mBuilding C object CMakeFiles/action_tutorials_interfaces__rosidl_typesupport_c__pyext.dir/rosidl_generator_py/action_tutorials_interfaces/_action_tutorials_interfaces_s.ep.rosidl_typesupport_c.c.o[0m
[19.691s] [ 83%] [32mBuilding C object CMakeFiles/action_tutorials_interfaces__rosidl_typesupport_introspection_c__pyext.dir/rosidl_generator_py/action_tutorials_interfaces/_action_tutorials_interfaces_s.ep.rosidl_typesupport_introspection_c.c.o[0m
[19.691s] [ 90%] [32mBuilding C object CMakeFiles/action_tutorials_interfaces__rosidl_typesupport_fastrtps_c__pyext.dir/rosidl_generator_py/action_tutorials_interfaces/_action_tutorials_interfaces_s.ep.rosidl_typesupport_fastrtps_c.c.o[0m
[19.897s] [ 93%] [32m[1mLinking C shared library rosidl_generator_py/action_tutorials_interfaces/action_tutorials_interfaces_s__rosidl_typesupport_c.cpython-310-x86_64-linux-gnu.so[0m
[20.094s] [ 96%] [32m[1mLinking C shared library rosidl_generator_py/action_tutorials_interfaces/action_tutorials_interfaces_s__rosidl_typesupport_fastrtps_c.cpython-310-x86_64-linux-gnu.so[0m
[20.134s] [100%] [32m[1mLinking C shared library rosidl_generator_py/action_tutorials_interfaces/action_tutorials_interfaces_s__rosidl_typesupport_introspection_c.cpython-310-x86_64-linux-gnu.so[0m
[20.303s] [100%] Built target action_tutorials_interfaces__rosidl_typesupport_c__pyext
[20.542s] [100%] Built target action_tutorials_interfaces__rosidl_typesupport_fastrtps_c__pyext
[20.552s] [100%] Built target action_tutorials_interfaces__rosidl_typesupport_introspection_c__pyext
