[0.843s] Invoking command in '/home/tj/ros2_ws/build/more_interfaces': CMAKE_PREFIX_PATH=${CMAKE_PREFIX_PATH}:/home/tj/ros2_ws/install/python_parameters:/home/tj/ros2_ws/install/py_srvcli:/home/tj/ros2_ws/install/py_pubsub:/opt/ros/humble /usr/bin/cmake --build /home/tj/ros2_ws/build/more_interfaces -- -j8 -l8
[4.835s] [  9%] Built target more_interfaces__rosidl_generator_c
[4.835s] [ 12%] Built target more_interfaces__cpp
[4.835s] [ 12%] Built target ament_cmake_python_copy_more_interfaces
[4.835s] [ 21%] Built target more_interfaces__rosidl_typesupport_fastrtps_c
[4.835s] [ 30%] Built target more_interfaces__rosidl_typesupport_c
[4.835s] [ 39%] Built target more_interfaces__rosidl_typesupport_introspection_cpp
[4.835s] [ 48%] Built target more_interfaces__rosidl_typesupport_fastrtps_cpp
[4.836s] [ 57%] Built target more_interfaces__rosidl_typesupport_introspection_c
[4.836s] [ 66%] Built target more_interfaces__rosidl_typesupport_cpp
[4.836s] [ 66%] Built target more_interfaces
[4.836s] [ 72%] Built target publish_address_book
[4.836s] [ 75%] Built target more_interfaces__py
[4.836s] [ 81%] Built target more_interfaces__rosidl_generator_py
[4.836s] [ 90%] Built target more_interfaces__rosidl_typesupport_c__pyext
[4.836s] [ 93%] Built target more_interfaces__rosidl_typesupport_introspection_c__pyext
[4.836s] [100%] Built target more_interfaces__rosidl_typesupport_fastrtps_c__pyext
[5.675s] running egg_info
[5.680s] writing more_interfaces.egg-info/PKG-INFO
[5.680s] writing dependency_links to more_interfaces.egg-info/dependency_links.txt
[5.681s] writing top-level names to more_interfaces.egg-info/top_level.txt
[5.692s] reading manifest file 'more_interfaces.egg-info/SOURCES.txt'
[5.727s] writing manifest file 'more_interfaces.egg-info/SOURCES.txt'
[5.946s] [100%] Built target ament_cmake_python_build_more_interfaces_egg
[6.819s] Invoked command in '/home/tj/ros2_ws/build/more_interfaces' returned '0': CMAKE_PREFIX_PATH=${CMAKE_PREFIX_PATH}:/home/tj/ros2_ws/install/python_parameters:/home/tj/ros2_ws/install/py_srvcli:/home/tj/ros2_ws/install/py_pubsub:/opt/ros/humble /usr/bin/cmake --build /home/tj/ros2_ws/build/more_interfaces -- -j8 -l8
[11.271s] Invoking command in '/home/tj/ros2_ws/build/more_interfaces': CMAKE_PREFIX_PATH=${CMAKE_PREFIX_PATH}:/home/tj/ros2_ws/install/python_parameters:/home/tj/ros2_ws/install/py_srvcli:/home/tj/ros2_ws/install/py_pubsub:/opt/ros/humble /usr/bin/cmake --install /home/tj/ros2_ws/build/more_interfaces
[11.646s] -- Install configuration: ""
[11.646s] -- Up-to-date: /home/tj/ros2_ws/install/more_interfaces/lib/more_interfaces/publish_address_book
[11.646s] -- Up-to-date: /home/tj/ros2_ws/install/more_interfaces/share/ament_index/resource_index/rosidl_interfaces/more_interfaces
[11.646s] -- Up-to-date: /home/tj/ros2_ws/install/more_interfaces/include/more_interfaces/more_interfaces
[11.646s] -- Up-to-date: /home/tj/ros2_ws/install/more_interfaces/include/more_interfaces/more_interfaces/msg
[11.649s] -- Up-to-date: /home/tj/ros2_ws/install/more_interfaces/include/more_interfaces/more_interfaces/msg/address_book.h
[11.649s] -- Up-to-date: /home/tj/ros2_ws/install/more_interfaces/include/more_interfaces/more_interfaces/msg/rosidl_generator_c__visibility_control.h
[11.650s] -- Up-to-date: /home/tj/ros2_ws/install/more_interfaces/include/more_interfaces/more_interfaces/msg/detail
[11.650s] -- Up-to-date: /home/tj/ros2_ws/install/more_interfaces/include/more_interfaces/more_interfaces/msg/detail/address_book__functions.h
[11.650s] -- Up-to-date: /home/tj/ros2_ws/install/more_interfaces/include/more_interfaces/more_interfaces/msg/detail/address_book__struct.h
[11.650s] -- Up-to-date: /home/tj/ros2_ws/install/more_interfaces/include/more_interfaces/more_interfaces/msg/detail/address_book__functions.c
[11.650s] -- Up-to-date: /home/tj/ros2_ws/install/more_interfaces/include/more_interfaces/more_interfaces/msg/detail/address_book__type_support.h
[11.650s] -- Up-to-date: /home/tj/ros2_ws/install/more_interfaces/share/more_interfaces/environment/library_path.sh
[11.650s] -- Up-to-date: /home/tj/ros2_ws/install/more_interfaces/share/more_interfaces/environment/library_path.dsv
[11.650s] -- Up-to-date: /home/tj/ros2_ws/install/more_interfaces/lib/libmore_interfaces__rosidl_generator_c.so
[11.650s] -- Up-to-date: /home/tj/ros2_ws/install/more_interfaces/include/more_interfaces/more_interfaces
[11.653s] -- Up-to-date: /home/tj/ros2_ws/install/more_interfaces/include/more_interfaces/more_interfaces/msg
[11.654s] -- Up-to-date: /home/tj/ros2_ws/install/more_interfaces/include/more_interfaces/more_interfaces/msg/rosidl_typesupport_fastrtps_c__visibility_control.h
[11.654s] -- Up-to-date: /home/tj/ros2_ws/install/more_interfaces/include/more_interfaces/more_interfaces/msg/detail
[11.654s] -- Up-to-date: /home/tj/ros2_ws/install/more_interfaces/include/more_interfaces/more_interfaces/msg/detail/address_book__rosidl_typesupport_fastrtps_c.h
[11.684s] -- Up-to-date: /home/tj/ros2_ws/install/more_interfaces/lib/libmore_interfaces__rosidl_typesupport_fastrtps_c.so
[11.687s] -- Up-to-date: /home/tj/ros2_ws/install/more_interfaces/include/more_interfaces/more_interfaces
[11.687s] -- Up-to-date: /home/tj/ros2_ws/install/more_interfaces/include/more_interfaces/more_interfaces/msg
[11.687s] -- Up-to-date: /home/tj/ros2_ws/install/more_interfaces/include/more_interfaces/more_interfaces/msg/detail
[11.687s] -- Up-to-date: /home/tj/ros2_ws/install/more_interfaces/include/more_interfaces/more_interfaces/msg/detail/address_book__type_support.c
[11.687s] -- Up-to-date: /home/tj/ros2_ws/install/more_interfaces/include/more_interfaces/more_interfaces/msg/detail/address_book__rosidl_typesupport_introspection_c.h
[11.687s] -- Up-to-date: /home/tj/ros2_ws/install/more_interfaces/include/more_interfaces/more_interfaces/msg/rosidl_typesupport_introspection_c__visibility_control.h
[11.688s] -- Up-to-date: /home/tj/ros2_ws/install/more_interfaces/lib/libmore_interfaces__rosidl_typesupport_introspection_c.so
[11.688s] -- Up-to-date: /home/tj/ros2_ws/install/more_interfaces/lib/libmore_interfaces__rosidl_typesupport_c.so
[11.688s] -- Up-to-date: /home/tj/ros2_ws/install/more_interfaces/include/more_interfaces/more_interfaces
[11.688s] -- Up-to-date: /home/tj/ros2_ws/install/more_interfaces/include/more_interfaces/more_interfaces/msg
[11.688s] -- Up-to-date: /home/tj/ros2_ws/install/more_interfaces/include/more_interfaces/more_interfaces/msg/detail
[11.688s] -- Up-to-date: /home/tj/ros2_ws/install/more_interfaces/include/more_interfaces/more_interfaces/msg/detail/address_book__struct.hpp
[11.688s] -- Up-to-date: /home/tj/ros2_ws/install/more_interfaces/include/more_interfaces/more_interfaces/msg/detail/address_book__traits.hpp
[11.688s] -- Up-to-date: /home/tj/ros2_ws/install/more_interfaces/include/more_interfaces/more_interfaces/msg/detail/address_book__builder.hpp
[11.688s] -- Up-to-date: /home/tj/ros2_ws/install/more_interfaces/include/more_interfaces/more_interfaces/msg/address_book.hpp
[11.688s] -- Up-to-date: /home/tj/ros2_ws/install/more_interfaces/include/more_interfaces/more_interfaces
[11.688s] -- Up-to-date: /home/tj/ros2_ws/install/more_interfaces/include/more_interfaces/more_interfaces/msg
[11.696s] -- Up-to-date: /home/tj/ros2_ws/install/more_interfaces/include/more_interfaces/more_interfaces/msg/rosidl_typesupport_fastrtps_cpp__visibility_control.h
[11.696s] -- Up-to-date: /home/tj/ros2_ws/install/more_interfaces/include/more_interfaces/more_interfaces/msg/detail
[11.696s] -- Up-to-date: /home/tj/ros2_ws/install/more_interfaces/include/more_interfaces/more_interfaces/msg/detail/dds_fastrtps
[11.696s] -- Up-to-date: /home/tj/ros2_ws/install/more_interfaces/include/more_interfaces/more_interfaces/msg/detail/address_book__rosidl_typesupport_fastrtps_cpp.hpp
[11.696s] -- Up-to-date: /home/tj/ros2_ws/install/more_interfaces/lib/libmore_interfaces__rosidl_typesupport_fastrtps_cpp.so
[11.696s] -- Up-to-date: /home/tj/ros2_ws/install/more_interfaces/include/more_interfaces/more_interfaces
[11.696s] -- Up-to-date: /home/tj/ros2_ws/install/more_interfaces/include/more_interfaces/more_interfaces/msg
[11.696s] -- Up-to-date: /home/tj/ros2_ws/install/more_interfaces/include/more_interfaces/more_interfaces/msg/detail
[11.699s] -- Up-to-date: /home/tj/ros2_ws/install/more_interfaces/include/more_interfaces/more_interfaces/msg/detail/address_book__rosidl_typesupport_introspection_cpp.hpp
[11.699s] -- Up-to-date: /home/tj/ros2_ws/install/more_interfaces/include/more_interfaces/more_interfaces/msg/detail/address_book__type_support.cpp
[11.699s] -- Up-to-date: /home/tj/ros2_ws/install/more_interfaces/lib/libmore_interfaces__rosidl_typesupport_introspection_cpp.so
[11.699s] -- Up-to-date: /home/tj/ros2_ws/install/more_interfaces/lib/libmore_interfaces__rosidl_typesupport_cpp.so
[11.699s] -- Up-to-date: /home/tj/ros2_ws/install/more_interfaces/share/more_interfaces/environment/pythonpath.sh
[11.699s] -- Up-to-date: /home/tj/ros2_ws/install/more_interfaces/share/more_interfaces/environment/pythonpath.dsv
[11.699s] -- Up-to-date: /home/tj/ros2_ws/install/more_interfaces/local/lib/python3.10/dist-packages/more_interfaces-0.0.0-py3.10.egg-info
[11.699s] -- Installing: /home/tj/ros2_ws/install/more_interfaces/local/lib/python3.10/dist-packages/more_interfaces-0.0.0-py3.10.egg-info/top_level.txt
[11.699s] -- Installing: /home/tj/ros2_ws/install/more_interfaces/local/lib/python3.10/dist-packages/more_interfaces-0.0.0-py3.10.egg-info/PKG-INFO
[11.699s] -- Installing: /home/tj/ros2_ws/install/more_interfaces/local/lib/python3.10/dist-packages/more_interfaces-0.0.0-py3.10.egg-info/dependency_links.txt
[11.699s] -- Installing: /home/tj/ros2_ws/install/more_interfaces/local/lib/python3.10/dist-packages/more_interfaces-0.0.0-py3.10.egg-info/SOURCES.txt
[11.700s] -- Up-to-date: /home/tj/ros2_ws/install/more_interfaces/local/lib/python3.10/dist-packages/more_interfaces
[11.700s] -- Up-to-date: /home/tj/ros2_ws/install/more_interfaces/local/lib/python3.10/dist-packages/more_interfaces/__init__.py
[11.700s] -- Up-to-date: /home/tj/ros2_ws/install/more_interfaces/local/lib/python3.10/dist-packages/more_interfaces/_more_interfaces_s.ep.rosidl_typesupport_introspection_c.c
[11.700s] -- Up-to-date: /home/tj/ros2_ws/install/more_interfaces/local/lib/python3.10/dist-packages/more_interfaces/msg
[11.700s] -- Up-to-date: /home/tj/ros2_ws/install/more_interfaces/local/lib/python3.10/dist-packages/more_interfaces/msg/__init__.py
[11.700s] -- Up-to-date: /home/tj/ros2_ws/install/more_interfaces/local/lib/python3.10/dist-packages/more_interfaces/msg/_address_book.py
[11.700s] -- Up-to-date: /home/tj/ros2_ws/install/more_interfaces/local/lib/python3.10/dist-packages/more_interfaces/msg/_address_book_s.c
[11.700s] -- Up-to-date: /home/tj/ros2_ws/install/more_interfaces/local/lib/python3.10/dist-packages/more_interfaces/more_interfaces_s__rosidl_typesupport_c.cpython-310-x86_64-linux-gnu.so
[11.700s] -- Up-to-date: /home/tj/ros2_ws/install/more_interfaces/local/lib/python3.10/dist-packages/more_interfaces/_more_interfaces_s.ep.rosidl_typesupport_c.c
[11.700s] -- Up-to-date: /home/tj/ros2_ws/install/more_interfaces/local/lib/python3.10/dist-packages/more_interfaces/more_interfaces_s__rosidl_typesupport_introspection_c.cpython-310-x86_64-linux-gnu.so
[11.700s] -- Up-to-date: /home/tj/ros2_ws/install/more_interfaces/local/lib/python3.10/dist-packages/more_interfaces/_more_interfaces_s.ep.rosidl_typesupport_fastrtps_c.c
[11.700s] -- Up-to-date: /home/tj/ros2_ws/install/more_interfaces/local/lib/python3.10/dist-packages/more_interfaces/libmore_interfaces__rosidl_generator_py.so
[11.700s] -- Up-to-date: /home/tj/ros2_ws/install/more_interfaces/local/lib/python3.10/dist-packages/more_interfaces/more_interfaces_s__rosidl_typesupport_fastrtps_c.cpython-310-x86_64-linux-gnu.so
[11.700s] Listing '/home/tj/ros2_ws/install/more_interfaces/local/lib/python3.10/dist-packages/more_interfaces'...
[11.703s] Listing '/home/tj/ros2_ws/install/more_interfaces/local/lib/python3.10/dist-packages/more_interfaces/msg'...
[11.703s] -- Up-to-date: /home/tj/ros2_ws/install/more_interfaces/local/lib/python3.10/dist-packages/more_interfaces/more_interfaces_s__rosidl_typesupport_fastrtps_c.cpython-310-x86_64-linux-gnu.so
[11.703s] -- Up-to-date: /home/tj/ros2_ws/install/more_interfaces/local/lib/python3.10/dist-packages/more_interfaces/more_interfaces_s__rosidl_typesupport_introspection_c.cpython-310-x86_64-linux-gnu.so
[11.703s] -- Up-to-date: /home/tj/ros2_ws/install/more_interfaces/local/lib/python3.10/dist-packages/more_interfaces/more_interfaces_s__rosidl_typesupport_c.cpython-310-x86_64-linux-gnu.so
[11.706s] -- Up-to-date: /home/tj/ros2_ws/install/more_interfaces/lib/libmore_interfaces__rosidl_generator_py.so
[11.706s] -- Up-to-date: /home/tj/ros2_ws/install/more_interfaces/share/more_interfaces/msg/AddressBook.idl
[11.706s] -- Up-to-date: /home/tj/ros2_ws/install/more_interfaces/share/more_interfaces/msg/AddressBook.msg
[11.706s] -- Up-to-date: /home/tj/ros2_ws/install/more_interfaces/share/ament_index/resource_index/package_run_dependencies/more_interfaces
[11.706s] -- Up-to-date: /home/tj/ros2_ws/install/more_interfaces/share/ament_index/resource_index/parent_prefix_path/more_interfaces
[11.706s] -- Up-to-date: /home/tj/ros2_ws/install/more_interfaces/share/more_interfaces/environment/ament_prefix_path.sh
[11.709s] -- Up-to-date: /home/tj/ros2_ws/install/more_interfaces/share/more_interfaces/environment/ament_prefix_path.dsv
[11.733s] -- Up-to-date: /home/tj/ros2_ws/install/more_interfaces/share/more_interfaces/environment/path.sh
[11.988s] -- Up-to-date: /home/tj/ros2_ws/install/more_interfaces/share/more_interfaces/environment/path.dsv
[11.988s] -- Up-to-date: /home/tj/ros2_ws/install/more_interfaces/share/more_interfaces/local_setup.bash
[11.988s] -- Up-to-date: /home/tj/ros2_ws/install/more_interfaces/share/more_interfaces/local_setup.sh
[11.989s] -- Up-to-date: /home/tj/ros2_ws/install/more_interfaces/share/more_interfaces/local_setup.zsh
[11.989s] -- Up-to-date: /home/tj/ros2_ws/install/more_interfaces/share/more_interfaces/local_setup.dsv
[11.989s] -- Installing: /home/tj/ros2_ws/install/more_interfaces/share/more_interfaces/package.dsv
[12.070s] -- Up-to-date: /home/tj/ros2_ws/install/more_interfaces/share/ament_index/resource_index/packages/more_interfaces
[12.070s] -- Up-to-date: /home/tj/ros2_ws/install/more_interfaces/share/more_interfaces/cmake/export_more_interfaces__rosidl_generator_cExport.cmake
[12.078s] -- Up-to-date: /home/tj/ros2_ws/install/more_interfaces/share/more_interfaces/cmake/export_more_interfaces__rosidl_generator_cExport-noconfig.cmake
[12.079s] -- Up-to-date: /home/tj/ros2_ws/install/more_interfaces/share/more_interfaces/cmake/export_more_interfaces__rosidl_typesupport_fastrtps_cExport.cmake
[12.079s] -- Up-to-date: /home/tj/ros2_ws/install/more_interfaces/share/more_interfaces/cmake/export_more_interfaces__rosidl_typesupport_fastrtps_cExport-noconfig.cmake
[12.079s] -- Up-to-date: /home/tj/ros2_ws/install/more_interfaces/share/more_interfaces/cmake/more_interfaces__rosidl_typesupport_introspection_cExport.cmake
[12.079s] -- Up-to-date: /home/tj/ros2_ws/install/more_interfaces/share/more_interfaces/cmake/more_interfaces__rosidl_typesupport_introspection_cExport-noconfig.cmake
[12.079s] -- Up-to-date: /home/tj/ros2_ws/install/more_interfaces/share/more_interfaces/cmake/more_interfaces__rosidl_typesupport_cExport.cmake
[12.079s] -- Up-to-date: /home/tj/ros2_ws/install/more_interfaces/share/more_interfaces/cmake/more_interfaces__rosidl_typesupport_cExport-noconfig.cmake
[12.079s] -- Up-to-date: /home/tj/ros2_ws/install/more_interfaces/share/more_interfaces/cmake/export_more_interfaces__rosidl_generator_cppExport.cmake
[12.089s] -- Up-to-date: /home/tj/ros2_ws/install/more_interfaces/share/more_interfaces/cmake/export_more_interfaces__rosidl_typesupport_fastrtps_cppExport.cmake
[12.092s] -- Up-to-date: /home/tj/ros2_ws/install/more_interfaces/share/more_interfaces/cmake/export_more_interfaces__rosidl_typesupport_fastrtps_cppExport-noconfig.cmake
[12.092s] -- Up-to-date: /home/tj/ros2_ws/install/more_interfaces/share/more_interfaces/cmake/more_interfaces__rosidl_typesupport_introspection_cppExport.cmake
[12.115s] -- Up-to-date: /home/tj/ros2_ws/install/more_interfaces/share/more_interfaces/cmake/more_interfaces__rosidl_typesupport_introspection_cppExport-noconfig.cmake
[12.159s] -- Up-to-date: /home/tj/ros2_ws/install/more_interfaces/share/more_interfaces/cmake/more_interfaces__rosidl_typesupport_cppExport.cmake
[12.159s] -- Up-to-date: /home/tj/ros2_ws/install/more_interfaces/share/more_interfaces/cmake/more_interfaces__rosidl_typesupport_cppExport-noconfig.cmake
[12.160s] -- Up-to-date: /home/tj/ros2_ws/install/more_interfaces/share/more_interfaces/cmake/export_more_interfaces__rosidl_generator_pyExport.cmake
[12.160s] -- Up-to-date: /home/tj/ros2_ws/install/more_interfaces/share/more_interfaces/cmake/export_more_interfaces__rosidl_generator_pyExport-noconfig.cmake
[12.160s] -- Up-to-date: /home/tj/ros2_ws/install/more_interfaces/share/more_interfaces/cmake/rosidl_cmake-extras.cmake
[12.160s] -- Up-to-date: /home/tj/ros2_ws/install/more_interfaces/share/more_interfaces/cmake/ament_cmake_export_include_directories-extras.cmake
[12.160s] -- Up-to-date: /home/tj/ros2_ws/install/more_interfaces/share/more_interfaces/cmake/ament_cmake_export_libraries-extras.cmake
[12.160s] -- Up-to-date: /home/tj/ros2_ws/install/more_interfaces/share/more_interfaces/cmake/ament_cmake_export_targets-extras.cmake
[12.160s] -- Up-to-date: /home/tj/ros2_ws/install/more_interfaces/share/more_interfaces/cmake/rosidl_cmake_export_typesupport_targets-extras.cmake
[12.160s] -- Up-to-date: /home/tj/ros2_ws/install/more_interfaces/share/more_interfaces/cmake/ament_cmake_export_dependencies-extras.cmake
[12.160s] -- Up-to-date: /home/tj/ros2_ws/install/more_interfaces/share/more_interfaces/cmake/rosidl_cmake_export_typesupport_libraries-extras.cmake
[12.160s] -- Up-to-date: /home/tj/ros2_ws/install/more_interfaces/share/more_interfaces/cmake/more_interfacesConfig.cmake
[12.160s] -- Up-to-date: /home/tj/ros2_ws/install/more_interfaces/share/more_interfaces/cmake/more_interfacesConfig-version.cmake
[12.160s] -- Up-to-date: /home/tj/ros2_ws/install/more_interfaces/share/more_interfaces/package.xml
[12.618s] Invoked command in '/home/tj/ros2_ws/build/more_interfaces' returned '0': CMAKE_PREFIX_PATH=${CMAKE_PREFIX_PATH}:/home/tj/ros2_ws/install/python_parameters:/home/tj/ros2_ws/install/py_srvcli:/home/tj/ros2_ws/install/py_pubsub:/opt/ros/humble /usr/bin/cmake --install /home/tj/ros2_ws/build/more_interfaces
