[0.006s] Invoking command in '/home/tj/ros2_ws/build/turtlesim': CMAKE_PREFIX_PATH=/opt/ros/humble /usr/bin/cmake /home/tj/ros2_ws/src/ros_tutorials/turtlesim -DCMAKE_INSTALL_PREFIX=/home/tj/ros2_ws/install/turtlesim
[0.066s] -- The C compiler identification is GNU 11.4.0
[0.108s] -- The CXX compiler identification is GNU 11.4.0
[0.114s] -- Detecting C compiler ABI info
[0.179s] -- Detecting C compiler ABI info - done
[0.185s] -- Check for working C compiler: /usr/bin/cc - skipped
[0.185s] -- Detecting C compile features
[0.185s] -- Detecting C compile features - done
[0.187s] -- Detecting CXX compiler ABI info
[0.250s] -- Detecting CXX compiler ABI info - done
[0.256s] -- Check for working CXX compiler: /usr/bin/c++ - skipped
[0.257s] -- Detecting CXX compile features
[0.257s] -- Detecting CXX compile features - done
[0.257s] -- Found ament_cmake: 1.3.10 (/opt/ros/humble/share/ament_cmake/cmake)
[0.351s] -- Found Python3: /usr/bin/python3 (found version "3.10.12") found components: Interpreter 
[0.400s] -- Found ament_index_cpp: 1.4.0 (/opt/ros/humble/share/ament_index_cpp/cmake)
[0.412s] -- Found geometry_msgs: 4.2.4 (/opt/ros/humble/share/geometry_msgs/cmake)
[0.433s] -- Found rosidl_generator_c: 3.1.5 (/opt/ros/humble/share/rosidl_generator_c/cmake)
[0.435s] -- Found rosidl_adapter: 3.1.5 (/opt/ros/humble/share/rosidl_adapter/cmake)
[0.439s] -- Found rosidl_generator_cpp: 3.1.5 (/opt/ros/humble/share/rosidl_generator_cpp/cmake)
[0.445s] -- Using all available rosidl_typesupport_c: rosidl_typesupport_fastrtps_c;rosidl_typesupport_introspection_c
[0.454s] -- Using all available rosidl_typesupport_cpp: rosidl_typesupport_fastrtps_cpp;rosidl_typesupport_introspection_cpp
[0.535s] -- Found rclcpp: 16.0.10 (/opt/ros/humble/share/rclcpp/cmake)
[0.554s] -- Found rmw_implementation_cmake: 6.1.2 (/opt/ros/humble/share/rmw_implementation_cmake/cmake)
[0.555s] -- Found rmw_fastrtps_cpp: 6.2.7 (/opt/ros/humble/share/rmw_fastrtps_cpp/cmake)
[0.625s] -- Found OpenSSL: /usr/lib/x86_64-linux-gnu/libcrypto.so (found version "3.0.2")  
[0.640s] -- Found FastRTPS: /opt/ros/humble/include  
[0.664s] -- Using RMW implementation 'rmw_fastrtps_cpp' as default
[0.668s] -- Looking for pthread.h
[0.739s] -- Looking for pthread.h - found
[0.740s] -- Performing Test CMAKE_HAVE_LIBC_PTHREAD
[0.816s] -- Performing Test CMAKE_HAVE_LIBC_PTHREAD - Success
[0.816s] -- Found Threads: TRUE  
[0.856s] -- Found rclcpp_action: 16.0.10 (/opt/ros/humble/share/rclcpp_action/cmake)
[0.887s] -- Found rosidl_default_generators: 1.2.0 (/opt/ros/humble/share/rosidl_default_generators/cmake)
[0.901s] -- Found std_srvs: 4.2.4 (/opt/ros/humble/share/std_srvs/cmake)
[1.129s] -- Found ament_cmake_ros: 0.10.0 (/opt/ros/humble/share/ament_cmake_ros/cmake)
[1.367s] -- Using all available rosidl_typesupport_c: rosidl_typesupport_fastrtps_c;rosidl_typesupport_introspection_c
[1.457s] -- Using all available rosidl_typesupport_cpp: rosidl_typesupport_fastrtps_cpp;rosidl_typesupport_introspection_cpp
[1.474s] -- Found PythonInterp: /usr/bin/python3 (found suitable version "3.10.12", minimum required is "3.6") 
[1.476s] -- Found python_cmake_module: 0.10.0 (/opt/ros/humble/share/python_cmake_module/cmake)
[1.498s] -- Found PythonLibs: /usr/lib/x86_64-linux-gnu/libpython3.10.so (found suitable version "3.10.12", minimum required is "3.5") 
[1.498s] -- Using PYTHON_EXECUTABLE: /usr/bin/python3
[1.498s] -- Using PYTHON_INCLUDE_DIRS: /usr/include/python3.10
[1.498s] -- Using PYTHON_LIBRARIES: /usr/lib/x86_64-linux-gnu/libpython3.10.so
[1.513s] -- Found PythonExtra: .so  
[1.564s] -- Configuring done
[1.605s] -- Generating done
[1.607s] -- Build files have been written to: /home/tj/ros2_ws/build/turtlesim
[1.620s] Invoked command in '/home/tj/ros2_ws/build/turtlesim' returned '0': CMAKE_PREFIX_PATH=/opt/ros/humble /usr/bin/cmake /home/tj/ros2_ws/src/ros_tutorials/turtlesim -DCMAKE_INSTALL_PREFIX=/home/tj/ros2_ws/install/turtlesim
[1.623s] Invoking command in '/home/tj/ros2_ws/build/turtlesim': CMAKE_PREFIX_PATH=/opt/ros/humble /usr/bin/cmake --build /home/tj/ros2_ws/build/turtlesim -- -j8 -l8
[1.675s] [  1%] [34m[1mGenerating C code for ROS interfaces[0m
[1.684s] [  2%] [34m[1mGenerating C++ code for ROS interfaces[0m
[1.692s] [  2%] Built target ament_cmake_python_copy_turtlesim
[1.862s] running egg_info
[1.862s] creating turtlesim.egg-info
[1.862s] writing turtlesim.egg-info/PKG-INFO
[1.862s] writing dependency_links to turtlesim.egg-info/dependency_links.txt
[1.862s] writing top-level names to turtlesim.egg-info/top_level.txt
[1.863s] writing manifest file 'turtlesim.egg-info/SOURCES.txt'
[1.863s] reading manifest file 'turtlesim.egg-info/SOURCES.txt'
[1.863s] writing manifest file 'turtlesim.egg-info/SOURCES.txt'
[1.885s] [  2%] Built target ament_cmake_python_build_turtlesim_egg
[2.403s] [  2%] Built target turtlesim__cpp
[2.450s] [  4%] [34m[1mGenerating C++ type support for eProsima Fast-RTPS[0m
[2.450s] [  4%] [34m[1mGenerating C++ type support dispatch for ROS interfaces[0m
[2.450s] [  5%] [34m[1mGenerating C++ introspection for ROS interfaces[0m
[2.496s] [  6%] [32mBuilding C object CMakeFiles/turtlesim__rosidl_generator_c.dir/rosidl_generator_c/turtlesim/msg/detail/color__functions.c.o[0m
[2.500s] [  7%] [32mBuilding C object CMakeFiles/turtlesim__rosidl_generator_c.dir/rosidl_generator_c/turtlesim/srv/detail/kill__functions.c.o[0m
[2.502s] [  8%] [32mBuilding C object CMakeFiles/turtlesim__rosidl_generator_c.dir/rosidl_generator_c/turtlesim/action/detail/rotate_absolute__functions.c.o[0m
[2.523s] [  9%] [32mBuilding C object CMakeFiles/turtlesim__rosidl_generator_c.dir/rosidl_generator_c/turtlesim/msg/detail/pose__functions.c.o[0m
[2.529s] [ 10%] [32mBuilding C object CMakeFiles/turtlesim__rosidl_generator_c.dir/rosidl_generator_c/turtlesim/srv/detail/set_pen__functions.c.o[0m
[2.713s] [ 11%] [32mBuilding C object CMakeFiles/turtlesim__rosidl_generator_c.dir/rosidl_generator_c/turtlesim/srv/detail/spawn__functions.c.o[0m
[2.713s] [ 12%] [32mBuilding C object CMakeFiles/turtlesim__rosidl_generator_c.dir/rosidl_generator_c/turtlesim/srv/detail/teleport_relative__functions.c.o[0m
[2.713s] [ 13%] [32mBuilding C object CMakeFiles/turtlesim__rosidl_generator_c.dir/rosidl_generator_c/turtlesim/srv/detail/teleport_absolute__functions.c.o[0m
[2.888s] [ 14%] [32m[1mLinking C shared library libturtlesim__rosidl_generator_c.so[0m
[2.938s] [ 14%] Built target turtlesim__rosidl_generator_c
[2.953s] [ 15%] [34m[1mGenerating C type support for eProsima Fast-RTPS[0m
[2.953s] [ 16%] [34m[1mGenerating C type support dispatch for ROS interfaces[0m
[2.975s] [ 17%] [34m[1mGenerating C introspection for ROS interfaces[0m
[3.123s] [ 18%] [32mBuilding CXX object CMakeFiles/turtlesim__rosidl_typesupport_cpp.dir/rosidl_typesupport_cpp/turtlesim/msg/pose__type_support.cpp.o[0m
[3.123s] [ 20%] [32mBuilding CXX object CMakeFiles/turtlesim__rosidl_typesupport_cpp.dir/rosidl_typesupport_cpp/turtlesim/msg/color__type_support.cpp.o[0m
[3.123s] [ 20%] [32mBuilding CXX object CMakeFiles/turtlesim__rosidl_typesupport_cpp.dir/rosidl_typesupport_cpp/turtlesim/action/rotate_absolute__type_support.cpp.o[0m
[3.364s] [ 21%] [32mBuilding CXX object CMakeFiles/turtlesim__rosidl_typesupport_introspection_cpp.dir/rosidl_typesupport_introspection_cpp/turtlesim/action/detail/rotate_absolute__type_support.cpp.o[0m
[3.365s] [ 22%] [32mBuilding CXX object CMakeFiles/turtlesim__rosidl_typesupport_cpp.dir/rosidl_typesupport_cpp/turtlesim/srv/kill__type_support.cpp.o[0m
[3.476s] [ 23%] [32mBuilding CXX object CMakeFiles/turtlesim__rosidl_typesupport_introspection_cpp.dir/rosidl_typesupport_introspection_cpp/turtlesim/msg/detail/color__type_support.cpp.o[0m
[3.555s] [ 24%] [32mBuilding CXX object CMakeFiles/turtlesim__rosidl_typesupport_fastrtps_cpp.dir/rosidl_typesupport_fastrtps_cpp/turtlesim/action/detail/dds_fastrtps/rotate_absolute__type_support.cpp.o[0m
[3.570s] [ 25%] [32mBuilding CXX object CMakeFiles/turtlesim__rosidl_typesupport_cpp.dir/rosidl_typesupport_cpp/turtlesim/srv/set_pen__type_support.cpp.o[0m
[3.586s] [ 26%] [32mBuilding CXX object CMakeFiles/turtlesim__rosidl_typesupport_cpp.dir/rosidl_typesupport_cpp/turtlesim/srv/spawn__type_support.cpp.o[0m
[3.604s] [ 27%] [32mBuilding CXX object CMakeFiles/turtlesim__rosidl_typesupport_c.dir/rosidl_typesupport_c/turtlesim/action/rotate_absolute__type_support.cpp.o[0m
[3.655s] [ 28%] [32mBuilding CXX object CMakeFiles/turtlesim__rosidl_typesupport_c.dir/rosidl_typesupport_c/turtlesim/msg/color__type_support.cpp.o[0m
[3.680s] [ 29%] [32mBuilding CXX object CMakeFiles/turtlesim__rosidl_typesupport_c.dir/rosidl_typesupport_c/turtlesim/msg/pose__type_support.cpp.o[0m
[3.704s] [ 30%] [32mBuilding CXX object CMakeFiles/turtlesim__rosidl_typesupport_c.dir/rosidl_typesupport_c/turtlesim/srv/kill__type_support.cpp.o[0m
[3.733s] [ 31%] [32mBuilding CXX object CMakeFiles/turtlesim__rosidl_typesupport_c.dir/rosidl_typesupport_c/turtlesim/srv/set_pen__type_support.cpp.o[0m
[3.766s] [ 32%] [32mBuilding CXX object CMakeFiles/turtlesim__rosidl_typesupport_fastrtps_c.dir/rosidl_typesupport_fastrtps_c/turtlesim/action/detail/rotate_absolute__type_support_c.cpp.o[0m
[3.785s] [ 33%] [32mBuilding CXX object CMakeFiles/turtlesim__rosidl_typesupport_c.dir/rosidl_typesupport_c/turtlesim/srv/spawn__type_support.cpp.o[0m
[3.889s] [ 34%] [32mBuilding CXX object CMakeFiles/turtlesim__rosidl_typesupport_introspection_cpp.dir/rosidl_typesupport_introspection_cpp/turtlesim/msg/detail/pose__type_support.cpp.o[0m
[3.889s] [ 35%] [32mBuilding CXX object CMakeFiles/turtlesim__rosidl_typesupport_introspection_cpp.dir/rosidl_typesupport_introspection_cpp/turtlesim/srv/detail/kill__type_support.cpp.o[0m
[3.891s] [ 36%] [32mBuilding CXX object CMakeFiles/turtlesim__rosidl_typesupport_c.dir/rosidl_typesupport_c/turtlesim/srv/teleport_absolute__type_support.cpp.o[0m
[3.919s] [ 37%] [32mBuilding CXX object CMakeFiles/turtlesim__rosidl_typesupport_cpp.dir/rosidl_typesupport_cpp/turtlesim/srv/teleport_absolute__type_support.cpp.o[0m
[3.934s] [ 38%] [32mBuilding CXX object CMakeFiles/turtlesim__rosidl_typesupport_c.dir/rosidl_typesupport_c/turtlesim/srv/teleport_relative__type_support.cpp.o[0m
[3.942s] [ 39%] [32mBuilding C object CMakeFiles/turtlesim__rosidl_typesupport_introspection_c.dir/rosidl_typesupport_introspection_c/turtlesim/action/detail/rotate_absolute__type_support.c.o[0m
[3.968s] [ 40%] [32m[1mLinking CXX shared library libturtlesim__rosidl_typesupport_c.so[0m
[3.974s] [ 41%] [32mBuilding CXX object CMakeFiles/turtlesim__rosidl_typesupport_introspection_cpp.dir/rosidl_typesupport_introspection_cpp/turtlesim/srv/detail/set_pen__type_support.cpp.o[0m
[4.023s] [ 41%] Built target turtlesim__rosidl_typesupport_c
[4.030s] [ 42%] [32mBuilding C object CMakeFiles/turtlesim__rosidl_typesupport_introspection_c.dir/rosidl_typesupport_introspection_c/turtlesim/msg/detail/color__type_support.c.o[0m
[4.033s] [ 43%] [32mBuilding CXX object CMakeFiles/turtlesim__rosidl_typesupport_fastrtps_cpp.dir/rosidl_typesupport_fastrtps_cpp/turtlesim/msg/detail/dds_fastrtps/color__type_support.cpp.o[0m
[4.039s] [ 44%] [32mBuilding C object CMakeFiles/turtlesim__rosidl_typesupport_introspection_c.dir/rosidl_typesupport_introspection_c/turtlesim/msg/detail/pose__type_support.c.o[0m
[4.062s] [ 45%] [32mBuilding C object CMakeFiles/turtlesim__rosidl_typesupport_introspection_c.dir/rosidl_typesupport_introspection_c/turtlesim/srv/detail/kill__type_support.c.o[0m
[4.097s] [ 46%] [32mBuilding CXX object CMakeFiles/turtlesim__rosidl_typesupport_cpp.dir/rosidl_typesupport_cpp/turtlesim/srv/teleport_relative__type_support.cpp.o[0m
[4.112s] [ 47%] [32mBuilding C object CMakeFiles/turtlesim__rosidl_typesupport_introspection_c.dir/rosidl_typesupport_introspection_c/turtlesim/srv/detail/set_pen__type_support.c.o[0m
[4.123s] [ 48%] [32mBuilding CXX object CMakeFiles/turtlesim__rosidl_typesupport_fastrtps_cpp.dir/rosidl_typesupport_fastrtps_cpp/turtlesim/msg/detail/dds_fastrtps/pose__type_support.cpp.o[0m
[4.182s] [ 49%] [32mBuilding C object CMakeFiles/turtlesim__rosidl_typesupport_introspection_c.dir/rosidl_typesupport_introspection_c/turtlesim/srv/detail/spawn__type_support.c.o[0m
[4.290s] [ 50%] [32mBuilding C object CMakeFiles/turtlesim__rosidl_typesupport_introspection_c.dir/rosidl_typesupport_introspection_c/turtlesim/srv/detail/teleport_absolute__type_support.c.o[0m
[4.310s] [ 51%] [32mBuilding CXX object CMakeFiles/turtlesim__rosidl_typesupport_fastrtps_c.dir/rosidl_typesupport_fastrtps_c/turtlesim/msg/detail/color__type_support_c.cpp.o[0m
[4.315s] [ 52%] [32mBuilding CXX object CMakeFiles/turtlesim__rosidl_typesupport_fastrtps_c.dir/rosidl_typesupport_fastrtps_c/turtlesim/msg/detail/pose__type_support_c.cpp.o[0m
[4.373s] [ 53%] [32mBuilding C object CMakeFiles/turtlesim__rosidl_typesupport_introspection_c.dir/rosidl_typesupport_introspection_c/turtlesim/srv/detail/teleport_relative__type_support.c.o[0m
[4.379s] [ 54%] [32mBuilding CXX object CMakeFiles/turtlesim__rosidl_typesupport_introspection_cpp.dir/rosidl_typesupport_introspection_cpp/turtlesim/srv/detail/spawn__type_support.cpp.o[0m
[4.431s] [ 55%] [32mBuilding CXX object CMakeFiles/turtlesim__rosidl_typesupport_introspection_cpp.dir/rosidl_typesupport_introspection_cpp/turtlesim/srv/detail/teleport_absolute__type_support.cpp.o[0m
[4.439s] [ 56%] [32m[1mLinking C shared library libturtlesim__rosidl_typesupport_introspection_c.so[0m
[4.446s] [ 57%] [32m[1mLinking CXX shared library libturtlesim__rosidl_typesupport_cpp.so[0m
[4.478s] [ 58%] [32mBuilding CXX object CMakeFiles/turtlesim__rosidl_typesupport_introspection_cpp.dir/rosidl_typesupport_introspection_cpp/turtlesim/srv/detail/teleport_relative__type_support.cpp.o[0m
[4.506s] [ 58%] Built target turtlesim__rosidl_typesupport_cpp
[4.515s] [ 59%] [32mBuilding CXX object CMakeFiles/turtlesim__rosidl_typesupport_fastrtps_cpp.dir/rosidl_typesupport_fastrtps_cpp/turtlesim/srv/detail/dds_fastrtps/kill__type_support.cpp.o[0m
[4.557s] [ 60%] [32mBuilding CXX object CMakeFiles/turtlesim__rosidl_typesupport_fastrtps_c.dir/rosidl_typesupport_fastrtps_c/turtlesim/srv/detail/kill__type_support_c.cpp.o[0m
[4.559s] [ 61%] [32mBuilding CXX object CMakeFiles/turtlesim__rosidl_typesupport_fastrtps_cpp.dir/rosidl_typesupport_fastrtps_cpp/turtlesim/srv/detail/dds_fastrtps/set_pen__type_support.cpp.o[0m
[4.571s] [ 61%] Built target turtlesim__rosidl_typesupport_introspection_c
[4.592s] [ 62%] [34m[1mGenerating include/turtlesim/moc_turtle_frame.cpp[0m
[4.745s] [ 63%] [32mBuilding CXX object CMakeFiles/turtlesim__rosidl_typesupport_fastrtps_c.dir/rosidl_typesupport_fastrtps_c/turtlesim/srv/detail/set_pen__type_support_c.cpp.o[0m
[4.795s] [ 64%] [32mBuilding CXX object CMakeFiles/turtlesim__rosidl_typesupport_fastrtps_c.dir/rosidl_typesupport_fastrtps_c/turtlesim/srv/detail/spawn__type_support_c.cpp.o[0m
[4.815s] [ 65%] [32mBuilding CXX object CMakeFiles/turtlesim__rosidl_typesupport_fastrtps_c.dir/rosidl_typesupport_fastrtps_c/turtlesim/srv/detail/teleport_absolute__type_support_c.cpp.o[0m
[4.886s] [ 66%] [32mBuilding CXX object CMakeFiles/turtlesim__rosidl_typesupport_fastrtps_c.dir/rosidl_typesupport_fastrtps_c/turtlesim/srv/detail/teleport_relative__type_support_c.cpp.o[0m
[4.902s] [ 67%] [32mBuilding CXX object CMakeFiles/turtlesim_node.dir/src/turtlesim.cpp.o[0m
[4.982s] [ 68%] [32m[1mLinking CXX shared library libturtlesim__rosidl_typesupport_introspection_cpp.so[0m
[5.022s] [ 69%] [32mBuilding CXX object CMakeFiles/turtlesim__rosidl_typesupport_fastrtps_cpp.dir/rosidl_typesupport_fastrtps_cpp/turtlesim/srv/detail/dds_fastrtps/spawn__type_support.cpp.o[0m
[5.108s] [ 70%] [32mBuilding CXX object CMakeFiles/turtlesim_node.dir/src/turtle.cpp.o[0m
[5.335s] [ 70%] Built target turtlesim__rosidl_typesupport_introspection_cpp
[5.416s] [ 72%] [32mBuilding CXX object CMakeFiles/draw_square.dir/tutorials/draw_square.cpp.o[0m
[5.416s] [ 72%] [32mBuilding CXX object CMakeFiles/turtle_teleop_key.dir/tutorials/teleop_turtle_key.cpp.o[0m
[5.427s] [ 73%] [32mBuilding CXX object CMakeFiles/turtlesim_node.dir/src/turtle_frame.cpp.o[0m
[5.441s] [ 74%] [32mBuilding CXX object CMakeFiles/mimic.dir/tutorials/mimic.cpp.o[0m
[5.537s] [ 75%] [32m[1mLinking CXX shared library libturtlesim__rosidl_typesupport_fastrtps_c.so[0m
[5.584s] [ 76%] [32mBuilding CXX object CMakeFiles/turtlesim__rosidl_typesupport_fastrtps_cpp.dir/rosidl_typesupport_fastrtps_cpp/turtlesim/srv/detail/dds_fastrtps/teleport_absolute__type_support.cpp.o[0m
[5.655s] [ 76%] Built target turtlesim__rosidl_typesupport_fastrtps_c
[5.684s] [ 77%] [32mBuilding CXX object CMakeFiles/turtlesim_node.dir/include/turtlesim/moc_turtle_frame.cpp.o[0m
[6.010s] [ 78%] [32mBuilding CXX object CMakeFiles/turtlesim__rosidl_typesupport_fastrtps_cpp.dir/rosidl_typesupport_fastrtps_cpp/turtlesim/srv/detail/dds_fastrtps/teleport_relative__type_support.cpp.o[0m
[6.989s] [ 79%] [32m[1mLinking CXX shared library libturtlesim__rosidl_typesupport_fastrtps_cpp.so[0m
[7.123s] [ 79%] Built target turtlesim__rosidl_typesupport_fastrtps_cpp
[7.254s] [ 79%] Built target turtlesim
[7.298s] [ 80%] [34m[1mGenerating Python code for ROS interfaces[0m
[9.219s] [ 80%] Built target turtlesim__py
[9.266s] [ 81%] [32mBuilding C object CMakeFiles/turtlesim__rosidl_generator_py.dir/rosidl_generator_py/turtlesim/action/_rotate_absolute_s.c.o[0m
[9.590s] [ 82%] [32mBuilding C object CMakeFiles/turtlesim__rosidl_generator_py.dir/rosidl_generator_py/turtlesim/msg/_color_s.c.o[0m
[9.693s] [ 83%] [32mBuilding C object CMakeFiles/turtlesim__rosidl_generator_py.dir/rosidl_generator_py/turtlesim/msg/_pose_s.c.o[0m
[9.788s] [ 84%] [32mBuilding C object CMakeFiles/turtlesim__rosidl_generator_py.dir/rosidl_generator_py/turtlesim/srv/_kill_s.c.o[0m
[9.896s] [ 86%] [32mBuilding C object CMakeFiles/turtlesim__rosidl_generator_py.dir/rosidl_generator_py/turtlesim/srv/_spawn_s.c.o[0m
[9.897s] [ 86%] [32mBuilding C object CMakeFiles/turtlesim__rosidl_generator_py.dir/rosidl_generator_py/turtlesim/srv/_set_pen_s.c.o[0m
[10.072s] [ 87%] [32mBuilding C object CMakeFiles/turtlesim__rosidl_generator_py.dir/rosidl_generator_py/turtlesim/srv/_teleport_absolute_s.c.o[0m
[10.100s] [ 88%] [32mBuilding C object CMakeFiles/turtlesim__rosidl_generator_py.dir/rosidl_generator_py/turtlesim/srv/_teleport_relative_s.c.o[0m
[10.248s] [ 89%] [32m[1mLinking C shared library rosidl_generator_py/turtlesim/libturtlesim__rosidl_generator_py.so[0m
[10.304s] [ 89%] Built target turtlesim__rosidl_generator_py
[10.349s] [ 90%] [32mBuilding C object CMakeFiles/turtlesim__rosidl_typesupport_fastrtps_c__pyext.dir/rosidl_generator_py/turtlesim/_turtlesim_s.ep.rosidl_typesupport_fastrtps_c.c.o[0m
[10.355s] [ 91%] [32mBuilding C object CMakeFiles/turtlesim__rosidl_typesupport_c__pyext.dir/rosidl_generator_py/turtlesim/_turtlesim_s.ep.rosidl_typesupport_c.c.o[0m
[10.355s] [ 92%] [32mBuilding C object CMakeFiles/turtlesim__rosidl_typesupport_introspection_c__pyext.dir/rosidl_generator_py/turtlesim/_turtlesim_s.ep.rosidl_typesupport_introspection_c.c.o[0m
[10.486s] [ 93%] [32m[1mLinking C shared library rosidl_generator_py/turtlesim/turtlesim_s__rosidl_typesupport_introspection_c.cpython-310-x86_64-linux-gnu.so[0m
[10.491s] [ 94%] [32m[1mLinking C shared library rosidl_generator_py/turtlesim/turtlesim_s__rosidl_typesupport_c.cpython-310-x86_64-linux-gnu.so[0m
[10.506s] [ 95%] [32m[1mLinking C shared library rosidl_generator_py/turtlesim/turtlesim_s__rosidl_typesupport_fastrtps_c.cpython-310-x86_64-linux-gnu.so[0m
[10.542s] [ 95%] Built target turtlesim__rosidl_typesupport_c__pyext
[10.556s] [ 95%] Built target turtlesim__rosidl_typesupport_introspection_c__pyext
[10.562s] [ 95%] Built target turtlesim__rosidl_typesupport_fastrtps_c__pyext
[11.731s] [ 96%] [32m[1mLinking CXX executable turtle_teleop_key[0m
[12.180s] [ 96%] Built target turtle_teleop_key
[14.430s] [ 97%] [32m[1mLinking CXX executable draw_square[0m
[14.923s] [ 98%] [32m[1mLinking CXX executable mimic[0m
[15.042s] [ 98%] Built target draw_square
[15.286s] [ 98%] Built target mimic
[18.012s] [100%] [32m[1mLinking CXX executable turtlesim_node[0m
[19.820s] [100%] Built target turtlesim_node
[19.836s] Invoked command in '/home/tj/ros2_ws/build/turtlesim' returned '0': CMAKE_PREFIX_PATH=/opt/ros/humble /usr/bin/cmake --build /home/tj/ros2_ws/build/turtlesim -- -j8 -l8
[20.284s] Invoking command in '/home/tj/ros2_ws/build/turtlesim': CMAKE_PREFIX_PATH=/opt/ros/humble /usr/bin/cmake --install /home/tj/ros2_ws/build/turtlesim
[20.295s] -- Install configuration: ""
[20.297s] -- Installing: /home/tj/ros2_ws/install/turtlesim/share/ament_index/resource_index/rosidl_interfaces/turtlesim
[20.297s] -- Installing: /home/tj/ros2_ws/install/turtlesim/include/turtlesim/turtlesim
[20.297s] -- Installing: /home/tj/ros2_ws/install/turtlesim/include/turtlesim/turtlesim/srv
[20.297s] -- Installing: /home/tj/ros2_ws/install/turtlesim/include/turtlesim/turtlesim/srv/kill.h
[20.297s] -- Installing: /home/tj/ros2_ws/install/turtlesim/include/turtlesim/turtlesim/srv/teleport_absolute.h
[20.297s] -- Installing: /home/tj/ros2_ws/install/turtlesim/include/turtlesim/turtlesim/srv/detail
[20.297s] -- Installing: /home/tj/ros2_ws/install/turtlesim/include/turtlesim/turtlesim/srv/detail/teleport_relative__type_support.h
[20.297s] -- Installing: /home/tj/ros2_ws/install/turtlesim/include/turtlesim/turtlesim/srv/detail/set_pen__functions.c
[20.297s] -- Installing: /home/tj/ros2_ws/install/turtlesim/include/turtlesim/turtlesim/srv/detail/teleport_absolute__type_support.h
[20.297s] -- Installing: /home/tj/ros2_ws/install/turtlesim/include/turtlesim/turtlesim/srv/detail/set_pen__type_support.h
[20.297s] -- Installing: /home/tj/ros2_ws/install/turtlesim/include/turtlesim/turtlesim/srv/detail/spawn__functions.c
[20.297s] -- Installing: /home/tj/ros2_ws/install/turtlesim/include/turtlesim/turtlesim/srv/detail/spawn__struct.h
[20.297s] -- Installing: /home/tj/ros2_ws/install/turtlesim/include/turtlesim/turtlesim/srv/detail/teleport_relative__functions.c
[20.297s] -- Installing: /home/tj/ros2_ws/install/turtlesim/include/turtlesim/turtlesim/srv/detail/kill__functions.c
[20.297s] -- Installing: /home/tj/ros2_ws/install/turtlesim/include/turtlesim/turtlesim/srv/detail/teleport_absolute__functions.h
[20.297s] -- Installing: /home/tj/ros2_ws/install/turtlesim/include/turtlesim/turtlesim/srv/detail/kill__struct.h
[20.297s] -- Installing: /home/tj/ros2_ws/install/turtlesim/include/turtlesim/turtlesim/srv/detail/spawn__functions.h
[20.297s] -- Installing: /home/tj/ros2_ws/install/turtlesim/include/turtlesim/turtlesim/srv/detail/teleport_absolute__struct.h
[20.297s] -- Installing: /home/tj/ros2_ws/install/turtlesim/include/turtlesim/turtlesim/srv/detail/kill__type_support.h
[20.297s] -- Installing: /home/tj/ros2_ws/install/turtlesim/include/turtlesim/turtlesim/srv/detail/teleport_relative__functions.h
[20.297s] -- Installing: /home/tj/ros2_ws/install/turtlesim/include/turtlesim/turtlesim/srv/detail/spawn__type_support.h
[20.297s] -- Installing: /home/tj/ros2_ws/install/turtlesim/include/turtlesim/turtlesim/srv/detail/kill__functions.h
[20.297s] -- Installing: /home/tj/ros2_ws/install/turtlesim/include/turtlesim/turtlesim/srv/detail/teleport_relative__struct.h
[20.297s] -- Installing: /home/tj/ros2_ws/install/turtlesim/include/turtlesim/turtlesim/srv/detail/set_pen__functions.h
[20.297s] -- Installing: /home/tj/ros2_ws/install/turtlesim/include/turtlesim/turtlesim/srv/detail/teleport_absolute__functions.c
[20.297s] -- Installing: /home/tj/ros2_ws/install/turtlesim/include/turtlesim/turtlesim/srv/detail/set_pen__struct.h
[20.297s] -- Installing: /home/tj/ros2_ws/install/turtlesim/include/turtlesim/turtlesim/srv/spawn.h
[20.297s] -- Installing: /home/tj/ros2_ws/install/turtlesim/include/turtlesim/turtlesim/srv/set_pen.h
[20.297s] -- Installing: /home/tj/ros2_ws/install/turtlesim/include/turtlesim/turtlesim/srv/teleport_relative.h
[20.297s] -- Installing: /home/tj/ros2_ws/install/turtlesim/include/turtlesim/turtlesim/msg
[20.297s] -- Installing: /home/tj/ros2_ws/install/turtlesim/include/turtlesim/turtlesim/msg/rosidl_generator_c__visibility_control.h
[20.297s] -- Installing: /home/tj/ros2_ws/install/turtlesim/include/turtlesim/turtlesim/msg/color.h
[20.297s] -- Installing: /home/tj/ros2_ws/install/turtlesim/include/turtlesim/turtlesim/msg/pose.h
[20.297s] -- Installing: /home/tj/ros2_ws/install/turtlesim/include/turtlesim/turtlesim/msg/detail
[20.298s] -- Installing: /home/tj/ros2_ws/install/turtlesim/include/turtlesim/turtlesim/msg/detail/color__type_support.h
[20.298s] -- Installing: /home/tj/ros2_ws/install/turtlesim/include/turtlesim/turtlesim/msg/detail/pose__type_support.h
[20.298s] -- Installing: /home/tj/ros2_ws/install/turtlesim/include/turtlesim/turtlesim/msg/detail/color__functions.h
[20.298s] -- Installing: /home/tj/ros2_ws/install/turtlesim/include/turtlesim/turtlesim/msg/detail/pose__struct.h
[20.298s] -- Installing: /home/tj/ros2_ws/install/turtlesim/include/turtlesim/turtlesim/msg/detail/pose__functions.c
[20.298s] -- Installing: /home/tj/ros2_ws/install/turtlesim/include/turtlesim/turtlesim/msg/detail/color__struct.h
[20.298s] -- Installing: /home/tj/ros2_ws/install/turtlesim/include/turtlesim/turtlesim/msg/detail/color__functions.c
[20.298s] -- Installing: /home/tj/ros2_ws/install/turtlesim/include/turtlesim/turtlesim/msg/detail/pose__functions.h
[20.298s] -- Installing: /home/tj/ros2_ws/install/turtlesim/include/turtlesim/turtlesim/action
[20.298s] -- Installing: /home/tj/ros2_ws/install/turtlesim/include/turtlesim/turtlesim/action/detail
[20.298s] -- Installing: /home/tj/ros2_ws/install/turtlesim/include/turtlesim/turtlesim/action/detail/rotate_absolute__struct.h
[20.298s] -- Installing: /home/tj/ros2_ws/install/turtlesim/include/turtlesim/turtlesim/action/detail/rotate_absolute__type_support.h
[20.298s] -- Installing: /home/tj/ros2_ws/install/turtlesim/include/turtlesim/turtlesim/action/detail/rotate_absolute__functions.h
[20.298s] -- Installing: /home/tj/ros2_ws/install/turtlesim/include/turtlesim/turtlesim/action/detail/rotate_absolute__functions.c
[20.298s] -- Installing: /home/tj/ros2_ws/install/turtlesim/include/turtlesim/turtlesim/action/rotate_absolute.h
[20.298s] -- Installing: /home/tj/ros2_ws/install/turtlesim/share/turtlesim/environment/library_path.sh
[20.298s] -- Installing: /home/tj/ros2_ws/install/turtlesim/share/turtlesim/environment/library_path.dsv
[20.298s] -- Installing: /home/tj/ros2_ws/install/turtlesim/lib/libturtlesim__rosidl_generator_c.so
[20.298s] -- Set runtime path of "/home/tj/ros2_ws/install/turtlesim/lib/libturtlesim__rosidl_generator_c.so" to ""
[20.298s] -- Up-to-date: /home/tj/ros2_ws/install/turtlesim/include/turtlesim/turtlesim
[20.298s] -- Up-to-date: /home/tj/ros2_ws/install/turtlesim/include/turtlesim/turtlesim/srv
[20.298s] -- Up-to-date: /home/tj/ros2_ws/install/turtlesim/include/turtlesim/turtlesim/srv/detail
[20.298s] -- Installing: /home/tj/ros2_ws/install/turtlesim/include/turtlesim/turtlesim/srv/detail/kill__rosidl_typesupport_fastrtps_c.h
[20.298s] -- Installing: /home/tj/ros2_ws/install/turtlesim/include/turtlesim/turtlesim/srv/detail/teleport_relative__rosidl_typesupport_fastrtps_c.h
[20.298s] -- Installing: /home/tj/ros2_ws/install/turtlesim/include/turtlesim/turtlesim/srv/detail/set_pen__rosidl_typesupport_fastrtps_c.h
[20.298s] -- Installing: /home/tj/ros2_ws/install/turtlesim/include/turtlesim/turtlesim/srv/detail/spawn__rosidl_typesupport_fastrtps_c.h
[20.298s] -- Installing: /home/tj/ros2_ws/install/turtlesim/include/turtlesim/turtlesim/srv/detail/teleport_absolute__rosidl_typesupport_fastrtps_c.h
[20.298s] -- Up-to-date: /home/tj/ros2_ws/install/turtlesim/include/turtlesim/turtlesim/msg
[20.298s] -- Installing: /home/tj/ros2_ws/install/turtlesim/include/turtlesim/turtlesim/msg/rosidl_typesupport_fastrtps_c__visibility_control.h
[20.299s] -- Up-to-date: /home/tj/ros2_ws/install/turtlesim/include/turtlesim/turtlesim/msg/detail
[20.299s] -- Installing: /home/tj/ros2_ws/install/turtlesim/include/turtlesim/turtlesim/msg/detail/pose__rosidl_typesupport_fastrtps_c.h
[20.299s] -- Installing: /home/tj/ros2_ws/install/turtlesim/include/turtlesim/turtlesim/msg/detail/color__rosidl_typesupport_fastrtps_c.h
[20.299s] -- Up-to-date: /home/tj/ros2_ws/install/turtlesim/include/turtlesim/turtlesim/action
[20.299s] -- Up-to-date: /home/tj/ros2_ws/install/turtlesim/include/turtlesim/turtlesim/action/detail
[20.299s] -- Installing: /home/tj/ros2_ws/install/turtlesim/include/turtlesim/turtlesim/action/detail/rotate_absolute__rosidl_typesupport_fastrtps_c.h
[20.299s] -- Installing: /home/tj/ros2_ws/install/turtlesim/lib/libturtlesim__rosidl_typesupport_fastrtps_c.so
[20.299s] -- Set runtime path of "/home/tj/ros2_ws/install/turtlesim/lib/libturtlesim__rosidl_typesupport_fastrtps_c.so" to ""
[20.299s] -- Up-to-date: /home/tj/ros2_ws/install/turtlesim/include/turtlesim/turtlesim
[20.299s] -- Up-to-date: /home/tj/ros2_ws/install/turtlesim/include/turtlesim/turtlesim/srv
[20.299s] -- Installing: /home/tj/ros2_ws/install/turtlesim/include/turtlesim/turtlesim/srv/kill.hpp
[20.299s] -- Installing: /home/tj/ros2_ws/install/turtlesim/include/turtlesim/turtlesim/srv/set_pen.hpp
[20.299s] -- Up-to-date: /home/tj/ros2_ws/install/turtlesim/include/turtlesim/turtlesim/srv/detail
[20.299s] -- Installing: /home/tj/ros2_ws/install/turtlesim/include/turtlesim/turtlesim/srv/detail/teleport_relative__traits.hpp
[20.299s] -- Installing: /home/tj/ros2_ws/install/turtlesim/include/turtlesim/turtlesim/srv/detail/set_pen__struct.hpp
[20.299s] -- Installing: /home/tj/ros2_ws/install/turtlesim/include/turtlesim/turtlesim/srv/detail/spawn__builder.hpp
[20.299s] -- Installing: /home/tj/ros2_ws/install/turtlesim/include/turtlesim/turtlesim/srv/detail/kill__struct.hpp
[20.299s] -- Installing: /home/tj/ros2_ws/install/turtlesim/include/turtlesim/turtlesim/srv/detail/set_pen__builder.hpp
[20.299s] -- Installing: /home/tj/ros2_ws/install/turtlesim/include/turtlesim/turtlesim/srv/detail/spawn__traits.hpp
[20.299s] -- Installing: /home/tj/ros2_ws/install/turtlesim/include/turtlesim/turtlesim/srv/detail/spawn__struct.hpp
[20.299s] -- Installing: /home/tj/ros2_ws/install/turtlesim/include/turtlesim/turtlesim/srv/detail/teleport_absolute__traits.hpp
[20.299s] -- Installing: /home/tj/ros2_ws/install/turtlesim/include/turtlesim/turtlesim/srv/detail/set_pen__traits.hpp
[20.299s] -- Installing: /home/tj/ros2_ws/install/turtlesim/include/turtlesim/turtlesim/srv/detail/kill__traits.hpp
[20.299s] -- Installing: /home/tj/ros2_ws/install/turtlesim/include/turtlesim/turtlesim/srv/detail/teleport_relative__builder.hpp
[20.299s] -- Installing: /home/tj/ros2_ws/install/turtlesim/include/turtlesim/turtlesim/srv/detail/teleport_relative__struct.hpp
[20.299s] -- Installing: /home/tj/ros2_ws/install/turtlesim/include/turtlesim/turtlesim/srv/detail/teleport_absolute__builder.hpp
[20.299s] -- Installing: /home/tj/ros2_ws/install/turtlesim/include/turtlesim/turtlesim/srv/detail/teleport_absolute__struct.hpp
[20.299s] -- Installing: /home/tj/ros2_ws/install/turtlesim/include/turtlesim/turtlesim/srv/detail/kill__builder.hpp
[20.299s] -- Installing: /home/tj/ros2_ws/install/turtlesim/include/turtlesim/turtlesim/srv/spawn.hpp
[20.299s] -- Installing: /home/tj/ros2_ws/install/turtlesim/include/turtlesim/turtlesim/srv/teleport_relative.hpp
[20.300s] -- Installing: /home/tj/ros2_ws/install/turtlesim/include/turtlesim/turtlesim/srv/teleport_absolute.hpp
[20.300s] -- Up-to-date: /home/tj/ros2_ws/install/turtlesim/include/turtlesim/turtlesim/msg
[20.300s] -- Installing: /home/tj/ros2_ws/install/turtlesim/include/turtlesim/turtlesim/msg/pose.hpp
[20.300s] -- Installing: /home/tj/ros2_ws/install/turtlesim/include/turtlesim/turtlesim/msg/color.hpp
[20.300s] -- Up-to-date: /home/tj/ros2_ws/install/turtlesim/include/turtlesim/turtlesim/msg/detail
[20.300s] -- Installing: /home/tj/ros2_ws/install/turtlesim/include/turtlesim/turtlesim/msg/detail/pose__builder.hpp
[20.300s] -- Installing: /home/tj/ros2_ws/install/turtlesim/include/turtlesim/turtlesim/msg/detail/pose__struct.hpp
[20.300s] -- Installing: /home/tj/ros2_ws/install/turtlesim/include/turtlesim/turtlesim/msg/detail/color__builder.hpp
[20.300s] -- Installing: /home/tj/ros2_ws/install/turtlesim/include/turtlesim/turtlesim/msg/detail/pose__traits.hpp
[20.300s] -- Installing: /home/tj/ros2_ws/install/turtlesim/include/turtlesim/turtlesim/msg/detail/color__struct.hpp
[20.300s] -- Installing: /home/tj/ros2_ws/install/turtlesim/include/turtlesim/turtlesim/msg/detail/color__traits.hpp
[20.300s] -- Up-to-date: /home/tj/ros2_ws/install/turtlesim/include/turtlesim/turtlesim/action
[20.300s] -- Up-to-date: /home/tj/ros2_ws/install/turtlesim/include/turtlesim/turtlesim/action/detail
[20.300s] -- Installing: /home/tj/ros2_ws/install/turtlesim/include/turtlesim/turtlesim/action/detail/rotate_absolute__struct.hpp
[20.300s] -- Installing: /home/tj/ros2_ws/install/turtlesim/include/turtlesim/turtlesim/action/detail/rotate_absolute__traits.hpp
[20.300s] -- Installing: /home/tj/ros2_ws/install/turtlesim/include/turtlesim/turtlesim/action/detail/rotate_absolute__builder.hpp
[20.300s] -- Installing: /home/tj/ros2_ws/install/turtlesim/include/turtlesim/turtlesim/action/rotate_absolute.hpp
[20.300s] -- Up-to-date: /home/tj/ros2_ws/install/turtlesim/include/turtlesim/turtlesim
[20.300s] -- Up-to-date: /home/tj/ros2_ws/install/turtlesim/include/turtlesim/turtlesim/srv
[20.300s] -- Up-to-date: /home/tj/ros2_ws/install/turtlesim/include/turtlesim/turtlesim/srv/detail
[20.300s] -- Installing: /home/tj/ros2_ws/install/turtlesim/include/turtlesim/turtlesim/srv/detail/teleport_absolute__rosidl_typesupport_fastrtps_cpp.hpp
[20.300s] -- Installing: /home/tj/ros2_ws/install/turtlesim/include/turtlesim/turtlesim/srv/detail/dds_fastrtps
[20.300s] -- Installing: /home/tj/ros2_ws/install/turtlesim/include/turtlesim/turtlesim/srv/detail/teleport_relative__rosidl_typesupport_fastrtps_cpp.hpp
[20.300s] -- Installing: /home/tj/ros2_ws/install/turtlesim/include/turtlesim/turtlesim/srv/detail/spawn__rosidl_typesupport_fastrtps_cpp.hpp
[20.300s] -- Installing: /home/tj/ros2_ws/install/turtlesim/include/turtlesim/turtlesim/srv/detail/set_pen__rosidl_typesupport_fastrtps_cpp.hpp
[20.300s] -- Installing: /home/tj/ros2_ws/install/turtlesim/include/turtlesim/turtlesim/srv/detail/kill__rosidl_typesupport_fastrtps_cpp.hpp
[20.301s] -- Up-to-date: /home/tj/ros2_ws/install/turtlesim/include/turtlesim/turtlesim/msg
[20.301s] -- Installing: /home/tj/ros2_ws/install/turtlesim/include/turtlesim/turtlesim/msg/rosidl_typesupport_fastrtps_cpp__visibility_control.h
[20.301s] -- Up-to-date: /home/tj/ros2_ws/install/turtlesim/include/turtlesim/turtlesim/msg/detail
[20.301s] -- Installing: /home/tj/ros2_ws/install/turtlesim/include/turtlesim/turtlesim/msg/detail/dds_fastrtps
[20.301s] -- Installing: /home/tj/ros2_ws/install/turtlesim/include/turtlesim/turtlesim/msg/detail/color__rosidl_typesupport_fastrtps_cpp.hpp
[20.301s] -- Installing: /home/tj/ros2_ws/install/turtlesim/include/turtlesim/turtlesim/msg/detail/pose__rosidl_typesupport_fastrtps_cpp.hpp
[20.301s] -- Up-to-date: /home/tj/ros2_ws/install/turtlesim/include/turtlesim/turtlesim/action
[20.301s] -- Up-to-date: /home/tj/ros2_ws/install/turtlesim/include/turtlesim/turtlesim/action/detail
[20.301s] -- Installing: /home/tj/ros2_ws/install/turtlesim/include/turtlesim/turtlesim/action/detail/dds_fastrtps
[20.301s] -- Installing: /home/tj/ros2_ws/install/turtlesim/include/turtlesim/turtlesim/action/detail/rotate_absolute__rosidl_typesupport_fastrtps_cpp.hpp
[20.301s] -- Installing: /home/tj/ros2_ws/install/turtlesim/lib/libturtlesim__rosidl_typesupport_fastrtps_cpp.so
[20.301s] -- Set runtime path of "/home/tj/ros2_ws/install/turtlesim/lib/libturtlesim__rosidl_typesupport_fastrtps_cpp.so" to ""
[20.301s] -- Up-to-date: /home/tj/ros2_ws/install/turtlesim/include/turtlesim/turtlesim
[20.301s] -- Up-to-date: /home/tj/ros2_ws/install/turtlesim/include/turtlesim/turtlesim/srv
[20.302s] -- Up-to-date: /home/tj/ros2_ws/install/turtlesim/include/turtlesim/turtlesim/srv/detail
[20.302s] -- Installing: /home/tj/ros2_ws/install/turtlesim/include/turtlesim/turtlesim/srv/detail/teleport_relative__type_support.c
[20.302s] -- Installing: /home/tj/ros2_ws/install/turtlesim/include/turtlesim/turtlesim/srv/detail/spawn__type_support.c
[20.302s] -- Installing: /home/tj/ros2_ws/install/turtlesim/include/turtlesim/turtlesim/srv/detail/teleport_absolute__rosidl_typesupport_introspection_c.h
[20.302s] -- Installing: /home/tj/ros2_ws/install/turtlesim/include/turtlesim/turtlesim/srv/detail/spawn__rosidl_typesupport_introspection_c.h
[20.302s] -- Installing: /home/tj/ros2_ws/install/turtlesim/include/turtlesim/turtlesim/srv/detail/teleport_relative__rosidl_typesupport_introspection_c.h
[20.302s] -- Installing: /home/tj/ros2_ws/install/turtlesim/include/turtlesim/turtlesim/srv/detail/set_pen__rosidl_typesupport_introspection_c.h
[20.302s] -- Installing: /home/tj/ros2_ws/install/turtlesim/include/turtlesim/turtlesim/srv/detail/teleport_absolute__type_support.c
[20.303s] -- Installing: /home/tj/ros2_ws/install/turtlesim/include/turtlesim/turtlesim/srv/detail/kill__rosidl_typesupport_introspection_c.h
[20.303s] -- Installing: /home/tj/ros2_ws/install/turtlesim/include/turtlesim/turtlesim/srv/detail/set_pen__type_support.c
[20.303s] -- Installing: /home/tj/ros2_ws/install/turtlesim/include/turtlesim/turtlesim/srv/detail/kill__type_support.c
[20.303s] -- Up-to-date: /home/tj/ros2_ws/install/turtlesim/include/turtlesim/turtlesim/msg
[20.303s] -- Up-to-date: /home/tj/ros2_ws/install/turtlesim/include/turtlesim/turtlesim/msg/detail
[20.303s] -- Installing: /home/tj/ros2_ws/install/turtlesim/include/turtlesim/turtlesim/msg/detail/pose__rosidl_typesupport_introspection_c.h
[20.303s] -- Installing: /home/tj/ros2_ws/install/turtlesim/include/turtlesim/turtlesim/msg/detail/color__type_support.c
[20.303s] -- Installing: /home/tj/ros2_ws/install/turtlesim/include/turtlesim/turtlesim/msg/detail/pose__type_support.c
[20.303s] -- Installing: /home/tj/ros2_ws/install/turtlesim/include/turtlesim/turtlesim/msg/detail/color__rosidl_typesupport_introspection_c.h
[20.303s] -- Installing: /home/tj/ros2_ws/install/turtlesim/include/turtlesim/turtlesim/msg/rosidl_typesupport_introspection_c__visibility_control.h
[20.304s] -- Up-to-date: /home/tj/ros2_ws/install/turtlesim/include/turtlesim/turtlesim/action
[20.304s] -- Up-to-date: /home/tj/ros2_ws/install/turtlesim/include/turtlesim/turtlesim/action/detail
[20.304s] -- Installing: /home/tj/ros2_ws/install/turtlesim/include/turtlesim/turtlesim/action/detail/rotate_absolute__rosidl_typesupport_introspection_c.h
[20.304s] -- Installing: /home/tj/ros2_ws/install/turtlesim/include/turtlesim/turtlesim/action/detail/rotate_absolute__type_support.c
[20.304s] -- Installing: /home/tj/ros2_ws/install/turtlesim/lib/libturtlesim__rosidl_typesupport_introspection_c.so
[20.304s] -- Set runtime path of "/home/tj/ros2_ws/install/turtlesim/lib/libturtlesim__rosidl_typesupport_introspection_c.so" to ""
[20.304s] -- Installing: /home/tj/ros2_ws/install/turtlesim/lib/libturtlesim__rosidl_typesupport_c.so
[20.304s] -- Set runtime path of "/home/tj/ros2_ws/install/turtlesim/lib/libturtlesim__rosidl_typesupport_c.so" to ""
[20.304s] -- Up-to-date: /home/tj/ros2_ws/install/turtlesim/include/turtlesim/turtlesim
[20.304s] -- Up-to-date: /home/tj/ros2_ws/install/turtlesim/include/turtlesim/turtlesim/srv
[20.304s] -- Up-to-date: /home/tj/ros2_ws/install/turtlesim/include/turtlesim/turtlesim/srv/detail
[20.304s] -- Installing: /home/tj/ros2_ws/install/turtlesim/include/turtlesim/turtlesim/srv/detail/teleport_absolute__type_support.cpp
[20.304s] -- Installing: /home/tj/ros2_ws/install/turtlesim/include/turtlesim/turtlesim/srv/detail/teleport_relative__rosidl_typesupport_introspection_cpp.hpp
[20.304s] -- Installing: /home/tj/ros2_ws/install/turtlesim/include/turtlesim/turtlesim/srv/detail/teleport_absolute__rosidl_typesupport_introspection_cpp.hpp
[20.304s] -- Installing: /home/tj/ros2_ws/install/turtlesim/include/turtlesim/turtlesim/srv/detail/teleport_relative__type_support.cpp
[20.304s] -- Installing: /home/tj/ros2_ws/install/turtlesim/include/turtlesim/turtlesim/srv/detail/kill__rosidl_typesupport_introspection_cpp.hpp
[20.305s] -- Installing: /home/tj/ros2_ws/install/turtlesim/include/turtlesim/turtlesim/srv/detail/set_pen__rosidl_typesupport_introspection_cpp.hpp
[20.305s] -- Installing: /home/tj/ros2_ws/install/turtlesim/include/turtlesim/turtlesim/srv/detail/set_pen__type_support.cpp
[20.305s] -- Installing: /home/tj/ros2_ws/install/turtlesim/include/turtlesim/turtlesim/srv/detail/kill__type_support.cpp
[20.305s] -- Installing: /home/tj/ros2_ws/install/turtlesim/include/turtlesim/turtlesim/srv/detail/spawn__type_support.cpp
[20.305s] -- Installing: /home/tj/ros2_ws/install/turtlesim/include/turtlesim/turtlesim/srv/detail/spawn__rosidl_typesupport_introspection_cpp.hpp
[20.305s] -- Up-to-date: /home/tj/ros2_ws/install/turtlesim/include/turtlesim/turtlesim/msg
[20.305s] -- Up-to-date: /home/tj/ros2_ws/install/turtlesim/include/turtlesim/turtlesim/msg/detail
[20.305s] -- Installing: /home/tj/ros2_ws/install/turtlesim/include/turtlesim/turtlesim/msg/detail/color__type_support.cpp
[20.305s] -- Installing: /home/tj/ros2_ws/install/turtlesim/include/turtlesim/turtlesim/msg/detail/pose__rosidl_typesupport_introspection_cpp.hpp
[20.305s] -- Installing: /home/tj/ros2_ws/install/turtlesim/include/turtlesim/turtlesim/msg/detail/color__rosidl_typesupport_introspection_cpp.hpp
[20.306s] -- Installing: /home/tj/ros2_ws/install/turtlesim/include/turtlesim/turtlesim/msg/detail/pose__type_support.cpp
[20.306s] -- Up-to-date: /home/tj/ros2_ws/install/turtlesim/include/turtlesim/turtlesim/action
[20.306s] -- Up-to-date: /home/tj/ros2_ws/install/turtlesim/include/turtlesim/turtlesim/action/detail
[20.306s] -- Installing: /home/tj/ros2_ws/install/turtlesim/include/turtlesim/turtlesim/action/detail/rotate_absolute__type_support.cpp
[20.306s] -- Installing: /home/tj/ros2_ws/install/turtlesim/include/turtlesim/turtlesim/action/detail/rotate_absolute__rosidl_typesupport_introspection_cpp.hpp
[20.306s] -- Installing: /home/tj/ros2_ws/install/turtlesim/lib/libturtlesim__rosidl_typesupport_introspection_cpp.so
[20.306s] -- Set runtime path of "/home/tj/ros2_ws/install/turtlesim/lib/libturtlesim__rosidl_typesupport_introspection_cpp.so" to ""
[20.306s] -- Installing: /home/tj/ros2_ws/install/turtlesim/lib/libturtlesim__rosidl_typesupport_cpp.so
[20.306s] -- Set runtime path of "/home/tj/ros2_ws/install/turtlesim/lib/libturtlesim__rosidl_typesupport_cpp.so" to ""
[20.306s] -- Installing: /home/tj/ros2_ws/install/turtlesim/share/turtlesim/environment/pythonpath.sh
[20.306s] -- Installing: /home/tj/ros2_ws/install/turtlesim/share/turtlesim/environment/pythonpath.dsv
[20.306s] -- Installing: /home/tj/ros2_ws/install/turtlesim/local/lib/python3.10/dist-packages/turtlesim-1.4.2-py3.10.egg-info
[20.307s] -- Installing: /home/tj/ros2_ws/install/turtlesim/local/lib/python3.10/dist-packages/turtlesim-1.4.2-py3.10.egg-info/top_level.txt
[20.307s] -- Installing: /home/tj/ros2_ws/install/turtlesim/local/lib/python3.10/dist-packages/turtlesim-1.4.2-py3.10.egg-info/PKG-INFO
[20.307s] -- Installing: /home/tj/ros2_ws/install/turtlesim/local/lib/python3.10/dist-packages/turtlesim-1.4.2-py3.10.egg-info/dependency_links.txt
[20.309s] -- Installing: /home/tj/ros2_ws/install/turtlesim/local/lib/python3.10/dist-packages/turtlesim-1.4.2-py3.10.egg-info/SOURCES.txt
[20.309s] -- Installing: /home/tj/ros2_ws/install/turtlesim/local/lib/python3.10/dist-packages/turtlesim
[20.309s] -- Installing: /home/tj/ros2_ws/install/turtlesim/local/lib/python3.10/dist-packages/turtlesim/__init__.py
[20.309s] -- Installing: /home/tj/ros2_ws/install/turtlesim/local/lib/python3.10/dist-packages/turtlesim/_turtlesim_s.ep.rosidl_typesupport_introspection_c.c
[20.309s] -- Installing: /home/tj/ros2_ws/install/turtlesim/local/lib/python3.10/dist-packages/turtlesim/srv
[20.309s] -- Installing: /home/tj/ros2_ws/install/turtlesim/local/lib/python3.10/dist-packages/turtlesim/srv/__init__.py
[20.309s] -- Installing: /home/tj/ros2_ws/install/turtlesim/local/lib/python3.10/dist-packages/turtlesim/srv/_spawn_s.c
[20.309s] -- Installing: /home/tj/ros2_ws/install/turtlesim/local/lib/python3.10/dist-packages/turtlesim/srv/_teleport_absolute.py
[20.309s] -- Installing: /home/tj/ros2_ws/install/turtlesim/local/lib/python3.10/dist-packages/turtlesim/srv/_set_pen_s.c
[20.309s] -- Installing: /home/tj/ros2_ws/install/turtlesim/local/lib/python3.10/dist-packages/turtlesim/srv/_teleport_absolute_s.c
[20.309s] -- Installing: /home/tj/ros2_ws/install/turtlesim/local/lib/python3.10/dist-packages/turtlesim/srv/_teleport_relative_s.c
[20.309s] -- Installing: /home/tj/ros2_ws/install/turtlesim/local/lib/python3.10/dist-packages/turtlesim/srv/_spawn.py
[20.309s] -- Installing: /home/tj/ros2_ws/install/turtlesim/local/lib/python3.10/dist-packages/turtlesim/srv/_teleport_relative.py
[20.309s] -- Installing: /home/tj/ros2_ws/install/turtlesim/local/lib/python3.10/dist-packages/turtlesim/srv/_kill_s.c
[20.309s] -- Installing: /home/tj/ros2_ws/install/turtlesim/local/lib/python3.10/dist-packages/turtlesim/srv/_kill.py
[20.309s] -- Installing: /home/tj/ros2_ws/install/turtlesim/local/lib/python3.10/dist-packages/turtlesim/srv/_set_pen.py
[20.309s] -- Installing: /home/tj/ros2_ws/install/turtlesim/local/lib/python3.10/dist-packages/turtlesim/turtlesim_s__rosidl_typesupport_introspection_c.cpython-310-x86_64-linux-gnu.so
[20.309s] -- Installing: /home/tj/ros2_ws/install/turtlesim/local/lib/python3.10/dist-packages/turtlesim/_turtlesim_s.ep.rosidl_typesupport_c.c
[20.309s] -- Installing: /home/tj/ros2_ws/install/turtlesim/local/lib/python3.10/dist-packages/turtlesim/turtlesim_s__rosidl_typesupport_fastrtps_c.cpython-310-x86_64-linux-gnu.so
[20.309s] -- Installing: /home/tj/ros2_ws/install/turtlesim/local/lib/python3.10/dist-packages/turtlesim/msg
[20.310s] -- Installing: /home/tj/ros2_ws/install/turtlesim/local/lib/python3.10/dist-packages/turtlesim/msg/__init__.py
[20.310s] -- Installing: /home/tj/ros2_ws/install/turtlesim/local/lib/python3.10/dist-packages/turtlesim/msg/_pose_s.c
[20.310s] -- Installing: /home/tj/ros2_ws/install/turtlesim/local/lib/python3.10/dist-packages/turtlesim/msg/_color.py
[20.310s] -- Installing: /home/tj/ros2_ws/install/turtlesim/local/lib/python3.10/dist-packages/turtlesim/msg/_pose.py
[20.310s] -- Installing: /home/tj/ros2_ws/install/turtlesim/local/lib/python3.10/dist-packages/turtlesim/msg/_color_s.c
[20.310s] -- Installing: /home/tj/ros2_ws/install/turtlesim/local/lib/python3.10/dist-packages/turtlesim/turtlesim_s__rosidl_typesupport_c.cpython-310-x86_64-linux-gnu.so
[20.310s] -- Installing: /home/tj/ros2_ws/install/turtlesim/local/lib/python3.10/dist-packages/turtlesim/libturtlesim__rosidl_generator_py.so
[20.310s] -- Installing: /home/tj/ros2_ws/install/turtlesim/local/lib/python3.10/dist-packages/turtlesim/action
[20.310s] -- Installing: /home/tj/ros2_ws/install/turtlesim/local/lib/python3.10/dist-packages/turtlesim/action/__init__.py
[20.310s] -- Installing: /home/tj/ros2_ws/install/turtlesim/local/lib/python3.10/dist-packages/turtlesim/action/_rotate_absolute_s.c
[20.310s] -- Installing: /home/tj/ros2_ws/install/turtlesim/local/lib/python3.10/dist-packages/turtlesim/action/_rotate_absolute.py
[20.310s] -- Installing: /home/tj/ros2_ws/install/turtlesim/local/lib/python3.10/dist-packages/turtlesim/_turtlesim_s.ep.rosidl_typesupport_fastrtps_c.c
[20.347s] Listing '/home/tj/ros2_ws/install/turtlesim/local/lib/python3.10/dist-packages/turtlesim'...
[20.347s] Compiling '/home/tj/ros2_ws/install/turtlesim/local/lib/python3.10/dist-packages/turtlesim/__init__.py'...
[20.347s] Listing '/home/tj/ros2_ws/install/turtlesim/local/lib/python3.10/dist-packages/turtlesim/action'...
[20.347s] Compiling '/home/tj/ros2_ws/install/turtlesim/local/lib/python3.10/dist-packages/turtlesim/action/__init__.py'...
[20.347s] Compiling '/home/tj/ros2_ws/install/turtlesim/local/lib/python3.10/dist-packages/turtlesim/action/_rotate_absolute.py'...
[20.347s] Listing '/home/tj/ros2_ws/install/turtlesim/local/lib/python3.10/dist-packages/turtlesim/msg'...
[20.347s] Compiling '/home/tj/ros2_ws/install/turtlesim/local/lib/python3.10/dist-packages/turtlesim/msg/__init__.py'...
[20.347s] Compiling '/home/tj/ros2_ws/install/turtlesim/local/lib/python3.10/dist-packages/turtlesim/msg/_color.py'...
[20.347s] Compiling '/home/tj/ros2_ws/install/turtlesim/local/lib/python3.10/dist-packages/turtlesim/msg/_pose.py'...
[20.347s] Listing '/home/tj/ros2_ws/install/turtlesim/local/lib/python3.10/dist-packages/turtlesim/srv'...
[20.347s] Compiling '/home/tj/ros2_ws/install/turtlesim/local/lib/python3.10/dist-packages/turtlesim/srv/__init__.py'...
[20.347s] Compiling '/home/tj/ros2_ws/install/turtlesim/local/lib/python3.10/dist-packages/turtlesim/srv/_kill.py'...
[20.347s] Compiling '/home/tj/ros2_ws/install/turtlesim/local/lib/python3.10/dist-packages/turtlesim/srv/_set_pen.py'...
[20.347s] Compiling '/home/tj/ros2_ws/install/turtlesim/local/lib/python3.10/dist-packages/turtlesim/srv/_spawn.py'...
[20.347s] Compiling '/home/tj/ros2_ws/install/turtlesim/local/lib/python3.10/dist-packages/turtlesim/srv/_teleport_absolute.py'...
[20.347s] Compiling '/home/tj/ros2_ws/install/turtlesim/local/lib/python3.10/dist-packages/turtlesim/srv/_teleport_relative.py'...
[20.351s] -- Installing: /home/tj/ros2_ws/install/turtlesim/local/lib/python3.10/dist-packages/turtlesim/turtlesim_s__rosidl_typesupport_fastrtps_c.cpython-310-x86_64-linux-gnu.so
[20.351s] -- Set runtime path of "/home/tj/ros2_ws/install/turtlesim/local/lib/python3.10/dist-packages/turtlesim/turtlesim_s__rosidl_typesupport_fastrtps_c.cpython-310-x86_64-linux-gnu.so" to ""
[20.351s] -- Installing: /home/tj/ros2_ws/install/turtlesim/local/lib/python3.10/dist-packages/turtlesim/turtlesim_s__rosidl_typesupport_introspection_c.cpython-310-x86_64-linux-gnu.so
[20.352s] -- Set runtime path of "/home/tj/ros2_ws/install/turtlesim/local/lib/python3.10/dist-packages/turtlesim/turtlesim_s__rosidl_typesupport_introspection_c.cpython-310-x86_64-linux-gnu.so" to ""
[20.352s] -- Installing: /home/tj/ros2_ws/install/turtlesim/local/lib/python3.10/dist-packages/turtlesim/turtlesim_s__rosidl_typesupport_c.cpython-310-x86_64-linux-gnu.so
[20.352s] -- Set runtime path of "/home/tj/ros2_ws/install/turtlesim/local/lib/python3.10/dist-packages/turtlesim/turtlesim_s__rosidl_typesupport_c.cpython-310-x86_64-linux-gnu.so" to ""
[20.352s] -- Installing: /home/tj/ros2_ws/install/turtlesim/lib/libturtlesim__rosidl_generator_py.so
[20.353s] -- Set runtime path of "/home/tj/ros2_ws/install/turtlesim/lib/libturtlesim__rosidl_generator_py.so" to ""
[20.353s] -- Installing: /home/tj/ros2_ws/install/turtlesim/share/turtlesim/action/RotateAbsolute.idl
[20.353s] -- Installing: /home/tj/ros2_ws/install/turtlesim/share/turtlesim/msg/Color.idl
[20.353s] -- Installing: /home/tj/ros2_ws/install/turtlesim/share/turtlesim/msg/Pose.idl
[20.353s] -- Installing: /home/tj/ros2_ws/install/turtlesim/share/turtlesim/srv/Kill.idl
[20.353s] -- Installing: /home/tj/ros2_ws/install/turtlesim/share/turtlesim/srv/SetPen.idl
[20.353s] -- Installing: /home/tj/ros2_ws/install/turtlesim/share/turtlesim/srv/Spawn.idl
[20.353s] -- Installing: /home/tj/ros2_ws/install/turtlesim/share/turtlesim/srv/TeleportAbsolute.idl
[20.353s] -- Installing: /home/tj/ros2_ws/install/turtlesim/share/turtlesim/srv/TeleportRelative.idl
[20.353s] -- Installing: /home/tj/ros2_ws/install/turtlesim/share/turtlesim/action/RotateAbsolute.action
[20.354s] -- Installing: /home/tj/ros2_ws/install/turtlesim/share/turtlesim/msg/Color.msg
[20.354s] -- Installing: /home/tj/ros2_ws/install/turtlesim/share/turtlesim/msg/Pose.msg
[20.354s] -- Installing: /home/tj/ros2_ws/install/turtlesim/share/turtlesim/srv/Kill.srv
[20.354s] -- Installing: /home/tj/ros2_ws/install/turtlesim/share/turtlesim/srv/Kill_Request.msg
[20.354s] -- Installing: /home/tj/ros2_ws/install/turtlesim/share/turtlesim/srv/Kill_Response.msg
[20.354s] -- Installing: /home/tj/ros2_ws/install/turtlesim/share/turtlesim/srv/SetPen.srv
[20.354s] -- Installing: /home/tj/ros2_ws/install/turtlesim/share/turtlesim/srv/SetPen_Request.msg
[20.354s] -- Installing: /home/tj/ros2_ws/install/turtlesim/share/turtlesim/srv/SetPen_Response.msg
[20.354s] -- Installing: /home/tj/ros2_ws/install/turtlesim/share/turtlesim/srv/Spawn.srv
[20.355s] -- Installing: /home/tj/ros2_ws/install/turtlesim/share/turtlesim/srv/Spawn_Request.msg
[20.355s] -- Installing: /home/tj/ros2_ws/install/turtlesim/share/turtlesim/srv/Spawn_Response.msg
[20.355s] -- Installing: /home/tj/ros2_ws/install/turtlesim/share/turtlesim/srv/TeleportAbsolute.srv
[20.355s] -- Installing: /home/tj/ros2_ws/install/turtlesim/share/turtlesim/srv/TeleportAbsolute_Request.msg
[20.355s] -- Installing: /home/tj/ros2_ws/install/turtlesim/share/turtlesim/srv/TeleportAbsolute_Response.msg
[20.355s] -- Installing: /home/tj/ros2_ws/install/turtlesim/share/turtlesim/srv/TeleportRelative.srv
[20.355s] -- Installing: /home/tj/ros2_ws/install/turtlesim/share/turtlesim/srv/TeleportRelative_Request.msg
[20.355s] -- Installing: /home/tj/ros2_ws/install/turtlesim/share/turtlesim/srv/TeleportRelative_Response.msg
[20.355s] -- Installing: /home/tj/ros2_ws/install/turtlesim/lib/turtlesim/turtlesim_node
[20.360s] -- Set runtime path of "/home/tj/ros2_ws/install/turtlesim/lib/turtlesim/turtlesim_node" to ""
[20.360s] -- Installing: /home/tj/ros2_ws/install/turtlesim/lib/turtlesim/turtle_teleop_key
[20.361s] -- Set runtime path of "/home/tj/ros2_ws/install/turtlesim/lib/turtlesim/turtle_teleop_key" to ""
[20.361s] -- Installing: /home/tj/ros2_ws/install/turtlesim/lib/turtlesim/draw_square
[20.363s] -- Set runtime path of "/home/tj/ros2_ws/install/turtlesim/lib/turtlesim/draw_square" to ""
[20.363s] -- Installing: /home/tj/ros2_ws/install/turtlesim/lib/turtlesim/mimic
[20.365s] -- Set runtime path of "/home/tj/ros2_ws/install/turtlesim/lib/turtlesim/mimic" to ""
[20.365s] -- Installing: /home/tj/ros2_ws/install/turtlesim/share/turtlesim/images
[20.365s] -- Installing: /home/tj/ros2_ws/install/turtlesim/share/turtlesim/images/galactic.png
[20.365s] -- Installing: /home/tj/ros2_ws/install/turtlesim/share/turtlesim/images/crystal.png
[20.365s] -- Installing: /home/tj/ros2_ws/install/turtlesim/share/turtlesim/images/foxy.png
[20.366s] -- Installing: /home/tj/ros2_ws/install/turtlesim/share/turtlesim/images/rolling.png
[20.366s] -- Installing: /home/tj/ros2_ws/install/turtlesim/share/turtlesim/images/bouncy.png
[20.366s] -- Installing: /home/tj/ros2_ws/install/turtlesim/share/turtlesim/images/humble.png
[20.366s] -- Installing: /home/tj/ros2_ws/install/turtlesim/share/turtlesim/images/eloquent.png
[20.366s] -- Installing: /home/tj/ros2_ws/install/turtlesim/share/turtlesim/images/ardent.png
[20.366s] -- Installing: /home/tj/ros2_ws/install/turtlesim/share/turtlesim/images/dashing.png
[20.366s] -- Installing: /home/tj/ros2_ws/install/turtlesim/share/turtlesim/launch
[20.366s] -- Installing: /home/tj/ros2_ws/install/turtlesim/share/turtlesim/launch/multisim.launch.py
[20.366s] -- Installing: /home/tj/ros2_ws/install/turtlesim/share/ament_index/resource_index/package_run_dependencies/turtlesim
[20.366s] -- Installing: /home/tj/ros2_ws/install/turtlesim/share/ament_index/resource_index/parent_prefix_path/turtlesim
[20.366s] -- Installing: /home/tj/ros2_ws/install/turtlesim/share/turtlesim/environment/ament_prefix_path.sh
[20.366s] -- Installing: /home/tj/ros2_ws/install/turtlesim/share/turtlesim/environment/ament_prefix_path.dsv
[20.367s] -- Installing: /home/tj/ros2_ws/install/turtlesim/share/turtlesim/environment/path.sh
[20.367s] -- Installing: /home/tj/ros2_ws/install/turtlesim/share/turtlesim/environment/path.dsv
[20.367s] -- Installing: /home/tj/ros2_ws/install/turtlesim/share/turtlesim/local_setup.bash
[20.367s] -- Installing: /home/tj/ros2_ws/install/turtlesim/share/turtlesim/local_setup.sh
[20.367s] -- Installing: /home/tj/ros2_ws/install/turtlesim/share/turtlesim/local_setup.zsh
[20.367s] -- Installing: /home/tj/ros2_ws/install/turtlesim/share/turtlesim/local_setup.dsv
[20.367s] -- Installing: /home/tj/ros2_ws/install/turtlesim/share/turtlesim/package.dsv
[20.367s] -- Installing: /home/tj/ros2_ws/install/turtlesim/share/ament_index/resource_index/packages/turtlesim
[20.367s] -- Installing: /home/tj/ros2_ws/install/turtlesim/share/turtlesim/cmake/export_turtlesim__rosidl_generator_cExport.cmake
[20.367s] -- Installing: /home/tj/ros2_ws/install/turtlesim/share/turtlesim/cmake/export_turtlesim__rosidl_generator_cExport-noconfig.cmake
[20.368s] -- Installing: /home/tj/ros2_ws/install/turtlesim/share/turtlesim/cmake/export_turtlesim__rosidl_typesupport_fastrtps_cExport.cmake
[20.368s] -- Installing: /home/tj/ros2_ws/install/turtlesim/share/turtlesim/cmake/export_turtlesim__rosidl_typesupport_fastrtps_cExport-noconfig.cmake
[20.368s] -- Installing: /home/tj/ros2_ws/install/turtlesim/share/turtlesim/cmake/export_turtlesim__rosidl_generator_cppExport.cmake
[20.368s] -- Installing: /home/tj/ros2_ws/install/turtlesim/share/turtlesim/cmake/export_turtlesim__rosidl_typesupport_fastrtps_cppExport.cmake
[20.368s] -- Installing: /home/tj/ros2_ws/install/turtlesim/share/turtlesim/cmake/export_turtlesim__rosidl_typesupport_fastrtps_cppExport-noconfig.cmake
[20.368s] -- Installing: /home/tj/ros2_ws/install/turtlesim/share/turtlesim/cmake/turtlesim__rosidl_typesupport_introspection_cExport.cmake
[20.368s] -- Installing: /home/tj/ros2_ws/install/turtlesim/share/turtlesim/cmake/turtlesim__rosidl_typesupport_introspection_cExport-noconfig.cmake
[20.368s] -- Installing: /home/tj/ros2_ws/install/turtlesim/share/turtlesim/cmake/turtlesim__rosidl_typesupport_cExport.cmake
[20.368s] -- Installing: /home/tj/ros2_ws/install/turtlesim/share/turtlesim/cmake/turtlesim__rosidl_typesupport_cExport-noconfig.cmake
[20.368s] -- Installing: /home/tj/ros2_ws/install/turtlesim/share/turtlesim/cmake/turtlesim__rosidl_typesupport_introspection_cppExport.cmake
[20.369s] -- Installing: /home/tj/ros2_ws/install/turtlesim/share/turtlesim/cmake/turtlesim__rosidl_typesupport_introspection_cppExport-noconfig.cmake
[20.369s] -- Installing: /home/tj/ros2_ws/install/turtlesim/share/turtlesim/cmake/turtlesim__rosidl_typesupport_cppExport.cmake
[20.369s] -- Installing: /home/tj/ros2_ws/install/turtlesim/share/turtlesim/cmake/turtlesim__rosidl_typesupport_cppExport-noconfig.cmake
[20.369s] -- Installing: /home/tj/ros2_ws/install/turtlesim/share/turtlesim/cmake/export_turtlesim__rosidl_generator_pyExport.cmake
[20.369s] -- Installing: /home/tj/ros2_ws/install/turtlesim/share/turtlesim/cmake/export_turtlesim__rosidl_generator_pyExport-noconfig.cmake
[20.369s] -- Installing: /home/tj/ros2_ws/install/turtlesim/share/turtlesim/cmake/rosidl_cmake-extras.cmake
[20.369s] -- Installing: /home/tj/ros2_ws/install/turtlesim/share/turtlesim/cmake/ament_cmake_export_dependencies-extras.cmake
[20.369s] -- Installing: /home/tj/ros2_ws/install/turtlesim/share/turtlesim/cmake/ament_cmake_export_include_directories-extras.cmake
[20.369s] -- Installing: /home/tj/ros2_ws/install/turtlesim/share/turtlesim/cmake/ament_cmake_export_libraries-extras.cmake
[20.369s] -- Installing: /home/tj/ros2_ws/install/turtlesim/share/turtlesim/cmake/ament_cmake_export_targets-extras.cmake
[20.370s] -- Installing: /home/tj/ros2_ws/install/turtlesim/share/turtlesim/cmake/rosidl_cmake_export_typesupport_targets-extras.cmake
[20.370s] -- Installing: /home/tj/ros2_ws/install/turtlesim/share/turtlesim/cmake/rosidl_cmake_export_typesupport_libraries-extras.cmake
[20.370s] -- Installing: /home/tj/ros2_ws/install/turtlesim/share/turtlesim/cmake/turtlesimConfig.cmake
[20.370s] -- Installing: /home/tj/ros2_ws/install/turtlesim/share/turtlesim/cmake/turtlesimConfig-version.cmake
[20.370s] -- Installing: /home/tj/ros2_ws/install/turtlesim/share/turtlesim/package.xml
[20.373s] Invoked command in '/home/tj/ros2_ws/build/turtlesim' returned '0': CMAKE_PREFIX_PATH=/opt/ros/humble /usr/bin/cmake --install /home/tj/ros2_ws/build/turtlesim
