[0.686s] Invoking command in '/home/tj/ros2_ws/build/tutorial_interfaces': CMAKE_PREFIX_PATH=/opt/ros/humble /usr/bin/cmake --build /home/tj/ros2_ws/build/tutorial_interfaces -- -j8 -l8
[5.410s] [  2%] Built target tutorial_interfaces__cpp
[5.410s] [ 12%] Built target tutorial_interfaces__rosidl_generator_c
[5.410s] [ 12%] Built target ament_cmake_python_copy_tutorial_interfaces
[5.410s] [ 23%] Built target tutorial_interfaces__rosidl_typesupport_introspection_cpp
[5.580s] [ 34%] Built target tutorial_interfaces__rosidl_typesupport_fastrtps_cpp
[5.583s] [ 44%] Built target tutorial_interfaces__rosidl_typesupport_fastrtps_c
[5.583s] [ 55%] Built target tutorial_interfaces__rosidl_typesupport_cpp
[5.583s] [ 65%] Built target tutorial_interfaces__rosidl_typesupport_c
[5.583s] [ 76%] Built target tutorial_interfaces__rosidl_typesupport_introspection_c
[5.583s] [ 76%] Built target tutorial_interfaces
[5.583s] [ 78%] Built target tutorial_interfaces__py
[5.584s] [ 87%] Built target tutorial_interfaces__rosidl_generator_py
[5.584s] [ 91%] Built target tutorial_interfaces__rosidl_typesupport_c__pyext
[5.602s] [ 95%] Built target tutorial_interfaces__rosidl_typesupport_fastrtps_c__pyext
[5.647s] [100%] Built target tutorial_interfaces__rosidl_typesupport_introspection_c__pyext
[5.686s] running egg_info
[5.705s] writing tutorial_interfaces.egg-info/PKG-INFO
[5.705s] writing dependency_links to tutorial_interfaces.egg-info/dependency_links.txt
[5.705s] writing top-level names to tutorial_interfaces.egg-info/top_level.txt
[5.705s] reading manifest file 'tutorial_interfaces.egg-info/SOURCES.txt'
[5.705s] writing manifest file 'tutorial_interfaces.egg-info/SOURCES.txt'
[5.773s] [100%] Built target ament_cmake_python_build_tutorial_interfaces_egg
[6.683s] Invoked command in '/home/tj/ros2_ws/build/tutorial_interfaces' returned '0': CMAKE_PREFIX_PATH=/opt/ros/humble /usr/bin/cmake --build /home/tj/ros2_ws/build/tutorial_interfaces -- -j8 -l8
