[0.559s] Invoking command in '/home/tj/ros2_ws/build/more_interfaces': CMAKE_PREFIX_PATH=/opt/ros/humble /usr/bin/cmake --build /home/tj/ros2_ws/build/more_interfaces -- -j8 -l8
[4.297s] [  9%] Built target more_interfaces__rosidl_generator_c
[4.297s] [ 12%] Built target more_interfaces__cpp
[4.297s] [ 12%] Built target ament_cmake_python_copy_more_interfaces
[4.297s] [ 21%] Built target more_interfaces__rosidl_typesupport_fastrtps_c
[4.297s] [ 30%] Built target more_interfaces__rosidl_typesupport_introspection_cpp
[4.297s] [ 39%] Built target more_interfaces__rosidl_typesupport_fastrtps_cpp
[4.297s] [ 48%] Built target more_interfaces__rosidl_typesupport_cpp
[4.298s] [ 57%] Built target more_interfaces__rosidl_typesupport_c
[4.298s] [ 66%] Built target more_interfaces__rosidl_typesupport_introspection_c
[4.298s] [ 66%] Built target more_interfaces
[4.298s] [ 69%] Built target more_interfaces__py
[4.298s] [ 75%] Built target publish_address_book
[4.298s] [ 81%] Built target more_interfaces__rosidl_generator_py
[4.298s] running egg_info
[4.298s] writing more_interfaces.egg-info/PKG-INFO
[4.299s] writing dependency_links to more_interfaces.egg-info/dependency_links.txt
[4.299s] writing top-level names to more_interfaces.egg-info/top_level.txt
[4.299s] reading manifest file 'more_interfaces.egg-info/SOURCES.txt'
[4.299s] writing manifest file 'more_interfaces.egg-info/SOURCES.txt'
[4.299s] [ 81%] Built target ament_cmake_python_build_more_interfaces_egg
[4.299s] [ 87%] Built target more_interfaces__rosidl_typesupport_introspection_c__pyext
[4.299s] [ 93%] Built target more_interfaces__rosidl_typesupport_fastrtps_c__pyext
[4.299s] [100%] Built target more_interfaces__rosidl_typesupport_c__pyext
[4.620s] Invoked command in '/home/tj/ros2_ws/build/more_interfaces' returned '0': CMAKE_PREFIX_PATH=/opt/ros/humble /usr/bin/cmake --build /home/tj/ros2_ws/build/more_interfaces -- -j8 -l8
