[35m[1mConsolidate compiler generated dependencies of target action_tutorials_interfaces__rosidl_generator_c[0m
[  9%] Built target action_tutorials_interfaces__rosidl_generator_c
[  9%] Built target ament_cmake_python_copy_action_tutorials_interfaces
[ 12%] Built target action_tutorials_interfaces__cpp
[35m[1mConsolidate compiler generated dependencies of target action_tutorials_interfaces__rosidl_typesupport_fastrtps_c[0m
[35m[1mConsolidate compiler generated dependencies of target action_tutorials_interfaces__rosidl_typesupport_introspection_c[0m
[35m[1mConsolidate compiler generated dependencies of target action_tutorials_interfaces__rosidl_typesupport_c[0m
[35m[1mConsolidate compiler generated dependencies of target action_tutorials_interfaces__rosidl_typesupport_fastrtps_cpp[0m
[35m[1mConsolidate compiler generated dependencies of target action_tutorials_interfaces__rosidl_typesupport_cpp[0m
[ 22%] Built target action_tutorials_interfaces__rosidl_typesupport_introspection_c
[35m[1mConsolidate compiler generated dependencies of target action_tutorials_interfaces__rosidl_typesupport_introspection_cpp[0m
[ 32%] Built target action_tutorials_interfaces__rosidl_typesupport_c
[ 41%] Built target action_tutorials_interfaces__rosidl_typesupport_cpp
[ 51%] Built target action_tutorials_interfaces__rosidl_typesupport_fastrtps_c
[ 61%] Built target action_tutorials_interfaces__rosidl_typesupport_fastrtps_cpp
[ 70%] Built target action_tutorials_interfaces__rosidl_typesupport_introspection_cpp
[ 70%] Built target action_tutorials_interfaces
[ 74%] Built target action_tutorials_interfaces__py
[35m[1mConsolidate compiler generated dependencies of target action_tutorials_interfaces__rosidl_generator_py[0m
[ 80%] Built target action_tutorials_interfaces__rosidl_generator_py
[35m[1mConsolidate compiler generated dependencies of target action_tutorials_interfaces__rosidl_typesupport_fastrtps_c__pyext[0m
[35m[1mConsolidate compiler generated dependencies of target action_tutorials_interfaces__rosidl_typesupport_c__pyext[0m
[35m[1mConsolidate compiler generated dependencies of target action_tutorials_interfaces__rosidl_typesupport_introspection_c__pyext[0m
running egg_info
writing action_tutorials_interfaces.egg-info/PKG-INFO
writing dependency_links to action_tutorials_interfaces.egg-info/dependency_links.txt
writing top-level names to action_tutorials_interfaces.egg-info/top_level.txt
reading manifest file 'action_tutorials_interfaces.egg-info/SOURCES.txt'
writing manifest file 'action_tutorials_interfaces.egg-info/SOURCES.txt'
[ 87%] Built target action_tutorials_interfaces__rosidl_typesupport_fastrtps_c__pyext
[ 93%] Built target action_tutorials_interfaces__rosidl_typesupport_introspection_c__pyext
[100%] Built target action_tutorials_interfaces__rosidl_typesupport_c__pyext
[100%] Built target ament_cmake_python_build_action_tutorials_interfaces_egg
