[0.522s] Invoking command in '/home/tj/ros2_ws/build/action_tutorials_interfaces': CMAKE_PREFIX_PATH=/opt/ros/humble /usr/bin/cmake --build /home/tj/ros2_ws/build/action_tutorials_interfaces -- -j8 -l8
[1.681s] [35m[1mConsolidate compiler generated dependencies of target action_tutorials_interfaces__rosidl_generator_c[0m
[1.913s] [  9%] Built target action_tutorials_interfaces__rosidl_generator_c
[1.913s] [  9%] Built target ament_cmake_python_copy_action_tutorials_interfaces
[1.914s] [ 12%] Built target action_tutorials_interfaces__cpp
[2.044s] [35m[1mConsolidate compiler generated dependencies of target action_tutorials_interfaces__rosidl_typesupport_fastrtps_c[0m
[2.044s] [35m[1mConsolidate compiler generated dependencies of target action_tutorials_interfaces__rosidl_typesupport_introspection_c[0m
[2.102s] [35m[1mConsolidate compiler generated dependencies of target action_tutorials_interfaces__rosidl_typesupport_c[0m
[2.173s] [35m[1mConsolidate compiler generated dependencies of target action_tutorials_interfaces__rosidl_typesupport_fastrtps_cpp[0m
[2.612s] [35m[1mConsolidate compiler generated dependencies of target action_tutorials_interfaces__rosidl_typesupport_cpp[0m
[2.612s] [ 22%] Built target action_tutorials_interfaces__rosidl_typesupport_introspection_c
[2.668s] [35m[1mConsolidate compiler generated dependencies of target action_tutorials_interfaces__rosidl_typesupport_introspection_cpp[0m
[2.845s] [ 32%] Built target action_tutorials_interfaces__rosidl_typesupport_c
[2.894s] [ 41%] Built target action_tutorials_interfaces__rosidl_typesupport_cpp
[3.021s] [ 51%] Built target action_tutorials_interfaces__rosidl_typesupport_fastrtps_c
[3.089s] [ 61%] Built target action_tutorials_interfaces__rosidl_typesupport_fastrtps_cpp
[3.208s] [ 70%] Built target action_tutorials_interfaces__rosidl_typesupport_introspection_cpp
[3.584s] [ 70%] Built target action_tutorials_interfaces
[4.317s] [ 74%] Built target action_tutorials_interfaces__py
[4.498s] [35m[1mConsolidate compiler generated dependencies of target action_tutorials_interfaces__rosidl_generator_py[0m
[4.824s] [ 80%] Built target action_tutorials_interfaces__rosidl_generator_py
[5.179s] [35m[1mConsolidate compiler generated dependencies of target action_tutorials_interfaces__rosidl_typesupport_fastrtps_c__pyext[0m
[5.255s] [35m[1mConsolidate compiler generated dependencies of target action_tutorials_interfaces__rosidl_typesupport_c__pyext[0m
[5.435s] [35m[1mConsolidate compiler generated dependencies of target action_tutorials_interfaces__rosidl_typesupport_introspection_c__pyext[0m
[5.596s] running egg_info
[5.620s] writing action_tutorials_interfaces.egg-info/PKG-INFO
[5.620s] writing dependency_links to action_tutorials_interfaces.egg-info/dependency_links.txt
[5.805s] writing top-level names to action_tutorials_interfaces.egg-info/top_level.txt
[5.805s] reading manifest file 'action_tutorials_interfaces.egg-info/SOURCES.txt'
[5.805s] writing manifest file 'action_tutorials_interfaces.egg-info/SOURCES.txt'
[5.805s] [ 87%] Built target action_tutorials_interfaces__rosidl_typesupport_fastrtps_c__pyext
[6.057s] [ 93%] Built target action_tutorials_interfaces__rosidl_typesupport_introspection_c__pyext
[6.068s] [100%] Built target action_tutorials_interfaces__rosidl_typesupport_c__pyext
[6.317s] [100%] Built target ament_cmake_python_build_action_tutorials_interfaces_egg
[7.874s] Invoked command in '/home/tj/ros2_ws/build/action_tutorials_interfaces' returned '0': CMAKE_PREFIX_PATH=/opt/ros/humble /usr/bin/cmake --build /home/tj/ros2_ws/build/action_tutorials_interfaces -- -j8 -l8
