[0.611s] Invoking command in '/home/tj/ros2_ws/build/my_package': CMAKE_PREFIX_PATH=/opt/ros/humble /usr/bin/cmake --build /home/tj/ros2_ws/build/my_package -- -j8 -l8
[3.614s] [100%] Built target my_node
[4.615s] Invoked command in '/home/tj/ros2_ws/build/my_package' returned '0': CMAKE_PREFIX_PATH=/opt/ros/humble /usr/bin/cmake --build /home/tj/ros2_ws/build/my_package -- -j8 -l8
[5.604s] Invoking command in '/home/tj/ros2_ws/build/my_package': CMAKE_PREFIX_PATH=/opt/ros/humble /usr/bin/cmake --install /home/tj/ros2_ws/build/my_package
[5.891s] -- Install configuration: ""
[5.891s] -- Up-to-date: /home/tj/ros2_ws/install/my_package/lib/my_package/my_node
[5.891s] -- Up-to-date: /home/tj/ros2_ws/install/my_package/share/ament_index/resource_index/package_run_dependencies/my_package
[5.891s] -- Up-to-date: /home/tj/ros2_ws/install/my_package/share/ament_index/resource_index/parent_prefix_path/my_package
[5.891s] -- Up-to-date: /home/tj/ros2_ws/install/my_package/share/my_package/environment/ament_prefix_path.sh
[5.891s] -- Up-to-date: /home/tj/ros2_ws/install/my_package/share/my_package/environment/ament_prefix_path.dsv
[5.891s] -- Up-to-date: /home/tj/ros2_ws/install/my_package/share/my_package/environment/path.sh
[5.891s] -- Up-to-date: /home/tj/ros2_ws/install/my_package/share/my_package/environment/path.dsv
[5.891s] -- Up-to-date: /home/tj/ros2_ws/install/my_package/share/my_package/local_setup.bash
[5.891s] -- Up-to-date: /home/tj/ros2_ws/install/my_package/share/my_package/local_setup.sh
[5.891s] -- Up-to-date: /home/tj/ros2_ws/install/my_package/share/my_package/local_setup.zsh
[5.891s] -- Up-to-date: /home/tj/ros2_ws/install/my_package/share/my_package/local_setup.dsv
[5.891s] -- Up-to-date: /home/tj/ros2_ws/install/my_package/share/my_package/package.dsv
[5.891s] -- Up-to-date: /home/tj/ros2_ws/install/my_package/share/ament_index/resource_index/packages/my_package
[5.891s] -- Up-to-date: /home/tj/ros2_ws/install/my_package/share/my_package/cmake/my_packageConfig.cmake
[5.892s] -- Up-to-date: /home/tj/ros2_ws/install/my_package/share/my_package/cmake/my_packageConfig-version.cmake
[5.892s] -- Up-to-date: /home/tj/ros2_ws/install/my_package/share/my_package/package.xml
[6.630s] Invoked command in '/home/tj/ros2_ws/build/my_package' returned '0': CMAKE_PREFIX_PATH=/opt/ros/humble /usr/bin/cmake --install /home/tj/ros2_ws/build/my_package
