[0.707s] Invoking command in '/home/tj/ros2_ws/build/custom_action_interfaces': CMAKE_PREFIX_PATH=${CMAKE_PREFIX_PATH}:/home/tj/ros2_ws/install/python_parameters:/home/tj/ros2_ws/install/py_srvcli:/home/tj/ros2_ws/install/py_pubsub:/opt/ros/humble /usr/bin/cmake --build /home/tj/ros2_ws/build/custom_action_interfaces -- -j8 -l8
[5.396s] [  9%] Built target custom_action_interfaces__rosidl_generator_c
[5.557s] [ 12%] Built target custom_action_interfaces__cpp
[5.564s] [ 12%] Built target ament_cmake_python_copy_custom_action_interfaces
[5.565s] [ 25%] Built target custom_action_interfaces__rosidl_typesupport_fastrtps_c
[5.565s] [ 38%] Built target custom_action_interfaces__rosidl_typesupport_introspection_c
[5.565s] [ 51%] Built target custom_action_interfaces__rosidl_typesupport_c
[5.565s] [ 51%] Built target custom_action_interfaces__rosidl_typesupport_introspection_cpp
[5.565s] [ 64%] Built target custom_action_interfaces__rosidl_typesupport_fastrtps_cpp
[5.565s] [ 70%] Built target custom_action_interfaces__rosidl_typesupport_cpp
[5.565s] [ 70%] Built target custom_action_interfaces
[5.565s] [ 74%] Built target custom_action_interfaces__py
[5.565s] [ 80%] Built target custom_action_interfaces__rosidl_generator_py
[5.565s] [ 87%] Built target custom_action_interfaces__rosidl_typesupport_introspection_c__pyext
[5.622s] [ 93%] Built target custom_action_interfaces__rosidl_typesupport_fastrtps_c__pyext
[5.650s] [100%] Built target custom_action_interfaces__rosidl_typesupport_c__pyext
[5.817s] running egg_info
[5.995s] writing custom_action_interfaces.egg-info/PKG-INFO
[6.008s] writing dependency_links to custom_action_interfaces.egg-info/dependency_links.txt
[6.008s] writing top-level names to custom_action_interfaces.egg-info/top_level.txt
[6.009s] reading manifest file 'custom_action_interfaces.egg-info/SOURCES.txt'
[6.009s] writing manifest file 'custom_action_interfaces.egg-info/SOURCES.txt'
[6.336s] [100%] Built target ament_cmake_python_build_custom_action_interfaces_egg
[7.375s] Invoked command in '/home/tj/ros2_ws/build/custom_action_interfaces' returned '0': CMAKE_PREFIX_PATH=${CMAKE_PREFIX_PATH}:/home/tj/ros2_ws/install/python_parameters:/home/tj/ros2_ws/install/py_srvcli:/home/tj/ros2_ws/install/py_pubsub:/opt/ros/humble /usr/bin/cmake --build /home/tj/ros2_ws/build/custom_action_interfaces -- -j8 -l8
[11.205s] Invoking command in '/home/tj/ros2_ws/build/custom_action_interfaces': CMAKE_PREFIX_PATH=${CMAKE_PREFIX_PATH}:/home/tj/ros2_ws/install/python_parameters:/home/tj/ros2_ws/install/py_srvcli:/home/tj/ros2_ws/install/py_pubsub:/opt/ros/humble /usr/bin/cmake --install /home/tj/ros2_ws/build/custom_action_interfaces
[11.507s] -- Install configuration: ""
[11.507s] -- Up-to-date: /home/tj/ros2_ws/install/custom_action_interfaces/share/ament_index/resource_index/rosidl_interfaces/custom_action_interfaces
[11.510s] -- Up-to-date: /home/tj/ros2_ws/install/custom_action_interfaces/include/custom_action_interfaces/custom_action_interfaces
[11.599s] -- Up-to-date: /home/tj/ros2_ws/install/custom_action_interfaces/include/custom_action_interfaces/custom_action_interfaces/msg
[11.848s] -- Up-to-date: /home/tj/ros2_ws/install/custom_action_interfaces/include/custom_action_interfaces/custom_action_interfaces/msg/rosidl_generator_c__visibility_control.h
[12.000s] -- Up-to-date: /home/tj/ros2_ws/install/custom_action_interfaces/include/custom_action_interfaces/custom_action_interfaces/action
[12.022s] -- Up-to-date: /home/tj/ros2_ws/install/custom_action_interfaces/include/custom_action_interfaces/custom_action_interfaces/action/fibonacci.h
[12.022s] -- Up-to-date: /home/tj/ros2_ws/install/custom_action_interfaces/include/custom_action_interfaces/custom_action_interfaces/action/detail
[12.022s] -- Up-to-date: /home/tj/ros2_ws/install/custom_action_interfaces/include/custom_action_interfaces/custom_action_interfaces/action/detail/fibonacci__functions.h
[12.022s] -- Up-to-date: /home/tj/ros2_ws/install/custom_action_interfaces/include/custom_action_interfaces/custom_action_interfaces/action/detail/fibonacci__type_support.h
[12.022s] -- Up-to-date: /home/tj/ros2_ws/install/custom_action_interfaces/include/custom_action_interfaces/custom_action_interfaces/action/detail/fibonacci__functions.c
[12.022s] -- Up-to-date: /home/tj/ros2_ws/install/custom_action_interfaces/include/custom_action_interfaces/custom_action_interfaces/action/detail/fibonacci__struct.h
[12.022s] -- Up-to-date: /home/tj/ros2_ws/install/custom_action_interfaces/share/custom_action_interfaces/environment/library_path.sh
[12.022s] -- Up-to-date: /home/tj/ros2_ws/install/custom_action_interfaces/share/custom_action_interfaces/environment/library_path.dsv
[12.023s] -- Up-to-date: /home/tj/ros2_ws/install/custom_action_interfaces/lib/libcustom_action_interfaces__rosidl_generator_c.so
[12.023s] -- Up-to-date: /home/tj/ros2_ws/install/custom_action_interfaces/include/custom_action_interfaces/custom_action_interfaces
[12.023s] -- Up-to-date: /home/tj/ros2_ws/install/custom_action_interfaces/include/custom_action_interfaces/custom_action_interfaces/msg
[12.023s] -- Up-to-date: /home/tj/ros2_ws/install/custom_action_interfaces/include/custom_action_interfaces/custom_action_interfaces/msg/rosidl_typesupport_fastrtps_c__visibility_control.h
[12.023s] -- Up-to-date: /home/tj/ros2_ws/install/custom_action_interfaces/include/custom_action_interfaces/custom_action_interfaces/action
[12.023s] -- Up-to-date: /home/tj/ros2_ws/install/custom_action_interfaces/include/custom_action_interfaces/custom_action_interfaces/action/detail
[12.023s] -- Up-to-date: /home/tj/ros2_ws/install/custom_action_interfaces/include/custom_action_interfaces/custom_action_interfaces/action/detail/fibonacci__rosidl_typesupport_fastrtps_c.h
[12.023s] -- Up-to-date: /home/tj/ros2_ws/install/custom_action_interfaces/lib/libcustom_action_interfaces__rosidl_typesupport_fastrtps_c.so
[12.023s] -- Up-to-date: /home/tj/ros2_ws/install/custom_action_interfaces/include/custom_action_interfaces/custom_action_interfaces
[12.023s] -- Up-to-date: /home/tj/ros2_ws/install/custom_action_interfaces/include/custom_action_interfaces/custom_action_interfaces/msg
[12.023s] -- Up-to-date: /home/tj/ros2_ws/install/custom_action_interfaces/include/custom_action_interfaces/custom_action_interfaces/msg/rosidl_typesupport_introspection_c__visibility_control.h
[12.023s] -- Up-to-date: /home/tj/ros2_ws/install/custom_action_interfaces/include/custom_action_interfaces/custom_action_interfaces/action
[12.023s] -- Up-to-date: /home/tj/ros2_ws/install/custom_action_interfaces/include/custom_action_interfaces/custom_action_interfaces/action/detail
[12.023s] -- Up-to-date: /home/tj/ros2_ws/install/custom_action_interfaces/include/custom_action_interfaces/custom_action_interfaces/action/detail/fibonacci__rosidl_typesupport_introspection_c.h
[12.023s] -- Up-to-date: /home/tj/ros2_ws/install/custom_action_interfaces/include/custom_action_interfaces/custom_action_interfaces/action/detail/fibonacci__type_support.c
[12.023s] -- Up-to-date: /home/tj/ros2_ws/install/custom_action_interfaces/lib/libcustom_action_interfaces__rosidl_typesupport_introspection_c.so
[12.023s] -- Up-to-date: /home/tj/ros2_ws/install/custom_action_interfaces/lib/libcustom_action_interfaces__rosidl_typesupport_c.so
[12.025s] -- Up-to-date: /home/tj/ros2_ws/install/custom_action_interfaces/include/custom_action_interfaces/custom_action_interfaces
[12.025s] -- Up-to-date: /home/tj/ros2_ws/install/custom_action_interfaces/include/custom_action_interfaces/custom_action_interfaces/action
[12.025s] -- Up-to-date: /home/tj/ros2_ws/install/custom_action_interfaces/include/custom_action_interfaces/custom_action_interfaces/action/detail
[12.025s] -- Up-to-date: /home/tj/ros2_ws/install/custom_action_interfaces/include/custom_action_interfaces/custom_action_interfaces/action/detail/fibonacci__struct.hpp
[12.025s] -- Up-to-date: /home/tj/ros2_ws/install/custom_action_interfaces/include/custom_action_interfaces/custom_action_interfaces/action/detail/fibonacci__builder.hpp
[12.026s] -- Up-to-date: /home/tj/ros2_ws/install/custom_action_interfaces/include/custom_action_interfaces/custom_action_interfaces/action/detail/fibonacci__traits.hpp
[12.026s] -- Up-to-date: /home/tj/ros2_ws/install/custom_action_interfaces/include/custom_action_interfaces/custom_action_interfaces/action/fibonacci.hpp
[12.026s] -- Up-to-date: /home/tj/ros2_ws/install/custom_action_interfaces/include/custom_action_interfaces/custom_action_interfaces
[12.026s] -- Up-to-date: /home/tj/ros2_ws/install/custom_action_interfaces/include/custom_action_interfaces/custom_action_interfaces/msg
[12.026s] -- Up-to-date: /home/tj/ros2_ws/install/custom_action_interfaces/include/custom_action_interfaces/custom_action_interfaces/msg/rosidl_typesupport_fastrtps_cpp__visibility_control.h
[12.026s] -- Up-to-date: /home/tj/ros2_ws/install/custom_action_interfaces/include/custom_action_interfaces/custom_action_interfaces/action
[12.026s] -- Up-to-date: /home/tj/ros2_ws/install/custom_action_interfaces/include/custom_action_interfaces/custom_action_interfaces/action/detail
[12.026s] -- Up-to-date: /home/tj/ros2_ws/install/custom_action_interfaces/include/custom_action_interfaces/custom_action_interfaces/action/detail/dds_fastrtps
[12.026s] -- Up-to-date: /home/tj/ros2_ws/install/custom_action_interfaces/include/custom_action_interfaces/custom_action_interfaces/action/detail/fibonacci__rosidl_typesupport_fastrtps_cpp.hpp
[12.026s] -- Up-to-date: /home/tj/ros2_ws/install/custom_action_interfaces/lib/libcustom_action_interfaces__rosidl_typesupport_fastrtps_cpp.so
[12.028s] -- Up-to-date: /home/tj/ros2_ws/install/custom_action_interfaces/include/custom_action_interfaces/custom_action_interfaces
[12.032s] -- Up-to-date: /home/tj/ros2_ws/install/custom_action_interfaces/include/custom_action_interfaces/custom_action_interfaces/action
[12.032s] -- Up-to-date: /home/tj/ros2_ws/install/custom_action_interfaces/include/custom_action_interfaces/custom_action_interfaces/action/detail
[12.036s] -- Up-to-date: /home/tj/ros2_ws/install/custom_action_interfaces/include/custom_action_interfaces/custom_action_interfaces/action/detail/fibonacci__type_support.cpp
[12.036s] -- Up-to-date: /home/tj/ros2_ws/install/custom_action_interfaces/include/custom_action_interfaces/custom_action_interfaces/action/detail/fibonacci__rosidl_typesupport_introspection_cpp.hpp
[12.036s] -- Up-to-date: /home/tj/ros2_ws/install/custom_action_interfaces/lib/libcustom_action_interfaces__rosidl_typesupport_introspection_cpp.so
[12.036s] -- Up-to-date: /home/tj/ros2_ws/install/custom_action_interfaces/lib/libcustom_action_interfaces__rosidl_typesupport_cpp.so
[12.036s] -- Up-to-date: /home/tj/ros2_ws/install/custom_action_interfaces/share/custom_action_interfaces/environment/pythonpath.sh
[12.036s] -- Up-to-date: /home/tj/ros2_ws/install/custom_action_interfaces/share/custom_action_interfaces/environment/pythonpath.dsv
[12.036s] -- Up-to-date: /home/tj/ros2_ws/install/custom_action_interfaces/local/lib/python3.10/dist-packages/custom_action_interfaces-0.0.0-py3.10.egg-info
[12.036s] -- Installing: /home/tj/ros2_ws/install/custom_action_interfaces/local/lib/python3.10/dist-packages/custom_action_interfaces-0.0.0-py3.10.egg-info/top_level.txt
[12.045s] -- Installing: /home/tj/ros2_ws/install/custom_action_interfaces/local/lib/python3.10/dist-packages/custom_action_interfaces-0.0.0-py3.10.egg-info/PKG-INFO
[12.046s] -- Installing: /home/tj/ros2_ws/install/custom_action_interfaces/local/lib/python3.10/dist-packages/custom_action_interfaces-0.0.0-py3.10.egg-info/dependency_links.txt
[12.046s] -- Installing: /home/tj/ros2_ws/install/custom_action_interfaces/local/lib/python3.10/dist-packages/custom_action_interfaces-0.0.0-py3.10.egg-info/SOURCES.txt
[12.046s] -- Up-to-date: /home/tj/ros2_ws/install/custom_action_interfaces/local/lib/python3.10/dist-packages/custom_action_interfaces
[12.046s] -- Up-to-date: /home/tj/ros2_ws/install/custom_action_interfaces/local/lib/python3.10/dist-packages/custom_action_interfaces/libcustom_action_interfaces__rosidl_generator_py.so
[12.046s] -- Up-to-date: /home/tj/ros2_ws/install/custom_action_interfaces/local/lib/python3.10/dist-packages/custom_action_interfaces/__init__.py
[12.046s] -- Up-to-date: /home/tj/ros2_ws/install/custom_action_interfaces/local/lib/python3.10/dist-packages/custom_action_interfaces/custom_action_interfaces_s__rosidl_typesupport_c.cpython-310-x86_64-linux-gnu.so
[12.046s] -- Up-to-date: /home/tj/ros2_ws/install/custom_action_interfaces/local/lib/python3.10/dist-packages/custom_action_interfaces/_custom_action_interfaces_s.ep.rosidl_typesupport_c.c
[12.046s] -- Up-to-date: /home/tj/ros2_ws/install/custom_action_interfaces/local/lib/python3.10/dist-packages/custom_action_interfaces/custom_action_interfaces_s__rosidl_typesupport_fastrtps_c.cpython-310-x86_64-linux-gnu.so
[12.046s] -- Up-to-date: /home/tj/ros2_ws/install/custom_action_interfaces/local/lib/python3.10/dist-packages/custom_action_interfaces/_custom_action_interfaces_s.ep.rosidl_typesupport_fastrtps_c.c
[12.046s] -- Up-to-date: /home/tj/ros2_ws/install/custom_action_interfaces/local/lib/python3.10/dist-packages/custom_action_interfaces/_custom_action_interfaces_s.ep.rosidl_typesupport_introspection_c.c
[12.046s] -- Up-to-date: /home/tj/ros2_ws/install/custom_action_interfaces/local/lib/python3.10/dist-packages/custom_action_interfaces/custom_action_interfaces_s__rosidl_typesupport_introspection_c.cpython-310-x86_64-linux-gnu.so
[12.046s] -- Up-to-date: /home/tj/ros2_ws/install/custom_action_interfaces/local/lib/python3.10/dist-packages/custom_action_interfaces/action
[12.046s] -- Up-to-date: /home/tj/ros2_ws/install/custom_action_interfaces/local/lib/python3.10/dist-packages/custom_action_interfaces/action/__init__.py
[12.046s] -- Up-to-date: /home/tj/ros2_ws/install/custom_action_interfaces/local/lib/python3.10/dist-packages/custom_action_interfaces/action/_fibonacci.py
[12.046s] -- Up-to-date: /home/tj/ros2_ws/install/custom_action_interfaces/local/lib/python3.10/dist-packages/custom_action_interfaces/action/_fibonacci_s.c
[12.131s] Listing '/home/tj/ros2_ws/install/custom_action_interfaces/local/lib/python3.10/dist-packages/custom_action_interfaces'...
[12.131s] Listing '/home/tj/ros2_ws/install/custom_action_interfaces/local/lib/python3.10/dist-packages/custom_action_interfaces/action'...
[12.213s] -- Up-to-date: /home/tj/ros2_ws/install/custom_action_interfaces/local/lib/python3.10/dist-packages/custom_action_interfaces/custom_action_interfaces_s__rosidl_typesupport_fastrtps_c.cpython-310-x86_64-linux-gnu.so
[12.213s] -- Up-to-date: /home/tj/ros2_ws/install/custom_action_interfaces/local/lib/python3.10/dist-packages/custom_action_interfaces/custom_action_interfaces_s__rosidl_typesupport_introspection_c.cpython-310-x86_64-linux-gnu.so
[12.249s] -- Up-to-date: /home/tj/ros2_ws/install/custom_action_interfaces/local/lib/python3.10/dist-packages/custom_action_interfaces/custom_action_interfaces_s__rosidl_typesupport_c.cpython-310-x86_64-linux-gnu.so
[12.267s] -- Up-to-date: /home/tj/ros2_ws/install/custom_action_interfaces/lib/libcustom_action_interfaces__rosidl_generator_py.so
[12.271s] -- Up-to-date: /home/tj/ros2_ws/install/custom_action_interfaces/share/custom_action_interfaces/action/Fibonacci.idl
[12.271s] -- Up-to-date: /home/tj/ros2_ws/install/custom_action_interfaces/share/custom_action_interfaces/action/Fibonacci.action
[12.271s] -- Up-to-date: /home/tj/ros2_ws/install/custom_action_interfaces/share/ament_index/resource_index/package_run_dependencies/custom_action_interfaces
[12.272s] -- Up-to-date: /home/tj/ros2_ws/install/custom_action_interfaces/share/ament_index/resource_index/parent_prefix_path/custom_action_interfaces
[12.272s] -- Up-to-date: /home/tj/ros2_ws/install/custom_action_interfaces/share/custom_action_interfaces/environment/ament_prefix_path.sh
[12.272s] -- Up-to-date: /home/tj/ros2_ws/install/custom_action_interfaces/share/custom_action_interfaces/environment/ament_prefix_path.dsv
[12.272s] -- Up-to-date: /home/tj/ros2_ws/install/custom_action_interfaces/share/custom_action_interfaces/environment/path.sh
[12.272s] -- Up-to-date: /home/tj/ros2_ws/install/custom_action_interfaces/share/custom_action_interfaces/environment/path.dsv
[12.272s] -- Up-to-date: /home/tj/ros2_ws/install/custom_action_interfaces/share/custom_action_interfaces/local_setup.bash
[12.272s] -- Up-to-date: /home/tj/ros2_ws/install/custom_action_interfaces/share/custom_action_interfaces/local_setup.sh
[12.272s] -- Up-to-date: /home/tj/ros2_ws/install/custom_action_interfaces/share/custom_action_interfaces/local_setup.zsh
[12.274s] -- Up-to-date: /home/tj/ros2_ws/install/custom_action_interfaces/share/custom_action_interfaces/local_setup.dsv
[12.279s] -- Installing: /home/tj/ros2_ws/install/custom_action_interfaces/share/custom_action_interfaces/package.dsv
[12.279s] -- Up-to-date: /home/tj/ros2_ws/install/custom_action_interfaces/share/ament_index/resource_index/packages/custom_action_interfaces
[12.279s] -- Up-to-date: /home/tj/ros2_ws/install/custom_action_interfaces/share/custom_action_interfaces/cmake/export_custom_action_interfaces__rosidl_generator_cExport.cmake
[12.279s] -- Up-to-date: /home/tj/ros2_ws/install/custom_action_interfaces/share/custom_action_interfaces/cmake/export_custom_action_interfaces__rosidl_generator_cExport-noconfig.cmake
[12.280s] -- Up-to-date: /home/tj/ros2_ws/install/custom_action_interfaces/share/custom_action_interfaces/cmake/export_custom_action_interfaces__rosidl_typesupport_fastrtps_cExport.cmake
[12.280s] -- Up-to-date: /home/tj/ros2_ws/install/custom_action_interfaces/share/custom_action_interfaces/cmake/export_custom_action_interfaces__rosidl_typesupport_fastrtps_cExport-noconfig.cmake
[12.280s] -- Up-to-date: /home/tj/ros2_ws/install/custom_action_interfaces/share/custom_action_interfaces/cmake/custom_action_interfaces__rosidl_typesupport_introspection_cExport.cmake
[12.280s] -- Up-to-date: /home/tj/ros2_ws/install/custom_action_interfaces/share/custom_action_interfaces/cmake/custom_action_interfaces__rosidl_typesupport_introspection_cExport-noconfig.cmake
[12.280s] -- Up-to-date: /home/tj/ros2_ws/install/custom_action_interfaces/share/custom_action_interfaces/cmake/custom_action_interfaces__rosidl_typesupport_cExport.cmake
[12.280s] -- Up-to-date: /home/tj/ros2_ws/install/custom_action_interfaces/share/custom_action_interfaces/cmake/custom_action_interfaces__rosidl_typesupport_cExport-noconfig.cmake
[12.285s] -- Up-to-date: /home/tj/ros2_ws/install/custom_action_interfaces/share/custom_action_interfaces/cmake/export_custom_action_interfaces__rosidl_generator_cppExport.cmake
[12.285s] -- Up-to-date: /home/tj/ros2_ws/install/custom_action_interfaces/share/custom_action_interfaces/cmake/export_custom_action_interfaces__rosidl_typesupport_fastrtps_cppExport.cmake
[12.285s] -- Up-to-date: /home/tj/ros2_ws/install/custom_action_interfaces/share/custom_action_interfaces/cmake/export_custom_action_interfaces__rosidl_typesupport_fastrtps_cppExport-noconfig.cmake
[12.285s] -- Up-to-date: /home/tj/ros2_ws/install/custom_action_interfaces/share/custom_action_interfaces/cmake/custom_action_interfaces__rosidl_typesupport_introspection_cppExport.cmake
[12.285s] -- Up-to-date: /home/tj/ros2_ws/install/custom_action_interfaces/share/custom_action_interfaces/cmake/custom_action_interfaces__rosidl_typesupport_introspection_cppExport-noconfig.cmake
[12.285s] -- Up-to-date: /home/tj/ros2_ws/install/custom_action_interfaces/share/custom_action_interfaces/cmake/custom_action_interfaces__rosidl_typesupport_cppExport.cmake
[12.285s] -- Up-to-date: /home/tj/ros2_ws/install/custom_action_interfaces/share/custom_action_interfaces/cmake/custom_action_interfaces__rosidl_typesupport_cppExport-noconfig.cmake
[12.285s] -- Up-to-date: /home/tj/ros2_ws/install/custom_action_interfaces/share/custom_action_interfaces/cmake/export_custom_action_interfaces__rosidl_generator_pyExport.cmake
[12.291s] -- Up-to-date: /home/tj/ros2_ws/install/custom_action_interfaces/share/custom_action_interfaces/cmake/export_custom_action_interfaces__rosidl_generator_pyExport-noconfig.cmake
[12.291s] -- Up-to-date: /home/tj/ros2_ws/install/custom_action_interfaces/share/custom_action_interfaces/cmake/rosidl_cmake-extras.cmake
[12.291s] -- Up-to-date: /home/tj/ros2_ws/install/custom_action_interfaces/share/custom_action_interfaces/cmake/ament_cmake_export_dependencies-extras.cmake
[12.291s] -- Up-to-date: /home/tj/ros2_ws/install/custom_action_interfaces/share/custom_action_interfaces/cmake/ament_cmake_export_include_directories-extras.cmake
[12.293s] -- Up-to-date: /home/tj/ros2_ws/install/custom_action_interfaces/share/custom_action_interfaces/cmake/ament_cmake_export_libraries-extras.cmake
[12.293s] -- Up-to-date: /home/tj/ros2_ws/install/custom_action_interfaces/share/custom_action_interfaces/cmake/ament_cmake_export_targets-extras.cmake
[12.293s] -- Up-to-date: /home/tj/ros2_ws/install/custom_action_interfaces/share/custom_action_interfaces/cmake/rosidl_cmake_export_typesupport_targets-extras.cmake
[12.293s] -- Up-to-date: /home/tj/ros2_ws/install/custom_action_interfaces/share/custom_action_interfaces/cmake/rosidl_cmake_export_typesupport_libraries-extras.cmake
[12.293s] -- Up-to-date: /home/tj/ros2_ws/install/custom_action_interfaces/share/custom_action_interfaces/cmake/custom_action_interfacesConfig.cmake
[12.293s] -- Up-to-date: /home/tj/ros2_ws/install/custom_action_interfaces/share/custom_action_interfaces/cmake/custom_action_interfacesConfig-version.cmake
[12.293s] -- Up-to-date: /home/tj/ros2_ws/install/custom_action_interfaces/share/custom_action_interfaces/package.xml
[13.278s] Invoked command in '/home/tj/ros2_ws/build/custom_action_interfaces' returned '0': CMAKE_PREFIX_PATH=${CMAKE_PREFIX_PATH}:/home/tj/ros2_ws/install/python_parameters:/home/tj/ros2_ws/install/py_srvcli:/home/tj/ros2_ws/install/py_pubsub:/opt/ros/humble /usr/bin/cmake --install /home/tj/ros2_ws/build/custom_action_interfaces
