[0.017s] Invoking command in '/home/tj/ros2_ws/build/cpp_parameters': CMAKE_PREFIX_PATH=/opt/ros/humble /usr/bin/cmake /home/tj/ros2_ws/src/cpp_parameters -DCMAKE_INSTALL_PREFIX=/home/tj/ros2_ws/install/cpp_parameters
[0.311s] -- The C compiler identification is GNU 11.4.0
[0.446s] -- The CXX compiler identification is GNU 11.4.0
[0.463s] -- Detecting C compiler ABI info
[0.622s] -- Detecting C compiler ABI info - done
[0.632s] -- Check for working C compiler: /usr/bin/cc - skipped
[0.634s] -- Detecting C compile features
[0.635s] -- Detecting C compile features - done
[0.646s] -- Detecting CXX compiler ABI info
[0.762s] -- Detecting CXX compiler ABI info - done
[0.774s] -- Check for working CXX compiler: /usr/bin/c++ - skipped
[0.774s] -- Detecting CXX compile features
[0.774s] -- Detecting CXX compile features - done
[0.783s] -- Found ament_cmake: 1.3.10 (/opt/ros/humble/share/ament_cmake/cmake)
[0.959s] -- Found Python3: /usr/bin/python3 (found version "3.10.12") found components: Interpreter 
[1.110s] -- Found rclcpp: 16.0.10 (/opt/ros/humble/share/rclcpp/cmake)
[1.183s] -- Found rosidl_generator_c: 3.1.5 (/opt/ros/humble/share/rosidl_generator_c/cmake)
[1.207s] -- Found rosidl_adapter: 3.1.5 (/opt/ros/humble/share/rosidl_adapter/cmake)
[1.234s] -- Found rosidl_generator_cpp: 3.1.5 (/opt/ros/humble/share/rosidl_generator_cpp/cmake)
[1.264s] -- Using all available rosidl_typesupport_c: rosidl_typesupport_fastrtps_c;rosidl_typesupport_introspection_c
[1.291s] -- Using all available rosidl_typesupport_cpp: rosidl_typesupport_fastrtps_cpp;rosidl_typesupport_introspection_cpp
[1.373s] -- Found rmw_implementation_cmake: 6.1.2 (/opt/ros/humble/share/rmw_implementation_cmake/cmake)
[1.380s] -- Found rmw_fastrtps_cpp: 6.2.7 (/opt/ros/humble/share/rmw_fastrtps_cpp/cmake)
[1.525s] -- Found OpenSSL: /usr/lib/x86_64-linux-gnu/libcrypto.so (found version "3.0.2")  
[1.550s] -- Found FastRTPS: /opt/ros/humble/include  
[1.589s] -- Using RMW implementation 'rmw_fastrtps_cpp' as default
[1.607s] -- Looking for pthread.h
[1.718s] -- Looking for pthread.h - found
[1.719s] -- Performing Test CMAKE_HAVE_LIBC_PTHREAD
[1.819s] -- Performing Test CMAKE_HAVE_LIBC_PTHREAD - Success
[1.820s] -- Found Threads: TRUE  
[1.925s] -- Found ament_lint_auto: 0.12.11 (/opt/ros/humble/share/ament_lint_auto/cmake)
[2.029s] -- Added test 'cppcheck' to perform static code analysis on C / C++ code
[2.029s] -- Configured cppcheck include dirs: 
[2.029s] -- Configured cppcheck exclude dirs and/or files: 
[2.031s] -- Added test 'lint_cmake' to check CMake code style
[2.033s] -- Added test 'uncrustify' to check C / C++ code style
[2.033s] -- Configured uncrustify additional arguments: 
[2.034s] -- Added test 'xmllint' to check XML markup files
[2.036s] -- Configuring done
[2.044s] -- Generating done
[2.046s] -- Build files have been written to: /home/tj/ros2_ws/build/cpp_parameters
[2.110s] Invoked command in '/home/tj/ros2_ws/build/cpp_parameters' returned '0': CMAKE_PREFIX_PATH=/opt/ros/humble /usr/bin/cmake /home/tj/ros2_ws/src/cpp_parameters -DCMAKE_INSTALL_PREFIX=/home/tj/ros2_ws/install/cpp_parameters
[2.110s] Invoking command in '/home/tj/ros2_ws/build/cpp_parameters': CMAKE_PREFIX_PATH=/opt/ros/humble /usr/bin/cmake --build /home/tj/ros2_ws/build/cpp_parameters -- -j8 -l8
[2.195s] [ 50%] [32mBuilding CXX object CMakeFiles/minimal_param_node.dir/src/cpp_parameters_node.cpp.o[0m
[5.435s] [100%] [32m[1mLinking CXX executable minimal_param_node[0m
[5.653s] [100%] Built target minimal_param_node
[5.670s] Invoked command in '/home/tj/ros2_ws/build/cpp_parameters' returned '0': CMAKE_PREFIX_PATH=/opt/ros/humble /usr/bin/cmake --build /home/tj/ros2_ws/build/cpp_parameters -- -j8 -l8
[5.736s] Invoking command in '/home/tj/ros2_ws/build/cpp_parameters': CMAKE_PREFIX_PATH=/opt/ros/humble /usr/bin/cmake --install /home/tj/ros2_ws/build/cpp_parameters
[5.743s] -- Install configuration: ""
[5.743s] -- Installing: /home/tj/ros2_ws/install/cpp_parameters/lib/cpp_parameters/minimal_param_node
[5.743s] -- Set runtime path of "/home/tj/ros2_ws/install/cpp_parameters/lib/cpp_parameters/minimal_param_node" to ""
[5.743s] -- Installing: /home/tj/ros2_ws/install/cpp_parameters/share/ament_index/resource_index/package_run_dependencies/cpp_parameters
[5.756s] -- Installing: /home/tj/ros2_ws/install/cpp_parameters/share/ament_index/resource_index/parent_prefix_path/cpp_parameters
[5.771s] -- Installing: /home/tj/ros2_ws/install/cpp_parameters/share/cpp_parameters/environment/ament_prefix_path.sh
[5.771s] -- Installing: /home/tj/ros2_ws/install/cpp_parameters/share/cpp_parameters/environment/ament_prefix_path.dsv
[5.772s] -- Installing: /home/tj/ros2_ws/install/cpp_parameters/share/cpp_parameters/environment/path.sh
[5.772s] -- Installing: /home/tj/ros2_ws/install/cpp_parameters/share/cpp_parameters/environment/path.dsv
[5.772s] -- Installing: /home/tj/ros2_ws/install/cpp_parameters/share/cpp_parameters/local_setup.bash
[5.772s] -- Installing: /home/tj/ros2_ws/install/cpp_parameters/share/cpp_parameters/local_setup.sh
[5.772s] -- Installing: /home/tj/ros2_ws/install/cpp_parameters/share/cpp_parameters/local_setup.zsh
[5.772s] -- Installing: /home/tj/ros2_ws/install/cpp_parameters/share/cpp_parameters/local_setup.dsv
[5.780s] -- Installing: /home/tj/ros2_ws/install/cpp_parameters/share/cpp_parameters/package.dsv
[5.780s] -- Installing: /home/tj/ros2_ws/install/cpp_parameters/share/ament_index/resource_index/packages/cpp_parameters
[5.780s] -- Installing: /home/tj/ros2_ws/install/cpp_parameters/share/cpp_parameters/cmake/cpp_parametersConfig.cmake
[5.780s] -- Installing: /home/tj/ros2_ws/install/cpp_parameters/share/cpp_parameters/cmake/cpp_parametersConfig-version.cmake
[5.780s] -- Installing: /home/tj/ros2_ws/install/cpp_parameters/share/cpp_parameters/package.xml
[5.819s] Invoked command in '/home/tj/ros2_ws/build/cpp_parameters' returned '0': CMAKE_PREFIX_PATH=/opt/ros/humble /usr/bin/cmake --install /home/tj/ros2_ws/build/cpp_parameters
