[0.756s] Invoking command in '/home/tj/ros2_ws/build/tutorial_interfaces': CMAKE_PREFIX_PATH=/opt/ros/humble /usr/bin/cmake --build /home/tj/ros2_ws/build/tutorial_interfaces -- -j8 -l8
[4.978s] [  2%] Built target tutorial_interfaces__cpp
[4.986s] [ 12%] Built target tutorial_interfaces__rosidl_generator_c
[5.069s] [ 12%] Built target ament_cmake_python_copy_tutorial_interfaces
[5.069s] [ 23%] Built target tutorial_interfaces__rosidl_typesupport_cpp
[5.069s] [ 34%] Built target tutorial_interfaces__rosidl_typesupport_fastrtps_cpp
[5.070s] [ 44%] Built target tutorial_interfaces__rosidl_typesupport_c
[5.070s] [ 55%] Built target tutorial_interfaces__rosidl_typesupport_fastrtps_c
[5.070s] [ 65%] Built target tutorial_interfaces__rosidl_typesupport_introspection_cpp
[5.070s] [ 76%] Built target tutorial_interfaces__rosidl_typesupport_introspection_c
[5.070s] [ 76%] Built target tutorial_interfaces
[5.070s] [ 78%] Built target tutorial_interfaces__py
[5.070s] [ 87%] Built target tutorial_interfaces__rosidl_generator_py
[5.070s] [ 91%] Built target tutorial_interfaces__rosidl_typesupport_fastrtps_c__pyext
[5.070s] [ 95%] Built target tutorial_interfaces__rosidl_typesupport_c__pyext
[5.070s] running egg_info
[5.070s] writing tutorial_interfaces.egg-info/PKG-INFO
[5.070s] writing dependency_links to tutorial_interfaces.egg-info/dependency_links.txt
[5.070s] writing top-level names to tutorial_interfaces.egg-info/top_level.txt
[5.070s] [100%] Built target tutorial_interfaces__rosidl_typesupport_introspection_c__pyext
[5.070s] reading manifest file 'tutorial_interfaces.egg-info/SOURCES.txt'
[5.070s] writing manifest file 'tutorial_interfaces.egg-info/SOURCES.txt'
[5.070s] [100%] Built target ament_cmake_python_build_tutorial_interfaces_egg
[8.490s] Invoked command in '/home/tj/ros2_ws/build/tutorial_interfaces' returned '0': CMAKE_PREFIX_PATH=/opt/ros/humble /usr/bin/cmake --build /home/tj/ros2_ws/build/tutorial_interfaces -- -j8 -l8
