[1.094s] Invoking command in '/home/tj/ros2_ws/build/cpp_srvcli': AMENT_PREFIX_PATH=/home/tj/ros2_ws/install/tutorial_interfaces:${AMENT_PREFIX_PATH} CMAKE_PREFIX_PATH=/home/tj/ros2_ws/install/tutorial_interfaces:/home/tj/ros2_ws/install/cpp_srvcli:/home/tj/ros2_ws/install/cpp_pubsub:/home/tj/ros2_ws/install/turtlesim:/home/tj/ros2_ws/install/polygon_plugins:/home/tj/ros2_ws/install/polygon_base:/home/tj/ros2_ws/install/my_package:/home/tj/ros2_ws/install/more_interfaces:/home/tj/ros2_ws/install/custom_action_interfaces:/home/tj/ros2_ws/install/cpp_parameters:/home/tj/ros2_ws/install/python_parameters:/home/tj/ros2_ws/install/py_srvcli:/home/tj/ros2_ws/install/py_pubsub:/opt/ros/humble PYTHONPATH=/home/tj/ros2_ws/install/tutorial_interfaces/local/lib/python3.10/dist-packages:${PYTHONPATH} /usr/bin/cmake --build /home/tj/ros2_ws/build/cpp_srvcli -- -j8 -l8
[2.628s] [35m[1mConsolidate compiler generated dependencies of target client[0m
[2.854s] [35m[1mConsolidate compiler generated dependencies of target server[0m
[3.187s] [ 50%] Built target client
[3.219s] [100%] Built target server
[3.630s] Invoked command in '/home/tj/ros2_ws/build/cpp_srvcli' returned '0': AMENT_PREFIX_PATH=/home/tj/ros2_ws/install/tutorial_interfaces:${AMENT_PREFIX_PATH} CMAKE_PREFIX_PATH=/home/tj/ros2_ws/install/tutorial_interfaces:/home/tj/ros2_ws/install/cpp_srvcli:/home/tj/ros2_ws/install/cpp_pubsub:/home/tj/ros2_ws/install/turtlesim:/home/tj/ros2_ws/install/polygon_plugins:/home/tj/ros2_ws/install/polygon_base:/home/tj/ros2_ws/install/my_package:/home/tj/ros2_ws/install/more_interfaces:/home/tj/ros2_ws/install/custom_action_interfaces:/home/tj/ros2_ws/install/cpp_parameters:/home/tj/ros2_ws/install/python_parameters:/home/tj/ros2_ws/install/py_srvcli:/home/tj/ros2_ws/install/py_pubsub:/opt/ros/humble PYTHONPATH=/home/tj/ros2_ws/install/tutorial_interfaces/local/lib/python3.10/dist-packages:${PYTHONPATH} /usr/bin/cmake --build /home/tj/ros2_ws/build/cpp_srvcli -- -j8 -l8
[5.563s] Invoking command in '/home/tj/ros2_ws/build/cpp_srvcli': AMENT_PREFIX_PATH=/home/tj/ros2_ws/install/tutorial_interfaces:${AMENT_PREFIX_PATH} CMAKE_PREFIX_PATH=/home/tj/ros2_ws/install/tutorial_interfaces:/home/tj/ros2_ws/install/cpp_srvcli:/home/tj/ros2_ws/install/cpp_pubsub:/home/tj/ros2_ws/install/turtlesim:/home/tj/ros2_ws/install/polygon_plugins:/home/tj/ros2_ws/install/polygon_base:/home/tj/ros2_ws/install/my_package:/home/tj/ros2_ws/install/more_interfaces:/home/tj/ros2_ws/install/custom_action_interfaces:/home/tj/ros2_ws/install/cpp_parameters:/home/tj/ros2_ws/install/python_parameters:/home/tj/ros2_ws/install/py_srvcli:/home/tj/ros2_ws/install/py_pubsub:/opt/ros/humble PYTHONPATH=/home/tj/ros2_ws/install/tutorial_interfaces/local/lib/python3.10/dist-packages:${PYTHONPATH} /usr/bin/cmake --install /home/tj/ros2_ws/build/cpp_srvcli
[5.581s] -- Install configuration: ""
[5.584s] -- Up-to-date: /home/tj/ros2_ws/install/cpp_srvcli/lib/cpp_srvcli/server
[5.588s] -- Up-to-date: /home/tj/ros2_ws/install/cpp_srvcli/lib/cpp_srvcli/client
[5.588s] -- Up-to-date: /home/tj/ros2_ws/install/cpp_srvcli/share/ament_index/resource_index/package_run_dependencies/cpp_srvcli
[5.591s] -- Up-to-date: /home/tj/ros2_ws/install/cpp_srvcli/share/ament_index/resource_index/parent_prefix_path/cpp_srvcli
[5.592s] -- Up-to-date: /home/tj/ros2_ws/install/cpp_srvcli/share/cpp_srvcli/environment/ament_prefix_path.sh
[5.592s] -- Up-to-date: /home/tj/ros2_ws/install/cpp_srvcli/share/cpp_srvcli/environment/ament_prefix_path.dsv
[5.592s] -- Up-to-date: /home/tj/ros2_ws/install/cpp_srvcli/share/cpp_srvcli/environment/path.sh
[5.592s] -- Up-to-date: /home/tj/ros2_ws/install/cpp_srvcli/share/cpp_srvcli/environment/path.dsv
[5.592s] -- Up-to-date: /home/tj/ros2_ws/install/cpp_srvcli/share/cpp_srvcli/local_setup.bash
[5.592s] -- Up-to-date: /home/tj/ros2_ws/install/cpp_srvcli/share/cpp_srvcli/local_setup.sh
[5.592s] -- Up-to-date: /home/tj/ros2_ws/install/cpp_srvcli/share/cpp_srvcli/local_setup.zsh
[5.592s] -- Up-to-date: /home/tj/ros2_ws/install/cpp_srvcli/share/cpp_srvcli/local_setup.dsv
[5.592s] -- Installing: /home/tj/ros2_ws/install/cpp_srvcli/share/cpp_srvcli/package.dsv
[5.594s] -- Up-to-date: /home/tj/ros2_ws/install/cpp_srvcli/share/ament_index/resource_index/packages/cpp_srvcli
[5.594s] -- Up-to-date: /home/tj/ros2_ws/install/cpp_srvcli/share/cpp_srvcli/cmake/cpp_srvcliConfig.cmake
[5.594s] -- Up-to-date: /home/tj/ros2_ws/install/cpp_srvcli/share/cpp_srvcli/cmake/cpp_srvcliConfig-version.cmake
[5.595s] -- Up-to-date: /home/tj/ros2_ws/install/cpp_srvcli/share/cpp_srvcli/package.xml
[5.600s] Invoked command in '/home/tj/ros2_ws/build/cpp_srvcli' returned '0': AMENT_PREFIX_PATH=/home/tj/ros2_ws/install/tutorial_interfaces:${AMENT_PREFIX_PATH} CMAKE_PREFIX_PATH=/home/tj/ros2_ws/install/tutorial_interfaces:/home/tj/ros2_ws/install/cpp_srvcli:/home/tj/ros2_ws/install/cpp_pubsub:/home/tj/ros2_ws/install/turtlesim:/home/tj/ros2_ws/install/polygon_plugins:/home/tj/ros2_ws/install/polygon_base:/home/tj/ros2_ws/install/my_package:/home/tj/ros2_ws/install/more_interfaces:/home/tj/ros2_ws/install/custom_action_interfaces:/home/tj/ros2_ws/install/cpp_parameters:/home/tj/ros2_ws/install/python_parameters:/home/tj/ros2_ws/install/py_srvcli:/home/tj/ros2_ws/install/py_pubsub:/opt/ros/humble PYTHONPATH=/home/tj/ros2_ws/install/tutorial_interfaces/local/lib/python3.10/dist-packages:${PYTHONPATH} /usr/bin/cmake --install /home/tj/ros2_ws/build/cpp_srvcli
