[0.970s] Invoking command in '/home/tj/ros2_ws/src/python_parameters': PYTHONPATH=/home/tj/ros2_ws/build/python_parameters/prefix_override:/usr/lib/python3/dist-packages/colcon_core/task/python/colcon_distutils_commands:/home/tj/ros2_ws/install/python_parameters/lib/python3.10/site-packages:${PYTHONPATH} /usr/bin/python3 -W ignore:setup.py install is deprecated setup.py egg_info --egg-base ../../build/python_parameters build --build-base /home/tj/ros2_ws/build/python_parameters/build install --record /home/tj/ros2_ws/build/python_parameters/install.log --single-version-externally-managed install_data
[1.131s] running egg_info
[1.131s] creating ../../build/python_parameters/python_parameters.egg-info
[1.131s] writing ../../build/python_parameters/python_parameters.egg-info/PKG-INFO
[1.131s] writing dependency_links to ../../build/python_parameters/python_parameters.egg-info/dependency_links.txt
[1.131s] writing entry points to ../../build/python_parameters/python_parameters.egg-info/entry_points.txt
[1.131s] writing requirements to ../../build/python_parameters/python_parameters.egg-info/requires.txt
[1.131s] writing top-level names to ../../build/python_parameters/python_parameters.egg-info/top_level.txt
[1.131s] writing manifest file '../../build/python_parameters/python_parameters.egg-info/SOURCES.txt'
[1.131s] reading manifest file '../../build/python_parameters/python_parameters.egg-info/SOURCES.txt'
[1.131s] writing manifest file '../../build/python_parameters/python_parameters.egg-info/SOURCES.txt'
[1.131s] running build
[1.131s] running build_py
[1.131s] creating /home/tj/ros2_ws/build/python_parameters/build
[1.131s] creating /home/tj/ros2_ws/build/python_parameters/build/lib
[1.131s] creating /home/tj/ros2_ws/build/python_parameters/build/lib/python_parameters
[1.131s] copying python_parameters/__init__.py -> /home/tj/ros2_ws/build/python_parameters/build/lib/python_parameters
[1.131s] copying python_parameters/python_parameters_node.py -> /home/tj/ros2_ws/build/python_parameters/build/lib/python_parameters
[1.132s] running install
[1.132s] running install_lib
[1.132s] creating /home/tj/ros2_ws/install/python_parameters/lib/python3.10/site-packages/python_parameters
[1.132s] copying /home/tj/ros2_ws/build/python_parameters/build/lib/python_parameters/__init__.py -> /home/tj/ros2_ws/install/python_parameters/lib/python3.10/site-packages/python_parameters
[1.132s] copying /home/tj/ros2_ws/build/python_parameters/build/lib/python_parameters/python_parameters_node.py -> /home/tj/ros2_ws/install/python_parameters/lib/python3.10/site-packages/python_parameters
[1.132s] byte-compiling /home/tj/ros2_ws/install/python_parameters/lib/python3.10/site-packages/python_parameters/__init__.py to __init__.cpython-310.pyc
[1.133s] byte-compiling /home/tj/ros2_ws/install/python_parameters/lib/python3.10/site-packages/python_parameters/python_parameters_node.py to python_parameters_node.cpython-310.pyc
[1.133s] running install_data
[1.133s] creating /home/tj/ros2_ws/install/python_parameters/share/ament_index
[1.133s] creating /home/tj/ros2_ws/install/python_parameters/share/ament_index/resource_index
[1.133s] creating /home/tj/ros2_ws/install/python_parameters/share/ament_index/resource_index/packages
[1.133s] copying resource/python_parameters -> /home/tj/ros2_ws/install/python_parameters/share/ament_index/resource_index/packages
[1.133s] copying package.xml -> /home/tj/ros2_ws/install/python_parameters/share/python_parameters
[1.133s] running install_egg_info
[1.135s] Copying ../../build/python_parameters/python_parameters.egg-info to /home/tj/ros2_ws/install/python_parameters/lib/python3.10/site-packages/python_parameters-0.0.0-py3.10.egg-info
[1.145s] running install_scripts
[1.168s] Installing minimal_param_node script to /home/tj/ros2_ws/install/python_parameters/lib/python_parameters
[1.169s] writing list of installed files to '/home/tj/ros2_ws/build/python_parameters/install.log'
[1.180s] Invoked command in '/home/tj/ros2_ws/src/python_parameters' returned '0': PYTHONPATH=/home/tj/ros2_ws/build/python_parameters/prefix_override:/usr/lib/python3/dist-packages/colcon_core/task/python/colcon_distutils_commands:/home/tj/ros2_ws/install/python_parameters/lib/python3.10/site-packages:${PYTHONPATH} /usr/bin/python3 -W ignore:setup.py install is deprecated setup.py egg_info --egg-base ../../build/python_parameters build --build-base /home/tj/ros2_ws/build/python_parameters/build install --record /home/tj/ros2_ws/build/python_parameters/install.log --single-version-externally-managed install_data
