[0.582s] Invoking command in '/home/tj/ros2_ws/build/custom_action_interfaces': CMAKE_PREFIX_PATH=${CMAKE_PREFIX_PATH}:/home/tj/ros2_ws/install/python_parameters:/home/tj/ros2_ws/install/py_srvcli:/home/tj/ros2_ws/install/py_pubsub:/opt/ros/humble /usr/bin/cmake --build /home/tj/ros2_ws/build/custom_action_interfaces -- -j8 -l8
[7.812s] [  9%] Built target custom_action_interfaces__rosidl_generator_c
[7.820s] [ 12%] Built target custom_action_interfaces__cpp
[7.902s] [ 12%] Built target ament_cmake_python_copy_custom_action_interfaces
[7.902s] [ 22%] Built target custom_action_interfaces__rosidl_typesupport_introspection_c
[7.902s] [ 32%] Built target custom_action_interfaces__rosidl_typesupport_fastrtps_c
[7.902s] [ 41%] Built target custom_action_interfaces__rosidl_typesupport_c
[7.902s] [ 51%] Built target custom_action_interfaces__rosidl_typesupport_introspection_cpp
[7.902s] [ 61%] Built target custom_action_interfaces__rosidl_typesupport_fastrtps_cpp
[7.902s] [ 70%] Built target custom_action_interfaces__rosidl_typesupport_cpp
[7.902s] [ 70%] Built target custom_action_interfaces
[7.903s] [ 74%] Built target custom_action_interfaces__py
[7.903s] [ 80%] Built target custom_action_interfaces__rosidl_generator_py
[7.903s] running egg_info
[7.903s] writing custom_action_interfaces.egg-info/PKG-INFO
[7.903s] writing dependency_links to custom_action_interfaces.egg-info/dependency_links.txt
[7.903s] writing top-level names to custom_action_interfaces.egg-info/top_level.txt
[7.950s] reading manifest file 'custom_action_interfaces.egg-info/SOURCES.txt'
[7.950s] writing manifest file 'custom_action_interfaces.egg-info/SOURCES.txt'
[7.951s] [ 87%] Built target custom_action_interfaces__rosidl_typesupport_introspection_c__pyext
[7.951s] [ 93%] Built target custom_action_interfaces__rosidl_typesupport_fastrtps_c__pyext
[7.951s] [100%] Built target custom_action_interfaces__rosidl_typesupport_c__pyext
[7.951s] [ 96%] Built target ament_cmake_python_build_custom_action_interfaces_egg
[8.189s] Invoked command in '/home/tj/ros2_ws/build/custom_action_interfaces' returned '0': CMAKE_PREFIX_PATH=${CMAKE_PREFIX_PATH}:/home/tj/ros2_ws/install/python_parameters:/home/tj/ros2_ws/install/py_srvcli:/home/tj/ros2_ws/install/py_pubsub:/opt/ros/humble /usr/bin/cmake --build /home/tj/ros2_ws/build/custom_action_interfaces -- -j8 -l8
[10.904s] Invoking command in '/home/tj/ros2_ws/build/custom_action_interfaces': CMAKE_PREFIX_PATH=${CMAKE_PREFIX_PATH}:/home/tj/ros2_ws/install/python_parameters:/home/tj/ros2_ws/install/py_srvcli:/home/tj/ros2_ws/install/py_pubsub:/opt/ros/humble /usr/bin/cmake --install /home/tj/ros2_ws/build/custom_action_interfaces
[13.085s] -- Install configuration: ""
[13.085s] -- Up-to-date: /home/tj/ros2_ws/install/custom_action_interfaces/share/ament_index/resource_index/rosidl_interfaces/custom_action_interfaces
[13.085s] -- Up-to-date: /home/tj/ros2_ws/install/custom_action_interfaces/include/custom_action_interfaces/custom_action_interfaces
[13.085s] -- Up-to-date: /home/tj/ros2_ws/install/custom_action_interfaces/include/custom_action_interfaces/custom_action_interfaces/msg
[13.086s] -- Up-to-date: /home/tj/ros2_ws/install/custom_action_interfaces/include/custom_action_interfaces/custom_action_interfaces/msg/rosidl_generator_c__visibility_control.h
[13.086s] -- Up-to-date: /home/tj/ros2_ws/install/custom_action_interfaces/include/custom_action_interfaces/custom_action_interfaces/action
[13.086s] -- Up-to-date: /home/tj/ros2_ws/install/custom_action_interfaces/include/custom_action_interfaces/custom_action_interfaces/action/fibonacci.h
[13.086s] -- Up-to-date: /home/tj/ros2_ws/install/custom_action_interfaces/include/custom_action_interfaces/custom_action_interfaces/action/detail
[13.086s] -- Up-to-date: /home/tj/ros2_ws/install/custom_action_interfaces/include/custom_action_interfaces/custom_action_interfaces/action/detail/fibonacci__functions.h
[13.086s] -- Up-to-date: /home/tj/ros2_ws/install/custom_action_interfaces/include/custom_action_interfaces/custom_action_interfaces/action/detail/fibonacci__type_support.h
[13.087s] -- Up-to-date: /home/tj/ros2_ws/install/custom_action_interfaces/include/custom_action_interfaces/custom_action_interfaces/action/detail/fibonacci__functions.c
[13.087s] -- Up-to-date: /home/tj/ros2_ws/install/custom_action_interfaces/include/custom_action_interfaces/custom_action_interfaces/action/detail/fibonacci__struct.h
[13.087s] -- Up-to-date: /home/tj/ros2_ws/install/custom_action_interfaces/share/custom_action_interfaces/environment/library_path.sh
[13.087s] -- Up-to-date: /home/tj/ros2_ws/install/custom_action_interfaces/share/custom_action_interfaces/environment/library_path.dsv
[13.087s] -- Up-to-date: /home/tj/ros2_ws/install/custom_action_interfaces/lib/libcustom_action_interfaces__rosidl_generator_c.so
[13.087s] -- Up-to-date: /home/tj/ros2_ws/install/custom_action_interfaces/include/custom_action_interfaces/custom_action_interfaces
[13.087s] -- Up-to-date: /home/tj/ros2_ws/install/custom_action_interfaces/include/custom_action_interfaces/custom_action_interfaces/msg
[13.087s] -- Up-to-date: /home/tj/ros2_ws/install/custom_action_interfaces/include/custom_action_interfaces/custom_action_interfaces/msg/rosidl_typesupport_fastrtps_c__visibility_control.h
[13.087s] -- Up-to-date: /home/tj/ros2_ws/install/custom_action_interfaces/include/custom_action_interfaces/custom_action_interfaces/action
[13.091s] -- Up-to-date: /home/tj/ros2_ws/install/custom_action_interfaces/include/custom_action_interfaces/custom_action_interfaces/action/detail
[13.119s] -- Up-to-date: /home/tj/ros2_ws/install/custom_action_interfaces/include/custom_action_interfaces/custom_action_interfaces/action/detail/fibonacci__rosidl_typesupport_fastrtps_c.h
[13.120s] -- Up-to-date: /home/tj/ros2_ws/install/custom_action_interfaces/lib/libcustom_action_interfaces__rosidl_typesupport_fastrtps_c.so
[13.120s] -- Up-to-date: /home/tj/ros2_ws/install/custom_action_interfaces/include/custom_action_interfaces/custom_action_interfaces
[13.120s] -- Up-to-date: /home/tj/ros2_ws/install/custom_action_interfaces/include/custom_action_interfaces/custom_action_interfaces/msg
[13.120s] -- Up-to-date: /home/tj/ros2_ws/install/custom_action_interfaces/include/custom_action_interfaces/custom_action_interfaces/msg/rosidl_typesupport_introspection_c__visibility_control.h
[13.120s] -- Up-to-date: /home/tj/ros2_ws/install/custom_action_interfaces/include/custom_action_interfaces/custom_action_interfaces/action
[13.120s] -- Up-to-date: /home/tj/ros2_ws/install/custom_action_interfaces/include/custom_action_interfaces/custom_action_interfaces/action/detail
[13.120s] -- Up-to-date: /home/tj/ros2_ws/install/custom_action_interfaces/include/custom_action_interfaces/custom_action_interfaces/action/detail/fibonacci__rosidl_typesupport_introspection_c.h
[13.120s] -- Up-to-date: /home/tj/ros2_ws/install/custom_action_interfaces/include/custom_action_interfaces/custom_action_interfaces/action/detail/fibonacci__type_support.c
[13.120s] -- Up-to-date: /home/tj/ros2_ws/install/custom_action_interfaces/lib/libcustom_action_interfaces__rosidl_typesupport_introspection_c.so
[13.120s] -- Up-to-date: /home/tj/ros2_ws/install/custom_action_interfaces/lib/libcustom_action_interfaces__rosidl_typesupport_c.so
[13.124s] -- Up-to-date: /home/tj/ros2_ws/install/custom_action_interfaces/include/custom_action_interfaces/custom_action_interfaces
[13.127s] -- Up-to-date: /home/tj/ros2_ws/install/custom_action_interfaces/include/custom_action_interfaces/custom_action_interfaces/action
[13.127s] -- Up-to-date: /home/tj/ros2_ws/install/custom_action_interfaces/include/custom_action_interfaces/custom_action_interfaces/action/detail
[13.127s] -- Up-to-date: /home/tj/ros2_ws/install/custom_action_interfaces/include/custom_action_interfaces/custom_action_interfaces/action/detail/fibonacci__struct.hpp
[13.127s] -- Up-to-date: /home/tj/ros2_ws/install/custom_action_interfaces/include/custom_action_interfaces/custom_action_interfaces/action/detail/fibonacci__builder.hpp
[13.127s] -- Up-to-date: /home/tj/ros2_ws/install/custom_action_interfaces/include/custom_action_interfaces/custom_action_interfaces/action/detail/fibonacci__traits.hpp
[13.127s] -- Up-to-date: /home/tj/ros2_ws/install/custom_action_interfaces/include/custom_action_interfaces/custom_action_interfaces/action/fibonacci.hpp
[13.127s] -- Up-to-date: /home/tj/ros2_ws/install/custom_action_interfaces/include/custom_action_interfaces/custom_action_interfaces
[13.127s] -- Up-to-date: /home/tj/ros2_ws/install/custom_action_interfaces/include/custom_action_interfaces/custom_action_interfaces/msg
[13.127s] -- Up-to-date: /home/tj/ros2_ws/install/custom_action_interfaces/include/custom_action_interfaces/custom_action_interfaces/msg/rosidl_typesupport_fastrtps_cpp__visibility_control.h
[13.127s] -- Up-to-date: /home/tj/ros2_ws/install/custom_action_interfaces/include/custom_action_interfaces/custom_action_interfaces/action
[13.127s] -- Up-to-date: /home/tj/ros2_ws/install/custom_action_interfaces/include/custom_action_interfaces/custom_action_interfaces/action/detail
[13.127s] -- Up-to-date: /home/tj/ros2_ws/install/custom_action_interfaces/include/custom_action_interfaces/custom_action_interfaces/action/detail/dds_fastrtps
[13.127s] -- Up-to-date: /home/tj/ros2_ws/install/custom_action_interfaces/include/custom_action_interfaces/custom_action_interfaces/action/detail/fibonacci__rosidl_typesupport_fastrtps_cpp.hpp
[13.127s] -- Up-to-date: /home/tj/ros2_ws/install/custom_action_interfaces/lib/libcustom_action_interfaces__rosidl_typesupport_fastrtps_cpp.so
[13.127s] -- Up-to-date: /home/tj/ros2_ws/install/custom_action_interfaces/include/custom_action_interfaces/custom_action_interfaces
[13.128s] -- Up-to-date: /home/tj/ros2_ws/install/custom_action_interfaces/include/custom_action_interfaces/custom_action_interfaces/action
[13.139s] -- Up-to-date: /home/tj/ros2_ws/install/custom_action_interfaces/include/custom_action_interfaces/custom_action_interfaces/action/detail
[13.145s] -- Up-to-date: /home/tj/ros2_ws/install/custom_action_interfaces/include/custom_action_interfaces/custom_action_interfaces/action/detail/fibonacci__type_support.cpp
[13.148s] -- Up-to-date: /home/tj/ros2_ws/install/custom_action_interfaces/include/custom_action_interfaces/custom_action_interfaces/action/detail/fibonacci__rosidl_typesupport_introspection_cpp.hpp
[13.148s] -- Up-to-date: /home/tj/ros2_ws/install/custom_action_interfaces/lib/libcustom_action_interfaces__rosidl_typesupport_introspection_cpp.so
[13.148s] -- Up-to-date: /home/tj/ros2_ws/install/custom_action_interfaces/lib/libcustom_action_interfaces__rosidl_typesupport_cpp.so
[13.148s] -- Up-to-date: /home/tj/ros2_ws/install/custom_action_interfaces/share/custom_action_interfaces/environment/pythonpath.sh
[13.148s] -- Up-to-date: /home/tj/ros2_ws/install/custom_action_interfaces/share/custom_action_interfaces/environment/pythonpath.dsv
[13.155s] -- Up-to-date: /home/tj/ros2_ws/install/custom_action_interfaces/local/lib/python3.10/dist-packages/custom_action_interfaces-0.0.0-py3.10.egg-info
[13.158s] -- Installing: /home/tj/ros2_ws/install/custom_action_interfaces/local/lib/python3.10/dist-packages/custom_action_interfaces-0.0.0-py3.10.egg-info/top_level.txt
[13.158s] -- Installing: /home/tj/ros2_ws/install/custom_action_interfaces/local/lib/python3.10/dist-packages/custom_action_interfaces-0.0.0-py3.10.egg-info/PKG-INFO
[13.158s] -- Installing: /home/tj/ros2_ws/install/custom_action_interfaces/local/lib/python3.10/dist-packages/custom_action_interfaces-0.0.0-py3.10.egg-info/dependency_links.txt
[13.158s] -- Installing: /home/tj/ros2_ws/install/custom_action_interfaces/local/lib/python3.10/dist-packages/custom_action_interfaces-0.0.0-py3.10.egg-info/SOURCES.txt
[13.158s] -- Up-to-date: /home/tj/ros2_ws/install/custom_action_interfaces/local/lib/python3.10/dist-packages/custom_action_interfaces
[13.179s] -- Up-to-date: /home/tj/ros2_ws/install/custom_action_interfaces/local/lib/python3.10/dist-packages/custom_action_interfaces/libcustom_action_interfaces__rosidl_generator_py.so
[13.182s] -- Up-to-date: /home/tj/ros2_ws/install/custom_action_interfaces/local/lib/python3.10/dist-packages/custom_action_interfaces/__init__.py
[13.182s] -- Up-to-date: /home/tj/ros2_ws/install/custom_action_interfaces/local/lib/python3.10/dist-packages/custom_action_interfaces/custom_action_interfaces_s__rosidl_typesupport_c.cpython-310-x86_64-linux-gnu.so
[13.182s] -- Up-to-date: /home/tj/ros2_ws/install/custom_action_interfaces/local/lib/python3.10/dist-packages/custom_action_interfaces/_custom_action_interfaces_s.ep.rosidl_typesupport_c.c
[13.185s] -- Up-to-date: /home/tj/ros2_ws/install/custom_action_interfaces/local/lib/python3.10/dist-packages/custom_action_interfaces/custom_action_interfaces_s__rosidl_typesupport_fastrtps_c.cpython-310-x86_64-linux-gnu.so
[13.202s] -- Up-to-date: /home/tj/ros2_ws/install/custom_action_interfaces/local/lib/python3.10/dist-packages/custom_action_interfaces/_custom_action_interfaces_s.ep.rosidl_typesupport_fastrtps_c.c
[13.202s] -- Up-to-date: /home/tj/ros2_ws/install/custom_action_interfaces/local/lib/python3.10/dist-packages/custom_action_interfaces/_custom_action_interfaces_s.ep.rosidl_typesupport_introspection_c.c
[13.202s] -- Up-to-date: /home/tj/ros2_ws/install/custom_action_interfaces/local/lib/python3.10/dist-packages/custom_action_interfaces/custom_action_interfaces_s__rosidl_typesupport_introspection_c.cpython-310-x86_64-linux-gnu.so
[13.202s] -- Up-to-date: /home/tj/ros2_ws/install/custom_action_interfaces/local/lib/python3.10/dist-packages/custom_action_interfaces/action
[13.202s] -- Up-to-date: /home/tj/ros2_ws/install/custom_action_interfaces/local/lib/python3.10/dist-packages/custom_action_interfaces/action/__init__.py
[13.202s] -- Up-to-date: /home/tj/ros2_ws/install/custom_action_interfaces/local/lib/python3.10/dist-packages/custom_action_interfaces/action/_fibonacci.py
[13.202s] -- Up-to-date: /home/tj/ros2_ws/install/custom_action_interfaces/local/lib/python3.10/dist-packages/custom_action_interfaces/action/_fibonacci_s.c
[13.211s] Listing '/home/tj/ros2_ws/install/custom_action_interfaces/local/lib/python3.10/dist-packages/custom_action_interfaces'...
[13.211s] Listing '/home/tj/ros2_ws/install/custom_action_interfaces/local/lib/python3.10/dist-packages/custom_action_interfaces/action'...
[13.212s] -- Up-to-date: /home/tj/ros2_ws/install/custom_action_interfaces/local/lib/python3.10/dist-packages/custom_action_interfaces/custom_action_interfaces_s__rosidl_typesupport_fastrtps_c.cpython-310-x86_64-linux-gnu.so
[13.212s] -- Up-to-date: /home/tj/ros2_ws/install/custom_action_interfaces/local/lib/python3.10/dist-packages/custom_action_interfaces/custom_action_interfaces_s__rosidl_typesupport_introspection_c.cpython-310-x86_64-linux-gnu.so
[13.218s] -- Up-to-date: /home/tj/ros2_ws/install/custom_action_interfaces/local/lib/python3.10/dist-packages/custom_action_interfaces/custom_action_interfaces_s__rosidl_typesupport_c.cpython-310-x86_64-linux-gnu.so
[13.224s] -- Up-to-date: /home/tj/ros2_ws/install/custom_action_interfaces/lib/libcustom_action_interfaces__rosidl_generator_py.so
[13.224s] -- Up-to-date: /home/tj/ros2_ws/install/custom_action_interfaces/share/custom_action_interfaces/action/Fibonacci.idl
[13.224s] -- Up-to-date: /home/tj/ros2_ws/install/custom_action_interfaces/share/custom_action_interfaces/action/Fibonacci.action
[13.224s] -- Up-to-date: /home/tj/ros2_ws/install/custom_action_interfaces/share/ament_index/resource_index/package_run_dependencies/custom_action_interfaces
[13.224s] -- Up-to-date: /home/tj/ros2_ws/install/custom_action_interfaces/share/ament_index/resource_index/parent_prefix_path/custom_action_interfaces
[13.224s] -- Up-to-date: /home/tj/ros2_ws/install/custom_action_interfaces/share/custom_action_interfaces/environment/ament_prefix_path.sh
[13.225s] -- Up-to-date: /home/tj/ros2_ws/install/custom_action_interfaces/share/custom_action_interfaces/environment/ament_prefix_path.dsv
[13.225s] -- Up-to-date: /home/tj/ros2_ws/install/custom_action_interfaces/share/custom_action_interfaces/environment/path.sh
[13.225s] -- Up-to-date: /home/tj/ros2_ws/install/custom_action_interfaces/share/custom_action_interfaces/environment/path.dsv
[13.225s] -- Up-to-date: /home/tj/ros2_ws/install/custom_action_interfaces/share/custom_action_interfaces/local_setup.bash
[13.225s] -- Up-to-date: /home/tj/ros2_ws/install/custom_action_interfaces/share/custom_action_interfaces/local_setup.sh
[13.225s] -- Up-to-date: /home/tj/ros2_ws/install/custom_action_interfaces/share/custom_action_interfaces/local_setup.zsh
[13.225s] -- Up-to-date: /home/tj/ros2_ws/install/custom_action_interfaces/share/custom_action_interfaces/local_setup.dsv
[13.225s] -- Installing: /home/tj/ros2_ws/install/custom_action_interfaces/share/custom_action_interfaces/package.dsv
[13.225s] -- Up-to-date: /home/tj/ros2_ws/install/custom_action_interfaces/share/ament_index/resource_index/packages/custom_action_interfaces
[13.225s] -- Up-to-date: /home/tj/ros2_ws/install/custom_action_interfaces/share/custom_action_interfaces/cmake/export_custom_action_interfaces__rosidl_generator_cExport.cmake
[13.226s] -- Up-to-date: /home/tj/ros2_ws/install/custom_action_interfaces/share/custom_action_interfaces/cmake/export_custom_action_interfaces__rosidl_generator_cExport-noconfig.cmake
[13.226s] -- Up-to-date: /home/tj/ros2_ws/install/custom_action_interfaces/share/custom_action_interfaces/cmake/export_custom_action_interfaces__rosidl_typesupport_fastrtps_cExport.cmake
[13.226s] -- Up-to-date: /home/tj/ros2_ws/install/custom_action_interfaces/share/custom_action_interfaces/cmake/export_custom_action_interfaces__rosidl_typesupport_fastrtps_cExport-noconfig.cmake
[13.226s] -- Up-to-date: /home/tj/ros2_ws/install/custom_action_interfaces/share/custom_action_interfaces/cmake/custom_action_interfaces__rosidl_typesupport_introspection_cExport.cmake
[13.226s] -- Up-to-date: /home/tj/ros2_ws/install/custom_action_interfaces/share/custom_action_interfaces/cmake/custom_action_interfaces__rosidl_typesupport_introspection_cExport-noconfig.cmake
[13.226s] -- Up-to-date: /home/tj/ros2_ws/install/custom_action_interfaces/share/custom_action_interfaces/cmake/custom_action_interfaces__rosidl_typesupport_cExport.cmake
[13.226s] -- Up-to-date: /home/tj/ros2_ws/install/custom_action_interfaces/share/custom_action_interfaces/cmake/custom_action_interfaces__rosidl_typesupport_cExport-noconfig.cmake
[13.226s] -- Up-to-date: /home/tj/ros2_ws/install/custom_action_interfaces/share/custom_action_interfaces/cmake/export_custom_action_interfaces__rosidl_generator_cppExport.cmake
[13.226s] -- Up-to-date: /home/tj/ros2_ws/install/custom_action_interfaces/share/custom_action_interfaces/cmake/export_custom_action_interfaces__rosidl_typesupport_fastrtps_cppExport.cmake
[13.226s] -- Up-to-date: /home/tj/ros2_ws/install/custom_action_interfaces/share/custom_action_interfaces/cmake/export_custom_action_interfaces__rosidl_typesupport_fastrtps_cppExport-noconfig.cmake
[13.226s] -- Up-to-date: /home/tj/ros2_ws/install/custom_action_interfaces/share/custom_action_interfaces/cmake/custom_action_interfaces__rosidl_typesupport_introspection_cppExport.cmake
[13.226s] -- Up-to-date: /home/tj/ros2_ws/install/custom_action_interfaces/share/custom_action_interfaces/cmake/custom_action_interfaces__rosidl_typesupport_introspection_cppExport-noconfig.cmake
[13.226s] -- Up-to-date: /home/tj/ros2_ws/install/custom_action_interfaces/share/custom_action_interfaces/cmake/custom_action_interfaces__rosidl_typesupport_cppExport.cmake
[13.226s] -- Up-to-date: /home/tj/ros2_ws/install/custom_action_interfaces/share/custom_action_interfaces/cmake/custom_action_interfaces__rosidl_typesupport_cppExport-noconfig.cmake
[13.226s] -- Up-to-date: /home/tj/ros2_ws/install/custom_action_interfaces/share/custom_action_interfaces/cmake/export_custom_action_interfaces__rosidl_generator_pyExport.cmake
[13.226s] -- Up-to-date: /home/tj/ros2_ws/install/custom_action_interfaces/share/custom_action_interfaces/cmake/export_custom_action_interfaces__rosidl_generator_pyExport-noconfig.cmake
[13.226s] -- Up-to-date: /home/tj/ros2_ws/install/custom_action_interfaces/share/custom_action_interfaces/cmake/rosidl_cmake-extras.cmake
[13.226s] -- Up-to-date: /home/tj/ros2_ws/install/custom_action_interfaces/share/custom_action_interfaces/cmake/ament_cmake_export_dependencies-extras.cmake
[13.226s] -- Up-to-date: /home/tj/ros2_ws/install/custom_action_interfaces/share/custom_action_interfaces/cmake/ament_cmake_export_include_directories-extras.cmake
[13.227s] -- Up-to-date: /home/tj/ros2_ws/install/custom_action_interfaces/share/custom_action_interfaces/cmake/ament_cmake_export_libraries-extras.cmake
[13.227s] -- Up-to-date: /home/tj/ros2_ws/install/custom_action_interfaces/share/custom_action_interfaces/cmake/ament_cmake_export_targets-extras.cmake
[13.227s] -- Up-to-date: /home/tj/ros2_ws/install/custom_action_interfaces/share/custom_action_interfaces/cmake/rosidl_cmake_export_typesupport_targets-extras.cmake
[13.227s] -- Up-to-date: /home/tj/ros2_ws/install/custom_action_interfaces/share/custom_action_interfaces/cmake/rosidl_cmake_export_typesupport_libraries-extras.cmake
[13.227s] -- Up-to-date: /home/tj/ros2_ws/install/custom_action_interfaces/share/custom_action_interfaces/cmake/custom_action_interfacesConfig.cmake
[13.227s] -- Up-to-date: /home/tj/ros2_ws/install/custom_action_interfaces/share/custom_action_interfaces/cmake/custom_action_interfacesConfig-version.cmake
[13.227s] -- Up-to-date: /home/tj/ros2_ws/install/custom_action_interfaces/share/custom_action_interfaces/package.xml
[13.730s] Invoked command in '/home/tj/ros2_ws/build/custom_action_interfaces' returned '0': CMAKE_PREFIX_PATH=${CMAKE_PREFIX_PATH}:/home/tj/ros2_ws/install/python_parameters:/home/tj/ros2_ws/install/py_srvcli:/home/tj/ros2_ws/install/py_pubsub:/opt/ros/humble /usr/bin/cmake --install /home/tj/ros2_ws/build/custom_action_interfaces
