[0.418s] Invoking command in '/home/tj/ros2_ws/build/cpp_parameters': CMAKE_PREFIX_PATH=/opt/ros/humble /usr/bin/cmake --build /home/tj/ros2_ws/build/cpp_parameters -- -j8 -l8
[3.567s] -- Found ament_cmake: 1.3.10 (/opt/ros/humble/share/ament_cmake/cmake)
[3.567s] -- Found rclcpp: 16.0.10 (/opt/ros/humble/share/rclcpp/cmake)
[3.567s] -- Found rosidl_generator_c: 3.1.5 (/opt/ros/humble/share/rosidl_generator_c/cmake)
[3.567s] -- Found rosidl_adapter: 3.1.5 (/opt/ros/humble/share/rosidl_adapter/cmake)
[3.567s] -- Found rosidl_generator_cpp: 3.1.5 (/opt/ros/humble/share/rosidl_generator_cpp/cmake)
[3.567s] -- Using all available rosidl_typesupport_c: rosidl_typesupport_fastrtps_c;rosidl_typesupport_introspection_c
[3.567s] -- Using all available rosidl_typesupport_cpp: rosidl_typesupport_fastrtps_cpp;rosidl_typesupport_introspection_cpp
[3.567s] -- Found rmw_implementation_cmake: 6.1.2 (/opt/ros/humble/share/rmw_implementation_cmake/cmake)
[3.567s] -- Found rmw_fastrtps_cpp: 6.2.7 (/opt/ros/humble/share/rmw_fastrtps_cpp/cmake)
[3.981s] -- Using RMW implementation 'rmw_fastrtps_cpp' as default
[4.422s] [31mCMake Error at CMakeLists.txt:15 (install):
[4.422s]   install TARGETS given target "DIRECTORY" which does not exist.
[4.422s] 
[4.423s] [0m
[4.423s] -- Found ament_lint_auto: 0.12.11 (/opt/ros/humble/share/ament_lint_auto/cmake)
[4.618s] -- Added test 'cppcheck' to perform static code analysis on C / C++ code
[4.619s] -- Configured cppcheck include dirs: 
[4.619s] -- Configured cppcheck exclude dirs and/or files: 
[4.619s] -- Added test 'flake8' to check Python code syntax and style conventions
[4.619s] -- Added test 'lint_cmake' to check CMake code style
[4.619s] -- Added test 'pep257' to check Python code against some of the docstring style conventions in PEP 257
[4.620s] -- Added test 'uncrustify' to check C / C++ code style
[4.620s] -- Configured uncrustify additional arguments: 
[4.621s] -- Added test 'xmllint' to check XML markup files
[4.622s] -- Configuring incomplete, errors occurred!
[4.622s] See also "/home/tj/ros2_ws/build/cpp_parameters/CMakeFiles/CMakeOutput.log".
[4.629s] gmake: *** [Makefile:267: cmake_check_build_system] Error 1
[4.959s] Invoked command in '/home/tj/ros2_ws/build/cpp_parameters' returned '2': CMAKE_PREFIX_PATH=/opt/ros/humble /usr/bin/cmake --build /home/tj/ros2_ws/build/cpp_parameters -- -j8 -l8
