[1.602s] Invoking command in '/home/tj/ros2_ws/src/py_pubsub': PYTHONPATH=/home/tj/ros2_ws/build/py_pubsub/prefix_override:/usr/lib/python3/dist-packages/colcon_core/task/python/colcon_distutils_commands:/home/tj/ros2_ws/install/py_pubsub/lib/python3.10/site-packages:${PYTHONPATH} /usr/bin/python3 -W ignore:setup.py install is deprecated setup.py egg_info --egg-base ../../build/py_pubsub build --build-base /home/tj/ros2_ws/build/py_pubsub/build install --record /home/tj/ros2_ws/build/py_pubsub/install.log --single-version-externally-managed install_data
[1.982s] running egg_info
[1.983s] creating ../../build/py_pubsub/py_pubsub.egg-info
[1.983s] writing ../../build/py_pubsub/py_pubsub.egg-info/PKG-INFO
[1.983s] writing dependency_links to ../../build/py_pubsub/py_pubsub.egg-info/dependency_links.txt
[1.983s] writing entry points to ../../build/py_pubsub/py_pubsub.egg-info/entry_points.txt
[1.983s] writing requirements to ../../build/py_pubsub/py_pubsub.egg-info/requires.txt
[1.983s] writing top-level names to ../../build/py_pubsub/py_pubsub.egg-info/top_level.txt
[1.985s] writing manifest file '../../build/py_pubsub/py_pubsub.egg-info/SOURCES.txt'
[1.987s] reading manifest file '../../build/py_pubsub/py_pubsub.egg-info/SOURCES.txt'
[1.987s] adding license file 'LICENSE'
[1.987s] writing manifest file '../../build/py_pubsub/py_pubsub.egg-info/SOURCES.txt'
[1.987s] running build
[1.987s] running build_py
[1.989s] creating /home/tj/ros2_ws/build/py_pubsub/build
[1.990s] creating /home/tj/ros2_ws/build/py_pubsub/build/lib
[1.990s] creating /home/tj/ros2_ws/build/py_pubsub/build/lib/py_pubsub
[1.990s] copying py_pubsub/__init__.py -> /home/tj/ros2_ws/build/py_pubsub/build/lib/py_pubsub
[1.990s] copying py_pubsub/subscriber_member_function.py -> /home/tj/ros2_ws/build/py_pubsub/build/lib/py_pubsub
[1.990s] copying py_pubsub/publisher_member_function.py -> /home/tj/ros2_ws/build/py_pubsub/build/lib/py_pubsub
[1.990s] running install
[1.990s] running install_lib
[1.990s] creating /home/tj/ros2_ws/install/py_pubsub/lib/python3.10/site-packages/py_pubsub
[1.990s] copying /home/tj/ros2_ws/build/py_pubsub/build/lib/py_pubsub/__init__.py -> /home/tj/ros2_ws/install/py_pubsub/lib/python3.10/site-packages/py_pubsub
[1.990s] copying /home/tj/ros2_ws/build/py_pubsub/build/lib/py_pubsub/subscriber_member_function.py -> /home/tj/ros2_ws/install/py_pubsub/lib/python3.10/site-packages/py_pubsub
[1.990s] copying /home/tj/ros2_ws/build/py_pubsub/build/lib/py_pubsub/publisher_member_function.py -> /home/tj/ros2_ws/install/py_pubsub/lib/python3.10/site-packages/py_pubsub
[1.992s] byte-compiling /home/tj/ros2_ws/install/py_pubsub/lib/python3.10/site-packages/py_pubsub/__init__.py to __init__.cpython-310.pyc
[1.992s] byte-compiling /home/tj/ros2_ws/install/py_pubsub/lib/python3.10/site-packages/py_pubsub/subscriber_member_function.py to subscriber_member_function.cpython-310.pyc
[1.992s] byte-compiling /home/tj/ros2_ws/install/py_pubsub/lib/python3.10/site-packages/py_pubsub/publisher_member_function.py to publisher_member_function.cpython-310.pyc
[1.992s] running install_data
[1.992s] creating /home/tj/ros2_ws/install/py_pubsub/share/ament_index
[1.992s] creating /home/tj/ros2_ws/install/py_pubsub/share/ament_index/resource_index
[1.992s] creating /home/tj/ros2_ws/install/py_pubsub/share/ament_index/resource_index/packages
[1.992s] copying resource/py_pubsub -> /home/tj/ros2_ws/install/py_pubsub/share/ament_index/resource_index/packages
[1.992s] copying package.xml -> /home/tj/ros2_ws/install/py_pubsub/share/py_pubsub
[1.992s] running install_egg_info
[1.993s] Copying ../../build/py_pubsub/py_pubsub.egg-info to /home/tj/ros2_ws/install/py_pubsub/lib/python3.10/site-packages/py_pubsub-0.0.0-py3.10.egg-info
[1.994s] running install_scripts
[2.016s] Installing listener script to /home/tj/ros2_ws/install/py_pubsub/lib/py_pubsub
[2.018s] Installing talker script to /home/tj/ros2_ws/install/py_pubsub/lib/py_pubsub
[2.019s] writing list of installed files to '/home/tj/ros2_ws/build/py_pubsub/install.log'
[2.042s] Invoked command in '/home/tj/ros2_ws/src/py_pubsub' returned '0': PYTHONPATH=/home/tj/ros2_ws/build/py_pubsub/prefix_override:/usr/lib/python3/dist-packages/colcon_core/task/python/colcon_distutils_commands:/home/tj/ros2_ws/install/py_pubsub/lib/python3.10/site-packages:${PYTHONPATH} /usr/bin/python3 -W ignore:setup.py install is deprecated setup.py egg_info --egg-base ../../build/py_pubsub build --build-base /home/tj/ros2_ws/build/py_pubsub/build install --record /home/tj/ros2_ws/build/py_pubsub/install.log --single-version-externally-managed install_data
