[0.017s] Invoking command in '/home/tj/ros2_ws/build/turtlesim': CMAKE_PREFIX_PATH=/opt/ros/humble /usr/bin/cmake --build /home/tj/ros2_ws/build/turtlesim -- -j8 -l8
[0.257s] [  1%] Built target turtlesim__cpp
[0.321s] [ 11%] Built target turtlesim__rosidl_generator_c
[0.349s] [ 11%] Built target ament_cmake_python_copy_turtlesim
[0.451s] [ 21%] Built target turtlesim__rosidl_typesupport_fastrtps_cpp
[0.487s] [ 31%] Built target turtlesim__rosidl_typesupport_cpp
[0.527s] [ 41%] Built target turtlesim__rosidl_typesupport_introspection_cpp
[0.538s] [ 51%] Built target turtlesim__rosidl_typesupport_c
[0.552s] [ 61%] Built target turtlesim__rosidl_typesupport_introspection_c
[0.569s] [ 71%] Built target turtlesim__rosidl_typesupport_fastrtps_c
[0.635s] [35m[1mConsolidate compiler generated dependencies of target turtlesim_node[0m
[0.735s] [ 73%] Built target draw_square
[0.746s] [ 75%] Built target turtle_teleop_key
[0.765s] [ 76%] [32mBuilding CXX object CMakeFiles/turtlesim_node.dir/src/turtle_frame.cpp.o[0m
[0.774s] [ 78%] Built target mimic
[0.792s] [ 78%] Built target turtlesim
[0.948s] [ 79%] Built target turtlesim__py
[1.155s] [ 88%] Built target turtlesim__rosidl_generator_py
[1.199s] running egg_info
[1.199s] writing turtlesim.egg-info/PKG-INFO
[1.199s] writing dependency_links to turtlesim.egg-info/dependency_links.txt
[1.218s] writing top-level names to turtlesim.egg-info/top_level.txt
[1.226s] reading manifest file 'turtlesim.egg-info/SOURCES.txt'
[1.231s] writing manifest file 'turtlesim.egg-info/SOURCES.txt'
[1.342s] [ 90%] Built target turtlesim__rosidl_typesupport_fastrtps_c__pyext
[1.373s] [ 90%] Built target ament_cmake_python_build_turtlesim_egg
[1.391s] [ 92%] Built target turtlesim__rosidl_typesupport_introspection_c__pyext
[1.429s] [ 94%] Built target turtlesim__rosidl_typesupport_c__pyext
[10.340s] [ 95%] [32m[1mLinking CXX executable turtlesim_node[0m
[12.120s] [100%] Built target turtlesim_node
[12.129s] Invoked command in '/home/tj/ros2_ws/build/turtlesim' returned '0': CMAKE_PREFIX_PATH=/opt/ros/humble /usr/bin/cmake --build /home/tj/ros2_ws/build/turtlesim -- -j8 -l8
[12.801s] Invoking command in '/home/tj/ros2_ws/build/turtlesim': CMAKE_PREFIX_PATH=/opt/ros/humble /usr/bin/cmake --install /home/tj/ros2_ws/build/turtlesim
[12.811s] -- Install configuration: ""
[12.811s] -- Up-to-date: /home/tj/ros2_ws/install/turtlesim/share/ament_index/resource_index/rosidl_interfaces/turtlesim
[12.811s] -- Up-to-date: /home/tj/ros2_ws/install/turtlesim/include/turtlesim/turtlesim
[12.811s] -- Up-to-date: /home/tj/ros2_ws/install/turtlesim/include/turtlesim/turtlesim/srv
[12.811s] -- Up-to-date: /home/tj/ros2_ws/install/turtlesim/include/turtlesim/turtlesim/srv/kill.h
[12.811s] -- Up-to-date: /home/tj/ros2_ws/install/turtlesim/include/turtlesim/turtlesim/srv/teleport_absolute.h
[12.811s] -- Up-to-date: /home/tj/ros2_ws/install/turtlesim/include/turtlesim/turtlesim/srv/detail
[12.811s] -- Up-to-date: /home/tj/ros2_ws/install/turtlesim/include/turtlesim/turtlesim/srv/detail/teleport_relative__type_support.h
[12.811s] -- Up-to-date: /home/tj/ros2_ws/install/turtlesim/include/turtlesim/turtlesim/srv/detail/set_pen__functions.c
[12.811s] -- Up-to-date: /home/tj/ros2_ws/install/turtlesim/include/turtlesim/turtlesim/srv/detail/teleport_absolute__type_support.h
[12.811s] -- Up-to-date: /home/tj/ros2_ws/install/turtlesim/include/turtlesim/turtlesim/srv/detail/set_pen__type_support.h
[12.811s] -- Up-to-date: /home/tj/ros2_ws/install/turtlesim/include/turtlesim/turtlesim/srv/detail/spawn__functions.c
[12.811s] -- Up-to-date: /home/tj/ros2_ws/install/turtlesim/include/turtlesim/turtlesim/srv/detail/spawn__struct.h
[12.811s] -- Up-to-date: /home/tj/ros2_ws/install/turtlesim/include/turtlesim/turtlesim/srv/detail/teleport_relative__functions.c
[12.811s] -- Up-to-date: /home/tj/ros2_ws/install/turtlesim/include/turtlesim/turtlesim/srv/detail/kill__functions.c
[12.811s] -- Up-to-date: /home/tj/ros2_ws/install/turtlesim/include/turtlesim/turtlesim/srv/detail/teleport_absolute__functions.h
[12.811s] -- Up-to-date: /home/tj/ros2_ws/install/turtlesim/include/turtlesim/turtlesim/srv/detail/kill__struct.h
[12.811s] -- Up-to-date: /home/tj/ros2_ws/install/turtlesim/include/turtlesim/turtlesim/srv/detail/spawn__functions.h
[12.812s] -- Up-to-date: /home/tj/ros2_ws/install/turtlesim/include/turtlesim/turtlesim/srv/detail/teleport_absolute__struct.h
[12.812s] -- Up-to-date: /home/tj/ros2_ws/install/turtlesim/include/turtlesim/turtlesim/srv/detail/kill__type_support.h
[12.812s] -- Up-to-date: /home/tj/ros2_ws/install/turtlesim/include/turtlesim/turtlesim/srv/detail/teleport_relative__functions.h
[12.812s] -- Up-to-date: /home/tj/ros2_ws/install/turtlesim/include/turtlesim/turtlesim/srv/detail/spawn__type_support.h
[12.812s] -- Up-to-date: /home/tj/ros2_ws/install/turtlesim/include/turtlesim/turtlesim/srv/detail/kill__functions.h
[12.812s] -- Up-to-date: /home/tj/ros2_ws/install/turtlesim/include/turtlesim/turtlesim/srv/detail/teleport_relative__struct.h
[12.812s] -- Up-to-date: /home/tj/ros2_ws/install/turtlesim/include/turtlesim/turtlesim/srv/detail/set_pen__functions.h
[12.812s] -- Up-to-date: /home/tj/ros2_ws/install/turtlesim/include/turtlesim/turtlesim/srv/detail/teleport_absolute__functions.c
[12.812s] -- Up-to-date: /home/tj/ros2_ws/install/turtlesim/include/turtlesim/turtlesim/srv/detail/set_pen__struct.h
[12.813s] -- Up-to-date: /home/tj/ros2_ws/install/turtlesim/include/turtlesim/turtlesim/srv/spawn.h
[12.813s] -- Up-to-date: /home/tj/ros2_ws/install/turtlesim/include/turtlesim/turtlesim/srv/set_pen.h
[12.813s] -- Up-to-date: /home/tj/ros2_ws/install/turtlesim/include/turtlesim/turtlesim/srv/teleport_relative.h
[12.813s] -- Up-to-date: /home/tj/ros2_ws/install/turtlesim/include/turtlesim/turtlesim/msg
[12.813s] -- Up-to-date: /home/tj/ros2_ws/install/turtlesim/include/turtlesim/turtlesim/msg/rosidl_generator_c__visibility_control.h
[12.813s] -- Up-to-date: /home/tj/ros2_ws/install/turtlesim/include/turtlesim/turtlesim/msg/color.h
[12.813s] -- Up-to-date: /home/tj/ros2_ws/install/turtlesim/include/turtlesim/turtlesim/msg/pose.h
[12.813s] -- Up-to-date: /home/tj/ros2_ws/install/turtlesim/include/turtlesim/turtlesim/msg/detail
[12.813s] -- Up-to-date: /home/tj/ros2_ws/install/turtlesim/include/turtlesim/turtlesim/msg/detail/color__type_support.h
[12.813s] -- Up-to-date: /home/tj/ros2_ws/install/turtlesim/include/turtlesim/turtlesim/msg/detail/pose__type_support.h
[12.813s] -- Up-to-date: /home/tj/ros2_ws/install/turtlesim/include/turtlesim/turtlesim/msg/detail/color__functions.h
[12.814s] -- Up-to-date: /home/tj/ros2_ws/install/turtlesim/include/turtlesim/turtlesim/msg/detail/pose__struct.h
[12.814s] -- Up-to-date: /home/tj/ros2_ws/install/turtlesim/include/turtlesim/turtlesim/msg/detail/pose__functions.c
[12.814s] -- Up-to-date: /home/tj/ros2_ws/install/turtlesim/include/turtlesim/turtlesim/msg/detail/color__struct.h
[12.814s] -- Up-to-date: /home/tj/ros2_ws/install/turtlesim/include/turtlesim/turtlesim/msg/detail/color__functions.c
[12.814s] -- Up-to-date: /home/tj/ros2_ws/install/turtlesim/include/turtlesim/turtlesim/msg/detail/pose__functions.h
[12.814s] -- Up-to-date: /home/tj/ros2_ws/install/turtlesim/include/turtlesim/turtlesim/action
[12.814s] -- Up-to-date: /home/tj/ros2_ws/install/turtlesim/include/turtlesim/turtlesim/action/detail
[12.814s] -- Up-to-date: /home/tj/ros2_ws/install/turtlesim/include/turtlesim/turtlesim/action/detail/rotate_absolute__struct.h
[12.814s] -- Up-to-date: /home/tj/ros2_ws/install/turtlesim/include/turtlesim/turtlesim/action/detail/rotate_absolute__type_support.h
[12.814s] -- Up-to-date: /home/tj/ros2_ws/install/turtlesim/include/turtlesim/turtlesim/action/detail/rotate_absolute__functions.h
[12.814s] -- Up-to-date: /home/tj/ros2_ws/install/turtlesim/include/turtlesim/turtlesim/action/detail/rotate_absolute__functions.c
[12.814s] -- Up-to-date: /home/tj/ros2_ws/install/turtlesim/include/turtlesim/turtlesim/action/rotate_absolute.h
[12.814s] -- Up-to-date: /home/tj/ros2_ws/install/turtlesim/share/turtlesim/environment/library_path.sh
[12.814s] -- Up-to-date: /home/tj/ros2_ws/install/turtlesim/share/turtlesim/environment/library_path.dsv
[12.814s] -- Up-to-date: /home/tj/ros2_ws/install/turtlesim/lib/libturtlesim__rosidl_generator_c.so
[12.814s] -- Up-to-date: /home/tj/ros2_ws/install/turtlesim/include/turtlesim/turtlesim
[12.814s] -- Up-to-date: /home/tj/ros2_ws/install/turtlesim/include/turtlesim/turtlesim/srv
[12.814s] -- Up-to-date: /home/tj/ros2_ws/install/turtlesim/include/turtlesim/turtlesim/srv/detail
[12.814s] -- Up-to-date: /home/tj/ros2_ws/install/turtlesim/include/turtlesim/turtlesim/srv/detail/kill__rosidl_typesupport_fastrtps_c.h
[12.814s] -- Up-to-date: /home/tj/ros2_ws/install/turtlesim/include/turtlesim/turtlesim/srv/detail/teleport_relative__rosidl_typesupport_fastrtps_c.h
[12.814s] -- Up-to-date: /home/tj/ros2_ws/install/turtlesim/include/turtlesim/turtlesim/srv/detail/set_pen__rosidl_typesupport_fastrtps_c.h
[12.814s] -- Up-to-date: /home/tj/ros2_ws/install/turtlesim/include/turtlesim/turtlesim/srv/detail/spawn__rosidl_typesupport_fastrtps_c.h
[12.815s] -- Up-to-date: /home/tj/ros2_ws/install/turtlesim/include/turtlesim/turtlesim/srv/detail/teleport_absolute__rosidl_typesupport_fastrtps_c.h
[12.815s] -- Up-to-date: /home/tj/ros2_ws/install/turtlesim/include/turtlesim/turtlesim/msg
[12.815s] -- Up-to-date: /home/tj/ros2_ws/install/turtlesim/include/turtlesim/turtlesim/msg/rosidl_typesupport_fastrtps_c__visibility_control.h
[12.815s] -- Up-to-date: /home/tj/ros2_ws/install/turtlesim/include/turtlesim/turtlesim/msg/detail
[12.815s] -- Up-to-date: /home/tj/ros2_ws/install/turtlesim/include/turtlesim/turtlesim/msg/detail/pose__rosidl_typesupport_fastrtps_c.h
[12.815s] -- Up-to-date: /home/tj/ros2_ws/install/turtlesim/include/turtlesim/turtlesim/msg/detail/color__rosidl_typesupport_fastrtps_c.h
[12.815s] -- Up-to-date: /home/tj/ros2_ws/install/turtlesim/include/turtlesim/turtlesim/action
[12.815s] -- Up-to-date: /home/tj/ros2_ws/install/turtlesim/include/turtlesim/turtlesim/action/detail
[12.815s] -- Up-to-date: /home/tj/ros2_ws/install/turtlesim/include/turtlesim/turtlesim/action/detail/rotate_absolute__rosidl_typesupport_fastrtps_c.h
[12.815s] -- Up-to-date: /home/tj/ros2_ws/install/turtlesim/lib/libturtlesim__rosidl_typesupport_fastrtps_c.so
[12.815s] -- Up-to-date: /home/tj/ros2_ws/install/turtlesim/include/turtlesim/turtlesim
[12.815s] -- Up-to-date: /home/tj/ros2_ws/install/turtlesim/include/turtlesim/turtlesim/srv
[12.815s] -- Up-to-date: /home/tj/ros2_ws/install/turtlesim/include/turtlesim/turtlesim/srv/kill.hpp
[12.815s] -- Up-to-date: /home/tj/ros2_ws/install/turtlesim/include/turtlesim/turtlesim/srv/set_pen.hpp
[12.815s] -- Up-to-date: /home/tj/ros2_ws/install/turtlesim/include/turtlesim/turtlesim/srv/detail
[12.815s] -- Up-to-date: /home/tj/ros2_ws/install/turtlesim/include/turtlesim/turtlesim/srv/detail/teleport_relative__traits.hpp
[12.815s] -- Up-to-date: /home/tj/ros2_ws/install/turtlesim/include/turtlesim/turtlesim/srv/detail/set_pen__struct.hpp
[12.815s] -- Up-to-date: /home/tj/ros2_ws/install/turtlesim/include/turtlesim/turtlesim/srv/detail/spawn__builder.hpp
[12.815s] -- Up-to-date: /home/tj/ros2_ws/install/turtlesim/include/turtlesim/turtlesim/srv/detail/kill__struct.hpp
[12.815s] -- Up-to-date: /home/tj/ros2_ws/install/turtlesim/include/turtlesim/turtlesim/srv/detail/set_pen__builder.hpp
[12.815s] -- Up-to-date: /home/tj/ros2_ws/install/turtlesim/include/turtlesim/turtlesim/srv/detail/spawn__traits.hpp
[12.815s] -- Up-to-date: /home/tj/ros2_ws/install/turtlesim/include/turtlesim/turtlesim/srv/detail/spawn__struct.hpp
[12.815s] -- Up-to-date: /home/tj/ros2_ws/install/turtlesim/include/turtlesim/turtlesim/srv/detail/teleport_absolute__traits.hpp
[12.815s] -- Up-to-date: /home/tj/ros2_ws/install/turtlesim/include/turtlesim/turtlesim/srv/detail/set_pen__traits.hpp
[12.815s] -- Up-to-date: /home/tj/ros2_ws/install/turtlesim/include/turtlesim/turtlesim/srv/detail/kill__traits.hpp
[12.815s] -- Up-to-date: /home/tj/ros2_ws/install/turtlesim/include/turtlesim/turtlesim/srv/detail/teleport_relative__builder.hpp
[12.815s] -- Up-to-date: /home/tj/ros2_ws/install/turtlesim/include/turtlesim/turtlesim/srv/detail/teleport_relative__struct.hpp
[12.815s] -- Up-to-date: /home/tj/ros2_ws/install/turtlesim/include/turtlesim/turtlesim/srv/detail/teleport_absolute__builder.hpp
[12.815s] -- Up-to-date: /home/tj/ros2_ws/install/turtlesim/include/turtlesim/turtlesim/srv/detail/teleport_absolute__struct.hpp
[12.815s] -- Up-to-date: /home/tj/ros2_ws/install/turtlesim/include/turtlesim/turtlesim/srv/detail/kill__builder.hpp
[12.815s] -- Up-to-date: /home/tj/ros2_ws/install/turtlesim/include/turtlesim/turtlesim/srv/spawn.hpp
[12.815s] -- Up-to-date: /home/tj/ros2_ws/install/turtlesim/include/turtlesim/turtlesim/srv/teleport_relative.hpp
[12.815s] -- Up-to-date: /home/tj/ros2_ws/install/turtlesim/include/turtlesim/turtlesim/srv/teleport_absolute.hpp
[12.815s] -- Up-to-date: /home/tj/ros2_ws/install/turtlesim/include/turtlesim/turtlesim/msg
[12.815s] -- Up-to-date: /home/tj/ros2_ws/install/turtlesim/include/turtlesim/turtlesim/msg/pose.hpp
[12.815s] -- Up-to-date: /home/tj/ros2_ws/install/turtlesim/include/turtlesim/turtlesim/msg/color.hpp
[12.815s] -- Up-to-date: /home/tj/ros2_ws/install/turtlesim/include/turtlesim/turtlesim/msg/detail
[12.815s] -- Up-to-date: /home/tj/ros2_ws/install/turtlesim/include/turtlesim/turtlesim/msg/detail/pose__builder.hpp
[12.815s] -- Up-to-date: /home/tj/ros2_ws/install/turtlesim/include/turtlesim/turtlesim/msg/detail/pose__struct.hpp
[12.815s] -- Up-to-date: /home/tj/ros2_ws/install/turtlesim/include/turtlesim/turtlesim/msg/detail/color__builder.hpp
[12.816s] -- Up-to-date: /home/tj/ros2_ws/install/turtlesim/include/turtlesim/turtlesim/msg/detail/pose__traits.hpp
[12.816s] -- Up-to-date: /home/tj/ros2_ws/install/turtlesim/include/turtlesim/turtlesim/msg/detail/color__struct.hpp
[12.816s] -- Up-to-date: /home/tj/ros2_ws/install/turtlesim/include/turtlesim/turtlesim/msg/detail/color__traits.hpp
[12.816s] -- Up-to-date: /home/tj/ros2_ws/install/turtlesim/include/turtlesim/turtlesim/action
[12.816s] -- Up-to-date: /home/tj/ros2_ws/install/turtlesim/include/turtlesim/turtlesim/action/detail
[12.816s] -- Up-to-date: /home/tj/ros2_ws/install/turtlesim/include/turtlesim/turtlesim/action/detail/rotate_absolute__struct.hpp
[12.816s] -- Up-to-date: /home/tj/ros2_ws/install/turtlesim/include/turtlesim/turtlesim/action/detail/rotate_absolute__traits.hpp
[12.816s] -- Up-to-date: /home/tj/ros2_ws/install/turtlesim/include/turtlesim/turtlesim/action/detail/rotate_absolute__builder.hpp
[12.816s] -- Up-to-date: /home/tj/ros2_ws/install/turtlesim/include/turtlesim/turtlesim/action/rotate_absolute.hpp
[12.816s] -- Up-to-date: /home/tj/ros2_ws/install/turtlesim/include/turtlesim/turtlesim
[12.816s] -- Up-to-date: /home/tj/ros2_ws/install/turtlesim/include/turtlesim/turtlesim/srv
[12.816s] -- Up-to-date: /home/tj/ros2_ws/install/turtlesim/include/turtlesim/turtlesim/srv/detail
[12.816s] -- Up-to-date: /home/tj/ros2_ws/install/turtlesim/include/turtlesim/turtlesim/srv/detail/teleport_absolute__rosidl_typesupport_fastrtps_cpp.hpp
[12.816s] -- Up-to-date: /home/tj/ros2_ws/install/turtlesim/include/turtlesim/turtlesim/srv/detail/dds_fastrtps
[12.816s] -- Up-to-date: /home/tj/ros2_ws/install/turtlesim/include/turtlesim/turtlesim/srv/detail/teleport_relative__rosidl_typesupport_fastrtps_cpp.hpp
[12.816s] -- Up-to-date: /home/tj/ros2_ws/install/turtlesim/include/turtlesim/turtlesim/srv/detail/spawn__rosidl_typesupport_fastrtps_cpp.hpp
[12.816s] -- Up-to-date: /home/tj/ros2_ws/install/turtlesim/include/turtlesim/turtlesim/srv/detail/set_pen__rosidl_typesupport_fastrtps_cpp.hpp
[12.816s] -- Up-to-date: /home/tj/ros2_ws/install/turtlesim/include/turtlesim/turtlesim/srv/detail/kill__rosidl_typesupport_fastrtps_cpp.hpp
[12.816s] -- Up-to-date: /home/tj/ros2_ws/install/turtlesim/include/turtlesim/turtlesim/msg
[12.816s] -- Up-to-date: /home/tj/ros2_ws/install/turtlesim/include/turtlesim/turtlesim/msg/rosidl_typesupport_fastrtps_cpp__visibility_control.h
[12.816s] -- Up-to-date: /home/tj/ros2_ws/install/turtlesim/include/turtlesim/turtlesim/msg/detail
[12.816s] -- Up-to-date: /home/tj/ros2_ws/install/turtlesim/include/turtlesim/turtlesim/msg/detail/dds_fastrtps
[12.816s] -- Up-to-date: /home/tj/ros2_ws/install/turtlesim/include/turtlesim/turtlesim/msg/detail/color__rosidl_typesupport_fastrtps_cpp.hpp
[12.816s] -- Up-to-date: /home/tj/ros2_ws/install/turtlesim/include/turtlesim/turtlesim/msg/detail/pose__rosidl_typesupport_fastrtps_cpp.hpp
[12.816s] -- Up-to-date: /home/tj/ros2_ws/install/turtlesim/include/turtlesim/turtlesim/action
[12.816s] -- Up-to-date: /home/tj/ros2_ws/install/turtlesim/include/turtlesim/turtlesim/action/detail
[12.816s] -- Up-to-date: /home/tj/ros2_ws/install/turtlesim/include/turtlesim/turtlesim/action/detail/dds_fastrtps
[12.816s] -- Up-to-date: /home/tj/ros2_ws/install/turtlesim/include/turtlesim/turtlesim/action/detail/rotate_absolute__rosidl_typesupport_fastrtps_cpp.hpp
[12.816s] -- Up-to-date: /home/tj/ros2_ws/install/turtlesim/lib/libturtlesim__rosidl_typesupport_fastrtps_cpp.so
[12.816s] -- Up-to-date: /home/tj/ros2_ws/install/turtlesim/include/turtlesim/turtlesim
[12.816s] -- Up-to-date: /home/tj/ros2_ws/install/turtlesim/include/turtlesim/turtlesim/srv
[12.816s] -- Up-to-date: /home/tj/ros2_ws/install/turtlesim/include/turtlesim/turtlesim/srv/detail
[12.816s] -- Up-to-date: /home/tj/ros2_ws/install/turtlesim/include/turtlesim/turtlesim/srv/detail/teleport_relative__type_support.c
[12.816s] -- Up-to-date: /home/tj/ros2_ws/install/turtlesim/include/turtlesim/turtlesim/srv/detail/spawn__type_support.c
[12.816s] -- Up-to-date: /home/tj/ros2_ws/install/turtlesim/include/turtlesim/turtlesim/srv/detail/teleport_absolute__rosidl_typesupport_introspection_c.h
[12.816s] -- Up-to-date: /home/tj/ros2_ws/install/turtlesim/include/turtlesim/turtlesim/srv/detail/spawn__rosidl_typesupport_introspection_c.h
[12.816s] -- Up-to-date: /home/tj/ros2_ws/install/turtlesim/include/turtlesim/turtlesim/srv/detail/teleport_relative__rosidl_typesupport_introspection_c.h
[12.816s] -- Up-to-date: /home/tj/ros2_ws/install/turtlesim/include/turtlesim/turtlesim/srv/detail/set_pen__rosidl_typesupport_introspection_c.h
[12.816s] -- Up-to-date: /home/tj/ros2_ws/install/turtlesim/include/turtlesim/turtlesim/srv/detail/teleport_absolute__type_support.c
[12.816s] -- Up-to-date: /home/tj/ros2_ws/install/turtlesim/include/turtlesim/turtlesim/srv/detail/kill__rosidl_typesupport_introspection_c.h
[12.817s] -- Up-to-date: /home/tj/ros2_ws/install/turtlesim/include/turtlesim/turtlesim/srv/detail/set_pen__type_support.c
[12.817s] -- Up-to-date: /home/tj/ros2_ws/install/turtlesim/include/turtlesim/turtlesim/srv/detail/kill__type_support.c
[12.817s] -- Up-to-date: /home/tj/ros2_ws/install/turtlesim/include/turtlesim/turtlesim/msg
[12.817s] -- Up-to-date: /home/tj/ros2_ws/install/turtlesim/include/turtlesim/turtlesim/msg/detail
[12.817s] -- Up-to-date: /home/tj/ros2_ws/install/turtlesim/include/turtlesim/turtlesim/msg/detail/pose__rosidl_typesupport_introspection_c.h
[12.817s] -- Up-to-date: /home/tj/ros2_ws/install/turtlesim/include/turtlesim/turtlesim/msg/detail/color__type_support.c
[12.817s] -- Up-to-date: /home/tj/ros2_ws/install/turtlesim/include/turtlesim/turtlesim/msg/detail/pose__type_support.c
[12.817s] -- Up-to-date: /home/tj/ros2_ws/install/turtlesim/include/turtlesim/turtlesim/msg/detail/color__rosidl_typesupport_introspection_c.h
[12.817s] -- Up-to-date: /home/tj/ros2_ws/install/turtlesim/include/turtlesim/turtlesim/msg/rosidl_typesupport_introspection_c__visibility_control.h
[12.817s] -- Up-to-date: /home/tj/ros2_ws/install/turtlesim/include/turtlesim/turtlesim/action
[12.817s] -- Up-to-date: /home/tj/ros2_ws/install/turtlesim/include/turtlesim/turtlesim/action/detail
[12.817s] -- Up-to-date: /home/tj/ros2_ws/install/turtlesim/include/turtlesim/turtlesim/action/detail/rotate_absolute__rosidl_typesupport_introspection_c.h
[12.817s] -- Up-to-date: /home/tj/ros2_ws/install/turtlesim/include/turtlesim/turtlesim/action/detail/rotate_absolute__type_support.c
[12.817s] -- Up-to-date: /home/tj/ros2_ws/install/turtlesim/lib/libturtlesim__rosidl_typesupport_introspection_c.so
[12.817s] -- Up-to-date: /home/tj/ros2_ws/install/turtlesim/lib/libturtlesim__rosidl_typesupport_c.so
[12.817s] -- Up-to-date: /home/tj/ros2_ws/install/turtlesim/include/turtlesim/turtlesim
[12.817s] -- Up-to-date: /home/tj/ros2_ws/install/turtlesim/include/turtlesim/turtlesim/srv
[12.817s] -- Up-to-date: /home/tj/ros2_ws/install/turtlesim/include/turtlesim/turtlesim/srv/detail
[12.817s] -- Up-to-date: /home/tj/ros2_ws/install/turtlesim/include/turtlesim/turtlesim/srv/detail/teleport_absolute__type_support.cpp
[12.817s] -- Up-to-date: /home/tj/ros2_ws/install/turtlesim/include/turtlesim/turtlesim/srv/detail/teleport_relative__rosidl_typesupport_introspection_cpp.hpp
[12.817s] -- Up-to-date: /home/tj/ros2_ws/install/turtlesim/include/turtlesim/turtlesim/srv/detail/teleport_absolute__rosidl_typesupport_introspection_cpp.hpp
[12.817s] -- Up-to-date: /home/tj/ros2_ws/install/turtlesim/include/turtlesim/turtlesim/srv/detail/teleport_relative__type_support.cpp
[12.817s] -- Up-to-date: /home/tj/ros2_ws/install/turtlesim/include/turtlesim/turtlesim/srv/detail/kill__rosidl_typesupport_introspection_cpp.hpp
[12.817s] -- Up-to-date: /home/tj/ros2_ws/install/turtlesim/include/turtlesim/turtlesim/srv/detail/set_pen__rosidl_typesupport_introspection_cpp.hpp
[12.817s] -- Up-to-date: /home/tj/ros2_ws/install/turtlesim/include/turtlesim/turtlesim/srv/detail/set_pen__type_support.cpp
[12.817s] -- Up-to-date: /home/tj/ros2_ws/install/turtlesim/include/turtlesim/turtlesim/srv/detail/kill__type_support.cpp
[12.817s] -- Up-to-date: /home/tj/ros2_ws/install/turtlesim/include/turtlesim/turtlesim/srv/detail/spawn__type_support.cpp
[12.817s] -- Up-to-date: /home/tj/ros2_ws/install/turtlesim/include/turtlesim/turtlesim/srv/detail/spawn__rosidl_typesupport_introspection_cpp.hpp
[12.817s] -- Up-to-date: /home/tj/ros2_ws/install/turtlesim/include/turtlesim/turtlesim/msg
[12.817s] -- Up-to-date: /home/tj/ros2_ws/install/turtlesim/include/turtlesim/turtlesim/msg/detail
[12.817s] -- Up-to-date: /home/tj/ros2_ws/install/turtlesim/include/turtlesim/turtlesim/msg/detail/color__type_support.cpp
[12.817s] -- Up-to-date: /home/tj/ros2_ws/install/turtlesim/include/turtlesim/turtlesim/msg/detail/pose__rosidl_typesupport_introspection_cpp.hpp
[12.817s] -- Up-to-date: /home/tj/ros2_ws/install/turtlesim/include/turtlesim/turtlesim/msg/detail/color__rosidl_typesupport_introspection_cpp.hpp
[12.817s] -- Up-to-date: /home/tj/ros2_ws/install/turtlesim/include/turtlesim/turtlesim/msg/detail/pose__type_support.cpp
[12.817s] -- Up-to-date: /home/tj/ros2_ws/install/turtlesim/include/turtlesim/turtlesim/action
[12.817s] -- Up-to-date: /home/tj/ros2_ws/install/turtlesim/include/turtlesim/turtlesim/action/detail
[12.817s] -- Up-to-date: /home/tj/ros2_ws/install/turtlesim/include/turtlesim/turtlesim/action/detail/rotate_absolute__type_support.cpp
[12.818s] -- Up-to-date: /home/tj/ros2_ws/install/turtlesim/include/turtlesim/turtlesim/action/detail/rotate_absolute__rosidl_typesupport_introspection_cpp.hpp
[12.818s] -- Up-to-date: /home/tj/ros2_ws/install/turtlesim/lib/libturtlesim__rosidl_typesupport_introspection_cpp.so
[12.818s] -- Up-to-date: /home/tj/ros2_ws/install/turtlesim/lib/libturtlesim__rosidl_typesupport_cpp.so
[12.818s] -- Up-to-date: /home/tj/ros2_ws/install/turtlesim/share/turtlesim/environment/pythonpath.sh
[12.818s] -- Up-to-date: /home/tj/ros2_ws/install/turtlesim/share/turtlesim/environment/pythonpath.dsv
[12.818s] -- Up-to-date: /home/tj/ros2_ws/install/turtlesim/local/lib/python3.10/dist-packages/turtlesim-1.4.2-py3.10.egg-info
[12.818s] -- Installing: /home/tj/ros2_ws/install/turtlesim/local/lib/python3.10/dist-packages/turtlesim-1.4.2-py3.10.egg-info/top_level.txt
[12.818s] -- Installing: /home/tj/ros2_ws/install/turtlesim/local/lib/python3.10/dist-packages/turtlesim-1.4.2-py3.10.egg-info/PKG-INFO
[12.818s] -- Installing: /home/tj/ros2_ws/install/turtlesim/local/lib/python3.10/dist-packages/turtlesim-1.4.2-py3.10.egg-info/dependency_links.txt
[12.818s] -- Installing: /home/tj/ros2_ws/install/turtlesim/local/lib/python3.10/dist-packages/turtlesim-1.4.2-py3.10.egg-info/SOURCES.txt
[12.818s] -- Up-to-date: /home/tj/ros2_ws/install/turtlesim/local/lib/python3.10/dist-packages/turtlesim
[12.818s] -- Up-to-date: /home/tj/ros2_ws/install/turtlesim/local/lib/python3.10/dist-packages/turtlesim/__init__.py
[12.818s] -- Up-to-date: /home/tj/ros2_ws/install/turtlesim/local/lib/python3.10/dist-packages/turtlesim/_turtlesim_s.ep.rosidl_typesupport_introspection_c.c
[12.818s] -- Up-to-date: /home/tj/ros2_ws/install/turtlesim/local/lib/python3.10/dist-packages/turtlesim/srv
[12.818s] -- Up-to-date: /home/tj/ros2_ws/install/turtlesim/local/lib/python3.10/dist-packages/turtlesim/srv/__init__.py
[12.818s] -- Up-to-date: /home/tj/ros2_ws/install/turtlesim/local/lib/python3.10/dist-packages/turtlesim/srv/_spawn_s.c
[12.818s] -- Up-to-date: /home/tj/ros2_ws/install/turtlesim/local/lib/python3.10/dist-packages/turtlesim/srv/_teleport_absolute.py
[12.818s] -- Up-to-date: /home/tj/ros2_ws/install/turtlesim/local/lib/python3.10/dist-packages/turtlesim/srv/_set_pen_s.c
[12.818s] -- Up-to-date: /home/tj/ros2_ws/install/turtlesim/local/lib/python3.10/dist-packages/turtlesim/srv/_teleport_absolute_s.c
[12.818s] -- Up-to-date: /home/tj/ros2_ws/install/turtlesim/local/lib/python3.10/dist-packages/turtlesim/srv/_teleport_relative_s.c
[12.818s] -- Up-to-date: /home/tj/ros2_ws/install/turtlesim/local/lib/python3.10/dist-packages/turtlesim/srv/_spawn.py
[12.818s] -- Up-to-date: /home/tj/ros2_ws/install/turtlesim/local/lib/python3.10/dist-packages/turtlesim/srv/_teleport_relative.py
[12.818s] -- Up-to-date: /home/tj/ros2_ws/install/turtlesim/local/lib/python3.10/dist-packages/turtlesim/srv/_kill_s.c
[12.818s] -- Up-to-date: /home/tj/ros2_ws/install/turtlesim/local/lib/python3.10/dist-packages/turtlesim/srv/_kill.py
[12.818s] -- Up-to-date: /home/tj/ros2_ws/install/turtlesim/local/lib/python3.10/dist-packages/turtlesim/srv/_set_pen.py
[12.818s] -- Up-to-date: /home/tj/ros2_ws/install/turtlesim/local/lib/python3.10/dist-packages/turtlesim/turtlesim_s__rosidl_typesupport_introspection_c.cpython-310-x86_64-linux-gnu.so
[12.818s] -- Up-to-date: /home/tj/ros2_ws/install/turtlesim/local/lib/python3.10/dist-packages/turtlesim/_turtlesim_s.ep.rosidl_typesupport_c.c
[12.818s] -- Up-to-date: /home/tj/ros2_ws/install/turtlesim/local/lib/python3.10/dist-packages/turtlesim/turtlesim_s__rosidl_typesupport_fastrtps_c.cpython-310-x86_64-linux-gnu.so
[12.818s] -- Up-to-date: /home/tj/ros2_ws/install/turtlesim/local/lib/python3.10/dist-packages/turtlesim/msg
[12.818s] -- Up-to-date: /home/tj/ros2_ws/install/turtlesim/local/lib/python3.10/dist-packages/turtlesim/msg/__init__.py
[12.818s] -- Up-to-date: /home/tj/ros2_ws/install/turtlesim/local/lib/python3.10/dist-packages/turtlesim/msg/_pose_s.c
[12.818s] -- Up-to-date: /home/tj/ros2_ws/install/turtlesim/local/lib/python3.10/dist-packages/turtlesim/msg/_color.py
[12.818s] -- Up-to-date: /home/tj/ros2_ws/install/turtlesim/local/lib/python3.10/dist-packages/turtlesim/msg/_pose.py
[12.818s] -- Up-to-date: /home/tj/ros2_ws/install/turtlesim/local/lib/python3.10/dist-packages/turtlesim/msg/_color_s.c
[12.818s] -- Up-to-date: /home/tj/ros2_ws/install/turtlesim/local/lib/python3.10/dist-packages/turtlesim/turtlesim_s__rosidl_typesupport_c.cpython-310-x86_64-linux-gnu.so
[12.818s] -- Up-to-date: /home/tj/ros2_ws/install/turtlesim/local/lib/python3.10/dist-packages/turtlesim/libturtlesim__rosidl_generator_py.so
[12.819s] -- Up-to-date: /home/tj/ros2_ws/install/turtlesim/local/lib/python3.10/dist-packages/turtlesim/action
[12.819s] -- Up-to-date: /home/tj/ros2_ws/install/turtlesim/local/lib/python3.10/dist-packages/turtlesim/action/__init__.py
[12.819s] -- Up-to-date: /home/tj/ros2_ws/install/turtlesim/local/lib/python3.10/dist-packages/turtlesim/action/_rotate_absolute_s.c
[12.819s] -- Up-to-date: /home/tj/ros2_ws/install/turtlesim/local/lib/python3.10/dist-packages/turtlesim/action/_rotate_absolute.py
[12.819s] -- Up-to-date: /home/tj/ros2_ws/install/turtlesim/local/lib/python3.10/dist-packages/turtlesim/_turtlesim_s.ep.rosidl_typesupport_fastrtps_c.c
[12.838s] Listing '/home/tj/ros2_ws/install/turtlesim/local/lib/python3.10/dist-packages/turtlesim'...
[12.838s] Listing '/home/tj/ros2_ws/install/turtlesim/local/lib/python3.10/dist-packages/turtlesim/action'...
[12.838s] Listing '/home/tj/ros2_ws/install/turtlesim/local/lib/python3.10/dist-packages/turtlesim/msg'...
[12.838s] Listing '/home/tj/ros2_ws/install/turtlesim/local/lib/python3.10/dist-packages/turtlesim/srv'...
[12.841s] -- Up-to-date: /home/tj/ros2_ws/install/turtlesim/local/lib/python3.10/dist-packages/turtlesim/turtlesim_s__rosidl_typesupport_fastrtps_c.cpython-310-x86_64-linux-gnu.so
[12.841s] -- Up-to-date: /home/tj/ros2_ws/install/turtlesim/local/lib/python3.10/dist-packages/turtlesim/turtlesim_s__rosidl_typesupport_introspection_c.cpython-310-x86_64-linux-gnu.so
[12.842s] -- Up-to-date: /home/tj/ros2_ws/install/turtlesim/local/lib/python3.10/dist-packages/turtlesim/turtlesim_s__rosidl_typesupport_c.cpython-310-x86_64-linux-gnu.so
[12.842s] -- Up-to-date: /home/tj/ros2_ws/install/turtlesim/lib/libturtlesim__rosidl_generator_py.so
[12.842s] -- Up-to-date: /home/tj/ros2_ws/install/turtlesim/share/turtlesim/action/RotateAbsolute.idl
[12.842s] -- Up-to-date: /home/tj/ros2_ws/install/turtlesim/share/turtlesim/msg/Color.idl
[12.842s] -- Up-to-date: /home/tj/ros2_ws/install/turtlesim/share/turtlesim/msg/Pose.idl
[12.843s] -- Up-to-date: /home/tj/ros2_ws/install/turtlesim/share/turtlesim/srv/Kill.idl
[12.843s] -- Up-to-date: /home/tj/ros2_ws/install/turtlesim/share/turtlesim/srv/SetPen.idl
[12.843s] -- Up-to-date: /home/tj/ros2_ws/install/turtlesim/share/turtlesim/srv/Spawn.idl
[12.843s] -- Up-to-date: /home/tj/ros2_ws/install/turtlesim/share/turtlesim/srv/TeleportAbsolute.idl
[12.843s] -- Up-to-date: /home/tj/ros2_ws/install/turtlesim/share/turtlesim/srv/TeleportRelative.idl
[12.843s] -- Up-to-date: /home/tj/ros2_ws/install/turtlesim/share/turtlesim/action/RotateAbsolute.action
[12.843s] -- Up-to-date: /home/tj/ros2_ws/install/turtlesim/share/turtlesim/msg/Color.msg
[12.843s] -- Up-to-date: /home/tj/ros2_ws/install/turtlesim/share/turtlesim/msg/Pose.msg
[12.843s] -- Up-to-date: /home/tj/ros2_ws/install/turtlesim/share/turtlesim/srv/Kill.srv
[12.843s] -- Up-to-date: /home/tj/ros2_ws/install/turtlesim/share/turtlesim/srv/Kill_Request.msg
[12.843s] -- Up-to-date: /home/tj/ros2_ws/install/turtlesim/share/turtlesim/srv/Kill_Response.msg
[12.843s] -- Up-to-date: /home/tj/ros2_ws/install/turtlesim/share/turtlesim/srv/SetPen.srv
[12.843s] -- Up-to-date: /home/tj/ros2_ws/install/turtlesim/share/turtlesim/srv/SetPen_Request.msg
[12.843s] -- Up-to-date: /home/tj/ros2_ws/install/turtlesim/share/turtlesim/srv/SetPen_Response.msg
[12.843s] -- Up-to-date: /home/tj/ros2_ws/install/turtlesim/share/turtlesim/srv/Spawn.srv
[12.843s] -- Up-to-date: /home/tj/ros2_ws/install/turtlesim/share/turtlesim/srv/Spawn_Request.msg
[12.843s] -- Up-to-date: /home/tj/ros2_ws/install/turtlesim/share/turtlesim/srv/Spawn_Response.msg
[12.843s] -- Up-to-date: /home/tj/ros2_ws/install/turtlesim/share/turtlesim/srv/TeleportAbsolute.srv
[12.843s] -- Up-to-date: /home/tj/ros2_ws/install/turtlesim/share/turtlesim/srv/TeleportAbsolute_Request.msg
[12.843s] -- Up-to-date: /home/tj/ros2_ws/install/turtlesim/share/turtlesim/srv/TeleportAbsolute_Response.msg
[12.843s] -- Up-to-date: /home/tj/ros2_ws/install/turtlesim/share/turtlesim/srv/TeleportRelative.srv
[12.843s] -- Up-to-date: /home/tj/ros2_ws/install/turtlesim/share/turtlesim/srv/TeleportRelative_Request.msg
[12.843s] -- Up-to-date: /home/tj/ros2_ws/install/turtlesim/share/turtlesim/srv/TeleportRelative_Response.msg
[12.843s] -- Installing: /home/tj/ros2_ws/install/turtlesim/lib/turtlesim/turtlesim_node
[12.848s] -- Set runtime path of "/home/tj/ros2_ws/install/turtlesim/lib/turtlesim/turtlesim_node" to ""
[12.848s] -- Up-to-date: /home/tj/ros2_ws/install/turtlesim/lib/turtlesim/turtle_teleop_key
[12.848s] -- Up-to-date: /home/tj/ros2_ws/install/turtlesim/lib/turtlesim/draw_square
[12.849s] -- Up-to-date: /home/tj/ros2_ws/install/turtlesim/lib/turtlesim/mimic
[12.849s] -- Up-to-date: /home/tj/ros2_ws/install/turtlesim/share/turtlesim/images
[12.849s] -- Up-to-date: /home/tj/ros2_ws/install/turtlesim/share/turtlesim/images/galactic.png
[12.849s] -- Up-to-date: /home/tj/ros2_ws/install/turtlesim/share/turtlesim/images/crystal.png
[12.849s] -- Up-to-date: /home/tj/ros2_ws/install/turtlesim/share/turtlesim/images/foxy.png
[12.849s] -- Up-to-date: /home/tj/ros2_ws/install/turtlesim/share/turtlesim/images/rolling.png
[12.849s] -- Up-to-date: /home/tj/ros2_ws/install/turtlesim/share/turtlesim/images/bouncy.png
[12.850s] -- Up-to-date: /home/tj/ros2_ws/install/turtlesim/share/turtlesim/images/humble.png
[12.850s] -- Up-to-date: /home/tj/ros2_ws/install/turtlesim/share/turtlesim/images/eloquent.png
[12.850s] -- Up-to-date: /home/tj/ros2_ws/install/turtlesim/share/turtlesim/images/ardent.png
[12.850s] -- Up-to-date: /home/tj/ros2_ws/install/turtlesim/share/turtlesim/images/dashing.png
[12.850s] -- Up-to-date: /home/tj/ros2_ws/install/turtlesim/share/turtlesim/launch
[12.850s] -- Up-to-date: /home/tj/ros2_ws/install/turtlesim/share/turtlesim/launch/multisim.launch.py
[12.850s] -- Up-to-date: /home/tj/ros2_ws/install/turtlesim/share/ament_index/resource_index/package_run_dependencies/turtlesim
[12.850s] -- Up-to-date: /home/tj/ros2_ws/install/turtlesim/share/ament_index/resource_index/parent_prefix_path/turtlesim
[12.850s] -- Up-to-date: /home/tj/ros2_ws/install/turtlesim/share/turtlesim/environment/ament_prefix_path.sh
[12.850s] -- Up-to-date: /home/tj/ros2_ws/install/turtlesim/share/turtlesim/environment/ament_prefix_path.dsv
[12.851s] -- Up-to-date: /home/tj/ros2_ws/install/turtlesim/share/turtlesim/environment/path.sh
[12.851s] -- Up-to-date: /home/tj/ros2_ws/install/turtlesim/share/turtlesim/environment/path.dsv
[12.851s] -- Up-to-date: /home/tj/ros2_ws/install/turtlesim/share/turtlesim/local_setup.bash
[12.851s] -- Up-to-date: /home/tj/ros2_ws/install/turtlesim/share/turtlesim/local_setup.sh
[12.851s] -- Up-to-date: /home/tj/ros2_ws/install/turtlesim/share/turtlesim/local_setup.zsh
[12.851s] -- Up-to-date: /home/tj/ros2_ws/install/turtlesim/share/turtlesim/local_setup.dsv
[12.851s] -- Installing: /home/tj/ros2_ws/install/turtlesim/share/turtlesim/package.dsv
[12.851s] -- Up-to-date: /home/tj/ros2_ws/install/turtlesim/share/ament_index/resource_index/packages/turtlesim
[12.851s] -- Up-to-date: /home/tj/ros2_ws/install/turtlesim/share/turtlesim/cmake/export_turtlesim__rosidl_generator_cExport.cmake
[12.851s] -- Up-to-date: /home/tj/ros2_ws/install/turtlesim/share/turtlesim/cmake/export_turtlesim__rosidl_generator_cExport-noconfig.cmake
[12.851s] -- Up-to-date: /home/tj/ros2_ws/install/turtlesim/share/turtlesim/cmake/export_turtlesim__rosidl_typesupport_fastrtps_cExport.cmake
[12.851s] -- Up-to-date: /home/tj/ros2_ws/install/turtlesim/share/turtlesim/cmake/export_turtlesim__rosidl_typesupport_fastrtps_cExport-noconfig.cmake
[12.851s] -- Up-to-date: /home/tj/ros2_ws/install/turtlesim/share/turtlesim/cmake/export_turtlesim__rosidl_generator_cppExport.cmake
[12.851s] -- Up-to-date: /home/tj/ros2_ws/install/turtlesim/share/turtlesim/cmake/export_turtlesim__rosidl_typesupport_fastrtps_cppExport.cmake
[12.851s] -- Up-to-date: /home/tj/ros2_ws/install/turtlesim/share/turtlesim/cmake/export_turtlesim__rosidl_typesupport_fastrtps_cppExport-noconfig.cmake
[12.851s] -- Up-to-date: /home/tj/ros2_ws/install/turtlesim/share/turtlesim/cmake/turtlesim__rosidl_typesupport_introspection_cExport.cmake
[12.851s] -- Up-to-date: /home/tj/ros2_ws/install/turtlesim/share/turtlesim/cmake/turtlesim__rosidl_typesupport_introspection_cExport-noconfig.cmake
[12.851s] -- Up-to-date: /home/tj/ros2_ws/install/turtlesim/share/turtlesim/cmake/turtlesim__rosidl_typesupport_cExport.cmake
[12.851s] -- Up-to-date: /home/tj/ros2_ws/install/turtlesim/share/turtlesim/cmake/turtlesim__rosidl_typesupport_cExport-noconfig.cmake
[12.851s] -- Up-to-date: /home/tj/ros2_ws/install/turtlesim/share/turtlesim/cmake/turtlesim__rosidl_typesupport_introspection_cppExport.cmake
[12.851s] -- Up-to-date: /home/tj/ros2_ws/install/turtlesim/share/turtlesim/cmake/turtlesim__rosidl_typesupport_introspection_cppExport-noconfig.cmake
[12.851s] -- Up-to-date: /home/tj/ros2_ws/install/turtlesim/share/turtlesim/cmake/turtlesim__rosidl_typesupport_cppExport.cmake
[12.851s] -- Up-to-date: /home/tj/ros2_ws/install/turtlesim/share/turtlesim/cmake/turtlesim__rosidl_typesupport_cppExport-noconfig.cmake
[12.851s] -- Up-to-date: /home/tj/ros2_ws/install/turtlesim/share/turtlesim/cmake/export_turtlesim__rosidl_generator_pyExport.cmake
[12.851s] -- Up-to-date: /home/tj/ros2_ws/install/turtlesim/share/turtlesim/cmake/export_turtlesim__rosidl_generator_pyExport-noconfig.cmake
[12.851s] -- Up-to-date: /home/tj/ros2_ws/install/turtlesim/share/turtlesim/cmake/rosidl_cmake-extras.cmake
[12.851s] -- Up-to-date: /home/tj/ros2_ws/install/turtlesim/share/turtlesim/cmake/ament_cmake_export_dependencies-extras.cmake
[12.851s] -- Up-to-date: /home/tj/ros2_ws/install/turtlesim/share/turtlesim/cmake/ament_cmake_export_include_directories-extras.cmake
[12.851s] -- Up-to-date: /home/tj/ros2_ws/install/turtlesim/share/turtlesim/cmake/ament_cmake_export_libraries-extras.cmake
[12.851s] -- Up-to-date: /home/tj/ros2_ws/install/turtlesim/share/turtlesim/cmake/ament_cmake_export_targets-extras.cmake
[12.851s] -- Up-to-date: /home/tj/ros2_ws/install/turtlesim/share/turtlesim/cmake/rosidl_cmake_export_typesupport_targets-extras.cmake
[12.851s] -- Up-to-date: /home/tj/ros2_ws/install/turtlesim/share/turtlesim/cmake/rosidl_cmake_export_typesupport_libraries-extras.cmake
[12.851s] -- Up-to-date: /home/tj/ros2_ws/install/turtlesim/share/turtlesim/cmake/turtlesimConfig.cmake
[12.851s] -- Up-to-date: /home/tj/ros2_ws/install/turtlesim/share/turtlesim/cmake/turtlesimConfig-version.cmake
[12.851s] -- Up-to-date: /home/tj/ros2_ws/install/turtlesim/share/turtlesim/package.xml
[12.853s] Invoked command in '/home/tj/ros2_ws/build/turtlesim' returned '0': CMAKE_PREFIX_PATH=/opt/ros/humble /usr/bin/cmake --install /home/tj/ros2_ws/build/turtlesim
