[0.026s] Invoking command in '/home/tj/ros2_ws/build/turtlesim': CMAKE_PREFIX_PATH=${CMAKE_PREFIX_PATH}:/opt/ros/humble /usr/bin/cmake --build /home/tj/ros2_ws/build/turtlesim -- -j8 -l8
[0.118s] [35m[1mConsolidate compiler generated dependencies of target turtlesim__rosidl_generator_c[0m
[0.224s] [ 10%] Built target turtlesim__rosidl_generator_c
[0.229s] [ 11%] Built target turtlesim__cpp
[0.244s] [ 11%] Built target ament_cmake_python_copy_turtlesim
[0.300s] [35m[1mConsolidate compiler generated dependencies of target turtlesim__rosidl_typesupport_cpp[0m
[0.324s] [35m[1mConsolidate compiler generated dependencies of target turtlesim__rosidl_typesupport_introspection_c[0m
[0.350s] [35m[1mConsolidate compiler generated dependencies of target turtlesim__rosidl_typesupport_fastrtps_c[0m
[0.350s] [35m[1mConsolidate compiler generated dependencies of target turtlesim__rosidl_typesupport_c[0m
[0.350s] [35m[1mConsolidate compiler generated dependencies of target turtlesim__rosidl_typesupport_fastrtps_cpp[0m
[0.355s] [35m[1mConsolidate compiler generated dependencies of target turtlesim__rosidl_typesupport_introspection_cpp[0m
[0.494s] [ 21%] Built target turtlesim__rosidl_typesupport_fastrtps_c
[0.494s] [ 32%] Built target turtlesim__rosidl_typesupport_c
[0.494s] [ 42%] Built target turtlesim__rosidl_typesupport_introspection_c
[0.494s] [ 52%] Built target turtlesim__rosidl_typesupport_fastrtps_cpp
[0.494s] [ 61%] Built target turtlesim__rosidl_typesupport_cpp
[0.494s] [ 71%] Built target turtlesim__rosidl_typesupport_introspection_cpp
[0.610s] [35m[1mConsolidate compiler generated dependencies of target turtle_teleop_key[0m
[0.613s] [35m[1mConsolidate compiler generated dependencies of target mimic[0m
[0.627s] [35m[1mConsolidate compiler generated dependencies of target turtlesim_node[0m
[0.639s] [35m[1mConsolidate compiler generated dependencies of target draw_square[0m
[0.676s] [ 71%] Built target turtlesim
[0.736s] [ 72%] [32mBuilding CXX object CMakeFiles/turtlesim_node.dir/src/turtle_frame.cpp.o[0m
[0.754s] [ 74%] Built target turtle_teleop_key
[0.780s] [ 76%] Built target draw_square
[0.789s] [ 78%] Built target mimic
[0.841s] [ 79%] Built target turtlesim__py
[0.880s] [35m[1mConsolidate compiler generated dependencies of target turtlesim__rosidl_generator_py[0m
[0.923s] [ 88%] Built target turtlesim__rosidl_generator_py
[0.954s] [35m[1mConsolidate compiler generated dependencies of target turtlesim__rosidl_typesupport_fastrtps_c__pyext[0m
[0.954s] [35m[1mConsolidate compiler generated dependencies of target turtlesim__rosidl_typesupport_introspection_c__pyext[0m
[1.008s] running egg_info
[1.008s] writing turtlesim.egg-info/PKG-INFO
[1.008s] writing dependency_links to turtlesim.egg-info/dependency_links.txt
[1.008s] writing top-level names to turtlesim.egg-info/top_level.txt
[1.008s] [35m[1mConsolidate compiler generated dependencies of target turtlesim__rosidl_typesupport_c__pyext[0m
[1.008s] reading manifest file 'turtlesim.egg-info/SOURCES.txt'
[1.011s] writing manifest file 'turtlesim.egg-info/SOURCES.txt'
[1.034s] [ 90%] Built target turtlesim__rosidl_typesupport_fastrtps_c__pyext
[1.034s] [ 92%] Built target turtlesim__rosidl_typesupport_introspection_c__pyext
[1.078s] [ 94%] Built target turtlesim__rosidl_typesupport_c__pyext
[1.096s] [ 94%] Built target ament_cmake_python_build_turtlesim_egg
[9.356s] [ 95%] [32m[1mLinking CXX executable turtlesim_node[0m
[11.031s] [100%] Built target turtlesim_node
[11.045s] Invoked command in '/home/tj/ros2_ws/build/turtlesim' returned '0': CMAKE_PREFIX_PATH=${CMAKE_PREFIX_PATH}:/opt/ros/humble /usr/bin/cmake --build /home/tj/ros2_ws/build/turtlesim -- -j8 -l8
[11.775s] Invoking command in '/home/tj/ros2_ws/build/turtlesim': CMAKE_PREFIX_PATH=${CMAKE_PREFIX_PATH}:/opt/ros/humble /usr/bin/cmake --install /home/tj/ros2_ws/build/turtlesim
[11.782s] -- Install configuration: ""
[11.783s] -- Up-to-date: /home/tj/ros2_ws/install/turtlesim/share/ament_index/resource_index/rosidl_interfaces/turtlesim
[11.783s] -- Up-to-date: /home/tj/ros2_ws/install/turtlesim/include/turtlesim/turtlesim
[11.783s] -- Up-to-date: /home/tj/ros2_ws/install/turtlesim/include/turtlesim/turtlesim/srv
[11.783s] -- Up-to-date: /home/tj/ros2_ws/install/turtlesim/include/turtlesim/turtlesim/srv/kill.h
[11.783s] -- Up-to-date: /home/tj/ros2_ws/install/turtlesim/include/turtlesim/turtlesim/srv/teleport_absolute.h
[11.783s] -- Up-to-date: /home/tj/ros2_ws/install/turtlesim/include/turtlesim/turtlesim/srv/detail
[11.783s] -- Up-to-date: /home/tj/ros2_ws/install/turtlesim/include/turtlesim/turtlesim/srv/detail/teleport_relative__type_support.h
[11.783s] -- Up-to-date: /home/tj/ros2_ws/install/turtlesim/include/turtlesim/turtlesim/srv/detail/set_pen__functions.c
[11.783s] -- Up-to-date: /home/tj/ros2_ws/install/turtlesim/include/turtlesim/turtlesim/srv/detail/teleport_absolute__type_support.h
[11.783s] -- Up-to-date: /home/tj/ros2_ws/install/turtlesim/include/turtlesim/turtlesim/srv/detail/set_pen__type_support.h
[11.783s] -- Up-to-date: /home/tj/ros2_ws/install/turtlesim/include/turtlesim/turtlesim/srv/detail/spawn__functions.c
[11.784s] -- Up-to-date: /home/tj/ros2_ws/install/turtlesim/include/turtlesim/turtlesim/srv/detail/spawn__struct.h
[11.784s] -- Up-to-date: /home/tj/ros2_ws/install/turtlesim/include/turtlesim/turtlesim/srv/detail/teleport_relative__functions.c
[11.784s] -- Up-to-date: /home/tj/ros2_ws/install/turtlesim/include/turtlesim/turtlesim/srv/detail/kill__functions.c
[11.784s] -- Up-to-date: /home/tj/ros2_ws/install/turtlesim/include/turtlesim/turtlesim/srv/detail/teleport_absolute__functions.h
[11.784s] -- Up-to-date: /home/tj/ros2_ws/install/turtlesim/include/turtlesim/turtlesim/srv/detail/kill__struct.h
[11.784s] -- Up-to-date: /home/tj/ros2_ws/install/turtlesim/include/turtlesim/turtlesim/srv/detail/spawn__functions.h
[11.784s] -- Up-to-date: /home/tj/ros2_ws/install/turtlesim/include/turtlesim/turtlesim/srv/detail/teleport_absolute__struct.h
[11.785s] -- Up-to-date: /home/tj/ros2_ws/install/turtlesim/include/turtlesim/turtlesim/srv/detail/kill__type_support.h
[11.785s] -- Up-to-date: /home/tj/ros2_ws/install/turtlesim/include/turtlesim/turtlesim/srv/detail/teleport_relative__functions.h
[11.785s] -- Up-to-date: /home/tj/ros2_ws/install/turtlesim/include/turtlesim/turtlesim/srv/detail/spawn__type_support.h
[11.785s] -- Up-to-date: /home/tj/ros2_ws/install/turtlesim/include/turtlesim/turtlesim/srv/detail/kill__functions.h
[11.785s] -- Up-to-date: /home/tj/ros2_ws/install/turtlesim/include/turtlesim/turtlesim/srv/detail/teleport_relative__struct.h
[11.785s] -- Up-to-date: /home/tj/ros2_ws/install/turtlesim/include/turtlesim/turtlesim/srv/detail/set_pen__functions.h
[11.785s] -- Up-to-date: /home/tj/ros2_ws/install/turtlesim/include/turtlesim/turtlesim/srv/detail/teleport_absolute__functions.c
[11.785s] -- Up-to-date: /home/tj/ros2_ws/install/turtlesim/include/turtlesim/turtlesim/srv/detail/set_pen__struct.h
[11.785s] -- Up-to-date: /home/tj/ros2_ws/install/turtlesim/include/turtlesim/turtlesim/srv/spawn.h
[11.785s] -- Up-to-date: /home/tj/ros2_ws/install/turtlesim/include/turtlesim/turtlesim/srv/set_pen.h
[11.785s] -- Up-to-date: /home/tj/ros2_ws/install/turtlesim/include/turtlesim/turtlesim/srv/teleport_relative.h
[11.785s] -- Up-to-date: /home/tj/ros2_ws/install/turtlesim/include/turtlesim/turtlesim/msg
[11.785s] -- Up-to-date: /home/tj/ros2_ws/install/turtlesim/include/turtlesim/turtlesim/msg/rosidl_generator_c__visibility_control.h
[11.785s] -- Up-to-date: /home/tj/ros2_ws/install/turtlesim/include/turtlesim/turtlesim/msg/color.h
[11.785s] -- Up-to-date: /home/tj/ros2_ws/install/turtlesim/include/turtlesim/turtlesim/msg/pose.h
[11.785s] -- Up-to-date: /home/tj/ros2_ws/install/turtlesim/include/turtlesim/turtlesim/msg/detail
[11.785s] -- Up-to-date: /home/tj/ros2_ws/install/turtlesim/include/turtlesim/turtlesim/msg/detail/color__type_support.h
[11.785s] -- Up-to-date: /home/tj/ros2_ws/install/turtlesim/include/turtlesim/turtlesim/msg/detail/pose__type_support.h
[11.785s] -- Up-to-date: /home/tj/ros2_ws/install/turtlesim/include/turtlesim/turtlesim/msg/detail/color__functions.h
[11.785s] -- Up-to-date: /home/tj/ros2_ws/install/turtlesim/include/turtlesim/turtlesim/msg/detail/pose__struct.h
[11.785s] -- Up-to-date: /home/tj/ros2_ws/install/turtlesim/include/turtlesim/turtlesim/msg/detail/pose__functions.c
[11.785s] -- Up-to-date: /home/tj/ros2_ws/install/turtlesim/include/turtlesim/turtlesim/msg/detail/color__struct.h
[11.785s] -- Up-to-date: /home/tj/ros2_ws/install/turtlesim/include/turtlesim/turtlesim/msg/detail/color__functions.c
[11.785s] -- Up-to-date: /home/tj/ros2_ws/install/turtlesim/include/turtlesim/turtlesim/msg/detail/pose__functions.h
[11.785s] -- Up-to-date: /home/tj/ros2_ws/install/turtlesim/include/turtlesim/turtlesim/action
[11.785s] -- Up-to-date: /home/tj/ros2_ws/install/turtlesim/include/turtlesim/turtlesim/action/detail
[11.785s] -- Up-to-date: /home/tj/ros2_ws/install/turtlesim/include/turtlesim/turtlesim/action/detail/rotate_absolute__struct.h
[11.786s] -- Up-to-date: /home/tj/ros2_ws/install/turtlesim/include/turtlesim/turtlesim/action/detail/rotate_absolute__type_support.h
[11.786s] -- Up-to-date: /home/tj/ros2_ws/install/turtlesim/include/turtlesim/turtlesim/action/detail/rotate_absolute__functions.h
[11.786s] -- Up-to-date: /home/tj/ros2_ws/install/turtlesim/include/turtlesim/turtlesim/action/detail/rotate_absolute__functions.c
[11.786s] -- Up-to-date: /home/tj/ros2_ws/install/turtlesim/include/turtlesim/turtlesim/action/rotate_absolute.h
[11.786s] -- Up-to-date: /home/tj/ros2_ws/install/turtlesim/share/turtlesim/environment/library_path.sh
[11.786s] -- Up-to-date: /home/tj/ros2_ws/install/turtlesim/share/turtlesim/environment/library_path.dsv
[11.786s] -- Up-to-date: /home/tj/ros2_ws/install/turtlesim/lib/libturtlesim__rosidl_generator_c.so
[11.786s] -- Up-to-date: /home/tj/ros2_ws/install/turtlesim/include/turtlesim/turtlesim
[11.786s] -- Up-to-date: /home/tj/ros2_ws/install/turtlesim/include/turtlesim/turtlesim/srv
[11.786s] -- Up-to-date: /home/tj/ros2_ws/install/turtlesim/include/turtlesim/turtlesim/srv/detail
[11.786s] -- Up-to-date: /home/tj/ros2_ws/install/turtlesim/include/turtlesim/turtlesim/srv/detail/kill__rosidl_typesupport_fastrtps_c.h
[11.786s] -- Up-to-date: /home/tj/ros2_ws/install/turtlesim/include/turtlesim/turtlesim/srv/detail/teleport_relative__rosidl_typesupport_fastrtps_c.h
[11.786s] -- Up-to-date: /home/tj/ros2_ws/install/turtlesim/include/turtlesim/turtlesim/srv/detail/set_pen__rosidl_typesupport_fastrtps_c.h
[11.786s] -- Up-to-date: /home/tj/ros2_ws/install/turtlesim/include/turtlesim/turtlesim/srv/detail/spawn__rosidl_typesupport_fastrtps_c.h
[11.786s] -- Up-to-date: /home/tj/ros2_ws/install/turtlesim/include/turtlesim/turtlesim/srv/detail/teleport_absolute__rosidl_typesupport_fastrtps_c.h
[11.786s] -- Up-to-date: /home/tj/ros2_ws/install/turtlesim/include/turtlesim/turtlesim/msg
[11.786s] -- Up-to-date: /home/tj/ros2_ws/install/turtlesim/include/turtlesim/turtlesim/msg/rosidl_typesupport_fastrtps_c__visibility_control.h
[11.786s] -- Up-to-date: /home/tj/ros2_ws/install/turtlesim/include/turtlesim/turtlesim/msg/detail
[11.786s] -- Up-to-date: /home/tj/ros2_ws/install/turtlesim/include/turtlesim/turtlesim/msg/detail/pose__rosidl_typesupport_fastrtps_c.h
[11.786s] -- Up-to-date: /home/tj/ros2_ws/install/turtlesim/include/turtlesim/turtlesim/msg/detail/color__rosidl_typesupport_fastrtps_c.h
[11.786s] -- Up-to-date: /home/tj/ros2_ws/install/turtlesim/include/turtlesim/turtlesim/action
[11.786s] -- Up-to-date: /home/tj/ros2_ws/install/turtlesim/include/turtlesim/turtlesim/action/detail
[11.786s] -- Up-to-date: /home/tj/ros2_ws/install/turtlesim/include/turtlesim/turtlesim/action/detail/rotate_absolute__rosidl_typesupport_fastrtps_c.h
[11.786s] -- Up-to-date: /home/tj/ros2_ws/install/turtlesim/lib/libturtlesim__rosidl_typesupport_fastrtps_c.so
[11.786s] -- Up-to-date: /home/tj/ros2_ws/install/turtlesim/include/turtlesim/turtlesim
[11.786s] -- Up-to-date: /home/tj/ros2_ws/install/turtlesim/include/turtlesim/turtlesim/srv
[11.786s] -- Up-to-date: /home/tj/ros2_ws/install/turtlesim/include/turtlesim/turtlesim/srv/kill.hpp
[11.786s] -- Up-to-date: /home/tj/ros2_ws/install/turtlesim/include/turtlesim/turtlesim/srv/set_pen.hpp
[11.786s] -- Up-to-date: /home/tj/ros2_ws/install/turtlesim/include/turtlesim/turtlesim/srv/detail
[11.786s] -- Up-to-date: /home/tj/ros2_ws/install/turtlesim/include/turtlesim/turtlesim/srv/detail/teleport_relative__traits.hpp
[11.786s] -- Up-to-date: /home/tj/ros2_ws/install/turtlesim/include/turtlesim/turtlesim/srv/detail/set_pen__struct.hpp
[11.786s] -- Up-to-date: /home/tj/ros2_ws/install/turtlesim/include/turtlesim/turtlesim/srv/detail/spawn__builder.hpp
[11.786s] -- Up-to-date: /home/tj/ros2_ws/install/turtlesim/include/turtlesim/turtlesim/srv/detail/kill__struct.hpp
[11.786s] -- Up-to-date: /home/tj/ros2_ws/install/turtlesim/include/turtlesim/turtlesim/srv/detail/set_pen__builder.hpp
[11.787s] -- Up-to-date: /home/tj/ros2_ws/install/turtlesim/include/turtlesim/turtlesim/srv/detail/spawn__traits.hpp
[11.787s] -- Up-to-date: /home/tj/ros2_ws/install/turtlesim/include/turtlesim/turtlesim/srv/detail/spawn__struct.hpp
[11.787s] -- Up-to-date: /home/tj/ros2_ws/install/turtlesim/include/turtlesim/turtlesim/srv/detail/teleport_absolute__traits.hpp
[11.787s] -- Up-to-date: /home/tj/ros2_ws/install/turtlesim/include/turtlesim/turtlesim/srv/detail/set_pen__traits.hpp
[11.787s] -- Up-to-date: /home/tj/ros2_ws/install/turtlesim/include/turtlesim/turtlesim/srv/detail/kill__traits.hpp
[11.787s] -- Up-to-date: /home/tj/ros2_ws/install/turtlesim/include/turtlesim/turtlesim/srv/detail/teleport_relative__builder.hpp
[11.787s] -- Up-to-date: /home/tj/ros2_ws/install/turtlesim/include/turtlesim/turtlesim/srv/detail/teleport_relative__struct.hpp
[11.787s] -- Up-to-date: /home/tj/ros2_ws/install/turtlesim/include/turtlesim/turtlesim/srv/detail/teleport_absolute__builder.hpp
[11.787s] -- Up-to-date: /home/tj/ros2_ws/install/turtlesim/include/turtlesim/turtlesim/srv/detail/teleport_absolute__struct.hpp
[11.787s] -- Up-to-date: /home/tj/ros2_ws/install/turtlesim/include/turtlesim/turtlesim/srv/detail/kill__builder.hpp
[11.787s] -- Up-to-date: /home/tj/ros2_ws/install/turtlesim/include/turtlesim/turtlesim/srv/spawn.hpp
[11.787s] -- Up-to-date: /home/tj/ros2_ws/install/turtlesim/include/turtlesim/turtlesim/srv/teleport_relative.hpp
[11.787s] -- Up-to-date: /home/tj/ros2_ws/install/turtlesim/include/turtlesim/turtlesim/srv/teleport_absolute.hpp
[11.787s] -- Up-to-date: /home/tj/ros2_ws/install/turtlesim/include/turtlesim/turtlesim/msg
[11.787s] -- Up-to-date: /home/tj/ros2_ws/install/turtlesim/include/turtlesim/turtlesim/msg/pose.hpp
[11.787s] -- Up-to-date: /home/tj/ros2_ws/install/turtlesim/include/turtlesim/turtlesim/msg/color.hpp
[11.787s] -- Up-to-date: /home/tj/ros2_ws/install/turtlesim/include/turtlesim/turtlesim/msg/detail
[11.787s] -- Up-to-date: /home/tj/ros2_ws/install/turtlesim/include/turtlesim/turtlesim/msg/detail/pose__builder.hpp
[11.787s] -- Up-to-date: /home/tj/ros2_ws/install/turtlesim/include/turtlesim/turtlesim/msg/detail/pose__struct.hpp
[11.787s] -- Up-to-date: /home/tj/ros2_ws/install/turtlesim/include/turtlesim/turtlesim/msg/detail/color__builder.hpp
[11.787s] -- Up-to-date: /home/tj/ros2_ws/install/turtlesim/include/turtlesim/turtlesim/msg/detail/pose__traits.hpp
[11.788s] -- Up-to-date: /home/tj/ros2_ws/install/turtlesim/include/turtlesim/turtlesim/msg/detail/color__struct.hpp
[11.788s] -- Up-to-date: /home/tj/ros2_ws/install/turtlesim/include/turtlesim/turtlesim/msg/detail/color__traits.hpp
[11.788s] -- Up-to-date: /home/tj/ros2_ws/install/turtlesim/include/turtlesim/turtlesim/action
[11.788s] -- Up-to-date: /home/tj/ros2_ws/install/turtlesim/include/turtlesim/turtlesim/action/detail
[11.788s] -- Up-to-date: /home/tj/ros2_ws/install/turtlesim/include/turtlesim/turtlesim/action/detail/rotate_absolute__struct.hpp
[11.788s] -- Up-to-date: /home/tj/ros2_ws/install/turtlesim/include/turtlesim/turtlesim/action/detail/rotate_absolute__traits.hpp
[11.788s] -- Up-to-date: /home/tj/ros2_ws/install/turtlesim/include/turtlesim/turtlesim/action/detail/rotate_absolute__builder.hpp
[11.788s] -- Up-to-date: /home/tj/ros2_ws/install/turtlesim/include/turtlesim/turtlesim/action/rotate_absolute.hpp
[11.788s] -- Up-to-date: /home/tj/ros2_ws/install/turtlesim/include/turtlesim/turtlesim
[11.788s] -- Up-to-date: /home/tj/ros2_ws/install/turtlesim/include/turtlesim/turtlesim/srv
[11.788s] -- Up-to-date: /home/tj/ros2_ws/install/turtlesim/include/turtlesim/turtlesim/srv/detail
[11.788s] -- Up-to-date: /home/tj/ros2_ws/install/turtlesim/include/turtlesim/turtlesim/srv/detail/teleport_absolute__rosidl_typesupport_fastrtps_cpp.hpp
[11.788s] -- Up-to-date: /home/tj/ros2_ws/install/turtlesim/include/turtlesim/turtlesim/srv/detail/dds_fastrtps
[11.788s] -- Up-to-date: /home/tj/ros2_ws/install/turtlesim/include/turtlesim/turtlesim/srv/detail/teleport_relative__rosidl_typesupport_fastrtps_cpp.hpp
[11.788s] -- Up-to-date: /home/tj/ros2_ws/install/turtlesim/include/turtlesim/turtlesim/srv/detail/spawn__rosidl_typesupport_fastrtps_cpp.hpp
[11.788s] -- Up-to-date: /home/tj/ros2_ws/install/turtlesim/include/turtlesim/turtlesim/srv/detail/set_pen__rosidl_typesupport_fastrtps_cpp.hpp
[11.788s] -- Up-to-date: /home/tj/ros2_ws/install/turtlesim/include/turtlesim/turtlesim/srv/detail/kill__rosidl_typesupport_fastrtps_cpp.hpp
[11.788s] -- Up-to-date: /home/tj/ros2_ws/install/turtlesim/include/turtlesim/turtlesim/msg
[11.788s] -- Up-to-date: /home/tj/ros2_ws/install/turtlesim/include/turtlesim/turtlesim/msg/rosidl_typesupport_fastrtps_cpp__visibility_control.h
[11.788s] -- Up-to-date: /home/tj/ros2_ws/install/turtlesim/include/turtlesim/turtlesim/msg/detail
[11.788s] -- Up-to-date: /home/tj/ros2_ws/install/turtlesim/include/turtlesim/turtlesim/msg/detail/dds_fastrtps
[11.788s] -- Up-to-date: /home/tj/ros2_ws/install/turtlesim/include/turtlesim/turtlesim/msg/detail/color__rosidl_typesupport_fastrtps_cpp.hpp
[11.788s] -- Up-to-date: /home/tj/ros2_ws/install/turtlesim/include/turtlesim/turtlesim/msg/detail/pose__rosidl_typesupport_fastrtps_cpp.hpp
[11.788s] -- Up-to-date: /home/tj/ros2_ws/install/turtlesim/include/turtlesim/turtlesim/action
[11.788s] -- Up-to-date: /home/tj/ros2_ws/install/turtlesim/include/turtlesim/turtlesim/action/detail
[11.788s] -- Up-to-date: /home/tj/ros2_ws/install/turtlesim/include/turtlesim/turtlesim/action/detail/dds_fastrtps
[11.788s] -- Up-to-date: /home/tj/ros2_ws/install/turtlesim/include/turtlesim/turtlesim/action/detail/rotate_absolute__rosidl_typesupport_fastrtps_cpp.hpp
[11.788s] -- Up-to-date: /home/tj/ros2_ws/install/turtlesim/lib/libturtlesim__rosidl_typesupport_fastrtps_cpp.so
[11.788s] -- Up-to-date: /home/tj/ros2_ws/install/turtlesim/include/turtlesim/turtlesim
[11.789s] -- Up-to-date: /home/tj/ros2_ws/install/turtlesim/include/turtlesim/turtlesim/srv
[11.789s] -- Up-to-date: /home/tj/ros2_ws/install/turtlesim/include/turtlesim/turtlesim/srv/detail
[11.789s] -- Up-to-date: /home/tj/ros2_ws/install/turtlesim/include/turtlesim/turtlesim/srv/detail/teleport_relative__type_support.c
[11.789s] -- Up-to-date: /home/tj/ros2_ws/install/turtlesim/include/turtlesim/turtlesim/srv/detail/spawn__type_support.c
[11.789s] -- Up-to-date: /home/tj/ros2_ws/install/turtlesim/include/turtlesim/turtlesim/srv/detail/teleport_absolute__rosidl_typesupport_introspection_c.h
[11.789s] -- Up-to-date: /home/tj/ros2_ws/install/turtlesim/include/turtlesim/turtlesim/srv/detail/spawn__rosidl_typesupport_introspection_c.h
[11.789s] -- Up-to-date: /home/tj/ros2_ws/install/turtlesim/include/turtlesim/turtlesim/srv/detail/teleport_relative__rosidl_typesupport_introspection_c.h
[11.789s] -- Up-to-date: /home/tj/ros2_ws/install/turtlesim/include/turtlesim/turtlesim/srv/detail/set_pen__rosidl_typesupport_introspection_c.h
[11.789s] -- Up-to-date: /home/tj/ros2_ws/install/turtlesim/include/turtlesim/turtlesim/srv/detail/teleport_absolute__type_support.c
[11.789s] -- Up-to-date: /home/tj/ros2_ws/install/turtlesim/include/turtlesim/turtlesim/srv/detail/kill__rosidl_typesupport_introspection_c.h
[11.789s] -- Up-to-date: /home/tj/ros2_ws/install/turtlesim/include/turtlesim/turtlesim/srv/detail/set_pen__type_support.c
[11.789s] -- Up-to-date: /home/tj/ros2_ws/install/turtlesim/include/turtlesim/turtlesim/srv/detail/kill__type_support.c
[11.789s] -- Up-to-date: /home/tj/ros2_ws/install/turtlesim/include/turtlesim/turtlesim/msg
[11.789s] -- Up-to-date: /home/tj/ros2_ws/install/turtlesim/include/turtlesim/turtlesim/msg/detail
[11.789s] -- Up-to-date: /home/tj/ros2_ws/install/turtlesim/include/turtlesim/turtlesim/msg/detail/pose__rosidl_typesupport_introspection_c.h
[11.789s] -- Up-to-date: /home/tj/ros2_ws/install/turtlesim/include/turtlesim/turtlesim/msg/detail/color__type_support.c
[11.789s] -- Up-to-date: /home/tj/ros2_ws/install/turtlesim/include/turtlesim/turtlesim/msg/detail/pose__type_support.c
[11.789s] -- Up-to-date: /home/tj/ros2_ws/install/turtlesim/include/turtlesim/turtlesim/msg/detail/color__rosidl_typesupport_introspection_c.h
[11.789s] -- Up-to-date: /home/tj/ros2_ws/install/turtlesim/include/turtlesim/turtlesim/msg/rosidl_typesupport_introspection_c__visibility_control.h
[11.789s] -- Up-to-date: /home/tj/ros2_ws/install/turtlesim/include/turtlesim/turtlesim/action
[11.789s] -- Up-to-date: /home/tj/ros2_ws/install/turtlesim/include/turtlesim/turtlesim/action/detail
[11.789s] -- Up-to-date: /home/tj/ros2_ws/install/turtlesim/include/turtlesim/turtlesim/action/detail/rotate_absolute__rosidl_typesupport_introspection_c.h
[11.789s] -- Up-to-date: /home/tj/ros2_ws/install/turtlesim/include/turtlesim/turtlesim/action/detail/rotate_absolute__type_support.c
[11.789s] -- Up-to-date: /home/tj/ros2_ws/install/turtlesim/lib/libturtlesim__rosidl_typesupport_introspection_c.so
[11.789s] -- Up-to-date: /home/tj/ros2_ws/install/turtlesim/lib/libturtlesim__rosidl_typesupport_c.so
[11.789s] -- Up-to-date: /home/tj/ros2_ws/install/turtlesim/include/turtlesim/turtlesim
[11.789s] -- Up-to-date: /home/tj/ros2_ws/install/turtlesim/include/turtlesim/turtlesim/srv
[11.789s] -- Up-to-date: /home/tj/ros2_ws/install/turtlesim/include/turtlesim/turtlesim/srv/detail
[11.789s] -- Up-to-date: /home/tj/ros2_ws/install/turtlesim/include/turtlesim/turtlesim/srv/detail/teleport_absolute__type_support.cpp
[11.789s] -- Up-to-date: /home/tj/ros2_ws/install/turtlesim/include/turtlesim/turtlesim/srv/detail/teleport_relative__rosidl_typesupport_introspection_cpp.hpp
[11.789s] -- Up-to-date: /home/tj/ros2_ws/install/turtlesim/include/turtlesim/turtlesim/srv/detail/teleport_absolute__rosidl_typesupport_introspection_cpp.hpp
[11.789s] -- Up-to-date: /home/tj/ros2_ws/install/turtlesim/include/turtlesim/turtlesim/srv/detail/teleport_relative__type_support.cpp
[11.789s] -- Up-to-date: /home/tj/ros2_ws/install/turtlesim/include/turtlesim/turtlesim/srv/detail/kill__rosidl_typesupport_introspection_cpp.hpp
[11.789s] -- Up-to-date: /home/tj/ros2_ws/install/turtlesim/include/turtlesim/turtlesim/srv/detail/set_pen__rosidl_typesupport_introspection_cpp.hpp
[11.789s] -- Up-to-date: /home/tj/ros2_ws/install/turtlesim/include/turtlesim/turtlesim/srv/detail/set_pen__type_support.cpp
[11.789s] -- Up-to-date: /home/tj/ros2_ws/install/turtlesim/include/turtlesim/turtlesim/srv/detail/kill__type_support.cpp
[11.790s] -- Up-to-date: /home/tj/ros2_ws/install/turtlesim/include/turtlesim/turtlesim/srv/detail/spawn__type_support.cpp
[11.790s] -- Up-to-date: /home/tj/ros2_ws/install/turtlesim/include/turtlesim/turtlesim/srv/detail/spawn__rosidl_typesupport_introspection_cpp.hpp
[11.790s] -- Up-to-date: /home/tj/ros2_ws/install/turtlesim/include/turtlesim/turtlesim/msg
[11.790s] -- Up-to-date: /home/tj/ros2_ws/install/turtlesim/include/turtlesim/turtlesim/msg/detail
[11.790s] -- Up-to-date: /home/tj/ros2_ws/install/turtlesim/include/turtlesim/turtlesim/msg/detail/color__type_support.cpp
[11.790s] -- Up-to-date: /home/tj/ros2_ws/install/turtlesim/include/turtlesim/turtlesim/msg/detail/pose__rosidl_typesupport_introspection_cpp.hpp
[11.790s] -- Up-to-date: /home/tj/ros2_ws/install/turtlesim/include/turtlesim/turtlesim/msg/detail/color__rosidl_typesupport_introspection_cpp.hpp
[11.790s] -- Up-to-date: /home/tj/ros2_ws/install/turtlesim/include/turtlesim/turtlesim/msg/detail/pose__type_support.cpp
[11.790s] -- Up-to-date: /home/tj/ros2_ws/install/turtlesim/include/turtlesim/turtlesim/action
[11.790s] -- Up-to-date: /home/tj/ros2_ws/install/turtlesim/include/turtlesim/turtlesim/action/detail
[11.790s] -- Up-to-date: /home/tj/ros2_ws/install/turtlesim/include/turtlesim/turtlesim/action/detail/rotate_absolute__type_support.cpp
[11.790s] -- Up-to-date: /home/tj/ros2_ws/install/turtlesim/include/turtlesim/turtlesim/action/detail/rotate_absolute__rosidl_typesupport_introspection_cpp.hpp
[11.790s] -- Up-to-date: /home/tj/ros2_ws/install/turtlesim/lib/libturtlesim__rosidl_typesupport_introspection_cpp.so
[11.790s] -- Up-to-date: /home/tj/ros2_ws/install/turtlesim/lib/libturtlesim__rosidl_typesupport_cpp.so
[11.790s] -- Up-to-date: /home/tj/ros2_ws/install/turtlesim/share/turtlesim/environment/pythonpath.sh
[11.790s] -- Up-to-date: /home/tj/ros2_ws/install/turtlesim/share/turtlesim/environment/pythonpath.dsv
[11.790s] -- Up-to-date: /home/tj/ros2_ws/install/turtlesim/local/lib/python3.10/dist-packages/turtlesim-1.4.2-py3.10.egg-info
[11.790s] -- Installing: /home/tj/ros2_ws/install/turtlesim/local/lib/python3.10/dist-packages/turtlesim-1.4.2-py3.10.egg-info/top_level.txt
[11.790s] -- Installing: /home/tj/ros2_ws/install/turtlesim/local/lib/python3.10/dist-packages/turtlesim-1.4.2-py3.10.egg-info/PKG-INFO
[11.790s] -- Installing: /home/tj/ros2_ws/install/turtlesim/local/lib/python3.10/dist-packages/turtlesim-1.4.2-py3.10.egg-info/dependency_links.txt
[11.790s] -- Installing: /home/tj/ros2_ws/install/turtlesim/local/lib/python3.10/dist-packages/turtlesim-1.4.2-py3.10.egg-info/SOURCES.txt
[11.790s] -- Up-to-date: /home/tj/ros2_ws/install/turtlesim/local/lib/python3.10/dist-packages/turtlesim
[11.790s] -- Up-to-date: /home/tj/ros2_ws/install/turtlesim/local/lib/python3.10/dist-packages/turtlesim/__init__.py
[11.790s] -- Up-to-date: /home/tj/ros2_ws/install/turtlesim/local/lib/python3.10/dist-packages/turtlesim/_turtlesim_s.ep.rosidl_typesupport_introspection_c.c
[11.790s] -- Up-to-date: /home/tj/ros2_ws/install/turtlesim/local/lib/python3.10/dist-packages/turtlesim/srv
[11.790s] -- Up-to-date: /home/tj/ros2_ws/install/turtlesim/local/lib/python3.10/dist-packages/turtlesim/srv/__init__.py
[11.790s] -- Up-to-date: /home/tj/ros2_ws/install/turtlesim/local/lib/python3.10/dist-packages/turtlesim/srv/_spawn_s.c
[11.790s] -- Up-to-date: /home/tj/ros2_ws/install/turtlesim/local/lib/python3.10/dist-packages/turtlesim/srv/_teleport_absolute.py
[11.790s] -- Up-to-date: /home/tj/ros2_ws/install/turtlesim/local/lib/python3.10/dist-packages/turtlesim/srv/_set_pen_s.c
[11.790s] -- Up-to-date: /home/tj/ros2_ws/install/turtlesim/local/lib/python3.10/dist-packages/turtlesim/srv/_teleport_absolute_s.c
[11.790s] -- Up-to-date: /home/tj/ros2_ws/install/turtlesim/local/lib/python3.10/dist-packages/turtlesim/srv/_teleport_relative_s.c
[11.790s] -- Up-to-date: /home/tj/ros2_ws/install/turtlesim/local/lib/python3.10/dist-packages/turtlesim/srv/_spawn.py
[11.790s] -- Up-to-date: /home/tj/ros2_ws/install/turtlesim/local/lib/python3.10/dist-packages/turtlesim/srv/_teleport_relative.py
[11.790s] -- Up-to-date: /home/tj/ros2_ws/install/turtlesim/local/lib/python3.10/dist-packages/turtlesim/srv/_kill_s.c
[11.790s] -- Up-to-date: /home/tj/ros2_ws/install/turtlesim/local/lib/python3.10/dist-packages/turtlesim/srv/_kill.py
[11.791s] -- Up-to-date: /home/tj/ros2_ws/install/turtlesim/local/lib/python3.10/dist-packages/turtlesim/srv/_set_pen.py
[11.791s] -- Up-to-date: /home/tj/ros2_ws/install/turtlesim/local/lib/python3.10/dist-packages/turtlesim/turtlesim_s__rosidl_typesupport_introspection_c.cpython-310-x86_64-linux-gnu.so
[11.791s] -- Up-to-date: /home/tj/ros2_ws/install/turtlesim/local/lib/python3.10/dist-packages/turtlesim/_turtlesim_s.ep.rosidl_typesupport_c.c
[11.791s] -- Up-to-date: /home/tj/ros2_ws/install/turtlesim/local/lib/python3.10/dist-packages/turtlesim/turtlesim_s__rosidl_typesupport_fastrtps_c.cpython-310-x86_64-linux-gnu.so
[11.791s] -- Up-to-date: /home/tj/ros2_ws/install/turtlesim/local/lib/python3.10/dist-packages/turtlesim/msg
[11.791s] -- Up-to-date: /home/tj/ros2_ws/install/turtlesim/local/lib/python3.10/dist-packages/turtlesim/msg/__init__.py
[11.791s] -- Up-to-date: /home/tj/ros2_ws/install/turtlesim/local/lib/python3.10/dist-packages/turtlesim/msg/_pose_s.c
[11.791s] -- Up-to-date: /home/tj/ros2_ws/install/turtlesim/local/lib/python3.10/dist-packages/turtlesim/msg/_color.py
[11.791s] -- Up-to-date: /home/tj/ros2_ws/install/turtlesim/local/lib/python3.10/dist-packages/turtlesim/msg/_pose.py
[11.791s] -- Up-to-date: /home/tj/ros2_ws/install/turtlesim/local/lib/python3.10/dist-packages/turtlesim/msg/_color_s.c
[11.791s] -- Up-to-date: /home/tj/ros2_ws/install/turtlesim/local/lib/python3.10/dist-packages/turtlesim/turtlesim_s__rosidl_typesupport_c.cpython-310-x86_64-linux-gnu.so
[11.791s] -- Up-to-date: /home/tj/ros2_ws/install/turtlesim/local/lib/python3.10/dist-packages/turtlesim/libturtlesim__rosidl_generator_py.so
[11.791s] -- Up-to-date: /home/tj/ros2_ws/install/turtlesim/local/lib/python3.10/dist-packages/turtlesim/action
[11.791s] -- Up-to-date: /home/tj/ros2_ws/install/turtlesim/local/lib/python3.10/dist-packages/turtlesim/action/__init__.py
[11.791s] -- Up-to-date: /home/tj/ros2_ws/install/turtlesim/local/lib/python3.10/dist-packages/turtlesim/action/_rotate_absolute_s.c
[11.791s] -- Up-to-date: /home/tj/ros2_ws/install/turtlesim/local/lib/python3.10/dist-packages/turtlesim/action/_rotate_absolute.py
[11.791s] -- Up-to-date: /home/tj/ros2_ws/install/turtlesim/local/lib/python3.10/dist-packages/turtlesim/_turtlesim_s.ep.rosidl_typesupport_fastrtps_c.c
[11.823s] Listing '/home/tj/ros2_ws/install/turtlesim/local/lib/python3.10/dist-packages/turtlesim'...
[11.823s] Listing '/home/tj/ros2_ws/install/turtlesim/local/lib/python3.10/dist-packages/turtlesim/action'...
[11.823s] Listing '/home/tj/ros2_ws/install/turtlesim/local/lib/python3.10/dist-packages/turtlesim/msg'...
[11.823s] Listing '/home/tj/ros2_ws/install/turtlesim/local/lib/python3.10/dist-packages/turtlesim/srv'...
[11.826s] -- Up-to-date: /home/tj/ros2_ws/install/turtlesim/local/lib/python3.10/dist-packages/turtlesim/turtlesim_s__rosidl_typesupport_fastrtps_c.cpython-310-x86_64-linux-gnu.so
[11.827s] -- Up-to-date: /home/tj/ros2_ws/install/turtlesim/local/lib/python3.10/dist-packages/turtlesim/turtlesim_s__rosidl_typesupport_introspection_c.cpython-310-x86_64-linux-gnu.so
[11.827s] -- Up-to-date: /home/tj/ros2_ws/install/turtlesim/local/lib/python3.10/dist-packages/turtlesim/turtlesim_s__rosidl_typesupport_c.cpython-310-x86_64-linux-gnu.so
[11.827s] -- Up-to-date: /home/tj/ros2_ws/install/turtlesim/lib/libturtlesim__rosidl_generator_py.so
[11.827s] -- Up-to-date: /home/tj/ros2_ws/install/turtlesim/share/turtlesim/action/RotateAbsolute.idl
[11.827s] -- Up-to-date: /home/tj/ros2_ws/install/turtlesim/share/turtlesim/msg/Color.idl
[11.827s] -- Up-to-date: /home/tj/ros2_ws/install/turtlesim/share/turtlesim/msg/Pose.idl
[11.828s] -- Up-to-date: /home/tj/ros2_ws/install/turtlesim/share/turtlesim/srv/Kill.idl
[11.828s] -- Up-to-date: /home/tj/ros2_ws/install/turtlesim/share/turtlesim/srv/SetPen.idl
[11.828s] -- Up-to-date: /home/tj/ros2_ws/install/turtlesim/share/turtlesim/srv/Spawn.idl
[11.828s] -- Up-to-date: /home/tj/ros2_ws/install/turtlesim/share/turtlesim/srv/TeleportAbsolute.idl
[11.828s] -- Up-to-date: /home/tj/ros2_ws/install/turtlesim/share/turtlesim/srv/TeleportRelative.idl
[11.828s] -- Up-to-date: /home/tj/ros2_ws/install/turtlesim/share/turtlesim/action/RotateAbsolute.action
[11.828s] -- Up-to-date: /home/tj/ros2_ws/install/turtlesim/share/turtlesim/msg/Color.msg
[11.828s] -- Up-to-date: /home/tj/ros2_ws/install/turtlesim/share/turtlesim/msg/Pose.msg
[11.828s] -- Up-to-date: /home/tj/ros2_ws/install/turtlesim/share/turtlesim/srv/Kill.srv
[11.828s] -- Up-to-date: /home/tj/ros2_ws/install/turtlesim/share/turtlesim/srv/Kill_Request.msg
[11.828s] -- Up-to-date: /home/tj/ros2_ws/install/turtlesim/share/turtlesim/srv/Kill_Response.msg
[11.828s] -- Up-to-date: /home/tj/ros2_ws/install/turtlesim/share/turtlesim/srv/SetPen.srv
[11.828s] -- Up-to-date: /home/tj/ros2_ws/install/turtlesim/share/turtlesim/srv/SetPen_Request.msg
[11.828s] -- Up-to-date: /home/tj/ros2_ws/install/turtlesim/share/turtlesim/srv/SetPen_Response.msg
[11.828s] -- Up-to-date: /home/tj/ros2_ws/install/turtlesim/share/turtlesim/srv/Spawn.srv
[11.828s] -- Up-to-date: /home/tj/ros2_ws/install/turtlesim/share/turtlesim/srv/Spawn_Request.msg
[11.828s] -- Up-to-date: /home/tj/ros2_ws/install/turtlesim/share/turtlesim/srv/Spawn_Response.msg
[11.828s] -- Up-to-date: /home/tj/ros2_ws/install/turtlesim/share/turtlesim/srv/TeleportAbsolute.srv
[11.828s] -- Up-to-date: /home/tj/ros2_ws/install/turtlesim/share/turtlesim/srv/TeleportAbsolute_Request.msg
[11.828s] -- Up-to-date: /home/tj/ros2_ws/install/turtlesim/share/turtlesim/srv/TeleportAbsolute_Response.msg
[11.828s] -- Up-to-date: /home/tj/ros2_ws/install/turtlesim/share/turtlesim/srv/TeleportRelative.srv
[11.829s] -- Up-to-date: /home/tj/ros2_ws/install/turtlesim/share/turtlesim/srv/TeleportRelative_Request.msg
[11.829s] -- Up-to-date: /home/tj/ros2_ws/install/turtlesim/share/turtlesim/srv/TeleportRelative_Response.msg
[11.829s] -- Installing: /home/tj/ros2_ws/install/turtlesim/lib/turtlesim/turtlesim_node
[11.833s] -- Set runtime path of "/home/tj/ros2_ws/install/turtlesim/lib/turtlesim/turtlesim_node" to ""
[11.834s] -- Up-to-date: /home/tj/ros2_ws/install/turtlesim/lib/turtlesim/turtle_teleop_key
[11.834s] -- Up-to-date: /home/tj/ros2_ws/install/turtlesim/lib/turtlesim/draw_square
[11.834s] -- Up-to-date: /home/tj/ros2_ws/install/turtlesim/lib/turtlesim/mimic
[11.834s] -- Up-to-date: /home/tj/ros2_ws/install/turtlesim/share/turtlesim/images
[11.834s] -- Up-to-date: /home/tj/ros2_ws/install/turtlesim/share/turtlesim/images/galactic.png
[11.834s] -- Up-to-date: /home/tj/ros2_ws/install/turtlesim/share/turtlesim/images/crystal.png
[11.834s] -- Up-to-date: /home/tj/ros2_ws/install/turtlesim/share/turtlesim/images/foxy.png
[11.835s] -- Up-to-date: /home/tj/ros2_ws/install/turtlesim/share/turtlesim/images/rolling.png
[11.835s] -- Up-to-date: /home/tj/ros2_ws/install/turtlesim/share/turtlesim/images/bouncy.png
[11.835s] -- Up-to-date: /home/tj/ros2_ws/install/turtlesim/share/turtlesim/images/humble.png
[11.835s] -- Up-to-date: /home/tj/ros2_ws/install/turtlesim/share/turtlesim/images/eloquent.png
[11.835s] -- Up-to-date: /home/tj/ros2_ws/install/turtlesim/share/turtlesim/images/ardent.png
[11.835s] -- Up-to-date: /home/tj/ros2_ws/install/turtlesim/share/turtlesim/images/dashing.png
[11.835s] -- Up-to-date: /home/tj/ros2_ws/install/turtlesim/share/turtlesim/launch
[11.835s] -- Up-to-date: /home/tj/ros2_ws/install/turtlesim/share/turtlesim/launch/multisim.launch.py
[11.835s] -- Up-to-date: /home/tj/ros2_ws/install/turtlesim/share/ament_index/resource_index/package_run_dependencies/turtlesim
[11.835s] -- Up-to-date: /home/tj/ros2_ws/install/turtlesim/share/ament_index/resource_index/parent_prefix_path/turtlesim
[11.835s] -- Up-to-date: /home/tj/ros2_ws/install/turtlesim/share/turtlesim/environment/ament_prefix_path.sh
[11.836s] -- Up-to-date: /home/tj/ros2_ws/install/turtlesim/share/turtlesim/environment/ament_prefix_path.dsv
[11.836s] -- Up-to-date: /home/tj/ros2_ws/install/turtlesim/share/turtlesim/environment/path.sh
[11.836s] -- Up-to-date: /home/tj/ros2_ws/install/turtlesim/share/turtlesim/environment/path.dsv
[11.836s] -- Up-to-date: /home/tj/ros2_ws/install/turtlesim/share/turtlesim/local_setup.bash
[11.836s] -- Up-to-date: /home/tj/ros2_ws/install/turtlesim/share/turtlesim/local_setup.sh
[11.836s] -- Up-to-date: /home/tj/ros2_ws/install/turtlesim/share/turtlesim/local_setup.zsh
[11.836s] -- Up-to-date: /home/tj/ros2_ws/install/turtlesim/share/turtlesim/local_setup.dsv
[11.836s] -- Installing: /home/tj/ros2_ws/install/turtlesim/share/turtlesim/package.dsv
[11.836s] -- Up-to-date: /home/tj/ros2_ws/install/turtlesim/share/ament_index/resource_index/packages/turtlesim
[11.836s] -- Up-to-date: /home/tj/ros2_ws/install/turtlesim/share/turtlesim/cmake/export_turtlesim__rosidl_generator_cExport.cmake
[11.836s] -- Up-to-date: /home/tj/ros2_ws/install/turtlesim/share/turtlesim/cmake/export_turtlesim__rosidl_generator_cExport-noconfig.cmake
[11.836s] -- Up-to-date: /home/tj/ros2_ws/install/turtlesim/share/turtlesim/cmake/export_turtlesim__rosidl_typesupport_fastrtps_cExport.cmake
[11.836s] -- Up-to-date: /home/tj/ros2_ws/install/turtlesim/share/turtlesim/cmake/export_turtlesim__rosidl_typesupport_fastrtps_cExport-noconfig.cmake
[11.836s] -- Up-to-date: /home/tj/ros2_ws/install/turtlesim/share/turtlesim/cmake/export_turtlesim__rosidl_generator_cppExport.cmake
[11.836s] -- Up-to-date: /home/tj/ros2_ws/install/turtlesim/share/turtlesim/cmake/export_turtlesim__rosidl_typesupport_fastrtps_cppExport.cmake
[11.836s] -- Up-to-date: /home/tj/ros2_ws/install/turtlesim/share/turtlesim/cmake/export_turtlesim__rosidl_typesupport_fastrtps_cppExport-noconfig.cmake
[11.836s] -- Up-to-date: /home/tj/ros2_ws/install/turtlesim/share/turtlesim/cmake/turtlesim__rosidl_typesupport_introspection_cExport.cmake
[11.837s] -- Up-to-date: /home/tj/ros2_ws/install/turtlesim/share/turtlesim/cmake/turtlesim__rosidl_typesupport_introspection_cExport-noconfig.cmake
[11.837s] -- Up-to-date: /home/tj/ros2_ws/install/turtlesim/share/turtlesim/cmake/turtlesim__rosidl_typesupport_cExport.cmake
[11.837s] -- Up-to-date: /home/tj/ros2_ws/install/turtlesim/share/turtlesim/cmake/turtlesim__rosidl_typesupport_cExport-noconfig.cmake
[11.837s] -- Up-to-date: /home/tj/ros2_ws/install/turtlesim/share/turtlesim/cmake/turtlesim__rosidl_typesupport_introspection_cppExport.cmake
[11.837s] -- Up-to-date: /home/tj/ros2_ws/install/turtlesim/share/turtlesim/cmake/turtlesim__rosidl_typesupport_introspection_cppExport-noconfig.cmake
[11.837s] -- Up-to-date: /home/tj/ros2_ws/install/turtlesim/share/turtlesim/cmake/turtlesim__rosidl_typesupport_cppExport.cmake
[11.837s] -- Up-to-date: /home/tj/ros2_ws/install/turtlesim/share/turtlesim/cmake/turtlesim__rosidl_typesupport_cppExport-noconfig.cmake
[11.837s] -- Up-to-date: /home/tj/ros2_ws/install/turtlesim/share/turtlesim/cmake/export_turtlesim__rosidl_generator_pyExport.cmake
[11.837s] -- Up-to-date: /home/tj/ros2_ws/install/turtlesim/share/turtlesim/cmake/export_turtlesim__rosidl_generator_pyExport-noconfig.cmake
[11.837s] -- Up-to-date: /home/tj/ros2_ws/install/turtlesim/share/turtlesim/cmake/rosidl_cmake-extras.cmake
[11.837s] -- Up-to-date: /home/tj/ros2_ws/install/turtlesim/share/turtlesim/cmake/ament_cmake_export_dependencies-extras.cmake
[11.837s] -- Up-to-date: /home/tj/ros2_ws/install/turtlesim/share/turtlesim/cmake/ament_cmake_export_include_directories-extras.cmake
[11.837s] -- Up-to-date: /home/tj/ros2_ws/install/turtlesim/share/turtlesim/cmake/ament_cmake_export_libraries-extras.cmake
[11.837s] -- Up-to-date: /home/tj/ros2_ws/install/turtlesim/share/turtlesim/cmake/ament_cmake_export_targets-extras.cmake
[11.837s] -- Up-to-date: /home/tj/ros2_ws/install/turtlesim/share/turtlesim/cmake/rosidl_cmake_export_typesupport_targets-extras.cmake
[11.837s] -- Up-to-date: /home/tj/ros2_ws/install/turtlesim/share/turtlesim/cmake/rosidl_cmake_export_typesupport_libraries-extras.cmake
[11.837s] -- Up-to-date: /home/tj/ros2_ws/install/turtlesim/share/turtlesim/cmake/turtlesimConfig.cmake
[11.837s] -- Up-to-date: /home/tj/ros2_ws/install/turtlesim/share/turtlesim/cmake/turtlesimConfig-version.cmake
[11.837s] -- Up-to-date: /home/tj/ros2_ws/install/turtlesim/share/turtlesim/package.xml
[11.838s] Invoked command in '/home/tj/ros2_ws/build/turtlesim' returned '0': CMAKE_PREFIX_PATH=${CMAKE_PREFIX_PATH}:/opt/ros/humble /usr/bin/cmake --install /home/tj/ros2_ws/build/turtlesim
