[0.665s] Invoking command in '/home/tj/ros2_ws/build/more_interfaces': CMAKE_PREFIX_PATH=${CMAKE_PREFIX_PATH}:/home/tj/ros2_ws/install/python_parameters:/home/tj/ros2_ws/install/py_srvcli:/home/tj/ros2_ws/install/py_pubsub:/opt/ros/humble /usr/bin/cmake --build /home/tj/ros2_ws/build/more_interfaces -- -j8 -l8
[5.568s] [  3%] Built target more_interfaces__cpp
[5.568s] [ 12%] Built target more_interfaces__rosidl_generator_c
[5.591s] [ 21%] Built target more_interfaces__rosidl_typesupport_cpp
[5.609s] [ 30%] Built target more_interfaces__rosidl_typesupport_introspection_cpp
[5.610s] [ 39%] Built target more_interfaces__rosidl_typesupport_fastrtps_cpp
[5.610s] [ 39%] Built target ament_cmake_python_copy_more_interfaces
[5.610s] [ 48%] Built target more_interfaces__rosidl_typesupport_fastrtps_c
[5.610s] [ 57%] Built target more_interfaces__rosidl_typesupport_c
[5.610s] [ 66%] Built target more_interfaces__rosidl_typesupport_introspection_c
[5.610s] [ 66%] Built target more_interfaces
[5.610s] [ 72%] Built target publish_address_book
[5.610s] [ 75%] Built target more_interfaces__py
[5.610s] [ 81%] Built target more_interfaces__rosidl_generator_py
[5.610s] [ 87%] Built target more_interfaces__rosidl_typesupport_c__pyext
[5.610s] [ 93%] Built target more_interfaces__rosidl_typesupport_introspection_c__pyext
[5.611s] [100%] Built target more_interfaces__rosidl_typesupport_fastrtps_c__pyext
[5.611s] running egg_info
[5.611s] writing more_interfaces.egg-info/PKG-INFO
[5.611s] writing dependency_links to more_interfaces.egg-info/dependency_links.txt
[5.611s] writing top-level names to more_interfaces.egg-info/top_level.txt
[5.611s] reading manifest file 'more_interfaces.egg-info/SOURCES.txt'
[5.611s] writing manifest file 'more_interfaces.egg-info/SOURCES.txt'
[5.889s] [100%] Built target ament_cmake_python_build_more_interfaces_egg
[6.832s] Invoked command in '/home/tj/ros2_ws/build/more_interfaces' returned '0': CMAKE_PREFIX_PATH=${CMAKE_PREFIX_PATH}:/home/tj/ros2_ws/install/python_parameters:/home/tj/ros2_ws/install/py_srvcli:/home/tj/ros2_ws/install/py_pubsub:/opt/ros/humble /usr/bin/cmake --build /home/tj/ros2_ws/build/more_interfaces -- -j8 -l8
[11.300s] Invoking command in '/home/tj/ros2_ws/build/more_interfaces': CMAKE_PREFIX_PATH=${CMAKE_PREFIX_PATH}:/home/tj/ros2_ws/install/python_parameters:/home/tj/ros2_ws/install/py_srvcli:/home/tj/ros2_ws/install/py_pubsub:/opt/ros/humble /usr/bin/cmake --install /home/tj/ros2_ws/build/more_interfaces
[12.054s] -- Install configuration: ""
[12.079s] -- Up-to-date: /home/tj/ros2_ws/install/more_interfaces/lib/more_interfaces/publish_address_book
[12.079s] -- Up-to-date: /home/tj/ros2_ws/install/more_interfaces/share/ament_index/resource_index/rosidl_interfaces/more_interfaces
[12.079s] -- Up-to-date: /home/tj/ros2_ws/install/more_interfaces/include/more_interfaces/more_interfaces
[12.079s] -- Up-to-date: /home/tj/ros2_ws/install/more_interfaces/include/more_interfaces/more_interfaces/msg
[12.079s] -- Up-to-date: /home/tj/ros2_ws/install/more_interfaces/include/more_interfaces/more_interfaces/msg/address_book.h
[12.079s] -- Up-to-date: /home/tj/ros2_ws/install/more_interfaces/include/more_interfaces/more_interfaces/msg/rosidl_generator_c__visibility_control.h
[12.079s] -- Up-to-date: /home/tj/ros2_ws/install/more_interfaces/include/more_interfaces/more_interfaces/msg/detail
[12.079s] -- Up-to-date: /home/tj/ros2_ws/install/more_interfaces/include/more_interfaces/more_interfaces/msg/detail/address_book__functions.h
[12.080s] -- Up-to-date: /home/tj/ros2_ws/install/more_interfaces/include/more_interfaces/more_interfaces/msg/detail/address_book__struct.h
[12.080s] -- Up-to-date: /home/tj/ros2_ws/install/more_interfaces/include/more_interfaces/more_interfaces/msg/detail/address_book__functions.c
[12.080s] -- Up-to-date: /home/tj/ros2_ws/install/more_interfaces/include/more_interfaces/more_interfaces/msg/detail/address_book__type_support.h
[12.083s] -- Up-to-date: /home/tj/ros2_ws/install/more_interfaces/share/more_interfaces/environment/library_path.sh
[12.084s] -- Up-to-date: /home/tj/ros2_ws/install/more_interfaces/share/more_interfaces/environment/library_path.dsv
[12.084s] -- Up-to-date: /home/tj/ros2_ws/install/more_interfaces/lib/libmore_interfaces__rosidl_generator_c.so
[12.084s] -- Up-to-date: /home/tj/ros2_ws/install/more_interfaces/include/more_interfaces/more_interfaces
[12.084s] -- Up-to-date: /home/tj/ros2_ws/install/more_interfaces/include/more_interfaces/more_interfaces/msg
[12.084s] -- Up-to-date: /home/tj/ros2_ws/install/more_interfaces/include/more_interfaces/more_interfaces/msg/rosidl_typesupport_fastrtps_c__visibility_control.h
[12.084s] -- Up-to-date: /home/tj/ros2_ws/install/more_interfaces/include/more_interfaces/more_interfaces/msg/detail
[12.084s] -- Up-to-date: /home/tj/ros2_ws/install/more_interfaces/include/more_interfaces/more_interfaces/msg/detail/address_book__rosidl_typesupport_fastrtps_c.h
[12.084s] -- Up-to-date: /home/tj/ros2_ws/install/more_interfaces/lib/libmore_interfaces__rosidl_typesupport_fastrtps_c.so
[12.084s] -- Up-to-date: /home/tj/ros2_ws/install/more_interfaces/include/more_interfaces/more_interfaces
[12.084s] -- Up-to-date: /home/tj/ros2_ws/install/more_interfaces/include/more_interfaces/more_interfaces/msg
[12.084s] -- Up-to-date: /home/tj/ros2_ws/install/more_interfaces/include/more_interfaces/more_interfaces/msg/detail
[12.084s] -- Up-to-date: /home/tj/ros2_ws/install/more_interfaces/include/more_interfaces/more_interfaces/msg/detail/address_book__type_support.c
[12.085s] -- Up-to-date: /home/tj/ros2_ws/install/more_interfaces/include/more_interfaces/more_interfaces/msg/detail/address_book__rosidl_typesupport_introspection_c.h
[12.085s] -- Up-to-date: /home/tj/ros2_ws/install/more_interfaces/include/more_interfaces/more_interfaces/msg/rosidl_typesupport_introspection_c__visibility_control.h
[12.085s] -- Up-to-date: /home/tj/ros2_ws/install/more_interfaces/lib/libmore_interfaces__rosidl_typesupport_introspection_c.so
[12.085s] -- Up-to-date: /home/tj/ros2_ws/install/more_interfaces/lib/libmore_interfaces__rosidl_typesupport_c.so
[12.085s] -- Up-to-date: /home/tj/ros2_ws/install/more_interfaces/include/more_interfaces/more_interfaces
[12.085s] -- Up-to-date: /home/tj/ros2_ws/install/more_interfaces/include/more_interfaces/more_interfaces/msg
[12.085s] -- Up-to-date: /home/tj/ros2_ws/install/more_interfaces/include/more_interfaces/more_interfaces/msg/detail
[12.085s] -- Up-to-date: /home/tj/ros2_ws/install/more_interfaces/include/more_interfaces/more_interfaces/msg/detail/address_book__struct.hpp
[12.091s] -- Up-to-date: /home/tj/ros2_ws/install/more_interfaces/include/more_interfaces/more_interfaces/msg/detail/address_book__traits.hpp
[12.091s] -- Up-to-date: /home/tj/ros2_ws/install/more_interfaces/include/more_interfaces/more_interfaces/msg/detail/address_book__builder.hpp
[12.091s] -- Up-to-date: /home/tj/ros2_ws/install/more_interfaces/include/more_interfaces/more_interfaces/msg/address_book.hpp
[12.091s] -- Up-to-date: /home/tj/ros2_ws/install/more_interfaces/include/more_interfaces/more_interfaces
[12.091s] -- Up-to-date: /home/tj/ros2_ws/install/more_interfaces/include/more_interfaces/more_interfaces/msg
[12.091s] -- Up-to-date: /home/tj/ros2_ws/install/more_interfaces/include/more_interfaces/more_interfaces/msg/rosidl_typesupport_fastrtps_cpp__visibility_control.h
[12.091s] -- Up-to-date: /home/tj/ros2_ws/install/more_interfaces/include/more_interfaces/more_interfaces/msg/detail
[12.091s] -- Up-to-date: /home/tj/ros2_ws/install/more_interfaces/include/more_interfaces/more_interfaces/msg/detail/dds_fastrtps
[12.092s] -- Up-to-date: /home/tj/ros2_ws/install/more_interfaces/include/more_interfaces/more_interfaces/msg/detail/address_book__rosidl_typesupport_fastrtps_cpp.hpp
[12.092s] -- Up-to-date: /home/tj/ros2_ws/install/more_interfaces/lib/libmore_interfaces__rosidl_typesupport_fastrtps_cpp.so
[12.092s] -- Up-to-date: /home/tj/ros2_ws/install/more_interfaces/include/more_interfaces/more_interfaces
[12.092s] -- Up-to-date: /home/tj/ros2_ws/install/more_interfaces/include/more_interfaces/more_interfaces/msg
[12.092s] -- Up-to-date: /home/tj/ros2_ws/install/more_interfaces/include/more_interfaces/more_interfaces/msg/detail
[12.092s] -- Up-to-date: /home/tj/ros2_ws/install/more_interfaces/include/more_interfaces/more_interfaces/msg/detail/address_book__rosidl_typesupport_introspection_cpp.hpp
[12.092s] -- Up-to-date: /home/tj/ros2_ws/install/more_interfaces/include/more_interfaces/more_interfaces/msg/detail/address_book__type_support.cpp
[12.092s] -- Up-to-date: /home/tj/ros2_ws/install/more_interfaces/lib/libmore_interfaces__rosidl_typesupport_introspection_cpp.so
[12.092s] -- Up-to-date: /home/tj/ros2_ws/install/more_interfaces/lib/libmore_interfaces__rosidl_typesupport_cpp.so
[12.092s] -- Up-to-date: /home/tj/ros2_ws/install/more_interfaces/share/more_interfaces/environment/pythonpath.sh
[12.092s] -- Up-to-date: /home/tj/ros2_ws/install/more_interfaces/share/more_interfaces/environment/pythonpath.dsv
[12.092s] -- Up-to-date: /home/tj/ros2_ws/install/more_interfaces/local/lib/python3.10/dist-packages/more_interfaces-0.0.0-py3.10.egg-info
[12.092s] -- Installing: /home/tj/ros2_ws/install/more_interfaces/local/lib/python3.10/dist-packages/more_interfaces-0.0.0-py3.10.egg-info/top_level.txt
[12.093s] -- Installing: /home/tj/ros2_ws/install/more_interfaces/local/lib/python3.10/dist-packages/more_interfaces-0.0.0-py3.10.egg-info/PKG-INFO
[12.093s] -- Installing: /home/tj/ros2_ws/install/more_interfaces/local/lib/python3.10/dist-packages/more_interfaces-0.0.0-py3.10.egg-info/dependency_links.txt
[12.093s] -- Installing: /home/tj/ros2_ws/install/more_interfaces/local/lib/python3.10/dist-packages/more_interfaces-0.0.0-py3.10.egg-info/SOURCES.txt
[12.093s] -- Up-to-date: /home/tj/ros2_ws/install/more_interfaces/local/lib/python3.10/dist-packages/more_interfaces
[12.093s] -- Up-to-date: /home/tj/ros2_ws/install/more_interfaces/local/lib/python3.10/dist-packages/more_interfaces/__init__.py
[12.093s] -- Up-to-date: /home/tj/ros2_ws/install/more_interfaces/local/lib/python3.10/dist-packages/more_interfaces/_more_interfaces_s.ep.rosidl_typesupport_introspection_c.c
[12.093s] -- Up-to-date: /home/tj/ros2_ws/install/more_interfaces/local/lib/python3.10/dist-packages/more_interfaces/msg
[12.093s] -- Up-to-date: /home/tj/ros2_ws/install/more_interfaces/local/lib/python3.10/dist-packages/more_interfaces/msg/__init__.py
[12.093s] -- Up-to-date: /home/tj/ros2_ws/install/more_interfaces/local/lib/python3.10/dist-packages/more_interfaces/msg/_address_book.py
[12.093s] -- Up-to-date: /home/tj/ros2_ws/install/more_interfaces/local/lib/python3.10/dist-packages/more_interfaces/msg/_address_book_s.c
[12.093s] -- Up-to-date: /home/tj/ros2_ws/install/more_interfaces/local/lib/python3.10/dist-packages/more_interfaces/more_interfaces_s__rosidl_typesupport_c.cpython-310-x86_64-linux-gnu.so
[12.093s] -- Up-to-date: /home/tj/ros2_ws/install/more_interfaces/local/lib/python3.10/dist-packages/more_interfaces/_more_interfaces_s.ep.rosidl_typesupport_c.c
[12.093s] -- Up-to-date: /home/tj/ros2_ws/install/more_interfaces/local/lib/python3.10/dist-packages/more_interfaces/more_interfaces_s__rosidl_typesupport_introspection_c.cpython-310-x86_64-linux-gnu.so
[12.093s] -- Up-to-date: /home/tj/ros2_ws/install/more_interfaces/local/lib/python3.10/dist-packages/more_interfaces/_more_interfaces_s.ep.rosidl_typesupport_fastrtps_c.c
[12.093s] -- Up-to-date: /home/tj/ros2_ws/install/more_interfaces/local/lib/python3.10/dist-packages/more_interfaces/libmore_interfaces__rosidl_generator_py.so
[12.093s] -- Up-to-date: /home/tj/ros2_ws/install/more_interfaces/local/lib/python3.10/dist-packages/more_interfaces/more_interfaces_s__rosidl_typesupport_fastrtps_c.cpython-310-x86_64-linux-gnu.so
[12.174s] Listing '/home/tj/ros2_ws/install/more_interfaces/local/lib/python3.10/dist-packages/more_interfaces'...
[12.174s] Listing '/home/tj/ros2_ws/install/more_interfaces/local/lib/python3.10/dist-packages/more_interfaces/msg'...
[12.174s] -- Up-to-date: /home/tj/ros2_ws/install/more_interfaces/local/lib/python3.10/dist-packages/more_interfaces/more_interfaces_s__rosidl_typesupport_fastrtps_c.cpython-310-x86_64-linux-gnu.so
[12.177s] -- Up-to-date: /home/tj/ros2_ws/install/more_interfaces/local/lib/python3.10/dist-packages/more_interfaces/more_interfaces_s__rosidl_typesupport_introspection_c.cpython-310-x86_64-linux-gnu.so
[12.177s] -- Up-to-date: /home/tj/ros2_ws/install/more_interfaces/local/lib/python3.10/dist-packages/more_interfaces/more_interfaces_s__rosidl_typesupport_c.cpython-310-x86_64-linux-gnu.so
[12.177s] -- Up-to-date: /home/tj/ros2_ws/install/more_interfaces/lib/libmore_interfaces__rosidl_generator_py.so
[12.177s] -- Up-to-date: /home/tj/ros2_ws/install/more_interfaces/share/more_interfaces/msg/AddressBook.idl
[12.181s] -- Up-to-date: /home/tj/ros2_ws/install/more_interfaces/share/more_interfaces/msg/AddressBook.msg
[12.181s] -- Up-to-date: /home/tj/ros2_ws/install/more_interfaces/share/ament_index/resource_index/package_run_dependencies/more_interfaces
[12.182s] -- Up-to-date: /home/tj/ros2_ws/install/more_interfaces/share/ament_index/resource_index/parent_prefix_path/more_interfaces
[12.182s] -- Up-to-date: /home/tj/ros2_ws/install/more_interfaces/share/more_interfaces/environment/ament_prefix_path.sh
[12.190s] -- Up-to-date: /home/tj/ros2_ws/install/more_interfaces/share/more_interfaces/environment/ament_prefix_path.dsv
[12.190s] -- Up-to-date: /home/tj/ros2_ws/install/more_interfaces/share/more_interfaces/environment/path.sh
[12.190s] -- Up-to-date: /home/tj/ros2_ws/install/more_interfaces/share/more_interfaces/environment/path.dsv
[12.190s] -- Up-to-date: /home/tj/ros2_ws/install/more_interfaces/share/more_interfaces/local_setup.bash
[12.190s] -- Up-to-date: /home/tj/ros2_ws/install/more_interfaces/share/more_interfaces/local_setup.sh
[12.204s] -- Up-to-date: /home/tj/ros2_ws/install/more_interfaces/share/more_interfaces/local_setup.zsh
[12.205s] -- Up-to-date: /home/tj/ros2_ws/install/more_interfaces/share/more_interfaces/local_setup.dsv
[12.205s] -- Installing: /home/tj/ros2_ws/install/more_interfaces/share/more_interfaces/package.dsv
[12.207s] -- Up-to-date: /home/tj/ros2_ws/install/more_interfaces/share/ament_index/resource_index/packages/more_interfaces
[12.207s] -- Up-to-date: /home/tj/ros2_ws/install/more_interfaces/share/more_interfaces/cmake/export_more_interfaces__rosidl_generator_cExport.cmake
[12.208s] -- Up-to-date: /home/tj/ros2_ws/install/more_interfaces/share/more_interfaces/cmake/export_more_interfaces__rosidl_generator_cExport-noconfig.cmake
[12.208s] -- Up-to-date: /home/tj/ros2_ws/install/more_interfaces/share/more_interfaces/cmake/export_more_interfaces__rosidl_typesupport_fastrtps_cExport.cmake
[12.208s] -- Up-to-date: /home/tj/ros2_ws/install/more_interfaces/share/more_interfaces/cmake/export_more_interfaces__rosidl_typesupport_fastrtps_cExport-noconfig.cmake
[12.208s] -- Up-to-date: /home/tj/ros2_ws/install/more_interfaces/share/more_interfaces/cmake/more_interfaces__rosidl_typesupport_introspection_cExport.cmake
[12.214s] -- Up-to-date: /home/tj/ros2_ws/install/more_interfaces/share/more_interfaces/cmake/more_interfaces__rosidl_typesupport_introspection_cExport-noconfig.cmake
[12.214s] -- Up-to-date: /home/tj/ros2_ws/install/more_interfaces/share/more_interfaces/cmake/more_interfaces__rosidl_typesupport_cExport.cmake
[12.214s] -- Up-to-date: /home/tj/ros2_ws/install/more_interfaces/share/more_interfaces/cmake/more_interfaces__rosidl_typesupport_cExport-noconfig.cmake
[12.214s] -- Up-to-date: /home/tj/ros2_ws/install/more_interfaces/share/more_interfaces/cmake/export_more_interfaces__rosidl_generator_cppExport.cmake
[12.214s] -- Up-to-date: /home/tj/ros2_ws/install/more_interfaces/share/more_interfaces/cmake/export_more_interfaces__rosidl_typesupport_fastrtps_cppExport.cmake
[12.221s] -- Up-to-date: /home/tj/ros2_ws/install/more_interfaces/share/more_interfaces/cmake/export_more_interfaces__rosidl_typesupport_fastrtps_cppExport-noconfig.cmake
[12.221s] -- Up-to-date: /home/tj/ros2_ws/install/more_interfaces/share/more_interfaces/cmake/more_interfaces__rosidl_typesupport_introspection_cppExport.cmake
[12.221s] -- Up-to-date: /home/tj/ros2_ws/install/more_interfaces/share/more_interfaces/cmake/more_interfaces__rosidl_typesupport_introspection_cppExport-noconfig.cmake
[12.221s] -- Up-to-date: /home/tj/ros2_ws/install/more_interfaces/share/more_interfaces/cmake/more_interfaces__rosidl_typesupport_cppExport.cmake
[12.221s] -- Up-to-date: /home/tj/ros2_ws/install/more_interfaces/share/more_interfaces/cmake/more_interfaces__rosidl_typesupport_cppExport-noconfig.cmake
[12.221s] -- Up-to-date: /home/tj/ros2_ws/install/more_interfaces/share/more_interfaces/cmake/export_more_interfaces__rosidl_generator_pyExport.cmake
[12.299s] -- Up-to-date: /home/tj/ros2_ws/install/more_interfaces/share/more_interfaces/cmake/export_more_interfaces__rosidl_generator_pyExport-noconfig.cmake
[12.299s] -- Up-to-date: /home/tj/ros2_ws/install/more_interfaces/share/more_interfaces/cmake/rosidl_cmake-extras.cmake
[12.299s] -- Up-to-date: /home/tj/ros2_ws/install/more_interfaces/share/more_interfaces/cmake/ament_cmake_export_include_directories-extras.cmake
[12.299s] -- Up-to-date: /home/tj/ros2_ws/install/more_interfaces/share/more_interfaces/cmake/ament_cmake_export_libraries-extras.cmake
[12.299s] -- Up-to-date: /home/tj/ros2_ws/install/more_interfaces/share/more_interfaces/cmake/ament_cmake_export_targets-extras.cmake
[12.299s] -- Up-to-date: /home/tj/ros2_ws/install/more_interfaces/share/more_interfaces/cmake/rosidl_cmake_export_typesupport_targets-extras.cmake
[12.300s] -- Up-to-date: /home/tj/ros2_ws/install/more_interfaces/share/more_interfaces/cmake/ament_cmake_export_dependencies-extras.cmake
[12.300s] -- Up-to-date: /home/tj/ros2_ws/install/more_interfaces/share/more_interfaces/cmake/rosidl_cmake_export_typesupport_libraries-extras.cmake
[12.304s] -- Up-to-date: /home/tj/ros2_ws/install/more_interfaces/share/more_interfaces/cmake/more_interfacesConfig.cmake
[12.548s] -- Up-to-date: /home/tj/ros2_ws/install/more_interfaces/share/more_interfaces/cmake/more_interfacesConfig-version.cmake
[12.548s] -- Up-to-date: /home/tj/ros2_ws/install/more_interfaces/share/more_interfaces/package.xml
[13.348s] Invoked command in '/home/tj/ros2_ws/build/more_interfaces' returned '0': CMAKE_PREFIX_PATH=${CMAKE_PREFIX_PATH}:/home/tj/ros2_ws/install/python_parameters:/home/tj/ros2_ws/install/py_srvcli:/home/tj/ros2_ws/install/py_pubsub:/opt/ros/humble /usr/bin/cmake --install /home/tj/ros2_ws/build/more_interfaces
