[35m[1mConsolidate compiler generated dependencies of target more_interfaces__rosidl_generator_c[0m
[  3%] Built target more_interfaces__cpp
[ 12%] Built target more_interfaces__rosidl_generator_c
[ 12%] Built target ament_cmake_python_copy_more_interfaces
[35m[1mConsolidate compiler generated dependencies of target more_interfaces__rosidl_typesupport_cpp[0m
[35m[1mConsolidate compiler generated dependencies of target more_interfaces__rosidl_typesupport_fastrtps_c[0m
[35m[1mConsolidate compiler generated dependencies of target more_interfaces__rosidl_typesupport_introspection_c[0m
[35m[1mConsolidate compiler generated dependencies of target more_interfaces__rosidl_typesupport_c[0m
[35m[1mConsolidate compiler generated dependencies of target more_interfaces__rosidl_typesupport_introspection_cpp[0m
[35m[1mConsolidate compiler generated dependencies of target more_interfaces__rosidl_typesupport_fastrtps_cpp[0m
[ 21%] Built target more_interfaces__rosidl_typesupport_cpp
[ 30%] Built target more_interfaces__rosidl_typesupport_fastrtps_c
[ 42%] Built target more_interfaces__rosidl_typesupport_fastrtps_cpp
[ 48%] Built target more_interfaces__rosidl_typesupport_introspection_cpp
[ 57%] Built target more_interfaces__rosidl_typesupport_introspection_c
[ 66%] Built target more_interfaces__rosidl_typesupport_c
[ 66%] Built target more_interfaces
[35m[1mConsolidate compiler generated dependencies of target publish_address_book[0m
[ 69%] Built target more_interfaces__py
[ 72%] [32mBuilding CXX object CMakeFiles/publish_address_book.dir/src/publish_address_book.cpp.o[0m
[35m[1mConsolidate compiler generated dependencies of target more_interfaces__rosidl_generator_py[0m
[ 78%] Built target more_interfaces__rosidl_generator_py
[35m[1mConsolidate compiler generated dependencies of target more_interfaces__rosidl_typesupport_introspection_c__pyext[0m
[35m[1mConsolidate compiler generated dependencies of target more_interfaces__rosidl_typesupport_c__pyext[0m
[35m[1mConsolidate compiler generated dependencies of target more_interfaces__rosidl_typesupport_fastrtps_c__pyext[0m
[ 90%] Built target more_interfaces__rosidl_typesupport_fastrtps_c__pyext
[ 90%] Built target more_interfaces__rosidl_typesupport_introspection_c__pyext
[ 96%] Built target more_interfaces__rosidl_typesupport_c__pyext
running egg_info
writing more_interfaces.egg-info/PKG-INFO
writing dependency_links to more_interfaces.egg-info/dependency_links.txt
writing top-level names to more_interfaces.egg-info/top_level.txt
reading manifest file 'more_interfaces.egg-info/SOURCES.txt'
writing manifest file 'more_interfaces.egg-info/SOURCES.txt'
[ 96%] Built target ament_cmake_python_build_more_interfaces_egg
[100%] [32m[1mLinking CXX executable publish_address_book[0m
[100%] Built target publish_address_book
-- Install configuration: ""
-- Installing: /home/tj/ros2_ws/install/more_interfaces/lib/more_interfaces/publish_address_book
-- Set runtime path of "/home/tj/ros2_ws/install/more_interfaces/lib/more_interfaces/publish_address_book" to ""
-- Installing: /home/tj/ros2_ws/install/more_interfaces/share/ament_index/resource_index/rosidl_interfaces/more_interfaces
-- Installing: /home/tj/ros2_ws/install/more_interfaces/include/more_interfaces/more_interfaces
-- Installing: /home/tj/ros2_ws/install/more_interfaces/include/more_interfaces/more_interfaces/msg
-- Installing: /home/tj/ros2_ws/install/more_interfaces/include/more_interfaces/more_interfaces/msg/address_book.h
-- Installing: /home/tj/ros2_ws/install/more_interfaces/include/more_interfaces/more_interfaces/msg/rosidl_generator_c__visibility_control.h
-- Installing: /home/tj/ros2_ws/install/more_interfaces/include/more_interfaces/more_interfaces/msg/detail
-- Installing: /home/tj/ros2_ws/install/more_interfaces/include/more_interfaces/more_interfaces/msg/detail/address_book__functions.h
-- Installing: /home/tj/ros2_ws/install/more_interfaces/include/more_interfaces/more_interfaces/msg/detail/address_book__struct.h
-- Installing: /home/tj/ros2_ws/install/more_interfaces/include/more_interfaces/more_interfaces/msg/detail/address_book__functions.c
-- Installing: /home/tj/ros2_ws/install/more_interfaces/include/more_interfaces/more_interfaces/msg/detail/address_book__type_support.h
-- Installing: /home/tj/ros2_ws/install/more_interfaces/share/more_interfaces/environment/library_path.sh
-- Installing: /home/tj/ros2_ws/install/more_interfaces/share/more_interfaces/environment/library_path.dsv
-- Installing: /home/tj/ros2_ws/install/more_interfaces/lib/libmore_interfaces__rosidl_generator_c.so
-- Set runtime path of "/home/tj/ros2_ws/install/more_interfaces/lib/libmore_interfaces__rosidl_generator_c.so" to ""
-- Up-to-date: /home/tj/ros2_ws/install/more_interfaces/include/more_interfaces/more_interfaces
-- Up-to-date: /home/tj/ros2_ws/install/more_interfaces/include/more_interfaces/more_interfaces/msg
-- Installing: /home/tj/ros2_ws/install/more_interfaces/include/more_interfaces/more_interfaces/msg/rosidl_typesupport_fastrtps_c__visibility_control.h
-- Up-to-date: /home/tj/ros2_ws/install/more_interfaces/include/more_interfaces/more_interfaces/msg/detail
-- Installing: /home/tj/ros2_ws/install/more_interfaces/include/more_interfaces/more_interfaces/msg/detail/address_book__rosidl_typesupport_fastrtps_c.h
-- Installing: /home/tj/ros2_ws/install/more_interfaces/lib/libmore_interfaces__rosidl_typesupport_fastrtps_c.so
-- Set runtime path of "/home/tj/ros2_ws/install/more_interfaces/lib/libmore_interfaces__rosidl_typesupport_fastrtps_c.so" to ""
-- Up-to-date: /home/tj/ros2_ws/install/more_interfaces/include/more_interfaces/more_interfaces
-- Up-to-date: /home/tj/ros2_ws/install/more_interfaces/include/more_interfaces/more_interfaces/msg
-- Up-to-date: /home/tj/ros2_ws/install/more_interfaces/include/more_interfaces/more_interfaces/msg/detail
-- Installing: /home/tj/ros2_ws/install/more_interfaces/include/more_interfaces/more_interfaces/msg/detail/address_book__type_support.c
-- Installing: /home/tj/ros2_ws/install/more_interfaces/include/more_interfaces/more_interfaces/msg/detail/address_book__rosidl_typesupport_introspection_c.h
-- Installing: /home/tj/ros2_ws/install/more_interfaces/include/more_interfaces/more_interfaces/msg/rosidl_typesupport_introspection_c__visibility_control.h
-- Installing: /home/tj/ros2_ws/install/more_interfaces/lib/libmore_interfaces__rosidl_typesupport_introspection_c.so
-- Set runtime path of "/home/tj/ros2_ws/install/more_interfaces/lib/libmore_interfaces__rosidl_typesupport_introspection_c.so" to ""
-- Installing: /home/tj/ros2_ws/install/more_interfaces/lib/libmore_interfaces__rosidl_typesupport_c.so
-- Set runtime path of "/home/tj/ros2_ws/install/more_interfaces/lib/libmore_interfaces__rosidl_typesupport_c.so" to ""
-- Up-to-date: /home/tj/ros2_ws/install/more_interfaces/include/more_interfaces/more_interfaces
-- Up-to-date: /home/tj/ros2_ws/install/more_interfaces/include/more_interfaces/more_interfaces/msg
-- Up-to-date: /home/tj/ros2_ws/install/more_interfaces/include/more_interfaces/more_interfaces/msg/detail
-- Installing: /home/tj/ros2_ws/install/more_interfaces/include/more_interfaces/more_interfaces/msg/detail/address_book__struct.hpp
-- Installing: /home/tj/ros2_ws/install/more_interfaces/include/more_interfaces/more_interfaces/msg/detail/address_book__traits.hpp
-- Installing: /home/tj/ros2_ws/install/more_interfaces/include/more_interfaces/more_interfaces/msg/detail/address_book__builder.hpp
-- Installing: /home/tj/ros2_ws/install/more_interfaces/include/more_interfaces/more_interfaces/msg/address_book.hpp
-- Up-to-date: /home/tj/ros2_ws/install/more_interfaces/include/more_interfaces/more_interfaces
-- Up-to-date: /home/tj/ros2_ws/install/more_interfaces/include/more_interfaces/more_interfaces/msg
-- Installing: /home/tj/ros2_ws/install/more_interfaces/include/more_interfaces/more_interfaces/msg/rosidl_typesupport_fastrtps_cpp__visibility_control.h
-- Up-to-date: /home/tj/ros2_ws/install/more_interfaces/include/more_interfaces/more_interfaces/msg/detail
-- Installing: /home/tj/ros2_ws/install/more_interfaces/include/more_interfaces/more_interfaces/msg/detail/dds_fastrtps
-- Installing: /home/tj/ros2_ws/install/more_interfaces/include/more_interfaces/more_interfaces/msg/detail/address_book__rosidl_typesupport_fastrtps_cpp.hpp
-- Installing: /home/tj/ros2_ws/install/more_interfaces/lib/libmore_interfaces__rosidl_typesupport_fastrtps_cpp.so
-- Set runtime path of "/home/tj/ros2_ws/install/more_interfaces/lib/libmore_interfaces__rosidl_typesupport_fastrtps_cpp.so" to ""
-- Up-to-date: /home/tj/ros2_ws/install/more_interfaces/include/more_interfaces/more_interfaces
-- Up-to-date: /home/tj/ros2_ws/install/more_interfaces/include/more_interfaces/more_interfaces/msg
-- Up-to-date: /home/tj/ros2_ws/install/more_interfaces/include/more_interfaces/more_interfaces/msg/detail
-- Installing: /home/tj/ros2_ws/install/more_interfaces/include/more_interfaces/more_interfaces/msg/detail/address_book__rosidl_typesupport_introspection_cpp.hpp
-- Installing: /home/tj/ros2_ws/install/more_interfaces/include/more_interfaces/more_interfaces/msg/detail/address_book__type_support.cpp
-- Installing: /home/tj/ros2_ws/install/more_interfaces/lib/libmore_interfaces__rosidl_typesupport_introspection_cpp.so
-- Set runtime path of "/home/tj/ros2_ws/install/more_interfaces/lib/libmore_interfaces__rosidl_typesupport_introspection_cpp.so" to ""
-- Installing: /home/tj/ros2_ws/install/more_interfaces/lib/libmore_interfaces__rosidl_typesupport_cpp.so
-- Set runtime path of "/home/tj/ros2_ws/install/more_interfaces/lib/libmore_interfaces__rosidl_typesupport_cpp.so" to ""
-- Installing: /home/tj/ros2_ws/install/more_interfaces/share/more_interfaces/environment/pythonpath.sh
-- Installing: /home/tj/ros2_ws/install/more_interfaces/share/more_interfaces/environment/pythonpath.dsv
-- Installing: /home/tj/ros2_ws/install/more_interfaces/local/lib/python3.10/dist-packages/more_interfaces-0.0.0-py3.10.egg-info
-- Installing: /home/tj/ros2_ws/install/more_interfaces/local/lib/python3.10/dist-packages/more_interfaces-0.0.0-py3.10.egg-info/top_level.txt
-- Installing: /home/tj/ros2_ws/install/more_interfaces/local/lib/python3.10/dist-packages/more_interfaces-0.0.0-py3.10.egg-info/PKG-INFO
-- Installing: /home/tj/ros2_ws/install/more_interfaces/local/lib/python3.10/dist-packages/more_interfaces-0.0.0-py3.10.egg-info/dependency_links.txt
-- Installing: /home/tj/ros2_ws/install/more_interfaces/local/lib/python3.10/dist-packages/more_interfaces-0.0.0-py3.10.egg-info/SOURCES.txt
-- Installing: /home/tj/ros2_ws/install/more_interfaces/local/lib/python3.10/dist-packages/more_interfaces
-- Installing: /home/tj/ros2_ws/install/more_interfaces/local/lib/python3.10/dist-packages/more_interfaces/__init__.py
-- Installing: /home/tj/ros2_ws/install/more_interfaces/local/lib/python3.10/dist-packages/more_interfaces/_more_interfaces_s.ep.rosidl_typesupport_introspection_c.c
-- Installing: /home/tj/ros2_ws/install/more_interfaces/local/lib/python3.10/dist-packages/more_interfaces/msg
-- Installing: /home/tj/ros2_ws/install/more_interfaces/local/lib/python3.10/dist-packages/more_interfaces/msg/__init__.py
-- Installing: /home/tj/ros2_ws/install/more_interfaces/local/lib/python3.10/dist-packages/more_interfaces/msg/_address_book.py
-- Installing: /home/tj/ros2_ws/install/more_interfaces/local/lib/python3.10/dist-packages/more_interfaces/msg/_address_book_s.c
-- Installing: /home/tj/ros2_ws/install/more_interfaces/local/lib/python3.10/dist-packages/more_interfaces/more_interfaces_s__rosidl_typesupport_c.cpython-310-x86_64-linux-gnu.so
-- Installing: /home/tj/ros2_ws/install/more_interfaces/local/lib/python3.10/dist-packages/more_interfaces/_more_interfaces_s.ep.rosidl_typesupport_c.c
-- Installing: /home/tj/ros2_ws/install/more_interfaces/local/lib/python3.10/dist-packages/more_interfaces/more_interfaces_s__rosidl_typesupport_introspection_c.cpython-310-x86_64-linux-gnu.so
-- Installing: /home/tj/ros2_ws/install/more_interfaces/local/lib/python3.10/dist-packages/more_interfaces/_more_interfaces_s.ep.rosidl_typesupport_fastrtps_c.c
-- Installing: /home/tj/ros2_ws/install/more_interfaces/local/lib/python3.10/dist-packages/more_interfaces/libmore_interfaces__rosidl_generator_py.so
-- Installing: /home/tj/ros2_ws/install/more_interfaces/local/lib/python3.10/dist-packages/more_interfaces/more_interfaces_s__rosidl_typesupport_fastrtps_c.cpython-310-x86_64-linux-gnu.so
Listing '/home/tj/ros2_ws/install/more_interfaces/local/lib/python3.10/dist-packages/more_interfaces'...
Compiling '/home/tj/ros2_ws/install/more_interfaces/local/lib/python3.10/dist-packages/more_interfaces/__init__.py'...
Listing '/home/tj/ros2_ws/install/more_interfaces/local/lib/python3.10/dist-packages/more_interfaces/msg'...
Compiling '/home/tj/ros2_ws/install/more_interfaces/local/lib/python3.10/dist-packages/more_interfaces/msg/__init__.py'...
Compiling '/home/tj/ros2_ws/install/more_interfaces/local/lib/python3.10/dist-packages/more_interfaces/msg/_address_book.py'...
-- Installing: /home/tj/ros2_ws/install/more_interfaces/local/lib/python3.10/dist-packages/more_interfaces/more_interfaces_s__rosidl_typesupport_fastrtps_c.cpython-310-x86_64-linux-gnu.so
-- Set runtime path of "/home/tj/ros2_ws/install/more_interfaces/local/lib/python3.10/dist-packages/more_interfaces/more_interfaces_s__rosidl_typesupport_fastrtps_c.cpython-310-x86_64-linux-gnu.so" to ""
-- Installing: /home/tj/ros2_ws/install/more_interfaces/local/lib/python3.10/dist-packages/more_interfaces/more_interfaces_s__rosidl_typesupport_introspection_c.cpython-310-x86_64-linux-gnu.so
-- Set runtime path of "/home/tj/ros2_ws/install/more_interfaces/local/lib/python3.10/dist-packages/more_interfaces/more_interfaces_s__rosidl_typesupport_introspection_c.cpython-310-x86_64-linux-gnu.so" to ""
-- Installing: /home/tj/ros2_ws/install/more_interfaces/local/lib/python3.10/dist-packages/more_interfaces/more_interfaces_s__rosidl_typesupport_c.cpython-310-x86_64-linux-gnu.so
-- Set runtime path of "/home/tj/ros2_ws/install/more_interfaces/local/lib/python3.10/dist-packages/more_interfaces/more_interfaces_s__rosidl_typesupport_c.cpython-310-x86_64-linux-gnu.so" to ""
-- Installing: /home/tj/ros2_ws/install/more_interfaces/lib/libmore_interfaces__rosidl_generator_py.so
-- Set runtime path of "/home/tj/ros2_ws/install/more_interfaces/lib/libmore_interfaces__rosidl_generator_py.so" to ""
-- Installing: /home/tj/ros2_ws/install/more_interfaces/share/more_interfaces/msg/AddressBook.idl
-- Installing: /home/tj/ros2_ws/install/more_interfaces/share/more_interfaces/msg/AddressBook.msg
-- Installing: /home/tj/ros2_ws/install/more_interfaces/share/ament_index/resource_index/package_run_dependencies/more_interfaces
-- Installing: /home/tj/ros2_ws/install/more_interfaces/share/ament_index/resource_index/parent_prefix_path/more_interfaces
-- Installing: /home/tj/ros2_ws/install/more_interfaces/share/more_interfaces/environment/ament_prefix_path.sh
-- Installing: /home/tj/ros2_ws/install/more_interfaces/share/more_interfaces/environment/ament_prefix_path.dsv
-- Installing: /home/tj/ros2_ws/install/more_interfaces/share/more_interfaces/environment/path.sh
-- Installing: /home/tj/ros2_ws/install/more_interfaces/share/more_interfaces/environment/path.dsv
-- Installing: /home/tj/ros2_ws/install/more_interfaces/share/more_interfaces/local_setup.bash
-- Installing: /home/tj/ros2_ws/install/more_interfaces/share/more_interfaces/local_setup.sh
-- Installing: /home/tj/ros2_ws/install/more_interfaces/share/more_interfaces/local_setup.zsh
-- Installing: /home/tj/ros2_ws/install/more_interfaces/share/more_interfaces/local_setup.dsv
-- Installing: /home/tj/ros2_ws/install/more_interfaces/share/more_interfaces/package.dsv
-- Installing: /home/tj/ros2_ws/install/more_interfaces/share/ament_index/resource_index/packages/more_interfaces
-- Installing: /home/tj/ros2_ws/install/more_interfaces/share/more_interfaces/cmake/export_more_interfaces__rosidl_generator_cExport.cmake
-- Installing: /home/tj/ros2_ws/install/more_interfaces/share/more_interfaces/cmake/export_more_interfaces__rosidl_generator_cExport-noconfig.cmake
-- Installing: /home/tj/ros2_ws/install/more_interfaces/share/more_interfaces/cmake/export_more_interfaces__rosidl_typesupport_fastrtps_cExport.cmake
-- Installing: /home/tj/ros2_ws/install/more_interfaces/share/more_interfaces/cmake/export_more_interfaces__rosidl_typesupport_fastrtps_cExport-noconfig.cmake
-- Installing: /home/tj/ros2_ws/install/more_interfaces/share/more_interfaces/cmake/more_interfaces__rosidl_typesupport_introspection_cExport.cmake
-- Installing: /home/tj/ros2_ws/install/more_interfaces/share/more_interfaces/cmake/more_interfaces__rosidl_typesupport_introspection_cExport-noconfig.cmake
-- Installing: /home/tj/ros2_ws/install/more_interfaces/share/more_interfaces/cmake/more_interfaces__rosidl_typesupport_cExport.cmake
-- Installing: /home/tj/ros2_ws/install/more_interfaces/share/more_interfaces/cmake/more_interfaces__rosidl_typesupport_cExport-noconfig.cmake
-- Installing: /home/tj/ros2_ws/install/more_interfaces/share/more_interfaces/cmake/export_more_interfaces__rosidl_generator_cppExport.cmake
-- Installing: /home/tj/ros2_ws/install/more_interfaces/share/more_interfaces/cmake/export_more_interfaces__rosidl_typesupport_fastrtps_cppExport.cmake
-- Installing: /home/tj/ros2_ws/install/more_interfaces/share/more_interfaces/cmake/export_more_interfaces__rosidl_typesupport_fastrtps_cppExport-noconfig.cmake
-- Installing: /home/tj/ros2_ws/install/more_interfaces/share/more_interfaces/cmake/more_interfaces__rosidl_typesupport_introspection_cppExport.cmake
-- Installing: /home/tj/ros2_ws/install/more_interfaces/share/more_interfaces/cmake/more_interfaces__rosidl_typesupport_introspection_cppExport-noconfig.cmake
-- Installing: /home/tj/ros2_ws/install/more_interfaces/share/more_interfaces/cmake/more_interfaces__rosidl_typesupport_cppExport.cmake
-- Installing: /home/tj/ros2_ws/install/more_interfaces/share/more_interfaces/cmake/more_interfaces__rosidl_typesupport_cppExport-noconfig.cmake
-- Installing: /home/tj/ros2_ws/install/more_interfaces/share/more_interfaces/cmake/export_more_interfaces__rosidl_generator_pyExport.cmake
-- Installing: /home/tj/ros2_ws/install/more_interfaces/share/more_interfaces/cmake/export_more_interfaces__rosidl_generator_pyExport-noconfig.cmake
-- Installing: /home/tj/ros2_ws/install/more_interfaces/share/more_interfaces/cmake/rosidl_cmake-extras.cmake
-- Installing: /home/tj/ros2_ws/install/more_interfaces/share/more_interfaces/cmake/ament_cmake_export_include_directories-extras.cmake
-- Installing: /home/tj/ros2_ws/install/more_interfaces/share/more_interfaces/cmake/ament_cmake_export_libraries-extras.cmake
-- Installing: /home/tj/ros2_ws/install/more_interfaces/share/more_interfaces/cmake/ament_cmake_export_targets-extras.cmake
-- Installing: /home/tj/ros2_ws/install/more_interfaces/share/more_interfaces/cmake/rosidl_cmake_export_typesupport_targets-extras.cmake
-- Installing: /home/tj/ros2_ws/install/more_interfaces/share/more_interfaces/cmake/ament_cmake_export_dependencies-extras.cmake
-- Installing: /home/tj/ros2_ws/install/more_interfaces/share/more_interfaces/cmake/rosidl_cmake_export_typesupport_libraries-extras.cmake
-- Installing: /home/tj/ros2_ws/install/more_interfaces/share/more_interfaces/cmake/more_interfacesConfig.cmake
-- Installing: /home/tj/ros2_ws/install/more_interfaces/share/more_interfaces/cmake/more_interfacesConfig-version.cmake
-- Installing: /home/tj/ros2_ws/install/more_interfaces/share/more_interfaces/package.xml
