[0.811s] Invoking command in '/home/tj/ros2_ws/build/my_package': CMAKE_PREFIX_PATH=/opt/ros/humble /usr/bin/cmake --build /home/tj/ros2_ws/build/my_package -- -j8 -l8
[7.040s] [100%] Built target my_node
[7.408s] Invoked command in '/home/tj/ros2_ws/build/my_package' returned '0': CMAKE_PREFIX_PATH=/opt/ros/humble /usr/bin/cmake --build /home/tj/ros2_ws/build/my_package -- -j8 -l8
[8.186s] Invoking command in '/home/tj/ros2_ws/build/my_package': CMAKE_PREFIX_PATH=/opt/ros/humble /usr/bin/cmake --install /home/tj/ros2_ws/build/my_package
[8.503s] -- Install configuration: ""
[8.574s] -- Up-to-date: /home/tj/ros2_ws/install/my_package/lib/my_package/my_node
[8.593s] -- Up-to-date: /home/tj/ros2_ws/install/my_package/share/ament_index/resource_index/package_run_dependencies/my_package
[8.594s] -- Up-to-date: /home/tj/ros2_ws/install/my_package/share/ament_index/resource_index/parent_prefix_path/my_package
[8.594s] -- Up-to-date: /home/tj/ros2_ws/install/my_package/share/my_package/environment/ament_prefix_path.sh
[8.594s] -- Up-to-date: /home/tj/ros2_ws/install/my_package/share/my_package/environment/ament_prefix_path.dsv
[8.594s] -- Up-to-date: /home/tj/ros2_ws/install/my_package/share/my_package/environment/path.sh
[8.594s] -- Up-to-date: /home/tj/ros2_ws/install/my_package/share/my_package/environment/path.dsv
[8.594s] -- Up-to-date: /home/tj/ros2_ws/install/my_package/share/my_package/local_setup.bash
[8.594s] -- Up-to-date: /home/tj/ros2_ws/install/my_package/share/my_package/local_setup.sh
[8.594s] -- Up-to-date: /home/tj/ros2_ws/install/my_package/share/my_package/local_setup.zsh
[8.595s] -- Up-to-date: /home/tj/ros2_ws/install/my_package/share/my_package/local_setup.dsv
[8.595s] -- Installing: /home/tj/ros2_ws/install/my_package/share/my_package/package.dsv
[8.595s] -- Up-to-date: /home/tj/ros2_ws/install/my_package/share/ament_index/resource_index/packages/my_package
[8.595s] -- Up-to-date: /home/tj/ros2_ws/install/my_package/share/my_package/cmake/my_packageConfig.cmake
[8.595s] -- Up-to-date: /home/tj/ros2_ws/install/my_package/share/my_package/cmake/my_packageConfig-version.cmake
[8.595s] -- Up-to-date: /home/tj/ros2_ws/install/my_package/share/my_package/package.xml
