[0.391s] Invoking command in '/home/tj/ros2_ws/build/tutorial_interfaces': CMAKE_PREFIX_PATH=/opt/ros/humble /usr/bin/cmake --build /home/tj/ros2_ws/build/tutorial_interfaces -- -j8 -l8
[1.231s] [ 10%] Built target tutorial_interfaces__rosidl_generator_c
[1.333s] [ 12%] Built target ament_cmake_python_copy_tutorial_interfaces
[1.536s] [ 12%] Built target tutorial_interfaces__cpp
[1.978s] [ 23%] Built target tutorial_interfaces__rosidl_typesupport_fastrtps_c
[1.978s] [ 34%] Built target tutorial_interfaces__rosidl_typesupport_c
[1.978s] [ 44%] Built target tutorial_interfaces__rosidl_typesupport_introspection_c
[2.572s] [ 55%] Built target tutorial_interfaces__rosidl_typesupport_fastrtps_cpp
[2.674s] [ 65%] Built target tutorial_interfaces__rosidl_typesupport_introspection_cpp
[2.733s] [ 76%] Built target tutorial_interfaces__rosidl_typesupport_cpp
[3.582s] [ 76%] Built target tutorial_interfaces
[3.984s] [ 78%] Built target tutorial_interfaces__py
[4.632s] [ 87%] Built target tutorial_interfaces__rosidl_generator_py
[5.320s] [ 91%] Built target tutorial_interfaces__rosidl_typesupport_c__pyext
[5.320s] [ 95%] Built target tutorial_interfaces__rosidl_typesupport_introspection_c__pyext
[5.380s] [100%] Built target tutorial_interfaces__rosidl_typesupport_fastrtps_c__pyext
[5.889s] running egg_info
[5.908s] writing tutorial_interfaces.egg-info/PKG-INFO
[5.908s] writing dependency_links to tutorial_interfaces.egg-info/dependency_links.txt
[5.908s] writing top-level names to tutorial_interfaces.egg-info/top_level.txt
[5.908s] reading manifest file 'tutorial_interfaces.egg-info/SOURCES.txt'
[5.908s] writing manifest file 'tutorial_interfaces.egg-info/SOURCES.txt'
[6.468s] [100%] Built target ament_cmake_python_build_tutorial_interfaces_egg
[7.817s] Invoked command in '/home/tj/ros2_ws/build/tutorial_interfaces' returned '0': CMAKE_PREFIX_PATH=/opt/ros/humble /usr/bin/cmake --build /home/tj/ros2_ws/build/tutorial_interfaces -- -j8 -l8
