[0.028s] Invoking command in '/home/tj/ros2_ws/build/cpp_parameters': CMAKE_PREFIX_PATH=/opt/ros/humble /usr/bin/cmake --build /home/tj/ros2_ws/build/cpp_parameters -- -j8 -l8
[0.054s] -- Found ament_cmake: 1.3.10 (/opt/ros/humble/share/ament_cmake/cmake)
[0.172s] -- Found rclcpp: 16.0.10 (/opt/ros/humble/share/rclcpp/cmake)
[0.191s] -- Found rosidl_generator_c: 3.1.5 (/opt/ros/humble/share/rosidl_generator_c/cmake)
[0.192s] -- Found rosidl_adapter: 3.1.5 (/opt/ros/humble/share/rosidl_adapter/cmake)
[0.198s] -- Found rosidl_generator_cpp: 3.1.5 (/opt/ros/humble/share/rosidl_generator_cpp/cmake)
[0.203s] -- Using all available rosidl_typesupport_c: rosidl_typesupport_fastrtps_c;rosidl_typesupport_introspection_c
[0.212s] -- Using all available rosidl_typesupport_cpp: rosidl_typesupport_fastrtps_cpp;rosidl_typesupport_introspection_cpp
[0.241s] -- Found rmw_implementation_cmake: 6.1.2 (/opt/ros/humble/share/rmw_implementation_cmake/cmake)
[0.241s] -- Found rmw_fastrtps_cpp: 6.2.7 (/opt/ros/humble/share/rmw_fastrtps_cpp/cmake)
[0.315s] -- Using RMW implementation 'rmw_fastrtps_cpp' as default
[0.352s] [31mCMake Error at CMakeLists.txt:15 (install):
[0.352s]   install TARGETS given target "DIRECTORY" which does not exist.
[0.353s] 
[0.353s] [0m
[0.353s] -- Found ament_lint_auto: 0.12.11 (/opt/ros/humble/share/ament_lint_auto/cmake)
[0.404s] -- Added test 'cppcheck' to perform static code analysis on C / C++ code
[0.405s] -- Configured cppcheck include dirs: 
[0.405s] -- Configured cppcheck exclude dirs and/or files: 
[0.405s] -- Added test 'flake8' to check Python code syntax and style conventions
[0.405s] -- Added test 'lint_cmake' to check CMake code style
[0.405s] -- Added test 'pep257' to check Python code against some of the docstring style conventions in PEP 257
[0.406s] -- Added test 'uncrustify' to check C / C++ code style
[0.406s] -- Configured uncrustify additional arguments: 
[0.406s] -- Added test 'xmllint' to check XML markup files
[0.409s] -- Configuring incomplete, errors occurred!
[0.409s] See also "/home/tj/ros2_ws/build/cpp_parameters/CMakeFiles/CMakeOutput.log".
[0.411s] gmake: *** [Makefile:267: cmake_check_build_system] Error 1
[0.413s] Invoked command in '/home/tj/ros2_ws/build/cpp_parameters' returned '2': CMAKE_PREFIX_PATH=/opt/ros/humble /usr/bin/cmake --build /home/tj/ros2_ws/build/cpp_parameters -- -j8 -l8
