[0.008s] Invoking command in '/home/tj/ros2_ws/src/more_interfaces/build/more_interfaces': CMAKE_PREFIX_PATH=${CMAKE_PREFIX_PATH}:/home/tj/ros2_ws/install/py_srvcli:/home/tj/ros2_ws/install/py_pubsub:/opt/ros/humble /usr/bin/cmake /home/tj/ros2_ws/src/more_interfaces -DCMAKE_INSTALL_PREFIX=/home/tj/ros2_ws/src/more_interfaces/install/more_interfaces
[0.057s] -- The C compiler identification is GNU 11.4.0
[0.106s] -- The CXX compiler identification is GNU 11.4.0
[0.112s] -- Detecting C compiler ABI info
[0.180s] -- Detecting C compiler ABI info - done
[0.185s] -- Check for working C compiler: /usr/bin/cc - skipped
[0.185s] -- Detecting C compile features
[0.185s] -- Detecting C compile features - done
[0.187s] -- Detecting CXX compiler ABI info
[0.258s] -- Detecting CXX compiler ABI info - done
[0.263s] -- Check for working CXX compiler: /usr/bin/c++ - skipped
[0.263s] -- Detecting CXX compile features
[0.263s] -- Detecting CXX compile features - done
[0.265s] -- Found ament_cmake: 1.3.10 (/opt/ros/humble/share/ament_cmake/cmake)
[0.392s] -- Found Python3: /usr/bin/python3 (found version "3.10.12") found components: Interpreter 
[0.462s] -- Found rosidl_default_generators: 1.2.0 (/opt/ros/humble/share/rosidl_default_generators/cmake)
[0.465s] -- Using all available rosidl_typesupport_c: rosidl_typesupport_fastrtps_c;rosidl_typesupport_introspection_c
[0.468s] -- Found rosidl_adapter: 3.1.5 (/opt/ros/humble/share/rosidl_adapter/cmake)
[0.492s] -- Using all available rosidl_typesupport_cpp: rosidl_typesupport_fastrtps_cpp;rosidl_typesupport_introspection_cpp
[0.512s] -- Found rclcpp: 16.0.10 (/opt/ros/humble/share/rclcpp/cmake)
[0.542s] -- Found rmw_implementation_cmake: 6.1.2 (/opt/ros/humble/share/rmw_implementation_cmake/cmake)
[0.544s] -- Found rmw_fastrtps_cpp: 6.2.7 (/opt/ros/humble/share/rmw_fastrtps_cpp/cmake)
[0.609s] -- Found OpenSSL: /usr/lib/x86_64-linux-gnu/libcrypto.so (found version "3.0.2")  
[0.625s] -- Found FastRTPS: /opt/ros/humble/include  
[0.662s] -- Using RMW implementation 'rmw_fastrtps_cpp' as default
[0.667s] -- Looking for pthread.h
[0.726s] -- Looking for pthread.h - found
[0.727s] -- Performing Test CMAKE_HAVE_LIBC_PTHREAD
[0.786s] -- Performing Test CMAKE_HAVE_LIBC_PTHREAD - Success
[0.787s] -- Found Threads: TRUE  
[0.989s] -- Found ament_cmake_ros: 0.10.0 (/opt/ros/humble/share/ament_cmake_ros/cmake)
[1.114s] -- Using all available rosidl_typesupport_c: rosidl_typesupport_fastrtps_c;rosidl_typesupport_introspection_c
[1.271s] -- Using all available rosidl_typesupport_cpp: rosidl_typesupport_fastrtps_cpp;rosidl_typesupport_introspection_cpp
[1.287s] -- Found PythonInterp: /usr/bin/python3 (found suitable version "3.10.12", minimum required is "3.6") 
[1.288s] -- Found python_cmake_module: 0.10.0 (/opt/ros/humble/share/python_cmake_module/cmake)
[1.305s] -- Found PythonLibs: /usr/lib/x86_64-linux-gnu/libpython3.10.so (found suitable version "3.10.12", minimum required is "3.5") 
[1.305s] -- Using PYTHON_EXECUTABLE: /usr/bin/python3
[1.305s] -- Using PYTHON_INCLUDE_DIRS: /usr/include/python3.10
[1.305s] -- Using PYTHON_LIBRARIES: /usr/lib/x86_64-linux-gnu/libpython3.10.so
[1.319s] -- Found PythonExtra: .so  
[1.340s] [31mCMake Error at CMakeLists.txt:24 (install):
[1.340s]   install TARGETS given target "src/publish_address_book" which does not
[1.340s]   exist.
[1.340s] 
[1.340s] [0m
[1.340s] [0mCMake Deprecation Warning at /opt/ros/humble/share/rosidl_cmake/cmake/rosidl_target_interfaces.cmake:32 (message):
[1.340s]   Use rosidl_get_typesupport_target() and target_link_libraries() instead of
[1.341s]   rosidl_target_interfaces()
[1.341s] Call Stack (most recent call first):
[1.341s]   CMakeLists.txt:28 (rosidl_target_interfaces)
[1.341s] 
[1.341s] [0m
[1.345s] -- Configuring incomplete, errors occurred!
[1.345s] See also "/home/tj/ros2_ws/src/more_interfaces/build/more_interfaces/CMakeFiles/CMakeOutput.log".
[1.357s] Invoked command in '/home/tj/ros2_ws/src/more_interfaces/build/more_interfaces' returned '1': CMAKE_PREFIX_PATH=${CMAKE_PREFIX_PATH}:/home/tj/ros2_ws/install/py_srvcli:/home/tj/ros2_ws/install/py_pubsub:/opt/ros/humble /usr/bin/cmake /home/tj/ros2_ws/src/more_interfaces -DCMAKE_INSTALL_PREFIX=/home/tj/ros2_ws/src/more_interfaces/install/more_interfaces
