[10.194s] Invoking command in '/home/tj/ros2_ws/src/py_pubsub': PYTHONPATH=/home/tj/ros2_ws/build/py_pubsub/prefix_override:/usr/lib/python3/dist-packages/colcon_core/task/python/colcon_distutils_commands:/home/tj/ros2_ws/install/py_pubsub/lib/python3.10/site-packages:${PYTHONPATH} /usr/bin/python3 -W ignore:setup.py install is deprecated setup.py egg_info --egg-base ../../build/py_pubsub build --build-base /home/tj/ros2_ws/build/py_pubsub/build install --record /home/tj/ros2_ws/build/py_pubsub/install.log --single-version-externally-managed install_data
[12.472s] running egg_info
[12.534s] writing ../../build/py_pubsub/py_pubsub.egg-info/PKG-INFO
[12.536s] writing dependency_links to ../../build/py_pubsub/py_pubsub.egg-info/dependency_links.txt
[12.656s] writing entry points to ../../build/py_pubsub/py_pubsub.egg-info/entry_points.txt
[12.664s] writing requirements to ../../build/py_pubsub/py_pubsub.egg-info/requires.txt
[12.664s] writing top-level names to ../../build/py_pubsub/py_pubsub.egg-info/top_level.txt
[12.775s] reading manifest file '../../build/py_pubsub/py_pubsub.egg-info/SOURCES.txt'
[12.792s] adding license file 'LICENSE'
[12.792s] writing manifest file '../../build/py_pubsub/py_pubsub.egg-info/SOURCES.txt'
[12.793s] running build
[12.793s] running build_py
[12.803s] running install
[12.803s] running install_lib
[12.820s] running install_data
[12.820s] running install_egg_info
[12.976s] removing '/home/tj/ros2_ws/install/py_pubsub/lib/python3.10/site-packages/py_pubsub-0.0.0-py3.10.egg-info' (and everything under it)
[12.999s] Copying ../../build/py_pubsub/py_pubsub.egg-info to /home/tj/ros2_ws/install/py_pubsub/lib/python3.10/site-packages/py_pubsub-0.0.0-py3.10.egg-info
[12.999s] running install_scripts
[13.346s] Installing listener script to /home/tj/ros2_ws/install/py_pubsub/lib/py_pubsub
[13.446s] Installing talker script to /home/tj/ros2_ws/install/py_pubsub/lib/py_pubsub
[13.648s] writing list of installed files to '/home/tj/ros2_ws/build/py_pubsub/install.log'
[15.152s] Invoked command in '/home/tj/ros2_ws/src/py_pubsub' returned '0': PYTHONPATH=/home/tj/ros2_ws/build/py_pubsub/prefix_override:/usr/lib/python3/dist-packages/colcon_core/task/python/colcon_distutils_commands:/home/tj/ros2_ws/install/py_pubsub/lib/python3.10/site-packages:${PYTHONPATH} /usr/bin/python3 -W ignore:setup.py install is deprecated setup.py egg_info --egg-base ../../build/py_pubsub build --build-base /home/tj/ros2_ws/build/py_pubsub/build install --record /home/tj/ros2_ws/build/py_pubsub/install.log --single-version-externally-managed install_data
