[0.757s] Invoking command in '/home/tj/ros2_ws/build/cpp_parameters': CMAKE_PREFIX_PATH=/opt/ros/humble /usr/bin/cmake --build /home/tj/ros2_ws/build/cpp_parameters -- -j8 -l8
[8.784s] -- Found ament_cmake: 1.3.10 (/opt/ros/humble/share/ament_cmake/cmake)
[10.308s] -- Found rclcpp: 16.0.10 (/opt/ros/humble/share/rclcpp/cmake)
[12.233s] -- Found rosidl_generator_c: 3.1.5 (/opt/ros/humble/share/rosidl_generator_c/cmake)
[12.463s] -- Found rosidl_adapter: 3.1.5 (/opt/ros/humble/share/rosidl_adapter/cmake)
[12.972s] -- Found rosidl_generator_cpp: 3.1.5 (/opt/ros/humble/share/rosidl_generator_cpp/cmake)
[13.485s] -- Using all available rosidl_typesupport_c: rosidl_typesupport_fastrtps_c;rosidl_typesupport_introspection_c
[14.190s] -- Using all available rosidl_typesupport_cpp: rosidl_typesupport_fastrtps_cpp;rosidl_typesupport_introspection_cpp
[17.138s] -- Found rmw_implementation_cmake: 6.1.2 (/opt/ros/humble/share/rmw_implementation_cmake/cmake)
[17.354s] -- Found rmw_fastrtps_cpp: 6.2.7 (/opt/ros/humble/share/rmw_fastrtps_cpp/cmake)
[21.524s] -- Using RMW implementation 'rmw_fastrtps_cpp' as default
[25.420s] [31mCMake Error at CMakeLists.txt:15 (install):
[25.420s]   install TARGETS given target "DIRECTORY" which does not exist.
[25.420s] 
[25.444s] [0m
[25.444s] -- Found ament_lint_auto: 0.12.11 (/opt/ros/humble/share/ament_lint_auto/cmake)
[27.228s] -- Added test 'cppcheck' to perform static code analysis on C / C++ code
[27.228s] -- Configured cppcheck include dirs: 
[27.228s] -- Configured cppcheck exclude dirs and/or files: 
[27.228s] -- Added test 'flake8' to check Python code syntax and style conventions
[27.228s] -- Added test 'lint_cmake' to check CMake code style
[27.228s] -- Added test 'pep257' to check Python code against some of the docstring style conventions in PEP 257
[27.228s] -- Added test 'uncrustify' to check C / C++ code style
[27.228s] -- Configured uncrustify additional arguments: 
[27.229s] -- Added test 'xmllint' to check XML markup files
[27.303s] -- Configuring incomplete, errors occurred!
[27.306s] See also "/home/tj/ros2_ws/build/cpp_parameters/CMakeFiles/CMakeOutput.log".
[27.622s] gmake: *** [Makefile:267: cmake_check_build_system] Error 1
