[0.009s] Invoking command in '/home/tj/ros2_ws/build/cpp_srvcli': /usr/bin/cmake /home/tj/ros2_ws/src/cpp_srvcli -DCMAKE_INSTALL_PREFIX=/home/tj/ros2_ws/install/cpp_srvcli
[0.597s] -- The C compiler identification is GNU 11.4.0
[0.843s] -- The CXX compiler identification is GNU 11.4.0
[0.933s] -- Detecting C compiler ABI info
[1.339s] -- Detecting C compiler ABI info - done
[1.351s] -- Check for working C compiler: /usr/bin/cc - skipped
[1.351s] -- Detecting C compile features
[1.351s] -- Detecting C compile features - done
[1.354s] -- Detecting CXX compiler ABI info
[1.685s] -- Detecting CXX compiler ABI info - done
[1.693s] -- Check for working CXX compiler: /usr/bin/c++ - skipped
[1.693s] -- Detecting CXX compile features
[1.693s] -- Detecting CXX compile features - done
[1.703s] [31mCMake Error at CMakeLists.txt:9 (find_package):
[1.703s]   By not providing "Findament_cmake.cmake" in CMAKE_MODULE_PATH this project
[1.703s]   has asked CMake to find a package configuration file provided by
[1.703s]   "ament_cmake", but CMake did not find one.
[1.703s] 
[1.704s]   Could not find a package configuration file provided by "ament_cmake" with
[1.704s]   any of the following names:
[1.704s] 
[1.704s]     ament_cmakeConfig.cmake
[1.704s]     ament_cmake-config.cmake
[1.704s] 
[1.705s]   Add the installation prefix of "ament_cmake" to CMAKE_PREFIX_PATH or set
[1.705s]   "ament_cmake_DIR" to a directory containing one of the above files.  If
[1.705s]   "ament_cmake" provides a separate development package or SDK, be sure it
[1.705s]   has been installed.
[1.705s] 
[1.705s] [0m
[1.705s] -- Configuring incomplete, errors occurred!
[1.705s] See also "/home/tj/ros2_ws/build/cpp_srvcli/CMakeFiles/CMakeOutput.log".
[1.709s] Invoked command in '/home/tj/ros2_ws/build/cpp_srvcli' returned '1': /usr/bin/cmake /home/tj/ros2_ws/src/cpp_srvcli -DCMAKE_INSTALL_PREFIX=/home/tj/ros2_ws/install/cpp_srvcli
