[0.039s] Invoking command in '/home/tj/ros2_ws/build/cpp_srvcli': CMAKE_PREFIX_PATH=/opt/ros/humble /usr/bin/cmake /home/tj/ros2_ws/src/cpp_srvcli -DCMAKE_INSTALL_PREFIX=/home/tj/ros2_ws/install/cpp_srvcli
[0.251s] -- Found ament_cmake: 1.3.10 (/opt/ros/humble/share/ament_cmake/cmake)
[0.517s] -- Found Python3: /usr/bin/python3 (found version "3.10.12") found components: Interpreter 
[0.814s] -- Found rclcpp: 16.0.10 (/opt/ros/humble/share/rclcpp/cmake)
[1.237s] -- Found rosidl_generator_c: 3.1.5 (/opt/ros/humble/share/rosidl_generator_c/cmake)
[1.248s] -- Found rosidl_adapter: 3.1.5 (/opt/ros/humble/share/rosidl_adapter/cmake)
[1.270s] -- Found rosidl_generator_cpp: 3.1.5 (/opt/ros/humble/share/rosidl_generator_cpp/cmake)
[1.304s] -- Using all available rosidl_typesupport_c: rosidl_typesupport_fastrtps_c;rosidl_typesupport_introspection_c
[1.351s] -- Using all available rosidl_typesupport_cpp: rosidl_typesupport_fastrtps_cpp;rosidl_typesupport_introspection_cpp
[1.507s] -- Found rmw_implementation_cmake: 6.1.2 (/opt/ros/humble/share/rmw_implementation_cmake/cmake)
[1.553s] -- Found rmw_fastrtps_cpp: 6.2.7 (/opt/ros/humble/share/rmw_fastrtps_cpp/cmake)
[1.849s] -- Found OpenSSL: /usr/lib/x86_64-linux-gnu/libcrypto.so (found version "3.0.2")  
[1.882s] -- Found FastRTPS: /opt/ros/humble/include  
[1.926s] -- Using RMW implementation 'rmw_fastrtps_cpp' as default
[1.974s] -- Looking for pthread.h
[2.376s] -- Looking for pthread.h - found
[2.377s] -- Performing Test CMAKE_HAVE_LIBC_PTHREAD
[2.855s] -- Performing Test CMAKE_HAVE_LIBC_PTHREAD - Success
[2.857s] -- Found Threads: TRUE  
[3.016s] -- Found example_interfaces: 0.9.3 (/opt/ros/humble/share/example_interfaces/cmake)
[3.321s] -- Configuring done
[3.390s] -- Generating done
[3.397s] -- Build files have been written to: /home/tj/ros2_ws/build/cpp_srvcli
[3.411s] Invoked command in '/home/tj/ros2_ws/build/cpp_srvcli' returned '0': CMAKE_PREFIX_PATH=/opt/ros/humble /usr/bin/cmake /home/tj/ros2_ws/src/cpp_srvcli -DCMAKE_INSTALL_PREFIX=/home/tj/ros2_ws/install/cpp_srvcli
[3.411s] Invoking command in '/home/tj/ros2_ws/build/cpp_srvcli': CMAKE_PREFIX_PATH=/opt/ros/humble /usr/bin/cmake --build /home/tj/ros2_ws/build/cpp_srvcli -- -j8 -l8
[3.531s] [ 50%] [32mBuilding CXX object CMakeFiles/server.dir/src/add_two_ints_server.cpp.o[0m
[3.531s] [ 50%] [32mBuilding CXX object CMakeFiles/client.dir/src/add_two_ints_client.cpp.o[0m
[23.980s] [ 75%] [32m[1mLinking CXX executable server[0m
[24.983s] [ 75%] Built target server
[25.564s] [100%] [32m[1mLinking CXX executable client[0m
[25.873s] [100%] Built target client
[25.915s] Invoked command in '/home/tj/ros2_ws/build/cpp_srvcli' returned '0': CMAKE_PREFIX_PATH=/opt/ros/humble /usr/bin/cmake --build /home/tj/ros2_ws/build/cpp_srvcli -- -j8 -l8
[26.102s] Invoking command in '/home/tj/ros2_ws/build/cpp_srvcli': CMAKE_PREFIX_PATH=/opt/ros/humble /usr/bin/cmake --install /home/tj/ros2_ws/build/cpp_srvcli
[26.138s] -- Install configuration: ""
[26.138s] -- Installing: /home/tj/ros2_ws/install/cpp_srvcli/lib/cpp_srvcli/server
[26.138s] -- Set runtime path of "/home/tj/ros2_ws/install/cpp_srvcli/lib/cpp_srvcli/server" to ""
[26.138s] -- Installing: /home/tj/ros2_ws/install/cpp_srvcli/lib/cpp_srvcli/client
[26.188s] -- Set runtime path of "/home/tj/ros2_ws/install/cpp_srvcli/lib/cpp_srvcli/client" to ""
[26.258s] -- Installing: /home/tj/ros2_ws/install/cpp_srvcli/share/ament_index/resource_index/package_run_dependencies/cpp_srvcli
[26.259s] -- Installing: /home/tj/ros2_ws/install/cpp_srvcli/share/ament_index/resource_index/parent_prefix_path/cpp_srvcli
[26.259s] -- Installing: /home/tj/ros2_ws/install/cpp_srvcli/share/cpp_srvcli/environment/ament_prefix_path.sh
[26.259s] -- Installing: /home/tj/ros2_ws/install/cpp_srvcli/share/cpp_srvcli/environment/ament_prefix_path.dsv
[26.259s] -- Installing: /home/tj/ros2_ws/install/cpp_srvcli/share/cpp_srvcli/environment/path.sh
[26.259s] -- Installing: /home/tj/ros2_ws/install/cpp_srvcli/share/cpp_srvcli/environment/path.dsv
[26.259s] -- Installing: /home/tj/ros2_ws/install/cpp_srvcli/share/cpp_srvcli/local_setup.bash
[26.259s] -- Installing: /home/tj/ros2_ws/install/cpp_srvcli/share/cpp_srvcli/local_setup.sh
[26.259s] -- Installing: /home/tj/ros2_ws/install/cpp_srvcli/share/cpp_srvcli/local_setup.zsh
[26.259s] -- Installing: /home/tj/ros2_ws/install/cpp_srvcli/share/cpp_srvcli/local_setup.dsv
[26.261s] -- Installing: /home/tj/ros2_ws/install/cpp_srvcli/share/cpp_srvcli/package.dsv
[26.275s] -- Installing: /home/tj/ros2_ws/install/cpp_srvcli/share/ament_index/resource_index/packages/cpp_srvcli
[26.277s] -- Installing: /home/tj/ros2_ws/install/cpp_srvcli/share/cpp_srvcli/cmake/cpp_srvcliConfig.cmake
[26.277s] -- Installing: /home/tj/ros2_ws/install/cpp_srvcli/share/cpp_srvcli/cmake/cpp_srvcliConfig-version.cmake
[26.277s] -- Installing: /home/tj/ros2_ws/install/cpp_srvcli/share/cpp_srvcli/package.xml
[26.317s] Invoked command in '/home/tj/ros2_ws/build/cpp_srvcli' returned '0': CMAKE_PREFIX_PATH=/opt/ros/humble /usr/bin/cmake --install /home/tj/ros2_ws/build/cpp_srvcli
