[0.832s] Invoking command in '/home/tj/ros2_ws/build/action_tutorials_interfaces': CMAKE_PREFIX_PATH=/opt/ros/humble /usr/bin/cmake --build /home/tj/ros2_ws/build/action_tutorials_interfaces -- -j8 -l8
[5.914s] [  6%] Built target ament_cmake_python_copy_action_tutorials_interfaces
[5.914s] [  3%] Built target action_tutorials_interfaces__cpp
[5.914s] [ 12%] Built target action_tutorials_interfaces__rosidl_generator_c
[5.914s] [ 22%] Built target action_tutorials_interfaces__rosidl_typesupport_fastrtps_cpp
[5.914s] [ 32%] Built target action_tutorials_interfaces__rosidl_typesupport_cpp
[5.915s] [ 41%] Built target action_tutorials_interfaces__rosidl_typesupport_introspection_cpp
[5.915s] [ 51%] Built target action_tutorials_interfaces__rosidl_typesupport_c
[5.915s] [ 61%] Built target action_tutorials_interfaces__rosidl_typesupport_introspection_c
[5.915s] [ 70%] Built target action_tutorials_interfaces__rosidl_typesupport_fastrtps_c
[5.915s] [ 70%] Built target action_tutorials_interfaces
[5.915s] [ 74%] Built target action_tutorials_interfaces__py
[5.915s] [ 80%] Built target action_tutorials_interfaces__rosidl_generator_py
[5.915s] [ 87%] Built target action_tutorials_interfaces__rosidl_typesupport_fastrtps_c__pyext
[5.915s] [ 93%] Built target action_tutorials_interfaces__rosidl_typesupport_c__pyext
[5.915s] [100%] Built target action_tutorials_interfaces__rosidl_typesupport_introspection_c__pyext
[5.916s] running egg_info
[5.916s] writing action_tutorials_interfaces.egg-info/PKG-INFO
[5.916s] writing dependency_links to action_tutorials_interfaces.egg-info/dependency_links.txt
[5.916s] writing top-level names to action_tutorials_interfaces.egg-info/top_level.txt
[5.916s] reading manifest file 'action_tutorials_interfaces.egg-info/SOURCES.txt'
[5.916s] writing manifest file 'action_tutorials_interfaces.egg-info/SOURCES.txt'
[5.916s] [100%] Built target ament_cmake_python_build_action_tutorials_interfaces_egg
[6.164s] Invoked command in '/home/tj/ros2_ws/build/action_tutorials_interfaces' returned '0': CMAKE_PREFIX_PATH=/opt/ros/humble /usr/bin/cmake --build /home/tj/ros2_ws/build/action_tutorials_interfaces -- -j8 -l8
